41.0 APEX_CODE,FINEST;APEX_PROFILING,INFO;CALLOUT,INFO;DB,INFO;SYSTEM,DEBUG;VALIDATION,INFO;VISUALFORCE,INFO;WAVE,INFO;WORKFLOW,INFO
10:29:48.0 (56311)|USER_INFO|[EXTERNAL]|0051I000000ZTgh|ksb994@gmail.com|Pacific Standard Time|GMT-08:00
10:29:48.0 (94157)|EXECUTION_STARTED
10:29:48.0 (97958)|CODE_UNIT_STARTED|[EXTERNAL]|0661I0000035eNE|VF: /apex/ErrorMessage
10:29:48.11 (11541437)|SYSTEM_MODE_ENTER|true
10:29:48.11 (11685643)|HEAP_ALLOCATE|[72]|Bytes:3
10:29:48.11 (11730337)|HEAP_ALLOCATE|[77]|Bytes:152
10:29:48.11 (11746992)|HEAP_ALLOCATE|[342]|Bytes:408
10:29:48.11 (11761863)|HEAP_ALLOCATE|[355]|Bytes:408
10:29:48.11 (11774544)|HEAP_ALLOCATE|[467]|Bytes:48
10:29:48.12 (12185751)|SYSTEM_MODE_ENTER|true
10:29:48.12 (12242318)|HEAP_ALLOCATE|[EXTERNAL]|Bytes:16
10:29:48.12 (12251060)|VARIABLE_SCOPE_BEGIN|[9]|this|ApexPage.pagemessagecomponentcontroller|true|false
10:29:48.12 (12294641)|VARIABLE_ASSIGNMENT|[9]|this|{}|0x6cce7d2c
10:29:48.12 (12301131)|VARIABLE_SCOPE_BEGIN|[9]|escape|Boolean|false|false
10:29:48.12 (12308767)|VARIABLE_ASSIGNMENT|[9]|escape|null
10:29:48.12 (12399299)|SYSTEM_MODE_ENTER|true
10:29:48.12 (12430152)|HEAP_ALLOCATE|[EXTERNAL]|Bytes:5
10:29:48.12 (12435079)|HEAP_ALLOCATE|[EXTERNAL]|Bytes:16
10:29:48.12 (12483245)|VARIABLE_ASSIGNMENT|[EXTERNAL]|this.conSeverity|"error"|0x6cce7d2c
10:29:48.12 (12559166)|SYSTEM_MODE_ENTER|true
10:29:48.12 (12580079)|HEAP_ALLOCATE|[EXTERNAL]|Bytes:8
10:29:48.12 (12584851)|HEAP_ALLOCATE|[EXTERNAL]|Bytes:16
10:29:48.12 (12593022)|VARIABLE_ASSIGNMENT|[EXTERNAL]|this.conStrength|3|0x6cce7d2c
10:29:48.15 (15713330)|SYSTEM_MODE_ENTER|true
10:29:48.15 (15755688)|HEAP_ALLOCATE|[EXTERNAL]|Bytes:16
10:29:48.15 (15763638)|VARIABLE_SCOPE_BEGIN|[9]|this|ApexPage.pagemessagecomponentcontroller|true|false
10:29:48.15 (15796480)|VARIABLE_ASSIGNMENT|[9]|this|{"conSeverity":"error","conStrength":3}|0x6cce7d2c
10:29:48.15 (15803009)|VARIABLE_SCOPE_BEGIN|[9]|escape|Boolean|false|false
10:29:48.15 (15809531)|VARIABLE_ASSIGNMENT|[9]|escape|null
10:29:48.15 (15876446)|SYSTEM_MODE_ENTER|true
10:29:48.15 (15897311)|HEAP_ALLOCATE|[EXTERNAL]|Bytes:5
10:29:48.15 (15901938)|HEAP_ALLOCATE|[EXTERNAL]|Bytes:16
10:29:48.15 (15910282)|VARIABLE_ASSIGNMENT|[EXTERNAL]|this.conSeverity|"error"|0x6cce7d2c
10:29:48.15 (15954884)|SYSTEM_MODE_ENTER|true
10:29:48.15 (15971614)|HEAP_ALLOCATE|[EXTERNAL]|Bytes:8
10:29:48.15 (15975072)|HEAP_ALLOCATE|[EXTERNAL]|Bytes:16
10:29:48.15 (15982107)|VARIABLE_ASSIGNMENT|[EXTERNAL]|this.conStrength|3|0x6cce7d2c
10:29:48.16 (16112138)|SYSTEM_MODE_ENTER|true
10:29:48.16 (16139146)|HEAP_ALLOCATE|[EXTERNAL]|Bytes:16
10:29:48.16 (16144887)|VARIABLE_SCOPE_BEGIN|[13]|this|ApexPage.pagemessagecomponentcontroller|true|false
10:29:48.16 (16167258)|VARIABLE_ASSIGNMENT|[13]|this|{"conSeverity":"error","conStrength":3}|0x6cce7d2c
10:29:48.16 (16814178)|SYSTEM_MODE_ENTER|true
10:29:48.16 (16843276)|HEAP_ALLOCATE|[EXTERNAL]|Bytes:16
10:29:48.16 (16849105)|VARIABLE_SCOPE_BEGIN|[5]|this|ApexPage.pagemessagecomponentcontroller|true|false
10:29:48.16 (16878021)|VARIABLE_ASSIGNMENT|[5]|this|{"conSeverity":"error","conStrength":3}|0x6cce7d2c
10:29:48.19 (19692477)|CUMULATIVE_LIMIT_USAGE
10:29:48.19 (19692477)|LIMIT_USAGE_FOR_NS|(default)|
  Number of SOQL queries: 0 out of 100
  Number of query rows: 0 out of 50000
  Number of SOSL queries: 0 out of 20
  Number of DML statements: 0 out of 150
  Number of DML rows: 0 out of 10000
  Maximum CPU time: 0 out of 10000
  Maximum heap size: 0 out of 6000000
  Number of callouts: 0 out of 100
  Number of Email Invocations: 0 out of 10
  Number of future calls: 0 out of 50
  Number of queueable jobs added to the queue: 0 out of 50
  Number of Mobile Apex push calls: 0 out of 10

10:29:48.19 (19692477)|CUMULATIVE_LIMIT_USAGE_END

10:29:48.0 (19735848)|CODE_UNIT_FINISHED|VF: /apex/ErrorMessage
10:29:48.0 (20505377)|EXECUTION_FINISHED
