41.0 APEX_CODE,FINEST;APEX_PROFILING,INFO;CALLOUT,INFO;DB,INFO;SYSTEM,DEBUG;VALIDATION,INFO;VISUALFORCE,INFO;WAVE,INFO;WORKFLOW,INFO
11:06:54.0 (51431)|USER_INFO|[EXTERNAL]|0051I000000ZTgh|ksb994@gmail.com|Pacific Standard Time|GMT-08:00
11:06:54.0 (83711)|EXECUTION_STARTED
11:06:54.0 (86373)|CODE_UNIT_STARTED|[EXTERNAL]|DuplicateDetector
11:06:54.0 (97858)|DUPLICATE_DETECTION_BEGIN
11:06:54.0 (700192)|DUPLICATE_DETECTION_RULE_INVOCATION|DuplicateRuleId:0Bm1I0000028pMg|DuplicateRuleName:Standard Account Duplicate Rule|DmlType:UPDATE
11:06:54.0 (736103)|DUPLICATE_DETECTION_END
11:06:54.0 (740494)|CODE_UNIT_FINISHED|DuplicateDetector
11:06:54.0 (746127)|EXECUTION_FINISHED
11:06:54.14 (14515117)|USER_INFO|[EXTERNAL]|0051I000000ZTgh|ksb994@gmail.com|Pacific Standard Time|GMT-08:00
11:06:54.14 (14528700)|EXECUTION_STARTED
11:06:54.14 (14530769)|CODE_UNIT_STARTED|[EXTERNAL]|Workflow:Account
11:06:54.14 (14889588)|CODE_UNIT_FINISHED|Workflow:Account
11:06:54.14 (14897613)|EXECUTION_FINISHED
11:06:54.24 (24243057)|USER_INFO|[EXTERNAL]|0051I000000ZTgh|ksb994@gmail.com|Pacific Standard Time|GMT-08:00
11:06:54.24 (24257067)|EXECUTION_STARTED
11:06:54.24 (24259165)|CODE_UNIT_STARTED|[EXTERNAL]|DuplicateDetector
11:06:54.24 (24268550)|DUPLICATE_DETECTION_BEGIN
11:06:54.24 (24305017)|DUPLICATE_DETECTION_RULE_INVOCATION|DuplicateRuleId:0Bm1I0000028pMg|DuplicateRuleName:Standard Account Duplicate Rule|DmlType:UPDATE
11:06:54.24 (40333208)|DUPLICATE_DETECTION_MATCH_INVOCATION_DETAILS|EntityId:0011I00000BDtUT|ActionTaken:Allow_[Report]|DuplicateRecordIds:
11:06:54.24 (40353779)|DUPLICATE_DETECTION_MATCH_INVOCATION_SUMMARY|EntityType:Account|NumRecordsToBeSaved:1|NumRecordsToBeSavedWithDuplicates:0|NumDuplicateRecordsFound:0
11:06:54.24 (40441660)|DUPLICATE_DETECTION_END
11:06:54.24 (40445561)|CODE_UNIT_FINISHED|DuplicateDetector
11:06:54.24 (40461424)|EXECUTION_FINISHED
