41.0 APEX_CODE,FINEST;APEX_PROFILING,INFO;CALLOUT,INFO;DB,INFO;SYSTEM,DEBUG;VALIDATION,INFO;VISUALFORCE,INFO;WAVE,INFO;WORKFLOW,INFO
07:00:03.0 (392746)|USER_INFO|[EXTERNAL]|0051I000000ZTgh|ksb994@gmail.com|Pacific Standard Time|GMT-08:00
07:00:03.0 (459808)|EXECUTION_STARTED
07:00:03.0 (465124)|CODE_UNIT_STARTED|[EXTERNAL]|01p1I00000CZlxc|AccToConPhone
07:00:03.0 (15391773)|HEAP_ALLOCATE|[72]|Bytes:3
07:00:03.0 (15457228)|HEAP_ALLOCATE|[77]|Bytes:152
07:00:03.0 (15482833)|HEAP_ALLOCATE|[342]|Bytes:408
07:00:03.0 (15507366)|HEAP_ALLOCATE|[355]|Bytes:408
07:00:03.0 (15537340)|HEAP_ALLOCATE|[467]|Bytes:48
07:00:03.0 (15594804)|HEAP_ALLOCATE|[139]|Bytes:6
07:00:03.0 (15629474)|HEAP_ALLOCATE|[EXTERNAL]|Bytes:3
07:00:03.0 (15660550)|SYSTEM_METHOD_ENTRY|[1]|SchedulableContextImpl.SchedulableContextImpl()
07:00:03.0 (15669011)|STATEMENT_EXECUTE|[1]
07:00:03.0 (15684286)|SYSTEM_METHOD_EXIT|[1]|SchedulableContextImpl
07:00:03.0 (15693150)|HEAP_ALLOCATE|[EXTERNAL]|Bytes:8
07:00:03.0 (15699088)|HEAP_ALLOCATE|[EXTERNAL]|Bytes:4
07:00:03.0 (15708523)|VARIABLE_SCOPE_BEGIN|[4]|this|System.SchedulableContextImpl|true|false
07:00:03.0 (15769513)|VARIABLE_ASSIGNMENT|[4]|this|{}|0x7c04c8fc
07:00:03.0 (15779429)|VARIABLE_SCOPE_BEGIN|[4]|triggerId|Id|false|false
07:00:03.0 (15894553)|VARIABLE_ASSIGNMENT|[4]|triggerId|"08e1I000005zdwmQAA"
07:00:03.0 (16519900)|HEAP_ALLOCATE|[EXTERNAL]|Bytes:1
07:00:03.0 (16550468)|METHOD_ENTRY|[1]|01p1I00000CZlxc|batchSchedule.batchSchedule()
07:00:03.0 (16560109)|STATEMENT_EXECUTE|[1]
07:00:03.0 (16566133)|STATEMENT_EXECUTE|[1]
07:00:03.0 (16572316)|METHOD_EXIT|[1]|batchSchedule
07:00:03.0 (16584497)|HEAP_ALLOCATE|[EXTERNAL]|Bytes:4
07:00:03.0 (16591899)|HEAP_ALLOCATE|[EXTERNAL]|Bytes:8
07:00:03.0 (16605693)|VARIABLE_SCOPE_BEGIN|[2]|this|batchSchedule|true|false
07:00:03.0 (16635163)|VARIABLE_ASSIGNMENT|[2]|this|{}|0x25615765
07:00:03.0 (16644959)|VARIABLE_SCOPE_BEGIN|[2]|clx|System.SchedulableContext|true|false
07:00:03.0 (16753293)|VARIABLE_ASSIGNMENT|[2]|clx|{"triggerId":"08e1I000005zdwmQAA"}|0x7c04c8fc
07:00:03.0 (16769473)|STATEMENT_EXECUTE|[2]
07:00:03.0 (16771436)|STATEMENT_EXECUTE|[5]
07:00:03.0 (43529313)|HEAP_ALLOCATE|[5]|Bytes:57
07:00:03.0 (43567998)|HEAP_ALLOCATE|[5]|Bytes:6
07:00:03.0 (43575090)|HEAP_ALLOCATE|[5]|Bytes:1
07:00:03.0 (43607917)|METHOD_ENTRY|[1]|01p1I00000FRGWe|batchAccPhoneToConPhone.batchAccPhoneToConPhone()
07:00:03.0 (43617378)|STATEMENT_EXECUTE|[1]
07:00:03.0 (43623944)|STATEMENT_EXECUTE|[1]
07:00:03.0 (43631460)|METHOD_EXIT|[1]|batchAccPhoneToConPhone
07:00:03.0 (43645633)|HEAP_ALLOCATE|[5]|Bytes:4
07:00:03.0 (43687476)|CONSTRUCTOR_ENTRY|[5]|01p1I00000FRGWe|<init>()
07:00:03.0 (43768213)|VARIABLE_SCOPE_BEGIN|[1]|this|batchAccPhoneToConPhone|true|false
07:00:03.0 (43838743)|VARIABLE_ASSIGNMENT|[1]|this|{}|0x766f8efc
07:00:03.0 (43873758)|STATEMENT_EXECUTE|[1]
07:00:03.0 (43885444)|CONSTRUCTOR_EXIT|[5]|01p1I00000FRGWe|<init>()
07:00:03.0 (43897011)|VARIABLE_SCOPE_BEGIN|[5]|bap|batchAccPhoneToConPhone|true|false
07:00:03.0 (43929561)|VARIABLE_ASSIGNMENT|[5]|bap|{}|0x766f8efc
07:00:03.0 (43939250)|STATEMENT_EXECUTE|[6]
07:00:03.0 (43960537)|HEAP_ALLOCATE|[50]|Bytes:5
07:00:03.0 (43981715)|HEAP_ALLOCATE|[56]|Bytes:5
07:00:03.0 (43994469)|HEAP_ALLOCATE|[64]|Bytes:7
07:00:03.71 (71902864)|CUMULATIVE_LIMIT_USAGE
07:00:03.71 (71902864)|LIMIT_USAGE_FOR_NS|(default)|
  Number of SOQL queries: 0 out of 100
  Number of query rows: 0 out of 50000
  Number of SOSL queries: 0 out of 20
  Number of DML statements: 0 out of 150
  Number of DML rows: 0 out of 10000
  Maximum CPU time: 0 out of 10000
  Maximum heap size: 0 out of 6000000
  Number of callouts: 0 out of 100
  Number of Email Invocations: 0 out of 10
  Number of future calls: 0 out of 50
  Number of queueable jobs added to the queue: 0 out of 50
  Number of Mobile Apex push calls: 0 out of 10

07:00:03.71 (71902864)|CUMULATIVE_LIMIT_USAGE_END

07:00:03.0 (71952261)|CODE_UNIT_FINISHED|AccToConPhone
07:00:03.0 (72730164)|EXECUTION_FINISHED
