41.0 APEX_CODE,FINEST;APEX_PROFILING,INFO;CALLOUT,INFO;DB,INFO;SYSTEM,DEBUG;VALIDATION,INFO;VISUALFORCE,INFO;WAVE,INFO;WORKFLOW,INFO
11:25:58.0 (354684)|USER_INFO|[EXTERNAL]|0051I000000ZTgh|ksb994@gmail.com|Pacific Standard Time|GMT-08:00
11:25:58.0 (407422)|EXECUTION_STARTED
11:25:58.0 (413990)|CODE_UNIT_STARTED|[EXTERNAL]|TRIGGERS
11:25:58.0 (463857)|CODE_UNIT_STARTED|[EXTERNAL]|01q1I000000BC4w|changeNameWithMr on Contact trigger event BeforeInsert for [new]
11:25:58.0 (527763)|HEAP_ALLOCATE|[EXTERNAL]|Bytes:8
11:25:58.0 (950092)|HEAP_ALLOCATE|[72]|Bytes:3
11:25:58.0 (996496)|HEAP_ALLOCATE|[77]|Bytes:152
11:25:58.0 (1013195)|HEAP_ALLOCATE|[342]|Bytes:408
11:25:58.0 (1031273)|HEAP_ALLOCATE|[355]|Bytes:408
11:25:58.0 (1045358)|HEAP_ALLOCATE|[467]|Bytes:48
11:25:58.0 (1075708)|HEAP_ALLOCATE|[139]|Bytes:6
11:25:58.0 (1100974)|HEAP_ALLOCATE|[EXTERNAL]|Bytes:4
11:25:58.0 (1110187)|VARIABLE_SCOPE_BEGIN|[1]|this|changeNameWithMr|true|false
11:25:58.0 (1163283)|VARIABLE_ASSIGNMENT|[1]|this|{}|0x2db043ad
11:25:58.0 (1204866)|HEAP_ALLOCATE|[EXTERNAL]|Bytes:4
11:25:58.0 (1211257)|VARIABLE_SCOPE_BEGIN|[1]|this|changeNameWithMr|true|false
11:25:58.0 (1221830)|VARIABLE_ASSIGNMENT|[1]|this|{}|0x2db043ad
11:25:58.0 (1231949)|STATEMENT_EXECUTE|[1]
11:25:58.0 (1264827)|HEAP_ALLOCATE|[50]|Bytes:5
11:25:58.0 (1287621)|HEAP_ALLOCATE|[56]|Bytes:5
11:25:58.0 (1295155)|HEAP_ALLOCATE|[64]|Bytes:7
11:25:58.0 (1650046)|HEAP_ALLOCATE|[2]|Bytes:5
11:25:58.0 (1679017)|HEAP_ALLOCATE|[2]|Bytes:4
11:25:58.0 (1689636)|VARIABLE_SCOPE_BEGIN|[2]|con|Contact|true|false
11:25:58.0 (2547920)|VARIABLE_ASSIGNMENT|[2]|con|{"IsDeleted":false,"CleanStatus":"Pending","IsEmailBounced":false,"DoNotCall":false,"OwnerId":"0051I000000ZTghQAG","Receive_Birthday_Ema (6 more) ...":false,"HasOptedOutOfEmail":false,"HasOptedOutOfFax":false,"Reset_Birthday_Email (10 more) ...":false,"LastName":"Birthday Email Test","Birthdate":"2017-12-16T00:00:00.000Z"}|0x7530f058
11:25:58.0 (2563609)|STATEMENT_EXECUTE|[2]
11:25:58.0 (2565619)|STATEMENT_EXECUTE|[3]
11:25:58.0 (2588114)|VARIABLE_SCOPE_BEGIN|[3]|str|String|false|false
11:25:58.0 (2602099)|VARIABLE_ASSIGNMENT|[3]|str|"Birthday Email Test"
11:25:58.0 (2606622)|STATEMENT_EXECUTE|[4]
11:25:58.0 (2609547)|HEAP_ALLOCATE|[4]|Bytes:9
11:25:58.0 (2632005)|HEAP_ALLOCATE|[4]|Bytes:28
11:25:58.0 (3135447)|VARIABLE_ASSIGNMENT|[4]|this.LastName|"Mr/Miss. Birthday Em (8 more) ..."|0x7530f058
11:25:58.0 (3157244)|HEAP_ALLOCATE|[2]|Bytes:5
11:25:58.0 (3171489)|VARIABLE_ASSIGNMENT|[2]|con|null|
11:25:58.3 (3180229)|CUMULATIVE_LIMIT_USAGE
11:25:58.3 (3180229)|LIMIT_USAGE_FOR_NS|(default)|
  Number of SOQL queries: 0 out of 100
  Number of query rows: 0 out of 50000
  Number of SOSL queries: 0 out of 20
  Number of DML statements: 0 out of 150
  Number of DML rows: 0 out of 10000
  Maximum CPU time: 0 out of 10000
  Maximum heap size: 0 out of 6000000
  Number of callouts: 0 out of 100
  Number of Email Invocations: 0 out of 10
  Number of future calls: 0 out of 50
  Number of queueable jobs added to the queue: 0 out of 50
  Number of Mobile Apex push calls: 0 out of 10

11:25:58.3 (3180229)|CUMULATIVE_LIMIT_USAGE_END

11:25:58.0 (4514775)|CODE_UNIT_FINISHED|changeNameWithMr on Contact trigger event BeforeInsert for [new]
11:25:58.0 (7703832)|CODE_UNIT_STARTED|[EXTERNAL]|DuplicateDetector
11:25:58.0 (7721621)|DUPLICATE_DETECTION_BEGIN
11:25:58.0 (8417723)|DUPLICATE_DETECTION_RULE_INVOCATION|DuplicateRuleId:0Bm1I0000028pMh|DuplicateRuleName:Standard Contact Duplicate Rule|DmlType:INSERT
11:25:58.0 (33647987)|DUPLICATE_DETECTION_MATCH_INVOCATION_DETAILS|EntityType:Contact|ActionTaken:Allow_[Alert,Report]|DuplicateRecordIds:
11:25:58.0 (33677555)|DUPLICATE_DETECTION_MATCH_INVOCATION_SUMMARY|EntityType:Contact|NumRecordsToBeSaved:1|NumRecordsToBeSavedWithDuplicates:0|NumDuplicateRecordsFound:0
11:25:58.0 (33689979)|DUPLICATE_DETECTION_MATCH_INVOCATION_DETAILS|EntityType:Contact|ActionTaken:Allow_[Alert,Report]|DuplicateRecordIds:
11:25:58.0 (33698718)|DUPLICATE_DETECTION_MATCH_INVOCATION_SUMMARY|EntityType:Contact|NumRecordsToBeSaved:1|NumRecordsToBeSavedWithDuplicates:0|NumDuplicateRecordsFound:0
11:25:58.0 (33809459)|DUPLICATE_DETECTION_END
11:25:58.0 (33817117)|CODE_UNIT_FINISHED|DuplicateDetector
11:25:58.0 (88965199)|CODE_UNIT_STARTED|[EXTERNAL]|01q1I000000Bn7m|BirthdayCheckbox on Contact trigger event AfterInsert for [0031I0000082KA9]
11:25:58.0 (89048681)|HEAP_ALLOCATE|[EXTERNAL]|Bytes:8
11:25:58.0 (92629020)|HEAP_ALLOCATE|[EXTERNAL]|Bytes:8
11:25:58.0 (92649344)|VARIABLE_SCOPE_BEGIN|[1]|this|BirthdayCheckbox|true|false
11:25:58.0 (92712420)|VARIABLE_ASSIGNMENT|[1]|this|{}|0x47356534
11:25:58.0 (92789570)|HEAP_ALLOCATE|[EXTERNAL]|Bytes:8
11:25:58.0 (92813375)|VARIABLE_SCOPE_BEGIN|[1]|this|BirthdayCheckbox|true|false
11:25:58.0 (92841499)|VARIABLE_ASSIGNMENT|[1]|this|{}|0x47356534
11:25:58.0 (92855834)|STATEMENT_EXECUTE|[1]
11:25:58.0 (92858173)|STATEMENT_EXECUTE|[3]
11:25:58.0 (92873613)|HEAP_ALLOCATE|[3]|Bytes:1
11:25:58.0 (92917528)|METHOD_ENTRY|[1]|01p1I00000FRKaa|BirthdayCheckContactApex.BirthdayCheckContactApex()
11:25:58.0 (92927769)|STATEMENT_EXECUTE|[1]
11:25:58.0 (92933009)|STATEMENT_EXECUTE|[1]
11:25:58.0 (92947470)|METHOD_EXIT|[1]|BirthdayCheckContactApex
11:25:58.0 (92968220)|HEAP_ALLOCATE|[3]|Bytes:4
11:25:58.0 (92994997)|CONSTRUCTOR_ENTRY|[3]|01p1I00000FRKaa|<init>()
11:25:58.0 (93035046)|VARIABLE_SCOPE_BEGIN|[2]|this|BirthdayCheckContactApex|true|false
11:25:58.0 (93062217)|VARIABLE_ASSIGNMENT|[2]|this|{}|0x2b2f6f62
11:25:58.0 (93075646)|STATEMENT_EXECUTE|[1]
11:25:58.0 (93085351)|HEAP_ALLOCATE|[3]|Bytes:6
11:25:58.0 (93148230)|STATEMENT_EXECUTE|[2]
11:25:58.0 (93151122)|STATEMENT_EXECUTE|[3]
11:25:58.0 (93157856)|HEAP_ALLOCATE|[3]|Bytes:82
11:25:58.0 (93198993)|HEAP_ALLOCATE|[3]|Bytes:4
11:25:58.0 (93496053)|SOQL_EXECUTE_BEGIN|[3]|Aggregations:0|SELECT id, Receive_Birthday_Emails__c, Reset_Birthday_Email_System__c FROM Contact
11:25:58.0 (106196505)|SOQL_EXECUTE_END|[3]|Rows:32
11:25:58.0 (106235718)|HEAP_ALLOCATE|[3]|Bytes:132
11:25:58.0 (106313119)|HEAP_ALLOCATE|[3]|Bytes:3232
11:25:58.0 (106390912)|HEAP_ALLOCATE|[3]|Bytes:132
11:25:58.0 (106416214)|VARIABLE_SCOPE_BEGIN|[3]|conList|List<Contact>|true|false
11:25:58.0 (106461936)|VARIABLE_ASSIGNMENT|[3]|conList|"List of size 32 too large to display"|0x7595f867
11:25:58.0 (106473778)|STATEMENT_EXECUTE|[4]
11:25:58.0 (106498072)|HEAP_ALLOCATE|[4]|Bytes:4
11:25:58.0 (106544476)|VARIABLE_SCOPE_BEGIN|[4]|conListNew|List<Contact>|true|false
11:25:58.0 (106562211)|HEAP_ALLOCATE|[EXTERNAL]|Bytes:4
11:25:58.0 (106573539)|VARIABLE_ASSIGNMENT|[4]|conListNew|[]|0x17e22b56
11:25:58.0 (106652383)|HEAP_ALLOCATE|[5]|Bytes:5
11:25:58.0 (106681362)|HEAP_ALLOCATE|[5]|Bytes:16
11:25:58.0 (106697383)|VARIABLE_SCOPE_BEGIN|[5]|con|Contact|true|false
11:25:58.0 (106722705)|VARIABLE_ASSIGNMENT|[5]|con|{"Id":"0031I000003KN1DQAW","Receive_Birthday_Ema (6 more) ...":false,"Reset_Birthday_Email (10 more) ...":true}|0x738922e8
11:25:58.0 (106729429)|STATEMENT_EXECUTE|[5]
11:25:58.0 (106730723)|STATEMENT_EXECUTE|[6]
11:25:58.0 (106792859)|VARIABLE_ASSIGNMENT|[6]|this.Receive_Birthday_Emails__c|true|0x738922e8
11:25:58.0 (106803450)|STATEMENT_EXECUTE|[7]
11:25:58.0 (106826810)|VARIABLE_ASSIGNMENT|[7]|this.Reset_Birthday_Email_System__c|true|0x738922e8
11:25:58.0 (106832952)|STATEMENT_EXECUTE|[8]
11:25:58.0 (106874442)|HEAP_ALLOCATE|[EXTERNAL]|Bytes:4
11:25:58.0 (106889873)|HEAP_ALLOCATE|[5]|Bytes:5
11:25:58.0 (106900653)|HEAP_ALLOCATE|[5]|Bytes:16
11:25:58.0 (106906741)|VARIABLE_SCOPE_BEGIN|[5]|con|Contact|true|false
11:25:58.0 (106921238)|VARIABLE_ASSIGNMENT|[5]|con|{"Id":"0031I000003KN1EQAW","Receive_Birthday_Ema (6 more) ...":false,"Reset_Birthday_Email (10 more) ...":true}|0x832f25d
11:25:58.0 (106927313)|STATEMENT_EXECUTE|[5]
11:25:58.0 (106928227)|STATEMENT_EXECUTE|[6]
11:25:58.0 (106950226)|VARIABLE_ASSIGNMENT|[6]|this.Receive_Birthday_Emails__c|true|0x832f25d
11:25:58.0 (106956415)|STATEMENT_EXECUTE|[7]
11:25:58.0 (106967434)|VARIABLE_ASSIGNMENT|[7]|this.Reset_Birthday_Email_System__c|true|0x832f25d
11:25:58.0 (106971990)|STATEMENT_EXECUTE|[8]
11:25:58.0 (106977776)|HEAP_ALLOCATE|[EXTERNAL]|Bytes:4
11:25:58.0 (106987776)|HEAP_ALLOCATE|[5]|Bytes:5
11:25:58.0 (106995749)|HEAP_ALLOCATE|[5]|Bytes:16
11:25:58.0 (107000478)|VARIABLE_SCOPE_BEGIN|[5]|con|Contact|true|false
11:25:58.0 (107013379)|VARIABLE_ASSIGNMENT|[5]|con|{"Id":"0031I000003KN1FQAW","Receive_Birthday_Ema (6 more) ...":false,"Reset_Birthday_Email (10 more) ...":true}|0x4047ed7
11:25:58.0 (107019247)|STATEMENT_EXECUTE|[5]
11:25:58.0 (107020388)|STATEMENT_EXECUTE|[6]
11:25:58.0 (107035181)|VARIABLE_ASSIGNMENT|[6]|this.Receive_Birthday_Emails__c|true|0x4047ed7
11:25:58.0 (107040639)|STATEMENT_EXECUTE|[7]
11:25:58.0 (107050054)|VARIABLE_ASSIGNMENT|[7]|this.Reset_Birthday_Email_System__c|true|0x4047ed7
11:25:58.0 (107054934)|STATEMENT_EXECUTE|[8]
11:25:58.0 (107059842)|HEAP_ALLOCATE|[EXTERNAL]|Bytes:4
11:25:58.0 (107068942)|HEAP_ALLOCATE|[5]|Bytes:5
11:25:58.0 (107076352)|HEAP_ALLOCATE|[5]|Bytes:16
11:25:58.0 (107081010)|VARIABLE_SCOPE_BEGIN|[5]|con|Contact|true|false
11:25:58.0 (107092839)|VARIABLE_ASSIGNMENT|[5]|con|{"Id":"0031I000003KN1GQAW","Receive_Birthday_Ema (6 more) ...":false,"Reset_Birthday_Email (10 more) ...":true}|0x7607e39
11:25:58.0 (107097426)|STATEMENT_EXECUTE|[5]
11:25:58.0 (107098332)|STATEMENT_EXECUTE|[6]
11:25:58.0 (107111786)|VARIABLE_ASSIGNMENT|[6]|this.Receive_Birthday_Emails__c|true|0x7607e39
11:25:58.0 (107117696)|STATEMENT_EXECUTE|[7]
11:25:58.0 (107127409)|VARIABLE_ASSIGNMENT|[7]|this.Reset_Birthday_Email_System__c|true|0x7607e39
11:25:58.0 (107132095)|STATEMENT_EXECUTE|[8]
11:25:58.0 (107136698)|HEAP_ALLOCATE|[EXTERNAL]|Bytes:4
11:25:58.0 (107145247)|HEAP_ALLOCATE|[5]|Bytes:5
11:25:58.0 (107151828)|HEAP_ALLOCATE|[5]|Bytes:16
11:25:58.0 (107156302)|VARIABLE_SCOPE_BEGIN|[5]|con|Contact|true|false
11:25:58.0 (107167613)|VARIABLE_ASSIGNMENT|[5]|con|{"Id":"0031I000003KN1HQAW","Receive_Birthday_Ema (6 more) ...":false,"Reset_Birthday_Email (10 more) ...":true}|0x3dc4825f
11:25:58.0 (107172972)|STATEMENT_EXECUTE|[5]
11:25:58.0 (107173833)|STATEMENT_EXECUTE|[6]
11:25:58.0 (107187487)|VARIABLE_ASSIGNMENT|[6]|this.Receive_Birthday_Emails__c|true|0x3dc4825f
11:25:58.0 (107193176)|STATEMENT_EXECUTE|[7]
11:25:58.0 (107202614)|VARIABLE_ASSIGNMENT|[7]|this.Reset_Birthday_Email_System__c|true|0x3dc4825f
11:25:58.0 (107207039)|STATEMENT_EXECUTE|[8]
11:25:58.0 (107211513)|HEAP_ALLOCATE|[EXTERNAL]|Bytes:4
11:25:58.0 (107220149)|HEAP_ALLOCATE|[5]|Bytes:5
11:25:58.0 (107227529)|HEAP_ALLOCATE|[5]|Bytes:16
11:25:58.0 (107232045)|VARIABLE_SCOPE_BEGIN|[5]|con|Contact|true|false
11:25:58.0 (107243600)|VARIABLE_ASSIGNMENT|[5]|con|{"Id":"0031I000003KN1IQAW","Receive_Birthday_Ema (6 more) ...":false,"Reset_Birthday_Email (10 more) ...":true}|0x22fb3fa0
11:25:58.0 (107248762)|STATEMENT_EXECUTE|[5]
11:25:58.0 (107249625)|STATEMENT_EXECUTE|[6]
11:25:58.0 (107263335)|VARIABLE_ASSIGNMENT|[6]|this.Receive_Birthday_Emails__c|true|0x22fb3fa0
11:25:58.0 (107268389)|STATEMENT_EXECUTE|[7]
11:25:58.0 (107277677)|VARIABLE_ASSIGNMENT|[7]|this.Reset_Birthday_Email_System__c|true|0x22fb3fa0
11:25:58.0 (107282689)|STATEMENT_EXECUTE|[8]
11:25:58.0 (107287288)|HEAP_ALLOCATE|[EXTERNAL]|Bytes:4
11:25:58.0 (107295384)|HEAP_ALLOCATE|[5]|Bytes:5
11:25:58.0 (107302312)|HEAP_ALLOCATE|[5]|Bytes:16
11:25:58.0 (107306386)|VARIABLE_SCOPE_BEGIN|[5]|con|Contact|true|false
11:25:58.0 (107317120)|VARIABLE_ASSIGNMENT|[5]|con|{"Id":"0031I000003KN1JQAW","Receive_Birthday_Ema (6 more) ...":false,"Reset_Birthday_Email (10 more) ...":true}|0x5ae1fee
11:25:58.0 (107322269)|STATEMENT_EXECUTE|[5]
11:25:58.0 (107323152)|STATEMENT_EXECUTE|[6]
11:25:58.0 (107336459)|VARIABLE_ASSIGNMENT|[6]|this.Receive_Birthday_Emails__c|true|0x5ae1fee
11:25:58.0 (107341755)|STATEMENT_EXECUTE|[7]
11:25:58.0 (107351007)|VARIABLE_ASSIGNMENT|[7]|this.Reset_Birthday_Email_System__c|true|0x5ae1fee
11:25:58.0 (107356394)|STATEMENT_EXECUTE|[8]
11:25:58.0 (107360853)|HEAP_ALLOCATE|[EXTERNAL]|Bytes:4
11:25:58.0 (107368881)|HEAP_ALLOCATE|[5]|Bytes:5
11:25:58.0 (107376179)|HEAP_ALLOCATE|[5]|Bytes:16
11:25:58.0 (107380392)|VARIABLE_SCOPE_BEGIN|[5]|con|Contact|true|false
11:25:58.0 (107391995)|VARIABLE_ASSIGNMENT|[5]|con|{"Id":"0031I000003KN1KQAW","Receive_Birthday_Ema (6 more) ...":false,"Reset_Birthday_Email (10 more) ...":true}|0x13b38d4
11:25:58.0 (107397238)|STATEMENT_EXECUTE|[5]
11:25:58.0 (107398102)|STATEMENT_EXECUTE|[6]
11:25:58.0 (107411191)|VARIABLE_ASSIGNMENT|[6]|this.Receive_Birthday_Emails__c|true|0x13b38d4
11:25:58.0 (107416641)|STATEMENT_EXECUTE|[7]
11:25:58.0 (107425974)|VARIABLE_ASSIGNMENT|[7]|this.Reset_Birthday_Email_System__c|true|0x13b38d4
11:25:58.0 (107435476)|STATEMENT_EXECUTE|[8]
11:25:58.0 (107440264)|HEAP_ALLOCATE|[EXTERNAL]|Bytes:4
11:25:58.0 (107449010)|HEAP_ALLOCATE|[5]|Bytes:5
11:25:58.0 (107455962)|HEAP_ALLOCATE|[5]|Bytes:16
11:25:58.0 (107460408)|VARIABLE_SCOPE_BEGIN|[5]|con|Contact|true|false
11:25:58.0 (107471372)|VARIABLE_ASSIGNMENT|[5]|con|{"Id":"0031I000003KN1LQAW","Receive_Birthday_Ema (6 more) ...":false,"Reset_Birthday_Email (10 more) ...":true}|0x18f494d6
11:25:58.0 (107476569)|STATEMENT_EXECUTE|[5]
11:25:58.0 (107477479)|STATEMENT_EXECUTE|[6]
11:25:58.0 (107491317)|VARIABLE_ASSIGNMENT|[6]|this.Receive_Birthday_Emails__c|true|0x18f494d6
11:25:58.0 (107496530)|STATEMENT_EXECUTE|[7]
11:25:58.0 (107505858)|VARIABLE_ASSIGNMENT|[7]|this.Reset_Birthday_Email_System__c|true|0x18f494d6
11:25:58.0 (107510890)|STATEMENT_EXECUTE|[8]
11:25:58.0 (107515416)|HEAP_ALLOCATE|[EXTERNAL]|Bytes:4
11:25:58.0 (107524068)|HEAP_ALLOCATE|[5]|Bytes:5
11:25:58.0 (107531076)|HEAP_ALLOCATE|[5]|Bytes:16
11:25:58.0 (107535681)|VARIABLE_SCOPE_BEGIN|[5]|con|Contact|true|false
11:25:58.0 (107546624)|VARIABLE_ASSIGNMENT|[5]|con|{"Id":"0031I000003KN1MQAW","Receive_Birthday_Ema (6 more) ...":false,"Reset_Birthday_Email (10 more) ...":true}|0x6389ae57
11:25:58.0 (107551338)|STATEMENT_EXECUTE|[5]
11:25:58.0 (107552221)|STATEMENT_EXECUTE|[6]
11:25:58.0 (107565538)|VARIABLE_ASSIGNMENT|[6]|this.Receive_Birthday_Emails__c|true|0x6389ae57
11:25:58.0 (107571105)|STATEMENT_EXECUTE|[7]
11:25:58.0 (107580462)|VARIABLE_ASSIGNMENT|[7]|this.Reset_Birthday_Email_System__c|true|0x6389ae57
11:25:58.0 (107585185)|STATEMENT_EXECUTE|[8]
11:25:58.0 (107589689)|HEAP_ALLOCATE|[EXTERNAL]|Bytes:4
11:25:58.0 (107598180)|HEAP_ALLOCATE|[5]|Bytes:5
11:25:58.0 (107604989)|HEAP_ALLOCATE|[5]|Bytes:16
11:25:58.0 (107609403)|VARIABLE_SCOPE_BEGIN|[5]|con|Contact|true|false
11:25:58.0 (107620783)|VARIABLE_ASSIGNMENT|[5]|con|{"Id":"0031I000003KN1NQAW","Receive_Birthday_Ema (6 more) ...":false,"Reset_Birthday_Email (10 more) ...":true}|0x16ad9ca7
11:25:58.0 (107626147)|STATEMENT_EXECUTE|[5]
11:25:58.0 (107627099)|STATEMENT_EXECUTE|[6]
11:25:58.0 (107640433)|VARIABLE_ASSIGNMENT|[6]|this.Receive_Birthday_Emails__c|true|0x16ad9ca7
11:25:58.0 (107645722)|STATEMENT_EXECUTE|[7]
11:25:58.0 (107654885)|VARIABLE_ASSIGNMENT|[7]|this.Reset_Birthday_Email_System__c|true|0x16ad9ca7
11:25:58.0 (107659226)|STATEMENT_EXECUTE|[8]
11:25:58.0 (107663625)|HEAP_ALLOCATE|[EXTERNAL]|Bytes:4
11:25:58.0 (107672067)|HEAP_ALLOCATE|[5]|Bytes:5
11:25:58.0 (107678751)|HEAP_ALLOCATE|[5]|Bytes:16
11:25:58.0 (107685427)|VARIABLE_SCOPE_BEGIN|[5]|con|Contact|true|false
11:25:58.0 (107696268)|VARIABLE_ASSIGNMENT|[5]|con|{"Id":"0031I000003KN1OQAW","Receive_Birthday_Ema (6 more) ...":false,"Reset_Birthday_Email (10 more) ...":true}|0x4e88fb3e
11:25:58.0 (107701081)|STATEMENT_EXECUTE|[5]
11:25:58.0 (107701960)|STATEMENT_EXECUTE|[6]
11:25:58.0 (107715730)|VARIABLE_ASSIGNMENT|[6]|this.Receive_Birthday_Emails__c|true|0x4e88fb3e
11:25:58.0 (107720747)|STATEMENT_EXECUTE|[7]
11:25:58.0 (107735251)|VARIABLE_ASSIGNMENT|[7]|this.Reset_Birthday_Email_System__c|true|0x4e88fb3e
11:25:58.0 (107744558)|STATEMENT_EXECUTE|[8]
11:25:58.0 (107751622)|HEAP_ALLOCATE|[EXTERNAL]|Bytes:4
11:25:58.0 (107765220)|HEAP_ALLOCATE|[5]|Bytes:5
11:25:58.0 (107779171)|HEAP_ALLOCATE|[5]|Bytes:16
11:25:58.0 (107786212)|VARIABLE_SCOPE_BEGIN|[5]|con|Contact|true|false
11:25:58.0 (107803916)|VARIABLE_ASSIGNMENT|[5]|con|{"Id":"0031I000003KN1PQAW","Receive_Birthday_Ema (6 more) ...":false,"Reset_Birthday_Email (10 more) ...":true}|0x7266941d
11:25:58.0 (107811060)|STATEMENT_EXECUTE|[5]
11:25:58.0 (107812324)|STATEMENT_EXECUTE|[6]
11:25:58.0 (107836777)|VARIABLE_ASSIGNMENT|[6]|this.Receive_Birthday_Emails__c|true|0x7266941d
11:25:58.0 (107847490)|STATEMENT_EXECUTE|[7]
11:25:58.0 (107868941)|VARIABLE_ASSIGNMENT|[7]|this.Reset_Birthday_Email_System__c|true|0x7266941d
11:25:58.0 (107877688)|STATEMENT_EXECUTE|[8]
11:25:58.0 (107887005)|HEAP_ALLOCATE|[EXTERNAL]|Bytes:4
11:25:58.0 (107904822)|HEAP_ALLOCATE|[5]|Bytes:5
11:25:58.0 (107918465)|HEAP_ALLOCATE|[5]|Bytes:16
11:25:58.0 (107927261)|VARIABLE_SCOPE_BEGIN|[5]|con|Contact|true|false
11:25:58.0 (107946879)|VARIABLE_ASSIGNMENT|[5]|con|{"Id":"0031I000003KN1QQAW","Receive_Birthday_Ema (6 more) ...":false,"Reset_Birthday_Email (10 more) ...":true}|0x5cb37710
11:25:58.0 (107958348)|STATEMENT_EXECUTE|[5]
11:25:58.0 (107960002)|STATEMENT_EXECUTE|[6]
11:25:58.0 (107987159)|VARIABLE_ASSIGNMENT|[6]|this.Receive_Birthday_Emails__c|true|0x5cb37710
11:25:58.0 (107996286)|STATEMENT_EXECUTE|[7]
11:25:58.0 (108016104)|VARIABLE_ASSIGNMENT|[7]|this.Reset_Birthday_Email_System__c|true|0x5cb37710
11:25:58.0 (108025687)|STATEMENT_EXECUTE|[8]
11:25:58.0 (108034611)|HEAP_ALLOCATE|[EXTERNAL]|Bytes:4
11:25:58.0 (108052658)|HEAP_ALLOCATE|[5]|Bytes:5
11:25:58.0 (108066005)|HEAP_ALLOCATE|[5]|Bytes:16
11:25:58.0 (108074928)|VARIABLE_SCOPE_BEGIN|[5]|con|Contact|true|false
11:25:58.0 (108097914)|VARIABLE_ASSIGNMENT|[5]|con|{"Id":"0031I000003KN1RQAW","Receive_Birthday_Ema (6 more) ...":false,"Reset_Birthday_Email (10 more) ...":true}|0x26819085
11:25:58.0 (108107360)|STATEMENT_EXECUTE|[5]
11:25:58.0 (108109016)|STATEMENT_EXECUTE|[6]
11:25:58.0 (108135730)|VARIABLE_ASSIGNMENT|[6]|this.Receive_Birthday_Emails__c|true|0x26819085
11:25:58.0 (108146322)|STATEMENT_EXECUTE|[7]
11:25:58.0 (108167392)|VARIABLE_ASSIGNMENT|[7]|this.Reset_Birthday_Email_System__c|true|0x26819085
11:25:58.0 (108176829)|STATEMENT_EXECUTE|[8]
11:25:58.0 (108184756)|HEAP_ALLOCATE|[EXTERNAL]|Bytes:4
11:25:58.0 (108200321)|HEAP_ALLOCATE|[5]|Bytes:5
11:25:58.0 (108213799)|HEAP_ALLOCATE|[5]|Bytes:16
11:25:58.0 (108223373)|VARIABLE_SCOPE_BEGIN|[5]|con|Contact|true|false
11:25:58.0 (108243818)|VARIABLE_ASSIGNMENT|[5]|con|{"Id":"0031I000003KN1SQAW","Receive_Birthday_Ema (6 more) ...":false,"Reset_Birthday_Email (10 more) ...":true}|0x2f59ce60
11:25:58.0 (108255788)|STATEMENT_EXECUTE|[5]
11:25:58.0 (108257494)|STATEMENT_EXECUTE|[6]
11:25:58.0 (108285253)|VARIABLE_ASSIGNMENT|[6]|this.Receive_Birthday_Emails__c|true|0x2f59ce60
11:25:58.0 (108294357)|STATEMENT_EXECUTE|[7]
11:25:58.0 (108316209)|VARIABLE_ASSIGNMENT|[7]|this.Reset_Birthday_Email_System__c|true|0x2f59ce60
11:25:58.0 (108330684)|STATEMENT_EXECUTE|[8]
11:25:58.0 (108340201)|HEAP_ALLOCATE|[EXTERNAL]|Bytes:4
11:25:58.0 (108356646)|HEAP_ALLOCATE|[5]|Bytes:5
11:25:58.0 (108369318)|HEAP_ALLOCATE|[5]|Bytes:16
11:25:58.0 (108378136)|VARIABLE_SCOPE_BEGIN|[5]|con|Contact|true|false
11:25:58.0 (108399170)|VARIABLE_ASSIGNMENT|[5]|con|{"Id":"0031I000003KN1TQAW","Receive_Birthday_Ema (6 more) ...":false,"Reset_Birthday_Email (10 more) ...":true}|0x69d961ea
11:25:58.0 (108410366)|STATEMENT_EXECUTE|[5]
11:25:58.0 (108411816)|STATEMENT_EXECUTE|[6]
11:25:58.0 (108445227)|VARIABLE_ASSIGNMENT|[6]|this.Receive_Birthday_Emails__c|true|0x69d961ea
11:25:58.0 (108455513)|STATEMENT_EXECUTE|[7]
11:25:58.0 (108476080)|VARIABLE_ASSIGNMENT|[7]|this.Reset_Birthday_Email_System__c|true|0x69d961ea
11:25:58.0 (108486432)|STATEMENT_EXECUTE|[8]
11:25:58.0 (108497009)|HEAP_ALLOCATE|[EXTERNAL]|Bytes:4
11:25:58.0 (108514303)|HEAP_ALLOCATE|[5]|Bytes:5
11:25:58.0 (108527516)|HEAP_ALLOCATE|[5]|Bytes:16
11:25:58.0 (108535808)|VARIABLE_SCOPE_BEGIN|[5]|con|Contact|true|false
11:25:58.0 (108555106)|VARIABLE_ASSIGNMENT|[5]|con|{"Id":"0031I000003KN1UQAW","Receive_Birthday_Ema (6 more) ...":false,"Reset_Birthday_Email (10 more) ...":true}|0x2e158036
11:25:58.0 (108564718)|STATEMENT_EXECUTE|[5]
11:25:58.0 (108566457)|STATEMENT_EXECUTE|[6]
11:25:58.0 (108593983)|VARIABLE_ASSIGNMENT|[6]|this.Receive_Birthday_Emails__c|true|0x2e158036
11:25:58.0 (108605335)|STATEMENT_EXECUTE|[7]
11:25:58.0 (108627619)|VARIABLE_ASSIGNMENT|[7]|this.Reset_Birthday_Email_System__c|true|0x2e158036
11:25:58.0 (108636614)|STATEMENT_EXECUTE|[8]
11:25:58.0 (108645116)|HEAP_ALLOCATE|[EXTERNAL]|Bytes:4
11:25:58.0 (108661332)|HEAP_ALLOCATE|[5]|Bytes:5
11:25:58.0 (108675845)|HEAP_ALLOCATE|[5]|Bytes:16
11:25:58.0 (108684677)|VARIABLE_SCOPE_BEGIN|[5]|con|Contact|true|false
11:25:58.0 (108704627)|VARIABLE_ASSIGNMENT|[5]|con|{"Id":"0031I000003KN1VQAW","Receive_Birthday_Ema (6 more) ...":false,"Reset_Birthday_Email (10 more) ...":true}|0x43a38c9
11:25:58.0 (108714334)|STATEMENT_EXECUTE|[5]
11:25:58.0 (108715871)|STATEMENT_EXECUTE|[6]
11:25:58.0 (108741093)|VARIABLE_ASSIGNMENT|[6]|this.Receive_Birthday_Emails__c|true|0x43a38c9
11:25:58.0 (108751859)|STATEMENT_EXECUTE|[7]
11:25:58.0 (108772535)|VARIABLE_ASSIGNMENT|[7]|this.Reset_Birthday_Email_System__c|true|0x43a38c9
11:25:58.0 (108782771)|STATEMENT_EXECUTE|[8]
11:25:58.0 (108791799)|HEAP_ALLOCATE|[EXTERNAL]|Bytes:4
11:25:58.0 (108808196)|HEAP_ALLOCATE|[5]|Bytes:5
11:25:58.0 (108821997)|HEAP_ALLOCATE|[5]|Bytes:16
11:25:58.0 (108830461)|VARIABLE_SCOPE_BEGIN|[5]|con|Contact|true|false
11:25:58.0 (108851212)|VARIABLE_ASSIGNMENT|[5]|con|{"Id":"0031I000003KN1WQAW","Receive_Birthday_Ema (6 more) ...":false,"Reset_Birthday_Email (10 more) ...":true}|0x6571dce0
11:25:58.0 (108862396)|STATEMENT_EXECUTE|[5]
11:25:58.0 (108863842)|STATEMENT_EXECUTE|[6]
11:25:58.0 (108888853)|VARIABLE_ASSIGNMENT|[6]|this.Receive_Birthday_Emails__c|true|0x6571dce0
11:25:58.0 (108898166)|STATEMENT_EXECUTE|[7]
11:25:58.0 (108918191)|VARIABLE_ASSIGNMENT|[7]|this.Reset_Birthday_Email_System__c|true|0x6571dce0
11:25:58.0 (108928574)|STATEMENT_EXECUTE|[8]
11:25:58.0 (108937223)|HEAP_ALLOCATE|[EXTERNAL]|Bytes:4
11:25:58.0 (108953250)|HEAP_ALLOCATE|[5]|Bytes:5
11:25:58.0 (108967397)|HEAP_ALLOCATE|[5]|Bytes:16
11:25:58.0 (108979733)|VARIABLE_SCOPE_BEGIN|[5]|con|Contact|true|false
11:25:58.0 (109002458)|VARIABLE_ASSIGNMENT|[5]|con|{"Id":"0031I000006LwITQA0","Receive_Birthday_Ema (6 more) ...":false,"Reset_Birthday_Email (10 more) ...":true}|0x47853795
11:25:58.0 (109013943)|STATEMENT_EXECUTE|[5]
11:25:58.0 (109015533)|STATEMENT_EXECUTE|[6]
11:25:58.0 (109043749)|VARIABLE_ASSIGNMENT|[6]|this.Receive_Birthday_Emails__c|true|0x47853795
11:25:58.0 (109053615)|STATEMENT_EXECUTE|[7]
11:25:58.0 (109072859)|VARIABLE_ASSIGNMENT|[7]|this.Reset_Birthday_Email_System__c|true|0x47853795
11:25:58.0 (109081670)|STATEMENT_EXECUTE|[8]
11:25:58.0 (109091545)|HEAP_ALLOCATE|[EXTERNAL]|Bytes:4
11:25:58.0 (109108622)|HEAP_ALLOCATE|[5]|Bytes:5
11:25:58.0 (109122284)|HEAP_ALLOCATE|[5]|Bytes:16
11:25:58.0 (109131064)|VARIABLE_SCOPE_BEGIN|[5]|con|Contact|true|false
11:25:58.0 (109153657)|VARIABLE_ASSIGNMENT|[5]|con|{"Id":"0031I000006LwIsQAK","Receive_Birthday_Ema (6 more) ...":false,"Reset_Birthday_Email (10 more) ...":false}|0x45131b63
11:25:58.0 (109163284)|STATEMENT_EXECUTE|[5]
11:25:58.0 (109164712)|STATEMENT_EXECUTE|[6]
11:25:58.0 (109191497)|VARIABLE_ASSIGNMENT|[6]|this.Receive_Birthday_Emails__c|true|0x45131b63
11:25:58.0 (109202579)|STATEMENT_EXECUTE|[7]
11:25:58.0 (109223050)|VARIABLE_ASSIGNMENT|[7]|this.Reset_Birthday_Email_System__c|true|0x45131b63
11:25:58.0 (109231986)|STATEMENT_EXECUTE|[8]
11:25:58.0 (109240281)|HEAP_ALLOCATE|[EXTERNAL]|Bytes:4
11:25:58.0 (109255728)|HEAP_ALLOCATE|[5]|Bytes:5
11:25:58.0 (109269694)|HEAP_ALLOCATE|[5]|Bytes:16
11:25:58.0 (109278478)|VARIABLE_SCOPE_BEGIN|[5]|con|Contact|true|false
11:25:58.0 (109298832)|VARIABLE_ASSIGNMENT|[5]|con|{"Id":"0031I000006LwItQAK","Receive_Birthday_Ema (6 more) ...":false,"Reset_Birthday_Email (10 more) ...":true}|0x103a8f78
11:25:58.0 (109310022)|STATEMENT_EXECUTE|[5]
11:25:58.0 (109311961)|STATEMENT_EXECUTE|[6]
11:25:58.0 (109338803)|VARIABLE_ASSIGNMENT|[6]|this.Receive_Birthday_Emails__c|true|0x103a8f78
11:25:58.0 (109348779)|STATEMENT_EXECUTE|[7]
11:25:58.0 (109372098)|VARIABLE_ASSIGNMENT|[7]|this.Reset_Birthday_Email_System__c|true|0x103a8f78
11:25:58.0 (109381586)|STATEMENT_EXECUTE|[8]
11:25:58.0 (109390260)|HEAP_ALLOCATE|[EXTERNAL]|Bytes:4
11:25:58.0 (109405959)|HEAP_ALLOCATE|[5]|Bytes:5
11:25:58.0 (109418536)|HEAP_ALLOCATE|[5]|Bytes:16
11:25:58.0 (109427187)|VARIABLE_SCOPE_BEGIN|[5]|con|Contact|true|false
11:25:58.0 (109467374)|VARIABLE_ASSIGNMENT|[5]|con|{"Id":"0031I000006LwIuQAK","Receive_Birthday_Ema (6 more) ...":false,"Reset_Birthday_Email (10 more) ...":true}|0x7b47c743
11:25:58.0 (109479989)|STATEMENT_EXECUTE|[5]
11:25:58.0 (109481440)|STATEMENT_EXECUTE|[6]
11:25:58.0 (109520259)|VARIABLE_ASSIGNMENT|[6]|this.Receive_Birthday_Emails__c|true|0x7b47c743
11:25:58.0 (109526883)|STATEMENT_EXECUTE|[7]
11:25:58.0 (109540489)|VARIABLE_ASSIGNMENT|[7]|this.Reset_Birthday_Email_System__c|true|0x7b47c743
11:25:58.0 (109546163)|STATEMENT_EXECUTE|[8]
11:25:58.0 (109557288)|HEAP_ALLOCATE|[EXTERNAL]|Bytes:4
11:25:58.0 (109574291)|HEAP_ALLOCATE|[5]|Bytes:5
11:25:58.0 (109588670)|HEAP_ALLOCATE|[5]|Bytes:16
11:25:58.0 (109596627)|VARIABLE_SCOPE_BEGIN|[5]|con|Contact|true|false
11:25:58.0 (109612213)|VARIABLE_ASSIGNMENT|[5]|con|{"Id":"0031I000006LwIvQAK","Receive_Birthday_Ema (6 more) ...":false,"Reset_Birthday_Email (10 more) ...":true}|0x15107e21
11:25:58.0 (109617975)|STATEMENT_EXECUTE|[5]
11:25:58.0 (109618882)|STATEMENT_EXECUTE|[6]
11:25:58.0 (109636446)|VARIABLE_ASSIGNMENT|[6]|this.Receive_Birthday_Emails__c|true|0x15107e21
11:25:58.0 (109642118)|STATEMENT_EXECUTE|[7]
11:25:58.0 (109652197)|VARIABLE_ASSIGNMENT|[7]|this.Reset_Birthday_Email_System__c|true|0x15107e21
11:25:58.0 (109656972)|STATEMENT_EXECUTE|[8]
11:25:58.0 (109663107)|HEAP_ALLOCATE|[EXTERNAL]|Bytes:4
11:25:58.0 (109673699)|HEAP_ALLOCATE|[5]|Bytes:5
11:25:58.0 (109682278)|HEAP_ALLOCATE|[5]|Bytes:16
11:25:58.0 (109687382)|VARIABLE_SCOPE_BEGIN|[5]|con|Contact|true|false
11:25:58.0 (109703000)|VARIABLE_ASSIGNMENT|[5]|con|{"Id":"0031I000006LwIwQAK","Receive_Birthday_Ema (6 more) ...":false,"Reset_Birthday_Email (10 more) ...":true}|0x4885a7e3
11:25:58.0 (109708567)|STATEMENT_EXECUTE|[5]
11:25:58.0 (109709593)|STATEMENT_EXECUTE|[6]
11:25:58.0 (109724801)|VARIABLE_ASSIGNMENT|[6]|this.Receive_Birthday_Emails__c|true|0x4885a7e3
11:25:58.0 (109730886)|STATEMENT_EXECUTE|[7]
11:25:58.0 (109740425)|VARIABLE_ASSIGNMENT|[7]|this.Reset_Birthday_Email_System__c|true|0x4885a7e3
11:25:58.0 (109745121)|STATEMENT_EXECUTE|[8]
11:25:58.0 (109749751)|HEAP_ALLOCATE|[EXTERNAL]|Bytes:4
11:25:58.0 (109759089)|HEAP_ALLOCATE|[5]|Bytes:5
11:25:58.0 (109766606)|HEAP_ALLOCATE|[5]|Bytes:16
11:25:58.0 (109771695)|VARIABLE_SCOPE_BEGIN|[5]|con|Contact|true|false
11:25:58.0 (109784551)|VARIABLE_ASSIGNMENT|[5]|con|{"Id":"0031I000006wYWsQAM","Receive_Birthday_Ema (6 more) ...":false,"Reset_Birthday_Email (10 more) ...":true}|0xc00b0c4
11:25:58.0 (109789476)|STATEMENT_EXECUTE|[5]
11:25:58.0 (109790385)|STATEMENT_EXECUTE|[6]
11:25:58.0 (109804276)|VARIABLE_ASSIGNMENT|[6]|this.Receive_Birthday_Emails__c|true|0xc00b0c4
11:25:58.0 (109809587)|STATEMENT_EXECUTE|[7]
11:25:58.0 (109819333)|VARIABLE_ASSIGNMENT|[7]|this.Reset_Birthday_Email_System__c|true|0xc00b0c4
11:25:58.0 (109824113)|STATEMENT_EXECUTE|[8]
11:25:58.0 (109829607)|HEAP_ALLOCATE|[EXTERNAL]|Bytes:4
11:25:58.0 (109837921)|HEAP_ALLOCATE|[5]|Bytes:5
11:25:58.0 (109845463)|HEAP_ALLOCATE|[5]|Bytes:16
11:25:58.0 (109849980)|VARIABLE_SCOPE_BEGIN|[5]|con|Contact|true|false
11:25:58.0 (109861545)|VARIABLE_ASSIGNMENT|[5]|con|{"Id":"0031I000006wkBRQAY","Receive_Birthday_Ema (6 more) ...":false,"Reset_Birthday_Email (10 more) ...":true}|0x49b813d8
11:25:58.0 (109867601)|STATEMENT_EXECUTE|[5]
11:25:58.0 (109868529)|STATEMENT_EXECUTE|[6]
11:25:58.0 (109882577)|VARIABLE_ASSIGNMENT|[6]|this.Receive_Birthday_Emails__c|true|0x49b813d8
11:25:58.0 (109888771)|STATEMENT_EXECUTE|[7]
11:25:58.0 (109898345)|VARIABLE_ASSIGNMENT|[7]|this.Reset_Birthday_Email_System__c|true|0x49b813d8
11:25:58.0 (109903049)|STATEMENT_EXECUTE|[8]
11:25:58.0 (109907521)|HEAP_ALLOCATE|[EXTERNAL]|Bytes:4
11:25:58.0 (109916438)|HEAP_ALLOCATE|[5]|Bytes:5
11:25:58.0 (109923639)|HEAP_ALLOCATE|[5]|Bytes:16
11:25:58.0 (109928341)|VARIABLE_SCOPE_BEGIN|[5]|con|Contact|true|false
11:25:58.0 (109939843)|VARIABLE_ASSIGNMENT|[5]|con|{"Id":"0031I0000081h9GQAQ","Receive_Birthday_Ema (6 more) ...":false,"Reset_Birthday_Email (10 more) ...":true}|0x5f4f9db8
11:25:58.0 (109945210)|STATEMENT_EXECUTE|[5]
11:25:58.0 (109946082)|STATEMENT_EXECUTE|[6]
11:25:58.0 (109959436)|VARIABLE_ASSIGNMENT|[6]|this.Receive_Birthday_Emails__c|true|0x5f4f9db8
11:25:58.0 (109964778)|STATEMENT_EXECUTE|[7]
11:25:58.0 (109974194)|VARIABLE_ASSIGNMENT|[7]|this.Reset_Birthday_Email_System__c|true|0x5f4f9db8
11:25:58.0 (109979336)|STATEMENT_EXECUTE|[8]
11:25:58.0 (109983656)|HEAP_ALLOCATE|[EXTERNAL]|Bytes:4
11:25:58.0 (109992295)|HEAP_ALLOCATE|[5]|Bytes:5
11:25:58.0 (109999484)|HEAP_ALLOCATE|[5]|Bytes:16
11:25:58.0 (110004190)|VARIABLE_SCOPE_BEGIN|[5]|con|Contact|true|false
11:25:58.0 (110016375)|VARIABLE_ASSIGNMENT|[5]|con|{"Id":"0031I0000081h9LQAQ","Receive_Birthday_Ema (6 more) ...":false,"Reset_Birthday_Email (10 more) ...":true}|0x3a10830d
11:25:58.0 (110021063)|STATEMENT_EXECUTE|[5]
11:25:58.0 (110022229)|STATEMENT_EXECUTE|[6]
11:25:58.0 (110036038)|VARIABLE_ASSIGNMENT|[6]|this.Receive_Birthday_Emails__c|true|0x3a10830d
11:25:58.0 (110042274)|STATEMENT_EXECUTE|[7]
11:25:58.0 (110051732)|VARIABLE_ASSIGNMENT|[7]|this.Reset_Birthday_Email_System__c|true|0x3a10830d
11:25:58.0 (110056641)|STATEMENT_EXECUTE|[8]
11:25:58.0 (110061466)|HEAP_ALLOCATE|[EXTERNAL]|Bytes:4
11:25:58.0 (110069953)|HEAP_ALLOCATE|[5]|Bytes:5
11:25:58.0 (110077323)|HEAP_ALLOCATE|[5]|Bytes:16
11:25:58.0 (110081526)|VARIABLE_SCOPE_BEGIN|[5]|con|Contact|true|false
11:25:58.0 (110096274)|VARIABLE_ASSIGNMENT|[5]|con|{"Id":"0031I00000827cdQAA","Receive_Birthday_Ema (6 more) ...":true,"Reset_Birthday_Email (10 more) ...":false}|0x339f921b
11:25:58.0 (110101301)|STATEMENT_EXECUTE|[5]
11:25:58.0 (110102207)|STATEMENT_EXECUTE|[6]
11:25:58.0 (110116266)|VARIABLE_ASSIGNMENT|[6]|this.Receive_Birthday_Emails__c|true|0x339f921b
11:25:58.0 (110121703)|STATEMENT_EXECUTE|[7]
11:25:58.0 (110131254)|VARIABLE_ASSIGNMENT|[7]|this.Reset_Birthday_Email_System__c|true|0x339f921b
11:25:58.0 (110136048)|STATEMENT_EXECUTE|[8]
11:25:58.0 (110140662)|HEAP_ALLOCATE|[EXTERNAL]|Bytes:4
11:25:58.0 (110148821)|HEAP_ALLOCATE|[5]|Bytes:5
11:25:58.0 (110156833)|HEAP_ALLOCATE|[5]|Bytes:16
11:25:58.0 (110161471)|VARIABLE_SCOPE_BEGIN|[5]|con|Contact|true|false
11:25:58.0 (110172813)|VARIABLE_ASSIGNMENT|[5]|con|{"Id":"0031I0000082KA9QAM","Receive_Birthday_Ema (6 more) ...":false,"Reset_Birthday_Email (10 more) ...":false}|0x3ab06163
11:25:58.0 (110178676)|STATEMENT_EXECUTE|[5]
11:25:58.0 (110179777)|STATEMENT_EXECUTE|[6]
11:25:58.0 (110193784)|VARIABLE_ASSIGNMENT|[6]|this.Receive_Birthday_Emails__c|true|0x3ab06163
11:25:58.0 (110199070)|STATEMENT_EXECUTE|[7]
11:25:58.0 (110208468)|VARIABLE_ASSIGNMENT|[7]|this.Reset_Birthday_Email_System__c|true|0x3ab06163
11:25:58.0 (110212921)|STATEMENT_EXECUTE|[8]
11:25:58.0 (110217569)|HEAP_ALLOCATE|[EXTERNAL]|Bytes:4
11:25:58.0 (110226026)|HEAP_ALLOCATE|[5]|Bytes:5
11:25:58.0 (110235345)|VARIABLE_ASSIGNMENT|[5]|con|null|
11:25:58.0 (110240719)|STATEMENT_EXECUTE|[10]
11:25:58.0 (110300278)|DML_BEGIN|[10]|Op:Update|Type:Contact|Rows:32
11:25:58.0 (110330570)|HEAP_ALLOCATE|[EXTERNAL]|Bytes:132
11:25:58.0 (142160624)|CODE_UNIT_STARTED|[EXTERNAL]|DuplicateDetector
11:25:58.0 (142186634)|DUPLICATE_DETECTION_BEGIN
11:25:58.0 (142253240)|DUPLICATE_DETECTION_RULE_INVOCATION|DuplicateRuleId:0Bm1I0000028pMh|DuplicateRuleName:Standard Contact Duplicate Rule|DmlType:UPDATE
11:25:58.0 (142300247)|DUPLICATE_DETECTION_END
11:25:58.0 (142305816)|CODE_UNIT_FINISHED|DuplicateDetector
11:25:58.0 (222636564)|CODE_UNIT_STARTED|[EXTERNAL]|Workflow:Contact
11:25:58.0 (232901826)|WF_RULE_EVAL_BEGIN|Workflow
11:25:58.0 (232948380)|WF_CRITERIA_BEGIN|[Contact: Ms. Rose Gonzalez 0031I000003KN1D]|Birthday Change|01Q1I000000LMZQ|ON_ALL_CHANGES|0
11:25:58.0 (233496448)|WF_FORMULA|Formula:ENCODED:[treatNullAsNull]( MONTH( {!ID:Birthdate} )  <>  MONTH( {!ID:00N1I00000KH2qA} ) &#124;&#124;  DAY( {!ID:Birthdate} )  <>  DAY( {!ID:00N1I00000KH2qA} ) ) &&  {!ID:00N1I00000KH2GC}  = True|Values:Receive_Birthday_Emails__c=1, Birthdate=1965-09-19 00:00:00, Next_Birthday__c=null
11:25:58.0 (233510271)|WF_CRITERIA_END|false
11:25:58.0 (233526014)|WF_CRITERIA_BEGIN|[Contact: Ms. Rose Gonzalez 0031I000003KN1D]|Send Birthday Email|01Q1I000000LMZ1|ON_CREATE_OR_TRIGGERING_UPDATE|0
11:25:58.0 (236060364)|WF_RULE_FILTER|[Contact : Receive Birthday Emails equals true] 
AND [Contact : Reset Birthday Email System equals false] 
AND [Contact : Birthdate not equal to ]
11:25:58.0 (236073741)|WF_RULE_EVAL_VALUE|1
11:25:58.0 (236077868)|WF_RULE_EVAL_VALUE|1
11:25:58.0 (236080532)|WF_CRITERIA_END|false
11:25:58.0 (236090321)|WF_CRITERIA_BEGIN|[Contact: Ms. Rose Gonzalez 0031I000003KN1D]|Rest Birthday Email|01Q1I000000LMZB|ON_CREATE_OR_TRIGGERING_UPDATE|0
11:25:58.0 (236137770)|WF_RULE_FILTER|[Contact : Receive Birthday Emails equals true] 
AND [Contact : Reset Birthday Email System equals true]
11:25:58.0 (236143295)|WF_RULE_EVAL_VALUE|1
11:25:58.0 (236145784)|WF_RULE_EVAL_VALUE|1
11:25:58.0 (236148588)|WF_CRITERIA_END|true
11:25:58.0 (236827467)|WF_CRITERIA_BEGIN|[Contact: Ms. Rose Gonzalez 0031I000003KN1D]|Birthday Email Opt-Out|01Q1I000000LMZL|ON_ALL_CHANGES|0
11:25:58.0 (236869604)|WF_RULE_FILTER|[Contact : Receive Birthday Emails equals false]
11:25:58.0 (236876604)|WF_RULE_EVAL_VALUE|1
11:25:58.0 (236880080)|WF_CRITERIA_END|false
11:25:58.0 (236901489)|WF_CRITERIA_BEGIN|[Contact: Mr. Sean Forbes 0031I000003KN1E]|Birthday Change|01Q1I000000LMZQ|ON_ALL_CHANGES|0
11:25:58.0 (237037862)|WF_FORMULA|Formula:ENCODED:[treatNullAsNull]( MONTH( {!ID:Birthdate} )  <>  MONTH( {!ID:00N1I00000KH2qA} ) &#124;&#124;  DAY( {!ID:Birthdate} )  <>  DAY( {!ID:00N1I00000KH2qA} ) ) &&  {!ID:00N1I00000KH2GC}  = True|Values:Receive_Birthday_Emails__c=1, Birthdate=1944-06-17 00:00:00, Next_Birthday__c=null
11:25:58.0 (237048627)|WF_CRITERIA_END|false
11:25:58.0 (237059939)|WF_CRITERIA_BEGIN|[Contact: Mr. Sean Forbes 0031I000003KN1E]|Send Birthday Email|01Q1I000000LMZ1|ON_CREATE_OR_TRIGGERING_UPDATE|0
11:25:58.0 (237099428)|WF_RULE_FILTER|[Contact : Receive Birthday Emails equals true] 
AND [Contact : Reset Birthday Email System equals false] 
AND [Contact : Birthdate not equal to ]
11:25:58.0 (237106485)|WF_RULE_EVAL_VALUE|1
11:25:58.0 (237109838)|WF_RULE_EVAL_VALUE|1
11:25:58.0 (237112124)|WF_CRITERIA_END|false
11:25:58.0 (237118465)|WF_CRITERIA_BEGIN|[Contact: Mr. Sean Forbes 0031I000003KN1E]|Rest Birthday Email|01Q1I000000LMZB|ON_CREATE_OR_TRIGGERING_UPDATE|0
11:25:58.0 (237141201)|WF_RULE_FILTER|[Contact : Receive Birthday Emails equals true] 
AND [Contact : Reset Birthday Email System equals true]
11:25:58.0 (237145354)|WF_RULE_EVAL_VALUE|1
11:25:58.0 (237147865)|WF_RULE_EVAL_VALUE|1
11:25:58.0 (237149762)|WF_CRITERIA_END|true
11:25:58.0 (237159114)|WF_CRITERIA_BEGIN|[Contact: Mr. Sean Forbes 0031I000003KN1E]|Birthday Email Opt-Out|01Q1I000000LMZL|ON_ALL_CHANGES|0
11:25:58.0 (237174226)|WF_RULE_FILTER|[Contact : Receive Birthday Emails equals false]
11:25:58.0 (237178839)|WF_RULE_EVAL_VALUE|1
11:25:58.0 (237181438)|WF_CRITERIA_END|false
11:25:58.0 (237195266)|WF_CRITERIA_BEGIN|[Contact: Mr. Jack Rogers 0031I000003KN1F]|Birthday Change|01Q1I000000LMZQ|ON_ALL_CHANGES|0
11:25:58.0 (237332003)|WF_FORMULA|Formula:ENCODED:[treatNullAsNull]( MONTH( {!ID:Birthdate} )  <>  MONTH( {!ID:00N1I00000KH2qA} ) &#124;&#124;  DAY( {!ID:Birthdate} )  <>  DAY( {!ID:00N1I00000KH2qA} ) ) &&  {!ID:00N1I00000KH2GC}  = True|Values:Receive_Birthday_Emails__c=1, Birthdate=null, Next_Birthday__c=null
11:25:58.0 (237350763)|WF_CRITERIA_END|false
11:25:58.0 (237361768)|WF_CRITERIA_BEGIN|[Contact: Mr. Jack Rogers 0031I000003KN1F]|Send Birthday Email|01Q1I000000LMZ1|ON_CREATE_OR_TRIGGERING_UPDATE|0
11:25:58.0 (237399210)|WF_RULE_FILTER|[Contact : Receive Birthday Emails equals true] 
AND [Contact : Reset Birthday Email System equals false] 
AND [Contact : Birthdate not equal to ]
11:25:58.0 (237405475)|WF_RULE_EVAL_VALUE|1
11:25:58.0 (237408249)|WF_RULE_EVAL_VALUE|1
11:25:58.0 (237410292)|WF_CRITERIA_END|false
11:25:58.0 (237416766)|WF_CRITERIA_BEGIN|[Contact: Mr. Jack Rogers 0031I000003KN1F]|Rest Birthday Email|01Q1I000000LMZB|ON_CREATE_OR_TRIGGERING_UPDATE|0
11:25:58.0 (237443736)|WF_RULE_FILTER|[Contact : Receive Birthday Emails equals true] 
AND [Contact : Reset Birthday Email System equals true]
11:25:58.0 (237447975)|WF_RULE_EVAL_VALUE|1
11:25:58.0 (237450248)|WF_RULE_EVAL_VALUE|1
11:25:58.0 (237452093)|WF_CRITERIA_END|true
11:25:58.0 (237461065)|WF_CRITERIA_BEGIN|[Contact: Mr. Jack Rogers 0031I000003KN1F]|Birthday Email Opt-Out|01Q1I000000LMZL|ON_ALL_CHANGES|0
11:25:58.0 (237475763)|WF_RULE_FILTER|[Contact : Receive Birthday Emails equals false]
11:25:58.0 (237480116)|WF_RULE_EVAL_VALUE|1
11:25:58.0 (237482440)|WF_CRITERIA_END|false
11:25:58.0 (237495377)|WF_CRITERIA_BEGIN|[Contact: Ms. Pat Stumuller 0031I000003KN1G]|Birthday Change|01Q1I000000LMZQ|ON_ALL_CHANGES|0
11:25:58.0 (237590868)|WF_FORMULA|Formula:ENCODED:[treatNullAsNull]( MONTH( {!ID:Birthdate} )  <>  MONTH( {!ID:00N1I00000KH2qA} ) &#124;&#124;  DAY( {!ID:Birthdate} )  <>  DAY( {!ID:00N1I00000KH2qA} ) ) &&  {!ID:00N1I00000KH2GC}  = True|Values:Receive_Birthday_Emails__c=1, Birthdate=null, Next_Birthday__c=null
11:25:58.0 (237599495)|WF_CRITERIA_END|false
11:25:58.0 (237608528)|WF_CRITERIA_BEGIN|[Contact: Ms. Pat Stumuller 0031I000003KN1G]|Send Birthday Email|01Q1I000000LMZ1|ON_CREATE_OR_TRIGGERING_UPDATE|0
11:25:58.0 (237642174)|WF_RULE_FILTER|[Contact : Receive Birthday Emails equals true] 
AND [Contact : Reset Birthday Email System equals false] 
AND [Contact : Birthdate not equal to ]
11:25:58.0 (237648037)|WF_RULE_EVAL_VALUE|1
11:25:58.0 (237650577)|WF_RULE_EVAL_VALUE|1
11:25:58.0 (237653118)|WF_CRITERIA_END|false
11:25:58.0 (237659057)|WF_CRITERIA_BEGIN|[Contact: Ms. Pat Stumuller 0031I000003KN1G]|Rest Birthday Email|01Q1I000000LMZB|ON_CREATE_OR_TRIGGERING_UPDATE|0
11:25:58.0 (237682471)|WF_RULE_FILTER|[Contact : Receive Birthday Emails equals true] 
AND [Contact : Reset Birthday Email System equals true]
11:25:58.0 (237689325)|WF_RULE_EVAL_VALUE|1
11:25:58.0 (237692350)|WF_RULE_EVAL_VALUE|1
11:25:58.0 (237694241)|WF_CRITERIA_END|true
11:25:58.0 (237703465)|WF_CRITERIA_BEGIN|[Contact: Ms. Pat Stumuller 0031I000003KN1G]|Birthday Email Opt-Out|01Q1I000000LMZL|ON_ALL_CHANGES|0
11:25:58.0 (237718371)|WF_RULE_FILTER|[Contact : Receive Birthday Emails equals false]
11:25:58.0 (237722422)|WF_RULE_EVAL_VALUE|1
11:25:58.0 (237725066)|WF_CRITERIA_END|false
11:25:58.0 (237738081)|WF_CRITERIA_BEGIN|[Contact: Mr Andy Young 0031I000003KN1H]|Birthday Change|01Q1I000000LMZQ|ON_ALL_CHANGES|0
11:25:58.0 (237824032)|WF_FORMULA|Formula:ENCODED:[treatNullAsNull]( MONTH( {!ID:Birthdate} )  <>  MONTH( {!ID:00N1I00000KH2qA} ) &#124;&#124;  DAY( {!ID:Birthdate} )  <>  DAY( {!ID:00N1I00000KH2qA} ) ) &&  {!ID:00N1I00000KH2GC}  = True|Values:Receive_Birthday_Emails__c=1, Birthdate=null, Next_Birthday__c=null
11:25:58.0 (237832453)|WF_CRITERIA_END|false
11:25:58.0 (237841277)|WF_CRITERIA_BEGIN|[Contact: Mr Andy Young 0031I000003KN1H]|Send Birthday Email|01Q1I000000LMZ1|ON_CREATE_OR_TRIGGERING_UPDATE|0
11:25:58.0 (237873899)|WF_RULE_FILTER|[Contact : Receive Birthday Emails equals true] 
AND [Contact : Reset Birthday Email System equals false] 
AND [Contact : Birthdate not equal to ]
11:25:58.0 (237879852)|WF_RULE_EVAL_VALUE|1
11:25:58.0 (237882626)|WF_RULE_EVAL_VALUE|1
11:25:58.0 (237884646)|WF_CRITERIA_END|false
11:25:58.0 (237890195)|WF_CRITERIA_BEGIN|[Contact: Mr Andy Young 0031I000003KN1H]|Rest Birthday Email|01Q1I000000LMZB|ON_CREATE_OR_TRIGGERING_UPDATE|0
11:25:58.0 (237911647)|WF_RULE_FILTER|[Contact : Receive Birthday Emails equals true] 
AND [Contact : Reset Birthday Email System equals true]
11:25:58.0 (237915622)|WF_RULE_EVAL_VALUE|1
11:25:58.0 (237918033)|WF_RULE_EVAL_VALUE|1
11:25:58.0 (237919888)|WF_CRITERIA_END|true
11:25:58.0 (237928098)|WF_CRITERIA_BEGIN|[Contact: Mr Andy Young 0031I000003KN1H]|Birthday Email Opt-Out|01Q1I000000LMZL|ON_ALL_CHANGES|0
11:25:58.0 (237942785)|WF_RULE_FILTER|[Contact : Receive Birthday Emails equals false]
11:25:58.0 (237946753)|WF_RULE_EVAL_VALUE|1
11:25:58.0 (237949565)|WF_CRITERIA_END|false
11:25:58.0 (237961723)|WF_CRITERIA_BEGIN|[Contact: Mr. Tim Barr 0031I000003KN1I]|Birthday Change|01Q1I000000LMZQ|ON_ALL_CHANGES|0
11:25:58.0 (238058231)|WF_FORMULA|Formula:ENCODED:[treatNullAsNull]( MONTH( {!ID:Birthdate} )  <>  MONTH( {!ID:00N1I00000KH2qA} ) &#124;&#124;  DAY( {!ID:Birthdate} )  <>  DAY( {!ID:00N1I00000KH2qA} ) ) &&  {!ID:00N1I00000KH2GC}  = True|Values:Receive_Birthday_Emails__c=1, Birthdate=1951-05-16 00:00:00, Next_Birthday__c=null
11:25:58.0 (238068225)|WF_CRITERIA_END|false
11:25:58.0 (238076301)|WF_CRITERIA_BEGIN|[Contact: Mr. Tim Barr 0031I000003KN1I]|Send Birthday Email|01Q1I000000LMZ1|ON_CREATE_OR_TRIGGERING_UPDATE|0
11:25:58.0 (238109343)|WF_RULE_FILTER|[Contact : Receive Birthday Emails equals true] 
AND [Contact : Reset Birthday Email System equals false] 
AND [Contact : Birthdate not equal to ]
11:25:58.0 (238115114)|WF_RULE_EVAL_VALUE|1
11:25:58.0 (238117783)|WF_RULE_EVAL_VALUE|1
11:25:58.0 (238119905)|WF_CRITERIA_END|false
11:25:58.0 (238125459)|WF_CRITERIA_BEGIN|[Contact: Mr. Tim Barr 0031I000003KN1I]|Rest Birthday Email|01Q1I000000LMZB|ON_CREATE_OR_TRIGGERING_UPDATE|0
11:25:58.0 (238146779)|WF_RULE_FILTER|[Contact : Receive Birthday Emails equals true] 
AND [Contact : Reset Birthday Email System equals true]
11:25:58.0 (238150704)|WF_RULE_EVAL_VALUE|1
11:25:58.0 (238153394)|WF_RULE_EVAL_VALUE|1
11:25:58.0 (238155944)|WF_CRITERIA_END|true
11:25:58.0 (238163916)|WF_CRITERIA_BEGIN|[Contact: Mr. Tim Barr 0031I000003KN1I]|Birthday Email Opt-Out|01Q1I000000LMZL|ON_ALL_CHANGES|0
11:25:58.0 (238177880)|WF_RULE_FILTER|[Contact : Receive Birthday Emails equals false]
11:25:58.0 (238181870)|WF_RULE_EVAL_VALUE|1
11:25:58.0 (238184031)|WF_CRITERIA_END|false
11:25:58.0 (238196112)|WF_CRITERIA_BEGIN|[Contact: Mr. John Bond 0031I000003KN1J]|Birthday Change|01Q1I000000LMZQ|ON_ALL_CHANGES|0
11:25:58.0 (238289214)|WF_FORMULA|Formula:ENCODED:[treatNullAsNull]( MONTH( {!ID:Birthdate} )  <>  MONTH( {!ID:00N1I00000KH2qA} ) &#124;&#124;  DAY( {!ID:Birthdate} )  <>  DAY( {!ID:00N1I00000KH2qA} ) ) &&  {!ID:00N1I00000KH2GC}  = True|Values:Receive_Birthday_Emails__c=1, Birthdate=1953-07-27 00:00:00, Next_Birthday__c=null
11:25:58.0 (238297734)|WF_CRITERIA_END|false
11:25:58.0 (238306956)|WF_CRITERIA_BEGIN|[Contact: Mr. John Bond 0031I000003KN1J]|Send Birthday Email|01Q1I000000LMZ1|ON_CREATE_OR_TRIGGERING_UPDATE|0
11:25:58.0 (238338899)|WF_RULE_FILTER|[Contact : Receive Birthday Emails equals true] 
AND [Contact : Reset Birthday Email System equals false] 
AND [Contact : Birthdate not equal to ]
11:25:58.0 (238344551)|WF_RULE_EVAL_VALUE|1
11:25:58.0 (238347704)|WF_RULE_EVAL_VALUE|1
11:25:58.0 (238350236)|WF_CRITERIA_END|false
11:25:58.0 (238355746)|WF_CRITERIA_BEGIN|[Contact: Mr. John Bond 0031I000003KN1J]|Rest Birthday Email|01Q1I000000LMZB|ON_CREATE_OR_TRIGGERING_UPDATE|0
11:25:58.0 (238376979)|WF_RULE_FILTER|[Contact : Receive Birthday Emails equals true] 
AND [Contact : Reset Birthday Email System equals true]
11:25:58.0 (238381040)|WF_RULE_EVAL_VALUE|1
11:25:58.0 (238383325)|WF_RULE_EVAL_VALUE|1
11:25:58.0 (238385124)|WF_CRITERIA_END|true
11:25:58.0 (238393125)|WF_CRITERIA_BEGIN|[Contact: Mr. John Bond 0031I000003KN1J]|Birthday Email Opt-Out|01Q1I000000LMZL|ON_ALL_CHANGES|0
11:25:58.0 (238406553)|WF_RULE_FILTER|[Contact : Receive Birthday Emails equals false]
11:25:58.0 (238410431)|WF_RULE_EVAL_VALUE|1
11:25:58.0 (238412813)|WF_CRITERIA_END|false
11:25:58.0 (238423958)|WF_CRITERIA_BEGIN|[Contact: Ms. Stella Pavlova 0031I000003KN1K]|Birthday Change|01Q1I000000LMZQ|ON_ALL_CHANGES|0
11:25:58.0 (238521735)|WF_FORMULA|Formula:ENCODED:[treatNullAsNull]( MONTH( {!ID:Birthdate} )  <>  MONTH( {!ID:00N1I00000KH2qA} ) &#124;&#124;  DAY( {!ID:Birthdate} )  <>  DAY( {!ID:00N1I00000KH2qA} ) ) &&  {!ID:00N1I00000KH2GC}  = True|Values:Receive_Birthday_Emails__c=1, Birthdate=1941-01-10 00:00:00, Next_Birthday__c=null
11:25:58.0 (238530375)|WF_CRITERIA_END|false
11:25:58.0 (238539069)|WF_CRITERIA_BEGIN|[Contact: Ms. Stella Pavlova 0031I000003KN1K]|Send Birthday Email|01Q1I000000LMZ1|ON_CREATE_OR_TRIGGERING_UPDATE|0
11:25:58.0 (238572297)|WF_RULE_FILTER|[Contact : Receive Birthday Emails equals true] 
AND [Contact : Reset Birthday Email System equals false] 
AND [Contact : Birthdate not equal to ]
11:25:58.0 (238577606)|WF_RULE_EVAL_VALUE|1
11:25:58.0 (238580678)|WF_RULE_EVAL_VALUE|1
11:25:58.0 (238582687)|WF_CRITERIA_END|false
11:25:58.0 (238588306)|WF_CRITERIA_BEGIN|[Contact: Ms. Stella Pavlova 0031I000003KN1K]|Rest Birthday Email|01Q1I000000LMZB|ON_CREATE_OR_TRIGGERING_UPDATE|0
11:25:58.0 (238609570)|WF_RULE_FILTER|[Contact : Receive Birthday Emails equals true] 
AND [Contact : Reset Birthday Email System equals true]
11:25:58.0 (238613458)|WF_RULE_EVAL_VALUE|1
11:25:58.0 (238615943)|WF_RULE_EVAL_VALUE|1
11:25:58.0 (238617947)|WF_CRITERIA_END|true
11:25:58.0 (238625614)|WF_CRITERIA_BEGIN|[Contact: Ms. Stella Pavlova 0031I000003KN1K]|Birthday Email Opt-Out|01Q1I000000LMZL|ON_ALL_CHANGES|0
11:25:58.0 (238640462)|WF_RULE_FILTER|[Contact : Receive Birthday Emails equals false]
11:25:58.0 (238644790)|WF_RULE_EVAL_VALUE|1
11:25:58.0 (238647250)|WF_CRITERIA_END|false
11:25:58.0 (238658989)|WF_CRITERIA_BEGIN|[Contact: Ms. Lauren Boyle 0031I000003KN1L]|Birthday Change|01Q1I000000LMZQ|ON_ALL_CHANGES|0
11:25:58.0 (238751117)|WF_FORMULA|Formula:ENCODED:[treatNullAsNull]( MONTH( {!ID:Birthdate} )  <>  MONTH( {!ID:00N1I00000KH2qA} ) &#124;&#124;  DAY( {!ID:Birthdate} )  <>  DAY( {!ID:00N1I00000KH2qA} ) ) &&  {!ID:00N1I00000KH2GC}  = True|Values:Receive_Birthday_Emails__c=1, Birthdate=1958-02-23 00:00:00, Next_Birthday__c=null
11:25:58.0 (238759397)|WF_CRITERIA_END|false
11:25:58.0 (238767782)|WF_CRITERIA_BEGIN|[Contact: Ms. Lauren Boyle 0031I000003KN1L]|Send Birthday Email|01Q1I000000LMZ1|ON_CREATE_OR_TRIGGERING_UPDATE|0
11:25:58.0 (238801248)|WF_RULE_FILTER|[Contact : Receive Birthday Emails equals true] 
AND [Contact : Reset Birthday Email System equals false] 
AND [Contact : Birthdate not equal to ]
11:25:58.0 (238807132)|WF_RULE_EVAL_VALUE|1
11:25:58.0 (238810074)|WF_RULE_EVAL_VALUE|1
11:25:58.0 (238812483)|WF_CRITERIA_END|false
11:25:58.0 (238818210)|WF_CRITERIA_BEGIN|[Contact: Ms. Lauren Boyle 0031I000003KN1L]|Rest Birthday Email|01Q1I000000LMZB|ON_CREATE_OR_TRIGGERING_UPDATE|0
11:25:58.0 (238840134)|WF_RULE_FILTER|[Contact : Receive Birthday Emails equals true] 
AND [Contact : Reset Birthday Email System equals true]
11:25:58.0 (238844451)|WF_RULE_EVAL_VALUE|1
11:25:58.0 (238846994)|WF_RULE_EVAL_VALUE|1
11:25:58.0 (238848861)|WF_CRITERIA_END|true
11:25:58.0 (238856885)|WF_CRITERIA_BEGIN|[Contact: Ms. Lauren Boyle 0031I000003KN1L]|Birthday Email Opt-Out|01Q1I000000LMZL|ON_ALL_CHANGES|0
11:25:58.0 (238870846)|WF_RULE_FILTER|[Contact : Receive Birthday Emails equals false]
11:25:58.0 (238874538)|WF_RULE_EVAL_VALUE|1
11:25:58.0 (238876873)|WF_CRITERIA_END|false
11:25:58.0 (238888098)|WF_CRITERIA_BEGIN|[Contact: Ms. Babara Levy 0031I000003KN1M]|Birthday Change|01Q1I000000LMZQ|ON_ALL_CHANGES|0
11:25:58.0 (238980165)|WF_FORMULA|Formula:ENCODED:[treatNullAsNull]( MONTH( {!ID:Birthdate} )  <>  MONTH( {!ID:00N1I00000KH2qA} ) &#124;&#124;  DAY( {!ID:Birthdate} )  <>  DAY( {!ID:00N1I00000KH2qA} ) ) &&  {!ID:00N1I00000KH2GC}  = True|Values:Receive_Birthday_Emails__c=1, Birthdate=1934-08-27 00:00:00, Next_Birthday__c=null
11:25:58.0 (238989582)|WF_CRITERIA_END|false
11:25:58.0 (238998196)|WF_CRITERIA_BEGIN|[Contact: Ms. Babara Levy 0031I000003KN1M]|Send Birthday Email|01Q1I000000LMZ1|ON_CREATE_OR_TRIGGERING_UPDATE|0
11:25:58.0 (239031413)|WF_RULE_FILTER|[Contact : Receive Birthday Emails equals true] 
AND [Contact : Reset Birthday Email System equals false] 
AND [Contact : Birthdate not equal to ]
11:25:58.0 (239037558)|WF_RULE_EVAL_VALUE|1
11:25:58.0 (239040286)|WF_RULE_EVAL_VALUE|1
11:25:58.0 (239042353)|WF_CRITERIA_END|false
11:25:58.0 (239048317)|WF_CRITERIA_BEGIN|[Contact: Ms. Babara Levy 0031I000003KN1M]|Rest Birthday Email|01Q1I000000LMZB|ON_CREATE_OR_TRIGGERING_UPDATE|0
11:25:58.0 (239071132)|WF_RULE_FILTER|[Contact : Receive Birthday Emails equals true] 
AND [Contact : Reset Birthday Email System equals true]
11:25:58.0 (239075366)|WF_RULE_EVAL_VALUE|1
11:25:58.0 (239077869)|WF_RULE_EVAL_VALUE|1
11:25:58.0 (239080331)|WF_CRITERIA_END|true
11:25:58.0 (239087853)|WF_CRITERIA_BEGIN|[Contact: Ms. Babara Levy 0031I000003KN1M]|Birthday Email Opt-Out|01Q1I000000LMZL|ON_ALL_CHANGES|0
11:25:58.0 (239102333)|WF_RULE_FILTER|[Contact : Receive Birthday Emails equals false]
11:25:58.0 (239106259)|WF_RULE_EVAL_VALUE|1
11:25:58.0 (239108554)|WF_CRITERIA_END|false
11:25:58.0 (239120414)|WF_CRITERIA_BEGIN|[Contact: Mr. Josh Davis 0031I000003KN1N]|Birthday Change|01Q1I000000LMZQ|ON_ALL_CHANGES|0
11:25:58.0 (239212369)|WF_FORMULA|Formula:ENCODED:[treatNullAsNull]( MONTH( {!ID:Birthdate} )  <>  MONTH( {!ID:00N1I00000KH2qA} ) &#124;&#124;  DAY( {!ID:Birthdate} )  <>  DAY( {!ID:00N1I00000KH2qA} ) ) &&  {!ID:00N1I00000KH2GC}  = True|Values:Receive_Birthday_Emails__c=1, Birthdate=1945-12-21 00:00:00, Next_Birthday__c=null
11:25:58.0 (239221006)|WF_CRITERIA_END|false
11:25:58.0 (239229581)|WF_CRITERIA_BEGIN|[Contact: Mr. Josh Davis 0031I000003KN1N]|Send Birthday Email|01Q1I000000LMZ1|ON_CREATE_OR_TRIGGERING_UPDATE|0
11:25:58.0 (239263368)|WF_RULE_FILTER|[Contact : Receive Birthday Emails equals true] 
AND [Contact : Reset Birthday Email System equals false] 
AND [Contact : Birthdate not equal to ]
11:25:58.0 (239269363)|WF_RULE_EVAL_VALUE|1
11:25:58.0 (239272174)|WF_RULE_EVAL_VALUE|1
11:25:58.0 (239274582)|WF_CRITERIA_END|false
11:25:58.0 (239279991)|WF_CRITERIA_BEGIN|[Contact: Mr. Josh Davis 0031I000003KN1N]|Rest Birthday Email|01Q1I000000LMZB|ON_CREATE_OR_TRIGGERING_UPDATE|0
11:25:58.0 (239302137)|WF_RULE_FILTER|[Contact : Receive Birthday Emails equals true] 
AND [Contact : Reset Birthday Email System equals true]
11:25:58.0 (239306132)|WF_RULE_EVAL_VALUE|1
11:25:58.0 (239308587)|WF_RULE_EVAL_VALUE|1
11:25:58.0 (239310657)|WF_CRITERIA_END|true
11:25:58.0 (239319066)|WF_CRITERIA_BEGIN|[Contact: Mr. Josh Davis 0031I000003KN1N]|Birthday Email Opt-Out|01Q1I000000LMZL|ON_ALL_CHANGES|0
11:25:58.0 (239332693)|WF_RULE_FILTER|[Contact : Receive Birthday Emails equals false]
11:25:58.0 (239339595)|WF_RULE_EVAL_VALUE|1
11:25:58.0 (239342285)|WF_CRITERIA_END|false
11:25:58.0 (239354637)|WF_CRITERIA_BEGIN|[Contact: Ms. Jane Grey 0031I000003KN1O]|Birthday Change|01Q1I000000LMZQ|ON_ALL_CHANGES|0
11:25:58.0 (239452565)|WF_FORMULA|Formula:ENCODED:[treatNullAsNull]( MONTH( {!ID:Birthdate} )  <>  MONTH( {!ID:00N1I00000KH2qA} ) &#124;&#124;  DAY( {!ID:Birthdate} )  <>  DAY( {!ID:00N1I00000KH2qA} ) ) &&  {!ID:00N1I00000KH2GC}  = True|Values:Receive_Birthday_Emails__c=1, Birthdate=1941-11-07 00:00:00, Next_Birthday__c=null
11:25:58.0 (239461943)|WF_CRITERIA_END|false
11:25:58.0 (239470063)|WF_CRITERIA_BEGIN|[Contact: Ms. Jane Grey 0031I000003KN1O]|Send Birthday Email|01Q1I000000LMZ1|ON_CREATE_OR_TRIGGERING_UPDATE|0
11:25:58.0 (239503665)|WF_RULE_FILTER|[Contact : Receive Birthday Emails equals true] 
AND [Contact : Reset Birthday Email System equals false] 
AND [Contact : Birthdate not equal to ]
11:25:58.0 (239509190)|WF_RULE_EVAL_VALUE|1
11:25:58.0 (239511731)|WF_RULE_EVAL_VALUE|1
11:25:58.0 (239513864)|WF_CRITERIA_END|false
11:25:58.0 (239519257)|WF_CRITERIA_BEGIN|[Contact: Ms. Jane Grey 0031I000003KN1O]|Rest Birthday Email|01Q1I000000LMZB|ON_CREATE_OR_TRIGGERING_UPDATE|0
11:25:58.0 (239541206)|WF_RULE_FILTER|[Contact : Receive Birthday Emails equals true] 
AND [Contact : Reset Birthday Email System equals true]
11:25:58.0 (239545156)|WF_RULE_EVAL_VALUE|1
11:25:58.0 (239547592)|WF_RULE_EVAL_VALUE|1
11:25:58.0 (239549976)|WF_CRITERIA_END|true
11:25:58.0 (239557627)|WF_CRITERIA_BEGIN|[Contact: Ms. Jane Grey 0031I000003KN1O]|Birthday Email Opt-Out|01Q1I000000LMZL|ON_ALL_CHANGES|0
11:25:58.0 (239572027)|WF_RULE_FILTER|[Contact : Receive Birthday Emails equals false]
11:25:58.0 (239575591)|WF_RULE_EVAL_VALUE|1
11:25:58.0 (239577853)|WF_CRITERIA_END|false
11:25:58.0 (239590325)|WF_CRITERIA_BEGIN|[Contact: Mr. Arthur Song 0031I000003KN1P]|Birthday Change|01Q1I000000LMZQ|ON_ALL_CHANGES|0
11:25:58.0 (239681635)|WF_FORMULA|Formula:ENCODED:[treatNullAsNull]( MONTH( {!ID:Birthdate} )  <>  MONTH( {!ID:00N1I00000KH2qA} ) &#124;&#124;  DAY( {!ID:Birthdate} )  <>  DAY( {!ID:00N1I00000KH2qA} ) ) &&  {!ID:00N1I00000KH2GC}  = True|Values:Receive_Birthday_Emails__c=1, Birthdate=1949-05-08 00:00:00, Next_Birthday__c=null
11:25:58.0 (239689755)|WF_CRITERIA_END|false
11:25:58.0 (239698152)|WF_CRITERIA_BEGIN|[Contact: Mr. Arthur Song 0031I000003KN1P]|Send Birthday Email|01Q1I000000LMZ1|ON_CREATE_OR_TRIGGERING_UPDATE|0
11:25:58.0 (239732266)|WF_RULE_FILTER|[Contact : Receive Birthday Emails equals true] 
AND [Contact : Reset Birthday Email System equals false] 
AND [Contact : Birthdate not equal to ]
11:25:58.0 (239737959)|WF_RULE_EVAL_VALUE|1
11:25:58.0 (239740826)|WF_RULE_EVAL_VALUE|1
11:25:58.0 (239743505)|WF_CRITERIA_END|false
11:25:58.0 (239749005)|WF_CRITERIA_BEGIN|[Contact: Mr. Arthur Song 0031I000003KN1P]|Rest Birthday Email|01Q1I000000LMZB|ON_CREATE_OR_TRIGGERING_UPDATE|0
11:25:58.0 (239770480)|WF_RULE_FILTER|[Contact : Receive Birthday Emails equals true] 
AND [Contact : Reset Birthday Email System equals true]
11:25:58.0 (239774493)|WF_RULE_EVAL_VALUE|1
11:25:58.0 (239776912)|WF_RULE_EVAL_VALUE|1
11:25:58.0 (239778753)|WF_CRITERIA_END|true
11:25:58.0 (239786746)|WF_CRITERIA_BEGIN|[Contact: Mr. Arthur Song 0031I000003KN1P]|Birthday Email Opt-Out|01Q1I000000LMZL|ON_ALL_CHANGES|0
11:25:58.0 (239800907)|WF_RULE_FILTER|[Contact : Receive Birthday Emails equals false]
11:25:58.0 (239804694)|WF_RULE_EVAL_VALUE|1
11:25:58.0 (239807288)|WF_CRITERIA_END|false
11:25:58.0 (239818229)|WF_CRITERIA_BEGIN|[Contact: Ms. Ashley James 0031I000003KN1Q]|Birthday Change|01Q1I000000LMZQ|ON_ALL_CHANGES|0
11:25:58.0 (239910258)|WF_FORMULA|Formula:ENCODED:[treatNullAsNull]( MONTH( {!ID:Birthdate} )  <>  MONTH( {!ID:00N1I00000KH2qA} ) &#124;&#124;  DAY( {!ID:Birthdate} )  <>  DAY( {!ID:00N1I00000KH2qA} ) ) &&  {!ID:00N1I00000KH2GC}  = True|Values:Receive_Birthday_Emails__c=1, Birthdate=1944-01-16 00:00:00, Next_Birthday__c=null
11:25:58.0 (239919158)|WF_CRITERIA_END|false
11:25:58.0 (239927736)|WF_CRITERIA_BEGIN|[Contact: Ms. Ashley James 0031I000003KN1Q]|Send Birthday Email|01Q1I000000LMZ1|ON_CREATE_OR_TRIGGERING_UPDATE|0
11:25:58.0 (239961556)|WF_RULE_FILTER|[Contact : Receive Birthday Emails equals true] 
AND [Contact : Reset Birthday Email System equals false] 
AND [Contact : Birthdate not equal to ]
11:25:58.0 (239966807)|WF_RULE_EVAL_VALUE|1
11:25:58.0 (239969902)|WF_RULE_EVAL_VALUE|1
11:25:58.0 (239971868)|WF_CRITERIA_END|false
11:25:58.0 (239977731)|WF_CRITERIA_BEGIN|[Contact: Ms. Ashley James 0031I000003KN1Q]|Rest Birthday Email|01Q1I000000LMZB|ON_CREATE_OR_TRIGGERING_UPDATE|0
11:25:58.0 (239999787)|WF_RULE_FILTER|[Contact : Receive Birthday Emails equals true] 
AND [Contact : Reset Birthday Email System equals true]
11:25:58.0 (240004286)|WF_RULE_EVAL_VALUE|1
11:25:58.0 (240008069)|WF_RULE_EVAL_VALUE|1
11:25:58.0 (240010385)|WF_CRITERIA_END|true
11:25:58.0 (240018378)|WF_CRITERIA_BEGIN|[Contact: Ms. Ashley James 0031I000003KN1Q]|Birthday Email Opt-Out|01Q1I000000LMZL|ON_ALL_CHANGES|0
11:25:58.0 (240032631)|WF_RULE_FILTER|[Contact : Receive Birthday Emails equals false]
11:25:58.0 (240036526)|WF_RULE_EVAL_VALUE|1
11:25:58.0 (240038870)|WF_CRITERIA_END|false
11:25:58.0 (240050512)|WF_CRITERIA_BEGIN|[Contact: Mr. Tom Ripley 0031I000003KN1R]|Birthday Change|01Q1I000000LMZQ|ON_ALL_CHANGES|0
11:25:58.0 (240142173)|WF_FORMULA|Formula:ENCODED:[treatNullAsNull]( MONTH( {!ID:Birthdate} )  <>  MONTH( {!ID:00N1I00000KH2qA} ) &#124;&#124;  DAY( {!ID:Birthdate} )  <>  DAY( {!ID:00N1I00000KH2qA} ) ) &&  {!ID:00N1I00000KH2GC}  = True|Values:Receive_Birthday_Emails__c=1, Birthdate=1948-03-14 00:00:00, Next_Birthday__c=null
11:25:58.0 (240150599)|WF_CRITERIA_END|false
11:25:58.0 (240159133)|WF_CRITERIA_BEGIN|[Contact: Mr. Tom Ripley 0031I000003KN1R]|Send Birthday Email|01Q1I000000LMZ1|ON_CREATE_OR_TRIGGERING_UPDATE|0
11:25:58.0 (240193385)|WF_RULE_FILTER|[Contact : Receive Birthday Emails equals true] 
AND [Contact : Reset Birthday Email System equals false] 
AND [Contact : Birthdate not equal to ]
11:25:58.0 (240199119)|WF_RULE_EVAL_VALUE|1
11:25:58.0 (240202086)|WF_RULE_EVAL_VALUE|1
11:25:58.0 (240204436)|WF_CRITERIA_END|false
11:25:58.0 (240209717)|WF_CRITERIA_BEGIN|[Contact: Mr. Tom Ripley 0031I000003KN1R]|Rest Birthday Email|01Q1I000000LMZB|ON_CREATE_OR_TRIGGERING_UPDATE|0
11:25:58.0 (240230561)|WF_RULE_FILTER|[Contact : Receive Birthday Emails equals true] 
AND [Contact : Reset Birthday Email System equals true]
11:25:58.0 (240234947)|WF_RULE_EVAL_VALUE|1
11:25:58.0 (240237725)|WF_RULE_EVAL_VALUE|1
11:25:58.0 (240239683)|WF_CRITERIA_END|true
11:25:58.0 (240247249)|WF_CRITERIA_BEGIN|[Contact: Mr. Tom Ripley 0031I000003KN1R]|Birthday Email Opt-Out|01Q1I000000LMZL|ON_ALL_CHANGES|0
11:25:58.0 (240261257)|WF_RULE_FILTER|[Contact : Receive Birthday Emails equals false]
11:25:58.0 (240265097)|WF_RULE_EVAL_VALUE|1
11:25:58.0 (240268111)|WF_CRITERIA_END|false
11:25:58.0 (240279508)|WF_CRITERIA_BEGIN|[Contact: Ms. Liz D'Cruz 0031I000003KN1S]|Birthday Change|01Q1I000000LMZQ|ON_ALL_CHANGES|0
11:25:58.0 (240370855)|WF_FORMULA|Formula:ENCODED:[treatNullAsNull]( MONTH( {!ID:Birthdate} )  <>  MONTH( {!ID:00N1I00000KH2qA} ) &#124;&#124;  DAY( {!ID:Birthdate} )  <>  DAY( {!ID:00N1I00000KH2qA} ) ) &&  {!ID:00N1I00000KH2GC}  = True|Values:Receive_Birthday_Emails__c=1, Birthdate=1959-06-25 00:00:00, Next_Birthday__c=null
11:25:58.0 (240379437)|WF_CRITERIA_END|false
11:25:58.0 (240388099)|WF_CRITERIA_BEGIN|[Contact: Ms. Liz D'Cruz 0031I000003KN1S]|Send Birthday Email|01Q1I000000LMZ1|ON_CREATE_OR_TRIGGERING_UPDATE|0
11:25:58.0 (240420973)|WF_RULE_FILTER|[Contact : Receive Birthday Emails equals true] 
AND [Contact : Reset Birthday Email System equals false] 
AND [Contact : Birthdate not equal to ]
11:25:58.0 (240426244)|WF_RULE_EVAL_VALUE|1
11:25:58.0 (240428888)|WF_RULE_EVAL_VALUE|1
11:25:58.0 (240435872)|WF_CRITERIA_END|false
11:25:58.0 (240441999)|WF_CRITERIA_BEGIN|[Contact: Ms. Liz D'Cruz 0031I000003KN1S]|Rest Birthday Email|01Q1I000000LMZB|ON_CREATE_OR_TRIGGERING_UPDATE|0
11:25:58.0 (240464497)|WF_RULE_FILTER|[Contact : Receive Birthday Emails equals true] 
AND [Contact : Reset Birthday Email System equals true]
11:25:58.0 (240468585)|WF_RULE_EVAL_VALUE|1
11:25:58.0 (240471213)|WF_RULE_EVAL_VALUE|1
11:25:58.0 (240473198)|WF_CRITERIA_END|true
11:25:58.0 (240480940)|WF_CRITERIA_BEGIN|[Contact: Ms. Liz D'Cruz 0031I000003KN1S]|Birthday Email Opt-Out|01Q1I000000LMZL|ON_ALL_CHANGES|0
11:25:58.0 (240495379)|WF_RULE_FILTER|[Contact : Receive Birthday Emails equals false]
11:25:58.0 (240499515)|WF_RULE_EVAL_VALUE|1
11:25:58.0 (240501964)|WF_CRITERIA_END|false
11:25:58.0 (240514245)|WF_CRITERIA_BEGIN|[Contact: Ms. Edna Frank 0031I000003KN1T]|Birthday Change|01Q1I000000LMZQ|ON_ALL_CHANGES|0
11:25:58.0 (240606123)|WF_FORMULA|Formula:ENCODED:[treatNullAsNull]( MONTH( {!ID:Birthdate} )  <>  MONTH( {!ID:00N1I00000KH2qA} ) &#124;&#124;  DAY( {!ID:Birthdate} )  <>  DAY( {!ID:00N1I00000KH2qA} ) ) &&  {!ID:00N1I00000KH2GC}  = True|Values:Receive_Birthday_Emails__c=1, Birthdate=1939-11-30 00:00:00, Next_Birthday__c=null
11:25:58.0 (240614584)|WF_CRITERIA_END|false
11:25:58.0 (240623416)|WF_CRITERIA_BEGIN|[Contact: Ms. Edna Frank 0031I000003KN1T]|Send Birthday Email|01Q1I000000LMZ1|ON_CREATE_OR_TRIGGERING_UPDATE|0
11:25:58.0 (240655304)|WF_RULE_FILTER|[Contact : Receive Birthday Emails equals true] 
AND [Contact : Reset Birthday Email System equals false] 
AND [Contact : Birthdate not equal to ]
11:25:58.0 (240660930)|WF_RULE_EVAL_VALUE|1
11:25:58.0 (240663880)|WF_RULE_EVAL_VALUE|1
11:25:58.0 (240666841)|WF_CRITERIA_END|false
11:25:58.0 (240672444)|WF_CRITERIA_BEGIN|[Contact: Ms. Edna Frank 0031I000003KN1T]|Rest Birthday Email|01Q1I000000LMZB|ON_CREATE_OR_TRIGGERING_UPDATE|0
11:25:58.0 (240694693)|WF_RULE_FILTER|[Contact : Receive Birthday Emails equals true] 
AND [Contact : Reset Birthday Email System equals true]
11:25:58.0 (240699145)|WF_RULE_EVAL_VALUE|1
11:25:58.0 (240702375)|WF_RULE_EVAL_VALUE|1
11:25:58.0 (240704371)|WF_CRITERIA_END|true
11:25:58.0 (240712452)|WF_CRITERIA_BEGIN|[Contact: Ms. Edna Frank 0031I000003KN1T]|Birthday Email Opt-Out|01Q1I000000LMZL|ON_ALL_CHANGES|0
11:25:58.0 (240726596)|WF_RULE_FILTER|[Contact : Receive Birthday Emails equals false]
11:25:58.0 (240730171)|WF_RULE_EVAL_VALUE|1
11:25:58.0 (240732785)|WF_CRITERIA_END|false
11:25:58.0 (240744329)|WF_CRITERIA_BEGIN|[Contact: Mr. Avi Green 0031I000003KN1U]|Birthday Change|01Q1I000000LMZQ|ON_ALL_CHANGES|0
11:25:58.0 (240835251)|WF_FORMULA|Formula:ENCODED:[treatNullAsNull]( MONTH( {!ID:Birthdate} )  <>  MONTH( {!ID:00N1I00000KH2qA} ) &#124;&#124;  DAY( {!ID:Birthdate} )  <>  DAY( {!ID:00N1I00000KH2qA} ) ) &&  {!ID:00N1I00000KH2GC}  = True|Values:Receive_Birthday_Emails__c=1, Birthdate=1931-04-19 00:00:00, Next_Birthday__c=null
11:25:58.0 (240844295)|WF_CRITERIA_END|false
11:25:58.0 (240853142)|WF_CRITERIA_BEGIN|[Contact: Mr. Avi Green 0031I000003KN1U]|Send Birthday Email|01Q1I000000LMZ1|ON_CREATE_OR_TRIGGERING_UPDATE|0
11:25:58.0 (240886316)|WF_RULE_FILTER|[Contact : Receive Birthday Emails equals true] 
AND [Contact : Reset Birthday Email System equals false] 
AND [Contact : Birthdate not equal to ]
11:25:58.0 (240891350)|WF_RULE_EVAL_VALUE|1
11:25:58.0 (240894140)|WF_RULE_EVAL_VALUE|1
11:25:58.0 (240896177)|WF_CRITERIA_END|false
11:25:58.0 (240901854)|WF_CRITERIA_BEGIN|[Contact: Mr. Avi Green 0031I000003KN1U]|Rest Birthday Email|01Q1I000000LMZB|ON_CREATE_OR_TRIGGERING_UPDATE|0
11:25:58.0 (240923730)|WF_RULE_FILTER|[Contact : Receive Birthday Emails equals true] 
AND [Contact : Reset Birthday Email System equals true]
11:25:58.0 (240927659)|WF_RULE_EVAL_VALUE|1
11:25:58.0 (240930347)|WF_RULE_EVAL_VALUE|1
11:25:58.0 (240932234)|WF_CRITERIA_END|true
11:25:58.0 (240940050)|WF_CRITERIA_BEGIN|[Contact: Mr. Avi Green 0031I000003KN1U]|Birthday Email Opt-Out|01Q1I000000LMZL|ON_ALL_CHANGES|0
11:25:58.0 (240954267)|WF_RULE_FILTER|[Contact : Receive Birthday Emails equals false]
11:25:58.0 (240958096)|WF_RULE_EVAL_VALUE|1
11:25:58.0 (240960811)|WF_CRITERIA_END|false
11:25:58.0 (240972421)|WF_CRITERIA_BEGIN|[Contact: Ms. Siddartha Nedaerk 0031I000003KN1V]|Birthday Change|01Q1I000000LMZQ|ON_ALL_CHANGES|0
11:25:58.0 (241054710)|WF_FORMULA|Formula:ENCODED:[treatNullAsNull]( MONTH( {!ID:Birthdate} )  <>  MONTH( {!ID:00N1I00000KH2qA} ) &#124;&#124;  DAY( {!ID:Birthdate} )  <>  DAY( {!ID:00N1I00000KH2qA} ) ) &&  {!ID:00N1I00000KH2GC}  = True|Values:Receive_Birthday_Emails__c=1, Birthdate=null, Next_Birthday__c=null
11:25:58.0 (241063513)|WF_CRITERIA_END|false
11:25:58.0 (241071861)|WF_CRITERIA_BEGIN|[Contact: Ms. Siddartha Nedaerk 0031I000003KN1V]|Send Birthday Email|01Q1I000000LMZ1|ON_CREATE_OR_TRIGGERING_UPDATE|0
11:25:58.0 (241104388)|WF_RULE_FILTER|[Contact : Receive Birthday Emails equals true] 
AND [Contact : Reset Birthday Email System equals false] 
AND [Contact : Birthdate not equal to ]
11:25:58.0 (241109872)|WF_RULE_EVAL_VALUE|1
11:25:58.0 (241112257)|WF_RULE_EVAL_VALUE|1
11:25:58.0 (241114168)|WF_CRITERIA_END|false
11:25:58.0 (241120158)|WF_CRITERIA_BEGIN|[Contact: Ms. Siddartha Nedaerk 0031I000003KN1V]|Rest Birthday Email|01Q1I000000LMZB|ON_CREATE_OR_TRIGGERING_UPDATE|0
11:25:58.0 (241142138)|WF_RULE_FILTER|[Contact : Receive Birthday Emails equals true] 
AND [Contact : Reset Birthday Email System equals true]
11:25:58.0 (241146319)|WF_RULE_EVAL_VALUE|1
11:25:58.0 (241148721)|WF_RULE_EVAL_VALUE|1
11:25:58.0 (241150737)|WF_CRITERIA_END|true
11:25:58.0 (241158326)|WF_CRITERIA_BEGIN|[Contact: Ms. Siddartha Nedaerk 0031I000003KN1V]|Birthday Email Opt-Out|01Q1I000000LMZL|ON_ALL_CHANGES|0
11:25:58.0 (241171852)|WF_RULE_FILTER|[Contact : Receive Birthday Emails equals false]
11:25:58.0 (241175704)|WF_RULE_EVAL_VALUE|1
11:25:58.0 (241177960)|WF_CRITERIA_END|false
11:25:58.0 (241189464)|WF_CRITERIA_BEGIN|[Contact: Mr. Jake Llorrac 0031I000003KN1W]|Birthday Change|01Q1I000000LMZQ|ON_ALL_CHANGES|0
11:25:58.0 (241270306)|WF_FORMULA|Formula:ENCODED:[treatNullAsNull]( MONTH( {!ID:Birthdate} )  <>  MONTH( {!ID:00N1I00000KH2qA} ) &#124;&#124;  DAY( {!ID:Birthdate} )  <>  DAY( {!ID:00N1I00000KH2qA} ) ) &&  {!ID:00N1I00000KH2GC}  = True|Values:Receive_Birthday_Emails__c=1, Birthdate=null, Next_Birthday__c=null
11:25:58.0 (241278969)|WF_CRITERIA_END|false
11:25:58.0 (241287197)|WF_CRITERIA_BEGIN|[Contact: Mr. Jake Llorrac 0031I000003KN1W]|Send Birthday Email|01Q1I000000LMZ1|ON_CREATE_OR_TRIGGERING_UPDATE|0
11:25:58.0 (241319203)|WF_RULE_FILTER|[Contact : Receive Birthday Emails equals true] 
AND [Contact : Reset Birthday Email System equals false] 
AND [Contact : Birthdate not equal to ]
11:25:58.0 (241324545)|WF_RULE_EVAL_VALUE|1
11:25:58.0 (241327371)|WF_RULE_EVAL_VALUE|1
11:25:58.0 (241329364)|WF_CRITERIA_END|false
11:25:58.0 (241335494)|WF_CRITERIA_BEGIN|[Contact: Mr. Jake Llorrac 0031I000003KN1W]|Rest Birthday Email|01Q1I000000LMZB|ON_CREATE_OR_TRIGGERING_UPDATE|0
11:25:58.0 (241357746)|WF_RULE_FILTER|[Contact : Receive Birthday Emails equals true] 
AND [Contact : Reset Birthday Email System equals true]
11:25:58.0 (241366088)|WF_RULE_EVAL_VALUE|1
11:25:58.0 (241369436)|WF_RULE_EVAL_VALUE|1
11:25:58.0 (241372010)|WF_CRITERIA_END|true
11:25:58.0 (241381403)|WF_CRITERIA_BEGIN|[Contact: Mr. Jake Llorrac 0031I000003KN1W]|Birthday Email Opt-Out|01Q1I000000LMZL|ON_ALL_CHANGES|0
11:25:58.0 (241395836)|WF_RULE_FILTER|[Contact : Receive Birthday Emails equals false]
11:25:58.0 (241399752)|WF_RULE_EVAL_VALUE|1
11:25:58.0 (241401823)|WF_CRITERIA_END|false
11:25:58.0 (241413802)|WF_CRITERIA_BEGIN|[Contact: test annonymous 0031I000006LwIT]|Birthday Change|01Q1I000000LMZQ|ON_ALL_CHANGES|0
11:25:58.0 (241500433)|WF_FORMULA|Formula:ENCODED:[treatNullAsNull]( MONTH( {!ID:Birthdate} )  <>  MONTH( {!ID:00N1I00000KH2qA} ) &#124;&#124;  DAY( {!ID:Birthdate} )  <>  DAY( {!ID:00N1I00000KH2qA} ) ) &&  {!ID:00N1I00000KH2GC}  = True|Values:Receive_Birthday_Emails__c=1, Birthdate=null, Next_Birthday__c=null
11:25:58.0 (241508634)|WF_CRITERIA_END|false
11:25:58.0 (241517178)|WF_CRITERIA_BEGIN|[Contact: test annonymous 0031I000006LwIT]|Send Birthday Email|01Q1I000000LMZ1|ON_CREATE_OR_TRIGGERING_UPDATE|0
11:25:58.0 (241550267)|WF_RULE_FILTER|[Contact : Receive Birthday Emails equals true] 
AND [Contact : Reset Birthday Email System equals false] 
AND [Contact : Birthdate not equal to ]
11:25:58.0 (241555288)|WF_RULE_EVAL_VALUE|1
11:25:58.0 (241558457)|WF_RULE_EVAL_VALUE|1
11:25:58.0 (241560486)|WF_CRITERIA_END|false
11:25:58.0 (241566219)|WF_CRITERIA_BEGIN|[Contact: test annonymous 0031I000006LwIT]|Rest Birthday Email|01Q1I000000LMZB|ON_CREATE_OR_TRIGGERING_UPDATE|0
11:25:58.0 (241588558)|WF_RULE_FILTER|[Contact : Receive Birthday Emails equals true] 
AND [Contact : Reset Birthday Email System equals true]
11:25:58.0 (241592776)|WF_RULE_EVAL_VALUE|1
11:25:58.0 (241595733)|WF_RULE_EVAL_VALUE|1
11:25:58.0 (241597591)|WF_CRITERIA_END|true
11:25:58.0 (241605409)|WF_CRITERIA_BEGIN|[Contact: test annonymous 0031I000006LwIT]|Birthday Email Opt-Out|01Q1I000000LMZL|ON_ALL_CHANGES|0
11:25:58.0 (241619614)|WF_RULE_FILTER|[Contact : Receive Birthday Emails equals false]
11:25:58.0 (241624210)|WF_RULE_EVAL_VALUE|1
11:25:58.0 (241626727)|WF_CRITERIA_END|false
11:25:58.0 (241637460)|WF_CRITERIA_BEGIN|[Contact: Test0 0031I000006LwIs]|Birthday Change|01Q1I000000LMZQ|ON_ALL_CHANGES|0
11:25:58.0 (241719366)|WF_FORMULA|Formula:ENCODED:[treatNullAsNull]( MONTH( {!ID:Birthdate} )  <>  MONTH( {!ID:00N1I00000KH2qA} ) &#124;&#124;  DAY( {!ID:Birthdate} )  <>  DAY( {!ID:00N1I00000KH2qA} ) ) &&  {!ID:00N1I00000KH2GC}  = True|Values:Receive_Birthday_Emails__c=1, Birthdate=null, Next_Birthday__c=null
11:25:58.0 (241727295)|WF_CRITERIA_END|false
11:25:58.0 (241735394)|WF_CRITERIA_BEGIN|[Contact: Test0 0031I000006LwIs]|Send Birthday Email|01Q1I000000LMZ1|ON_CREATE_OR_TRIGGERING_UPDATE|0
11:25:58.0 (241768466)|WF_RULE_FILTER|[Contact : Receive Birthday Emails equals true] 
AND [Contact : Reset Birthday Email System equals false] 
AND [Contact : Birthdate not equal to ]
11:25:58.0 (241773832)|WF_RULE_EVAL_VALUE|1
11:25:58.0 (241776709)|WF_RULE_EVAL_VALUE|1
11:25:58.0 (241778595)|WF_CRITERIA_END|false
11:25:58.0 (241784638)|WF_CRITERIA_BEGIN|[Contact: Test0 0031I000006LwIs]|Rest Birthday Email|01Q1I000000LMZB|ON_CREATE_OR_TRIGGERING_UPDATE|0
11:25:58.0 (241806538)|WF_RULE_FILTER|[Contact : Receive Birthday Emails equals true] 
AND [Contact : Reset Birthday Email System equals true]
11:25:58.0 (241810860)|WF_RULE_EVAL_VALUE|1
11:25:58.0 (241813694)|WF_RULE_EVAL_VALUE|1
11:25:58.0 (241815564)|WF_CRITERIA_END|true
11:25:58.0 (241823810)|WF_CRITERIA_BEGIN|[Contact: Test0 0031I000006LwIs]|Birthday Email Opt-Out|01Q1I000000LMZL|ON_ALL_CHANGES|0
11:25:58.0 (241837202)|WF_RULE_FILTER|[Contact : Receive Birthday Emails equals false]
11:25:58.0 (241841011)|WF_RULE_EVAL_VALUE|1
11:25:58.0 (241843449)|WF_CRITERIA_END|false
11:25:58.0 (241854556)|WF_CRITERIA_BEGIN|[Contact: Test1 0031I000006LwIt]|Birthday Change|01Q1I000000LMZQ|ON_ALL_CHANGES|0
11:25:58.0 (241933880)|WF_FORMULA|Formula:ENCODED:[treatNullAsNull]( MONTH( {!ID:Birthdate} )  <>  MONTH( {!ID:00N1I00000KH2qA} ) &#124;&#124;  DAY( {!ID:Birthdate} )  <>  DAY( {!ID:00N1I00000KH2qA} ) ) &&  {!ID:00N1I00000KH2GC}  = True|Values:Receive_Birthday_Emails__c=1, Birthdate=null, Next_Birthday__c=null
11:25:58.0 (241942092)|WF_CRITERIA_END|false
11:25:58.0 (241950568)|WF_CRITERIA_BEGIN|[Contact: Test1 0031I000006LwIt]|Send Birthday Email|01Q1I000000LMZ1|ON_CREATE_OR_TRIGGERING_UPDATE|0
11:25:58.0 (241983184)|WF_RULE_FILTER|[Contact : Receive Birthday Emails equals true] 
AND [Contact : Reset Birthday Email System equals false] 
AND [Contact : Birthdate not equal to ]
11:25:58.0 (241988504)|WF_RULE_EVAL_VALUE|1
11:25:58.0 (241991203)|WF_RULE_EVAL_VALUE|1
11:25:58.0 (241994235)|WF_CRITERIA_END|false
11:25:58.0 (241999714)|WF_CRITERIA_BEGIN|[Contact: Test1 0031I000006LwIt]|Rest Birthday Email|01Q1I000000LMZB|ON_CREATE_OR_TRIGGERING_UPDATE|0
11:25:58.0 (242021379)|WF_RULE_FILTER|[Contact : Receive Birthday Emails equals true] 
AND [Contact : Reset Birthday Email System equals true]
11:25:58.0 (242026387)|WF_RULE_EVAL_VALUE|1
11:25:58.0 (242029459)|WF_RULE_EVAL_VALUE|1
11:25:58.0 (242032182)|WF_CRITERIA_END|true
11:25:58.0 (242040473)|WF_CRITERIA_BEGIN|[Contact: Test1 0031I000006LwIt]|Birthday Email Opt-Out|01Q1I000000LMZL|ON_ALL_CHANGES|0
11:25:58.0 (242055027)|WF_RULE_FILTER|[Contact : Receive Birthday Emails equals false]
11:25:58.0 (242058829)|WF_RULE_EVAL_VALUE|1
11:25:58.0 (242061289)|WF_CRITERIA_END|false
11:25:58.0 (242072287)|WF_CRITERIA_BEGIN|[Contact: Test2 0031I000006LwIu]|Birthday Change|01Q1I000000LMZQ|ON_ALL_CHANGES|0
11:25:58.0 (242152130)|WF_FORMULA|Formula:ENCODED:[treatNullAsNull]( MONTH( {!ID:Birthdate} )  <>  MONTH( {!ID:00N1I00000KH2qA} ) &#124;&#124;  DAY( {!ID:Birthdate} )  <>  DAY( {!ID:00N1I00000KH2qA} ) ) &&  {!ID:00N1I00000KH2GC}  = True|Values:Receive_Birthday_Emails__c=1, Birthdate=null, Next_Birthday__c=null
11:25:58.0 (242160236)|WF_CRITERIA_END|false
11:25:58.0 (242168546)|WF_CRITERIA_BEGIN|[Contact: Test2 0031I000006LwIu]|Send Birthday Email|01Q1I000000LMZ1|ON_CREATE_OR_TRIGGERING_UPDATE|0
11:25:58.0 (242200478)|WF_RULE_FILTER|[Contact : Receive Birthday Emails equals true] 
AND [Contact : Reset Birthday Email System equals false] 
AND [Contact : Birthdate not equal to ]
11:25:58.0 (242206023)|WF_RULE_EVAL_VALUE|1
11:25:58.0 (242208678)|WF_RULE_EVAL_VALUE|1
11:25:58.0 (242210825)|WF_CRITERIA_END|false
11:25:58.0 (242216237)|WF_CRITERIA_BEGIN|[Contact: Test2 0031I000006LwIu]|Rest Birthday Email|01Q1I000000LMZB|ON_CREATE_OR_TRIGGERING_UPDATE|0
11:25:58.0 (242238436)|WF_RULE_FILTER|[Contact : Receive Birthday Emails equals true] 
AND [Contact : Reset Birthday Email System equals true]
11:25:58.0 (242242153)|WF_RULE_EVAL_VALUE|1
11:25:58.0 (242244875)|WF_RULE_EVAL_VALUE|1
11:25:58.0 (242247254)|WF_CRITERIA_END|true
11:25:58.0 (242254852)|WF_CRITERIA_BEGIN|[Contact: Test2 0031I000006LwIu]|Birthday Email Opt-Out|01Q1I000000LMZL|ON_ALL_CHANGES|0
11:25:58.0 (242268709)|WF_RULE_FILTER|[Contact : Receive Birthday Emails equals false]
11:25:58.0 (242272696)|WF_RULE_EVAL_VALUE|1
11:25:58.0 (242279114)|WF_CRITERIA_END|false
11:25:58.0 (242291637)|WF_CRITERIA_BEGIN|[Contact: Test3 0031I000006LwIv]|Birthday Change|01Q1I000000LMZQ|ON_ALL_CHANGES|0
11:25:58.0 (242373738)|WF_FORMULA|Formula:ENCODED:[treatNullAsNull]( MONTH( {!ID:Birthdate} )  <>  MONTH( {!ID:00N1I00000KH2qA} ) &#124;&#124;  DAY( {!ID:Birthdate} )  <>  DAY( {!ID:00N1I00000KH2qA} ) ) &&  {!ID:00N1I00000KH2GC}  = True|Values:Receive_Birthday_Emails__c=1, Birthdate=null, Next_Birthday__c=null
11:25:58.0 (242382281)|WF_CRITERIA_END|false
11:25:58.0 (242390301)|WF_CRITERIA_BEGIN|[Contact: Test3 0031I000006LwIv]|Send Birthday Email|01Q1I000000LMZ1|ON_CREATE_OR_TRIGGERING_UPDATE|0
11:25:58.0 (242422320)|WF_RULE_FILTER|[Contact : Receive Birthday Emails equals true] 
AND [Contact : Reset Birthday Email System equals false] 
AND [Contact : Birthdate not equal to ]
11:25:58.0 (242427772)|WF_RULE_EVAL_VALUE|1
11:25:58.0 (242434005)|WF_RULE_EVAL_VALUE|1
11:25:58.0 (242436034)|WF_CRITERIA_END|false
11:25:58.0 (242442248)|WF_CRITERIA_BEGIN|[Contact: Test3 0031I000006LwIv]|Rest Birthday Email|01Q1I000000LMZB|ON_CREATE_OR_TRIGGERING_UPDATE|0
11:25:58.0 (242464568)|WF_RULE_FILTER|[Contact : Receive Birthday Emails equals true] 
AND [Contact : Reset Birthday Email System equals true]
11:25:58.0 (242468625)|WF_RULE_EVAL_VALUE|1
11:25:58.0 (242471536)|WF_RULE_EVAL_VALUE|1
11:25:58.0 (242473499)|WF_CRITERIA_END|true
11:25:58.0 (242481591)|WF_CRITERIA_BEGIN|[Contact: Test3 0031I000006LwIv]|Birthday Email Opt-Out|01Q1I000000LMZL|ON_ALL_CHANGES|0
11:25:58.0 (242495269)|WF_RULE_FILTER|[Contact : Receive Birthday Emails equals false]
11:25:58.0 (242498899)|WF_RULE_EVAL_VALUE|1
11:25:58.0 (242501660)|WF_CRITERIA_END|false
11:25:58.0 (242512736)|WF_CRITERIA_BEGIN|[Contact: Test4 0031I000006LwIw]|Birthday Change|01Q1I000000LMZQ|ON_ALL_CHANGES|0
11:25:58.0 (242594141)|WF_FORMULA|Formula:ENCODED:[treatNullAsNull]( MONTH( {!ID:Birthdate} )  <>  MONTH( {!ID:00N1I00000KH2qA} ) &#124;&#124;  DAY( {!ID:Birthdate} )  <>  DAY( {!ID:00N1I00000KH2qA} ) ) &&  {!ID:00N1I00000KH2GC}  = True|Values:Receive_Birthday_Emails__c=1, Birthdate=null, Next_Birthday__c=null
11:25:58.0 (242602058)|WF_CRITERIA_END|false
11:25:58.0 (242610707)|WF_CRITERIA_BEGIN|[Contact: Test4 0031I000006LwIw]|Send Birthday Email|01Q1I000000LMZ1|ON_CREATE_OR_TRIGGERING_UPDATE|0
11:25:58.0 (242642360)|WF_RULE_FILTER|[Contact : Receive Birthday Emails equals true] 
AND [Contact : Reset Birthday Email System equals false] 
AND [Contact : Birthdate not equal to ]
11:25:58.0 (242647873)|WF_RULE_EVAL_VALUE|1
11:25:58.0 (242650657)|WF_RULE_EVAL_VALUE|1
11:25:58.0 (242653572)|WF_CRITERIA_END|false
11:25:58.0 (242658941)|WF_CRITERIA_BEGIN|[Contact: Test4 0031I000006LwIw]|Rest Birthday Email|01Q1I000000LMZB|ON_CREATE_OR_TRIGGERING_UPDATE|0
11:25:58.0 (242680388)|WF_RULE_FILTER|[Contact : Receive Birthday Emails equals true] 
AND [Contact : Reset Birthday Email System equals true]
11:25:58.0 (242684548)|WF_RULE_EVAL_VALUE|1
11:25:58.0 (242686753)|WF_RULE_EVAL_VALUE|1
11:25:58.0 (242689513)|WF_CRITERIA_END|true
11:25:58.0 (242697442)|WF_CRITERIA_BEGIN|[Contact: Test4 0031I000006LwIw]|Birthday Email Opt-Out|01Q1I000000LMZL|ON_ALL_CHANGES|0
11:25:58.0 (242711321)|WF_RULE_FILTER|[Contact : Receive Birthday Emails equals false]
11:25:58.0 (242714988)|WF_RULE_EVAL_VALUE|1
11:25:58.0 (242717682)|WF_CRITERIA_END|false
11:25:58.0 (242729010)|WF_CRITERIA_BEGIN|[Contact: Mr/Miss. Ravi 0031I000006wYWs]|Birthday Change|01Q1I000000LMZQ|ON_ALL_CHANGES|0
11:25:58.0 (242807411)|WF_FORMULA|Formula:ENCODED:[treatNullAsNull]( MONTH( {!ID:Birthdate} )  <>  MONTH( {!ID:00N1I00000KH2qA} ) &#124;&#124;  DAY( {!ID:Birthdate} )  <>  DAY( {!ID:00N1I00000KH2qA} ) ) &&  {!ID:00N1I00000KH2GC}  = True|Values:Receive_Birthday_Emails__c=1, Birthdate=null, Next_Birthday__c=null
11:25:58.0 (242815515)|WF_CRITERIA_END|false
11:25:58.0 (242823712)|WF_CRITERIA_BEGIN|[Contact: Mr/Miss. Ravi 0031I000006wYWs]|Send Birthday Email|01Q1I000000LMZ1|ON_CREATE_OR_TRIGGERING_UPDATE|0
11:25:58.0 (242855360)|WF_RULE_FILTER|[Contact : Receive Birthday Emails equals true] 
AND [Contact : Reset Birthday Email System equals false] 
AND [Contact : Birthdate not equal to ]
11:25:58.0 (242860620)|WF_RULE_EVAL_VALUE|1
11:25:58.0 (242863458)|WF_RULE_EVAL_VALUE|1
11:25:58.0 (242865945)|WF_CRITERIA_END|false
11:25:58.0 (242871539)|WF_CRITERIA_BEGIN|[Contact: Mr/Miss. Ravi 0031I000006wYWs]|Rest Birthday Email|01Q1I000000LMZB|ON_CREATE_OR_TRIGGERING_UPDATE|0
11:25:58.0 (242892506)|WF_RULE_FILTER|[Contact : Receive Birthday Emails equals true] 
AND [Contact : Reset Birthday Email System equals true]
11:25:58.0 (242896835)|WF_RULE_EVAL_VALUE|1
11:25:58.0 (242899641)|WF_RULE_EVAL_VALUE|1
11:25:58.0 (242902070)|WF_CRITERIA_END|true
11:25:58.0 (242909813)|WF_CRITERIA_BEGIN|[Contact: Mr/Miss. Ravi 0031I000006wYWs]|Birthday Email Opt-Out|01Q1I000000LMZL|ON_ALL_CHANGES|0
11:25:58.0 (242928676)|WF_RULE_FILTER|[Contact : Receive Birthday Emails equals false]
11:25:58.0 (242932896)|WF_RULE_EVAL_VALUE|1
11:25:58.0 (242935371)|WF_CRITERIA_END|false
11:25:58.0 (242947146)|WF_CRITERIA_BEGIN|[Contact: Mr/Miss. Opp Con Trigger Test 0031I000006wkBR]|Birthday Change|01Q1I000000LMZQ|ON_ALL_CHANGES|0
11:25:58.0 (243036580)|WF_FORMULA|Formula:ENCODED:[treatNullAsNull]( MONTH( {!ID:Birthdate} )  <>  MONTH( {!ID:00N1I00000KH2qA} ) &#124;&#124;  DAY( {!ID:Birthdate} )  <>  DAY( {!ID:00N1I00000KH2qA} ) ) &&  {!ID:00N1I00000KH2GC}  = True|Values:Receive_Birthday_Emails__c=1, Birthdate=null, Next_Birthday__c=null
11:25:58.0 (243045616)|WF_CRITERIA_END|false
11:25:58.0 (243056901)|WF_CRITERIA_BEGIN|[Contact: Mr/Miss. Opp Con Trigger Test 0031I000006wkBR]|Send Birthday Email|01Q1I000000LMZ1|ON_CREATE_OR_TRIGGERING_UPDATE|0
11:25:58.0 (243091773)|WF_RULE_FILTER|[Contact : Receive Birthday Emails equals true] 
AND [Contact : Reset Birthday Email System equals false] 
AND [Contact : Birthdate not equal to ]
11:25:58.0 (243097600)|WF_RULE_EVAL_VALUE|1
11:25:58.0 (243100364)|WF_RULE_EVAL_VALUE|1
11:25:58.0 (243102698)|WF_CRITERIA_END|false
11:25:58.0 (243108208)|WF_CRITERIA_BEGIN|[Contact: Mr/Miss. Opp Con Trigger Test 0031I000006wkBR]|Rest Birthday Email|01Q1I000000LMZB|ON_CREATE_OR_TRIGGERING_UPDATE|0
11:25:58.0 (243134066)|WF_RULE_FILTER|[Contact : Receive Birthday Emails equals true] 
AND [Contact : Reset Birthday Email System equals true]
11:25:58.0 (243138780)|WF_RULE_EVAL_VALUE|1
11:25:58.0 (243141771)|WF_RULE_EVAL_VALUE|1
11:25:58.0 (243143710)|WF_CRITERIA_END|true
11:25:58.0 (243154079)|WF_CRITERIA_BEGIN|[Contact: Mr/Miss. Opp Con Trigger Test 0031I000006wkBR]|Birthday Email Opt-Out|01Q1I000000LMZL|ON_ALL_CHANGES|0
11:25:58.0 (243169532)|WF_RULE_FILTER|[Contact : Receive Birthday Emails equals false]
11:25:58.0 (243174057)|WF_RULE_EVAL_VALUE|1
11:25:58.0 (243177109)|WF_CRITERIA_END|false
11:25:58.0 (243188625)|WF_CRITERIA_BEGIN|[Contact: Mr/Miss. Ravi 2 0031I0000081h9G]|Birthday Change|01Q1I000000LMZQ|ON_ALL_CHANGES|0
11:25:58.0 (243278612)|WF_FORMULA|Formula:ENCODED:[treatNullAsNull]( MONTH( {!ID:Birthdate} )  <>  MONTH( {!ID:00N1I00000KH2qA} ) &#124;&#124;  DAY( {!ID:Birthdate} )  <>  DAY( {!ID:00N1I00000KH2qA} ) ) &&  {!ID:00N1I00000KH2GC}  = True|Values:Receive_Birthday_Emails__c=1, Birthdate=null, Next_Birthday__c=null
11:25:58.0 (243287307)|WF_CRITERIA_END|false
11:25:58.0 (243295924)|WF_CRITERIA_BEGIN|[Contact: Mr/Miss. Ravi 2 0031I0000081h9G]|Send Birthday Email|01Q1I000000LMZ1|ON_CREATE_OR_TRIGGERING_UPDATE|0
11:25:58.0 (243334281)|WF_RULE_FILTER|[Contact : Receive Birthday Emails equals true] 
AND [Contact : Reset Birthday Email System equals false] 
AND [Contact : Birthdate not equal to ]
11:25:58.0 (243340405)|WF_RULE_EVAL_VALUE|1
11:25:58.0 (243343599)|WF_RULE_EVAL_VALUE|1
11:25:58.0 (243347369)|WF_CRITERIA_END|false
11:25:58.0 (243355296)|WF_CRITERIA_BEGIN|[Contact: Mr/Miss. Ravi 2 0031I0000081h9G]|Rest Birthday Email|01Q1I000000LMZB|ON_CREATE_OR_TRIGGERING_UPDATE|0
11:25:58.0 (243377419)|WF_RULE_FILTER|[Contact : Receive Birthday Emails equals true] 
AND [Contact : Reset Birthday Email System equals true]
11:25:58.0 (243381758)|WF_RULE_EVAL_VALUE|1
11:25:58.0 (243384828)|WF_RULE_EVAL_VALUE|1
11:25:58.0 (243387664)|WF_CRITERIA_END|true
11:25:58.0 (243395911)|WF_CRITERIA_BEGIN|[Contact: Mr/Miss. Ravi 2 0031I0000081h9G]|Birthday Email Opt-Out|01Q1I000000LMZL|ON_ALL_CHANGES|0
11:25:58.0 (243413247)|WF_RULE_FILTER|[Contact : Receive Birthday Emails equals false]
11:25:58.0 (243417377)|WF_RULE_EVAL_VALUE|1
11:25:58.0 (243419963)|WF_CRITERIA_END|false
11:25:58.0 (243435691)|WF_CRITERIA_BEGIN|[Contact: Mr/Miss. Ravi 1 0031I0000081h9L]|Birthday Change|01Q1I000000LMZQ|ON_ALL_CHANGES|0
11:25:58.0 (243521552)|WF_FORMULA|Formula:ENCODED:[treatNullAsNull]( MONTH( {!ID:Birthdate} )  <>  MONTH( {!ID:00N1I00000KH2qA} ) &#124;&#124;  DAY( {!ID:Birthdate} )  <>  DAY( {!ID:00N1I00000KH2qA} ) ) &&  {!ID:00N1I00000KH2GC}  = True|Values:Receive_Birthday_Emails__c=1, Birthdate=null, Next_Birthday__c=null
11:25:58.0 (243533285)|WF_CRITERIA_END|false
11:25:58.0 (243542228)|WF_CRITERIA_BEGIN|[Contact: Mr/Miss. Ravi 1 0031I0000081h9L]|Send Birthday Email|01Q1I000000LMZ1|ON_CREATE_OR_TRIGGERING_UPDATE|0
11:25:58.0 (243577654)|WF_RULE_FILTER|[Contact : Receive Birthday Emails equals true] 
AND [Contact : Reset Birthday Email System equals false] 
AND [Contact : Birthdate not equal to ]
11:25:58.0 (243584010)|WF_RULE_EVAL_VALUE|1
11:25:58.0 (243587397)|WF_RULE_EVAL_VALUE|1
11:25:58.0 (243590371)|WF_CRITERIA_END|false
11:25:58.0 (243596384)|WF_CRITERIA_BEGIN|[Contact: Mr/Miss. Ravi 1 0031I0000081h9L]|Rest Birthday Email|01Q1I000000LMZB|ON_CREATE_OR_TRIGGERING_UPDATE|0
11:25:58.0 (243618598)|WF_RULE_FILTER|[Contact : Receive Birthday Emails equals true] 
AND [Contact : Reset Birthday Email System equals true]
11:25:58.0 (243623124)|WF_RULE_EVAL_VALUE|1
11:25:58.0 (243626086)|WF_RULE_EVAL_VALUE|1
11:25:58.0 (243628376)|WF_CRITERIA_END|true
11:25:58.0 (243639267)|WF_CRITERIA_BEGIN|[Contact: Mr/Miss. Ravi 1 0031I0000081h9L]|Birthday Email Opt-Out|01Q1I000000LMZL|ON_ALL_CHANGES|0
11:25:58.0 (243653974)|WF_RULE_FILTER|[Contact : Receive Birthday Emails equals false]
11:25:58.0 (243658206)|WF_RULE_EVAL_VALUE|1
11:25:58.0 (243661232)|WF_CRITERIA_END|false
11:25:58.0 (243674988)|WF_CRITERIA_BEGIN|[Contact: Mr/Miss. Birthday Email Check 0031I00000827cd]|Birthday Change|01Q1I000000LMZQ|ON_ALL_CHANGES|0
11:25:58.0 (243773472)|WF_FORMULA|Formula:ENCODED:[treatNullAsNull]( MONTH( {!ID:Birthdate} )  <>  MONTH( {!ID:00N1I00000KH2qA} ) &#124;&#124;  DAY( {!ID:Birthdate} )  <>  DAY( {!ID:00N1I00000KH2qA} ) ) &&  {!ID:00N1I00000KH2GC}  = True|Values:Receive_Birthday_Emails__c=1, Birthdate=2017-12-14 00:00:00, Next_Birthday__c=2018-12-14 00:00:00
11:25:58.0 (243781926)|WF_CRITERIA_END|false
11:25:58.0 (243790735)|WF_CRITERIA_BEGIN|[Contact: Mr/Miss. Birthday Email Check 0031I00000827cd]|Send Birthday Email|01Q1I000000LMZ1|ON_CREATE_OR_TRIGGERING_UPDATE|0
11:25:58.0 (243807373)|WF_RULE_NOT_EVALUATED
11:25:58.0 (243812916)|WF_CRITERIA_BEGIN|[Contact: Mr/Miss. Birthday Email Check 0031I00000827cd]|Rest Birthday Email|01Q1I000000LMZB|ON_CREATE_OR_TRIGGERING_UPDATE|0
11:25:58.0 (243841450)|WF_RULE_FILTER|[Contact : Receive Birthday Emails equals true] 
AND [Contact : Reset Birthday Email System equals true]
11:25:58.0 (243846397)|WF_RULE_EVAL_VALUE|1
11:25:58.0 (243849919)|WF_RULE_EVAL_VALUE|1
11:25:58.0 (243852016)|WF_CRITERIA_END|true
11:25:58.0 (243860212)|WF_CRITERIA_BEGIN|[Contact: Mr/Miss. Birthday Email Check 0031I00000827cd]|Birthday Email Opt-Out|01Q1I000000LMZL|ON_ALL_CHANGES|0
11:25:58.0 (243875945)|WF_RULE_FILTER|[Contact : Receive Birthday Emails equals false]
11:25:58.0 (243880098)|WF_RULE_EVAL_VALUE|1
11:25:58.0 (243884937)|WF_CRITERIA_END|false
11:25:58.0 (243898467)|WF_SPOOL_ACTION_BEGIN|Workflow
11:25:58.0 (244543645)|WF_FIELD_UPDATE|[Contact: Ms. Rose Gonzalez 0031I000003KN1D]|Field:Contact: Next Birthday|Value:Wed Sep 19 00:00:00 GMT 2018|Id=04Y1I000000c4RG|CurrentRule:Rest Birthday Email (Id=01Q1I000000LMZB)
11:25:58.0 (244681755)|WF_FIELD_UPDATE|[Contact: Mr. Sean Forbes 0031I000003KN1E]|Field:Contact: Next Birthday|Value:Sun Jun 17 00:00:00 GMT 2018|Id=04Y1I000000c4RG|CurrentRule:Rest Birthday Email (Id=01Q1I000000LMZB)
11:25:58.0 (245030203)|WF_FIELD_UPDATE|[Contact: Mr. Tim Barr 0031I000003KN1I]|Field:Contact: Next Birthday|Value:Wed May 16 00:00:00 GMT 2018|Id=04Y1I000000c4RG|CurrentRule:Rest Birthday Email (Id=01Q1I000000LMZB)
11:25:58.0 (245138182)|WF_FIELD_UPDATE|[Contact: Mr. John Bond 0031I000003KN1J]|Field:Contact: Next Birthday|Value:Fri Jul 27 00:00:00 GMT 2018|Id=04Y1I000000c4RG|CurrentRule:Rest Birthday Email (Id=01Q1I000000LMZB)
11:25:58.0 (245248275)|WF_FIELD_UPDATE|[Contact: Ms. Stella Pavlova 0031I000003KN1K]|Field:Contact: Next Birthday|Value:Wed Jan 10 00:00:00 GMT 2018|Id=04Y1I000000c4RG|CurrentRule:Rest Birthday Email (Id=01Q1I000000LMZB)
11:25:58.0 (245352377)|WF_FIELD_UPDATE|[Contact: Ms. Lauren Boyle 0031I000003KN1L]|Field:Contact: Next Birthday|Value:Fri Feb 23 00:00:00 GMT 2018|Id=04Y1I000000c4RG|CurrentRule:Rest Birthday Email (Id=01Q1I000000LMZB)
11:25:58.0 (245461854)|WF_FIELD_UPDATE|[Contact: Ms. Babara Levy 0031I000003KN1M]|Field:Contact: Next Birthday|Value:Mon Aug 27 00:00:00 GMT 2018|Id=04Y1I000000c4RG|CurrentRule:Rest Birthday Email (Id=01Q1I000000LMZB)
11:25:58.0 (245569625)|WF_FIELD_UPDATE|[Contact: Mr. Josh Davis 0031I000003KN1N]|Field:Contact: Next Birthday|Value:Thu Dec 21 00:00:00 GMT 2017|Id=04Y1I000000c4RG|CurrentRule:Rest Birthday Email (Id=01Q1I000000LMZB)
11:25:58.0 (245677467)|WF_FIELD_UPDATE|[Contact: Ms. Jane Grey 0031I000003KN1O]|Field:Contact: Next Birthday|Value:Wed Nov 07 00:00:00 GMT 2018|Id=04Y1I000000c4RG|CurrentRule:Rest Birthday Email (Id=01Q1I000000LMZB)
11:25:58.0 (245781597)|WF_FIELD_UPDATE|[Contact: Mr. Arthur Song 0031I000003KN1P]|Field:Contact: Next Birthday|Value:Tue May 08 00:00:00 GMT 2018|Id=04Y1I000000c4RG|CurrentRule:Rest Birthday Email (Id=01Q1I000000LMZB)
11:25:58.0 (245884357)|WF_FIELD_UPDATE|[Contact: Ms. Ashley James 0031I000003KN1Q]|Field:Contact: Next Birthday|Value:Tue Jan 16 00:00:00 GMT 2018|Id=04Y1I000000c4RG|CurrentRule:Rest Birthday Email (Id=01Q1I000000LMZB)
11:25:58.0 (245989801)|WF_FIELD_UPDATE|[Contact: Mr. Tom Ripley 0031I000003KN1R]|Field:Contact: Next Birthday|Value:Wed Mar 14 00:00:00 GMT 2018|Id=04Y1I000000c4RG|CurrentRule:Rest Birthday Email (Id=01Q1I000000LMZB)
11:25:58.0 (246099401)|WF_FIELD_UPDATE|[Contact: Ms. Liz D'Cruz 0031I000003KN1S]|Field:Contact: Next Birthday|Value:Mon Jun 25 00:00:00 GMT 2018|Id=04Y1I000000c4RG|CurrentRule:Rest Birthday Email (Id=01Q1I000000LMZB)
11:25:58.0 (246204902)|WF_FIELD_UPDATE|[Contact: Ms. Edna Frank 0031I000003KN1T]|Field:Contact: Next Birthday|Value:Fri Nov 30 00:00:00 GMT 2018|Id=04Y1I000000c4RG|CurrentRule:Rest Birthday Email (Id=01Q1I000000LMZB)
11:25:58.0 (246311523)|WF_FIELD_UPDATE|[Contact: Mr. Avi Green 0031I000003KN1U]|Field:Contact: Next Birthday|Value:Thu Apr 19 00:00:00 GMT 2018|Id=04Y1I000000c4RG|CurrentRule:Rest Birthday Email (Id=01Q1I000000LMZB)
11:25:58.0 (247551875)|WF_ACTION| Field Update: 31;
11:25:58.0 (247559974)|WF_RULE_EVAL_END
11:25:58.0 (291846601)|WF_TIME_TRIGGERS_BEGIN
11:25:58.0 (292474387)|WF_TIME_TRIGGER|[Contact: Ms. Rose Gonzalez 0031I000003KN1D]|1 after trigger date|Rest Birthday Email 01Q1I000000LMZB|12:25:59.59
11:25:58.0 (292590971)|WF_TIME_TRIGGER|[Contact: Mr. Sean Forbes 0031I000003KN1E]|1 after trigger date|Rest Birthday Email 01Q1I000000LMZB|12:25:59.59
11:25:58.0 (292685047)|WF_TIME_TRIGGER|[Contact: Mr. Jack Rogers 0031I000003KN1F]|1 after trigger date|Rest Birthday Email 01Q1I000000LMZB|12:25:59.60
11:25:58.0 (292774639)|WF_TIME_TRIGGER|[Contact: Ms. Pat Stumuller 0031I000003KN1G]|1 after trigger date|Rest Birthday Email 01Q1I000000LMZB|12:25:59.60
11:25:58.0 (292861077)|WF_TIME_TRIGGER|[Contact: Mr Andy Young 0031I000003KN1H]|1 after trigger date|Rest Birthday Email 01Q1I000000LMZB|12:25:59.60
11:25:58.0 (292947976)|WF_TIME_TRIGGER|[Contact: Mr. Tim Barr 0031I000003KN1I]|1 after trigger date|Rest Birthday Email 01Q1I000000LMZB|12:25:59.60
11:25:58.0 (293035111)|WF_TIME_TRIGGER|[Contact: Mr. John Bond 0031I000003KN1J]|1 after trigger date|Rest Birthday Email 01Q1I000000LMZB|12:25:59.60
11:25:58.0 (293120366)|WF_TIME_TRIGGER|[Contact: Ms. Stella Pavlova 0031I000003KN1K]|1 after trigger date|Rest Birthday Email 01Q1I000000LMZB|12:25:59.60
11:25:58.0 (293206356)|WF_TIME_TRIGGER|[Contact: Ms. Lauren Boyle 0031I000003KN1L]|1 after trigger date|Rest Birthday Email 01Q1I000000LMZB|12:25:59.60
11:25:58.0 (293296320)|WF_TIME_TRIGGER|[Contact: Ms. Babara Levy 0031I000003KN1M]|1 after trigger date|Rest Birthday Email 01Q1I000000LMZB|12:25:59.60
11:25:58.0 (293381826)|WF_TIME_TRIGGER|[Contact: Mr. Josh Davis 0031I000003KN1N]|1 after trigger date|Rest Birthday Email 01Q1I000000LMZB|12:25:59.60
11:25:58.0 (293470270)|WF_TIME_TRIGGER|[Contact: Ms. Jane Grey 0031I000003KN1O]|1 after trigger date|Rest Birthday Email 01Q1I000000LMZB|12:25:59.60
11:25:58.0 (293555916)|WF_TIME_TRIGGER|[Contact: Mr. Arthur Song 0031I000003KN1P]|1 after trigger date|Rest Birthday Email 01Q1I000000LMZB|12:25:59.60
11:25:58.0 (293640777)|WF_TIME_TRIGGER|[Contact: Ms. Ashley James 0031I000003KN1Q]|1 after trigger date|Rest Birthday Email 01Q1I000000LMZB|12:25:59.61
11:25:58.0 (293725399)|WF_TIME_TRIGGER|[Contact: Mr. Tom Ripley 0031I000003KN1R]|1 after trigger date|Rest Birthday Email 01Q1I000000LMZB|12:25:59.61
11:25:58.0 (293809999)|WF_TIME_TRIGGER|[Contact: Ms. Liz D'Cruz 0031I000003KN1S]|1 after trigger date|Rest Birthday Email 01Q1I000000LMZB|12:25:59.61
11:25:58.0 (293894953)|WF_TIME_TRIGGER|[Contact: Ms. Edna Frank 0031I000003KN1T]|1 after trigger date|Rest Birthday Email 01Q1I000000LMZB|12:25:59.61
11:25:58.0 (293979238)|WF_TIME_TRIGGER|[Contact: Mr. Avi Green 0031I000003KN1U]|1 after trigger date|Rest Birthday Email 01Q1I000000LMZB|12:25:59.61
11:25:58.0 (294064224)|WF_TIME_TRIGGER|[Contact: Ms. Siddartha Nedaerk 0031I000003KN1V]|1 after trigger date|Rest Birthday Email 01Q1I000000LMZB|12:25:59.61
11:25:58.0 (294150152)|WF_TIME_TRIGGER|[Contact: Mr. Jake Llorrac 0031I000003KN1W]|1 after trigger date|Rest Birthday Email 01Q1I000000LMZB|12:25:59.61
11:25:58.0 (294234469)|WF_TIME_TRIGGER|[Contact: test annonymous 0031I000006LwIT]|1 after trigger date|Rest Birthday Email 01Q1I000000LMZB|12:25:59.61
11:25:58.0 (294318835)|WF_TIME_TRIGGER|[Contact: Test0 0031I000006LwIs]|1 after trigger date|Rest Birthday Email 01Q1I000000LMZB|12:25:59.61
11:25:58.0 (294408440)|WF_TIME_TRIGGER|[Contact: Test1 0031I000006LwIt]|1 after trigger date|Rest Birthday Email 01Q1I000000LMZB|12:25:59.61
11:25:58.0 (294515802)|WF_TIME_TRIGGER|[Contact: Test2 0031I000006LwIu]|1 after trigger date|Rest Birthday Email 01Q1I000000LMZB|12:25:59.61
11:25:58.0 (294601614)|WF_TIME_TRIGGER|[Contact: Test3 0031I000006LwIv]|1 after trigger date|Rest Birthday Email 01Q1I000000LMZB|12:25:59.61
11:25:58.0 (294686711)|WF_TIME_TRIGGER|[Contact: Test4 0031I000006LwIw]|1 after trigger date|Rest Birthday Email 01Q1I000000LMZB|12:25:59.62
11:25:58.0 (294771134)|WF_TIME_TRIGGER|[Contact: Mr/Miss. Ravi 0031I000006wYWs]|1 after trigger date|Rest Birthday Email 01Q1I000000LMZB|12:25:59.62
11:25:58.0 (294866022)|WF_TIME_TRIGGER|[Contact: Mr/Miss. Opp Con Trigger Test 0031I000006wkBR]|1 after trigger date|Rest Birthday Email 01Q1I000000LMZB|12:25:59.62
11:25:58.0 (294952422)|WF_TIME_TRIGGER|[Contact: Mr/Miss. Ravi 2 0031I0000081h9G]|1 after trigger date|Rest Birthday Email 01Q1I000000LMZB|12:25:59.62
11:25:58.0 (295038760)|WF_TIME_TRIGGER|[Contact: Mr/Miss. Ravi 1 0031I0000081h9L]|1 after trigger date|Rest Birthday Email 01Q1I000000LMZB|12:25:59.62
11:25:58.0 (295128101)|WF_TIME_TRIGGER|[Contact: Mr/Miss. Birthday Email Check 0031I00000827cd]|1 after trigger date|Rest Birthday Email 01Q1I000000LMZB|12:25:59.62
11:25:58.0 (311540510)|WF_ACTIONS_END| Field Update: 31;
11:25:58.0 (311553184)|CODE_UNIT_FINISHED|Workflow:Contact
11:25:58.0 (311914666)|DML_END|[10]
11:25:58.0 (311972090)|HEAP_ALLOCATE|[EXTERNAL]|Bytes:132
11:25:58.0 (311993358)|CONSTRUCTOR_EXIT|[3]|01p1I00000FRKaa|<init>()
11:25:58.0 (312024815)|VARIABLE_ASSIGNMENT|[3]|this.bcca|0x2b2f6f62|0x47356534
11:25:58.312 (312036550)|CUMULATIVE_LIMIT_USAGE
11:25:58.312 (312036550)|LIMIT_USAGE_FOR_NS|(default)|
  Number of SOQL queries: 1 out of 100
  Number of query rows: 32 out of 50000
  Number of SOSL queries: 0 out of 20
  Number of DML statements: 1 out of 150
  Number of DML rows: 32 out of 10000
  Maximum CPU time: 0 out of 10000
  Maximum heap size: 0 out of 6000000
  Number of callouts: 0 out of 100
  Number of Email Invocations: 0 out of 10
  Number of future calls: 0 out of 50
  Number of queueable jobs added to the queue: 0 out of 50
  Number of Mobile Apex push calls: 0 out of 10

11:25:58.312 (312036550)|CUMULATIVE_LIMIT_USAGE_END

11:25:58.0 (312849938)|CODE_UNIT_FINISHED|BirthdayCheckbox on Contact trigger event AfterInsert for [0031I0000082KA9]
11:25:58.0 (313508765)|CODE_UNIT_STARTED|[EXTERNAL]|Workflow:Contact
11:25:58.0 (316328801)|WF_RULE_EVAL_BEGIN|Workflow
11:25:58.0 (316358641)|WF_CRITERIA_BEGIN|[Contact: Mr/Miss. Birthday Email Test 0031I0000082KA9]|Birthday Change|01Q1I000000LMZQ|ON_ALL_CHANGES|0
11:25:58.0 (316520779)|WF_FORMULA|Formula:ENCODED:[treatNullAsNull]( MONTH( {!ID:Birthdate} )  <>  MONTH( {!ID:00N1I00000KH2qA} ) &#124;&#124;  DAY( {!ID:Birthdate} )  <>  DAY( {!ID:00N1I00000KH2qA} ) ) &&  {!ID:00N1I00000KH2GC}  = True|Values:Receive_Birthday_Emails__c=1, Birthdate=2017-12-16 00:00:00, Next_Birthday__c=null
11:25:58.0 (316532416)|WF_CRITERIA_END|false
11:25:58.0 (316545496)|WF_CRITERIA_BEGIN|[Contact: Mr/Miss. Birthday Email Test 0031I0000082KA9]|Send Birthday Email|01Q1I000000LMZ1|ON_CREATE_OR_TRIGGERING_UPDATE|0
11:25:58.0 (316600687)|WF_RULE_FILTER|[Contact : Receive Birthday Emails equals true] 
AND [Contact : Reset Birthday Email System equals false] 
AND [Contact : Birthdate not equal to ]
11:25:58.0 (316613116)|WF_RULE_EVAL_VALUE|1
11:25:58.0 (316616472)|WF_RULE_EVAL_VALUE|1
11:25:58.0 (316619020)|WF_CRITERIA_END|false
11:25:58.0 (316625837)|WF_CRITERIA_BEGIN|[Contact: Mr/Miss. Birthday Email Test 0031I0000082KA9]|Rest Birthday Email|01Q1I000000LMZB|ON_CREATE_OR_TRIGGERING_UPDATE|0
11:25:58.0 (316646703)|WF_RULE_FILTER|[Contact : Receive Birthday Emails equals true] 
AND [Contact : Reset Birthday Email System equals true]
11:25:58.0 (316651134)|WF_RULE_EVAL_VALUE|1
11:25:58.0 (316654050)|WF_RULE_EVAL_VALUE|1
11:25:58.0 (316656707)|WF_CRITERIA_END|true
11:25:58.0 (316668440)|WF_CRITERIA_BEGIN|[Contact: Mr/Miss. Birthday Email Test 0031I0000082KA9]|Birthday Email Opt-Out|01Q1I000000LMZL|ON_ALL_CHANGES|0
11:25:58.0 (316684466)|WF_RULE_FILTER|[Contact : Receive Birthday Emails equals false]
11:25:58.0 (316689574)|WF_RULE_EVAL_VALUE|1
11:25:58.0 (316691924)|WF_CRITERIA_END|false
11:25:58.0 (316702658)|WF_SPOOL_ACTION_BEGIN|Workflow
11:25:58.0 (316876168)|WF_FIELD_UPDATE|[Contact: Mr/Miss. Birthday Email Test 0031I0000082KA9]|Field:Contact: Next Birthday|Value:Sat Dec 16 00:00:00 GMT 2017|Id=04Y1I000000c4RG|CurrentRule:Rest Birthday Email (Id=01Q1I000000LMZB)
11:25:58.0 (316893784)|WF_ACTION| Field Update: 1;
11:25:58.0 (316897884)|WF_RULE_EVAL_END
11:25:58.0 (323809371)|WF_TIME_TRIGGERS_BEGIN
11:25:58.0 (324031640)|WF_TIME_TRIGGER|[Contact: Mr/Miss. Birthday Email Test 0031I0000082KA9]|1 after trigger date|Rest Birthday Email 01Q1I000000LMZB|12:25:59.91
11:25:58.0 (327366771)|WF_ACTIONS_END| Field Update: 1;
11:25:58.0 (327375979)|CODE_UNIT_FINISHED|Workflow:Contact
11:25:58.0 (362705137)|CODE_UNIT_STARTED|[EXTERNAL]|DuplicateDetector
11:25:58.0 (362721363)|DUPLICATE_DETECTION_BEGIN
11:25:58.0 (362774736)|DUPLICATE_DETECTION_RULE_INVOCATION|DuplicateRuleId:0Bm1I0000028pMh|DuplicateRuleName:Standard Contact Duplicate Rule|DmlType:UPDATE
11:25:58.0 (378145782)|DUPLICATE_DETECTION_MATCH_INVOCATION_DETAILS|EntityId:0031I0000082KA9|ActionTaken:Allow_[Report]|DuplicateRecordIds:
11:25:58.0 (378166352)|DUPLICATE_DETECTION_MATCH_INVOCATION_SUMMARY|EntityType:Contact|NumRecordsToBeSaved:1|NumRecordsToBeSavedWithDuplicates:0|NumDuplicateRecordsFound:0
11:25:58.0 (378176603)|DUPLICATE_DETECTION_MATCH_INVOCATION_DETAILS|EntityId:0031I0000082KA9|ActionTaken:Allow_[Report]|DuplicateRecordIds:
11:25:58.0 (378181951)|DUPLICATE_DETECTION_MATCH_INVOCATION_SUMMARY|EntityType:Contact|NumRecordsToBeSaved:1|NumRecordsToBeSavedWithDuplicates:0|NumDuplicateRecordsFound:0
11:25:58.0 (378269943)|DUPLICATE_DETECTION_END
11:25:58.0 (378274178)|CODE_UNIT_FINISHED|DuplicateDetector
11:25:58.0 (378319303)|CODE_UNIT_STARTED|[EXTERNAL]|DuplicateDetector
11:25:58.0 (378325907)|DUPLICATE_DETECTION_BEGIN
11:25:58.0 (378355134)|DUPLICATE_DETECTION_RULE_INVOCATION|DuplicateRuleId:0Bm1I0000028pMh|DuplicateRuleName:Standard Contact Duplicate Rule|DmlType:INSERT
11:25:58.0 (388328805)|DUPLICATE_DETECTION_MATCH_INVOCATION_DETAILS|EntityId:0031I0000082KA9|ActionTaken:Allow_[Alert,Report]|DuplicateRecordIds:
11:25:58.0 (388343726)|DUPLICATE_DETECTION_MATCH_INVOCATION_SUMMARY|EntityType:Contact|NumRecordsToBeSaved:1|NumRecordsToBeSavedWithDuplicates:0|NumDuplicateRecordsFound:0
11:25:58.0 (388352118)|DUPLICATE_DETECTION_MATCH_INVOCATION_DETAILS|EntityId:0031I0000082KA9|ActionTaken:Allow_[Alert,Report]|DuplicateRecordIds:
11:25:58.0 (388358128)|DUPLICATE_DETECTION_MATCH_INVOCATION_SUMMARY|EntityType:Contact|NumRecordsToBeSaved:1|NumRecordsToBeSavedWithDuplicates:0|NumDuplicateRecordsFound:0
11:25:58.0 (388435687)|DUPLICATE_DETECTION_END
11:25:58.0 (388439519)|CODE_UNIT_FINISHED|DuplicateDetector
11:25:58.0 (391523338)|CODE_UNIT_FINISHED|TRIGGERS
11:25:58.0 (391532407)|EXECUTION_FINISHED
