38.0 APEX_CODE,FINEST;APEX_PROFILING,INFO;CALLOUT,INFO;DB,INFO;SYSTEM,DEBUG;VALIDATION,INFO;VISUALFORCE,INFO;WAVE,INFO;WORKFLOW,INFO
09:21:56.0 (317983)|USER_INFO|[EXTERNAL]|0051I000000ZTgh|ksb994@gmail.com|Pacific Standard Time|GMT-08:00
09:21:56.0 (358599)|EXECUTION_STARTED
09:21:56.0 (363452)|CODE_UNIT_STARTED|[EXTERNAL]|01p1I00000FRGWe|batchAccPhoneToConPhone
09:21:56.0 (2130665)|HEAP_ALLOCATE|[EXTERNAL]|Bytes:4
09:21:56.0 (2292253)|HEAP_ALLOCATE|[72]|Bytes:3
09:21:56.0 (2328127)|HEAP_ALLOCATE|[77]|Bytes:152
09:21:56.0 (2347816)|HEAP_ALLOCATE|[342]|Bytes:408
09:21:56.0 (2371816)|HEAP_ALLOCATE|[355]|Bytes:408
09:21:56.0 (2393531)|HEAP_ALLOCATE|[467]|Bytes:48
09:21:56.0 (2428287)|HEAP_ALLOCATE|[139]|Bytes:6
09:21:56.0 (2470242)|HEAP_ALLOCATE|[EXTERNAL]|Bytes:11
09:21:56.0 (2481940)|SYSTEM_METHOD_ENTRY|[15]|BatchableContextImpl.BatchableContextImpl()
09:21:56.0 (2488893)|STATEMENT_EXECUTE|[15]
09:21:56.0 (2499280)|SYSTEM_METHOD_EXIT|[15]|BatchableContextImpl
09:21:56.0 (2507324)|HEAP_ALLOCATE|[EXTERNAL]|Bytes:12
09:21:56.0 (2513201)|HEAP_ALLOCATE|[EXTERNAL]|Bytes:4
09:21:56.0 (2521666)|VARIABLE_SCOPE_BEGIN|[31]|this|Database.BatchableContextImpl|true|false
09:21:56.0 (2607055)|VARIABLE_ASSIGNMENT|[31]|this|{}|0x3f701938
09:21:56.0 (2615437)|VARIABLE_SCOPE_BEGIN|[31]|jobId|Id|false|false
09:21:56.0 (2681968)|VARIABLE_ASSIGNMENT|[31]|jobId|"7071I00000UEeuAQAT"
09:21:56.0 (2688041)|VARIABLE_SCOPE_BEGIN|[31]|childJobId|Id|false|false
09:21:56.0 (2696666)|VARIABLE_ASSIGNMENT|[31]|childJobId|null
09:21:56.0 (8781025)|HEAP_ALLOCATE|[EXTERNAL]|Bytes:57
09:21:56.0 (8792233)|HEAP_ALLOCATE|[EXTERNAL]|Bytes:6
09:21:56.0 (8796493)|HEAP_ALLOCATE|[EXTERNAL]|Bytes:1
09:21:56.0 (8804134)|METHOD_ENTRY|[1]|01p1I00000FRGWe|batchAccPhoneToConPhone.batchAccPhoneToConPhone()
09:21:56.0 (8810342)|STATEMENT_EXECUTE|[1]
09:21:56.0 (8814428)|STATEMENT_EXECUTE|[1]
09:21:56.0 (8818561)|METHOD_EXIT|[1]|batchAccPhoneToConPhone
09:21:56.0 (8823842)|HEAP_ALLOCATE|[EXTERNAL]|Bytes:4
09:21:56.0 (8827341)|HEAP_ALLOCATE|[EXTERNAL]|Bytes:12
09:21:56.0 (8832205)|VARIABLE_SCOPE_BEGIN|[23]|this|batchAccPhoneToConPhone|true|false
09:21:56.0 (8853288)|VARIABLE_ASSIGNMENT|[23]|this|{}|0x594e9080
09:21:56.0 (8859567)|VARIABLE_SCOPE_BEGIN|[23]|BC|Database.BatchableContext|true|false
09:21:56.0 (8924447)|VARIABLE_ASSIGNMENT|[23]|BC|{"jobId":"7071I00000UEeuAQAT"}|0x3f701938
09:21:56.0 (8934434)|STATEMENT_EXECUTE|[23]
09:21:56.15 (15960384)|CUMULATIVE_LIMIT_USAGE
09:21:56.15 (15960384)|LIMIT_USAGE_FOR_NS|(default)|
  Number of SOQL queries: 0 out of 200
  Number of query rows: 0 out of 50000
  Number of SOSL queries: 0 out of 20
  Number of DML statements: 0 out of 150
  Number of DML rows: 0 out of 10000
  Maximum CPU time: 0 out of 60000
  Maximum heap size: 0 out of 12000000
  Number of callouts: 0 out of 0
  Number of Email Invocations: 0 out of 10
  Number of future calls: 0 out of 0
  Number of queueable jobs added to the queue: 0 out of 1
  Number of Mobile Apex push calls: 0 out of 10

09:21:56.15 (15960384)|CUMULATIVE_LIMIT_USAGE_END

09:21:56.0 (15996868)|CODE_UNIT_FINISHED|batchAccPhoneToConPhone
09:21:56.0 (16695044)|EXECUTION_FINISHED
