41.0 APEX_CODE,FINEST;APEX_PROFILING,INFO;CALLOUT,INFO;DB,INFO;SYSTEM,DEBUG;VALIDATION,INFO;VISUALFORCE,INFO;WAVE,INFO;WORKFLOW,INFO
09:21:57.0 (63671)|USER_INFO|[EXTERNAL]|0051I000000ZTgh|ksb994@gmail.com|Pacific Standard Time|GMT-08:00
09:21:57.0 (99226)|EXECUTION_STARTED
09:21:57.0 (103740)|CODE_UNIT_STARTED|[EXTERNAL]|0661I0000035eNE|VF: /apex/ErrorMessage
09:21:57.8 (8784906)|SYSTEM_MODE_ENTER|true
09:21:57.8 (8929544)|HEAP_ALLOCATE|[72]|Bytes:3
09:21:57.8 (8970633)|HEAP_ALLOCATE|[77]|Bytes:152
09:21:57.8 (8988558)|HEAP_ALLOCATE|[342]|Bytes:408
09:21:57.8 (9004029)|HEAP_ALLOCATE|[355]|Bytes:408
09:21:57.8 (9017336)|HEAP_ALLOCATE|[467]|Bytes:48
09:21:57.9 (9351030)|SYSTEM_MODE_ENTER|true
09:21:57.9 (9401093)|HEAP_ALLOCATE|[EXTERNAL]|Bytes:16
09:21:57.9 (9408180)|VARIABLE_SCOPE_BEGIN|[9]|this|ApexPage.pagemessagecomponentcontroller|true|false
09:21:57.9 (9447528)|VARIABLE_ASSIGNMENT|[9]|this|{}|0x2b955611
09:21:57.9 (9454133)|VARIABLE_SCOPE_BEGIN|[9]|escape|Boolean|false|false
09:21:57.9 (9461797)|VARIABLE_ASSIGNMENT|[9]|escape|null
09:21:57.9 (9574225)|SYSTEM_MODE_ENTER|true
09:21:57.9 (9613287)|HEAP_ALLOCATE|[EXTERNAL]|Bytes:7
09:21:57.9 (9618020)|HEAP_ALLOCATE|[EXTERNAL]|Bytes:16
09:21:57.9 (9632898)|VARIABLE_ASSIGNMENT|[EXTERNAL]|this.conSeverity|"confirm"|0x2b955611
09:21:57.9 (9688554)|SYSTEM_MODE_ENTER|true
09:21:57.9 (9706121)|HEAP_ALLOCATE|[EXTERNAL]|Bytes:8
09:21:57.9 (9710177)|HEAP_ALLOCATE|[EXTERNAL]|Bytes:16
09:21:57.9 (9717555)|VARIABLE_ASSIGNMENT|[EXTERNAL]|this.conStrength|3|0x2b955611
09:21:57.11 (11616115)|SYSTEM_MODE_ENTER|true
09:21:57.11 (11656350)|HEAP_ALLOCATE|[EXTERNAL]|Bytes:16
09:21:57.11 (11663503)|VARIABLE_SCOPE_BEGIN|[9]|this|ApexPage.pagemessagecomponentcontroller|true|false
09:21:57.11 (11689702)|VARIABLE_ASSIGNMENT|[9]|this|{"conSeverity":"confirm","conStrength":3}|0x2b955611
09:21:57.11 (11695739)|VARIABLE_SCOPE_BEGIN|[9]|escape|Boolean|false|false
09:21:57.11 (11702241)|VARIABLE_ASSIGNMENT|[9]|escape|null
09:21:57.11 (11760278)|SYSTEM_MODE_ENTER|true
09:21:57.11 (11779364)|HEAP_ALLOCATE|[EXTERNAL]|Bytes:7
09:21:57.11 (11783621)|HEAP_ALLOCATE|[EXTERNAL]|Bytes:16
09:21:57.11 (11791953)|VARIABLE_ASSIGNMENT|[EXTERNAL]|this.conSeverity|"confirm"|0x2b955611
09:21:57.11 (11832240)|SYSTEM_MODE_ENTER|true
09:21:57.11 (11846333)|HEAP_ALLOCATE|[EXTERNAL]|Bytes:8
09:21:57.11 (11849838)|HEAP_ALLOCATE|[EXTERNAL]|Bytes:16
09:21:57.11 (11856466)|VARIABLE_ASSIGNMENT|[EXTERNAL]|this.conStrength|3|0x2b955611
09:21:57.11 (11967203)|SYSTEM_MODE_ENTER|true
09:21:57.11 (11992871)|HEAP_ALLOCATE|[EXTERNAL]|Bytes:16
09:21:57.11 (11998152)|VARIABLE_SCOPE_BEGIN|[13]|this|ApexPage.pagemessagecomponentcontroller|true|false
09:21:57.11 (12018657)|VARIABLE_ASSIGNMENT|[13]|this|{"conSeverity":"confirm","conStrength":3}|0x2b955611
09:21:57.12 (12599282)|SYSTEM_MODE_ENTER|true
09:21:57.12 (12625907)|HEAP_ALLOCATE|[EXTERNAL]|Bytes:16
09:21:57.12 (12632150)|VARIABLE_SCOPE_BEGIN|[5]|this|ApexPage.pagemessagecomponentcontroller|true|false
09:21:57.12 (12655515)|VARIABLE_ASSIGNMENT|[5]|this|{"conSeverity":"confirm","conStrength":3}|0x2b955611
09:21:57.15 (15346725)|CUMULATIVE_LIMIT_USAGE
09:21:57.15 (15346725)|LIMIT_USAGE_FOR_NS|(default)|
  Number of SOQL queries: 0 out of 100
  Number of query rows: 0 out of 50000
  Number of SOSL queries: 0 out of 20
  Number of DML statements: 0 out of 150
  Number of DML rows: 0 out of 10000
  Maximum CPU time: 0 out of 10000
  Maximum heap size: 0 out of 6000000
  Number of callouts: 0 out of 100
  Number of Email Invocations: 0 out of 10
  Number of future calls: 0 out of 50
  Number of queueable jobs added to the queue: 0 out of 50
  Number of Mobile Apex push calls: 0 out of 10

09:21:57.15 (15346725)|CUMULATIVE_LIMIT_USAGE_END

09:21:57.0 (15378149)|CODE_UNIT_FINISHED|VF: /apex/ErrorMessage
09:21:57.0 (16068530)|EXECUTION_FINISHED
