38.0 APEX_CODE,FINEST;APEX_PROFILING,INFO;CALLOUT,INFO;DB,INFO;SYSTEM,DEBUG;VALIDATION,INFO;VISUALFORCE,INFO;WAVE,INFO;WORKFLOW,INFO
09:21:56.0 (311497)|USER_INFO|[EXTERNAL]|0051I000000ZTgh|ksb994@gmail.com|Pacific Standard Time|GMT-08:00
09:21:56.0 (344704)|EXECUTION_STARTED
09:21:56.0 (348654)|CODE_UNIT_STARTED|[EXTERNAL]|01p1I00000FRGWe|batchAccPhoneToConPhone
09:21:56.0 (3060127)|HEAP_ALLOCATE|[EXTERNAL]|Bytes:4
09:21:56.0 (5611659)|HEAP_ALLOCATE|[72]|Bytes:3
09:21:56.0 (5652428)|HEAP_ALLOCATE|[77]|Bytes:152
09:21:56.0 (5666592)|HEAP_ALLOCATE|[342]|Bytes:408
09:21:56.0 (5679740)|HEAP_ALLOCATE|[355]|Bytes:408
09:21:56.0 (5692916)|HEAP_ALLOCATE|[467]|Bytes:48
09:21:56.0 (5718453)|HEAP_ALLOCATE|[139]|Bytes:6
09:21:56.0 (5754386)|HEAP_ALLOCATE|[EXTERNAL]|Bytes:11
09:21:56.0 (5769022)|SYSTEM_METHOD_ENTRY|[15]|BatchableContextImpl.BatchableContextImpl()
09:21:56.0 (5774231)|STATEMENT_EXECUTE|[15]
09:21:56.0 (5783037)|SYSTEM_METHOD_EXIT|[15]|BatchableContextImpl
09:21:56.0 (5789313)|HEAP_ALLOCATE|[EXTERNAL]|Bytes:12
09:21:56.0 (5793556)|HEAP_ALLOCATE|[EXTERNAL]|Bytes:4
09:21:56.0 (5795918)|HEAP_ALLOCATE|[EXTERNAL]|Bytes:4
09:21:56.0 (5800600)|VARIABLE_SCOPE_BEGIN|[31]|this|Database.BatchableContextImpl|true|false
09:21:56.0 (5848226)|VARIABLE_ASSIGNMENT|[31]|this|{}|0x2d8e7046
09:21:56.0 (5854600)|VARIABLE_SCOPE_BEGIN|[31]|jobId|Id|false|false
09:21:56.0 (5920372)|VARIABLE_ASSIGNMENT|[31]|jobId|"7071I00000UEeuAQAT"
09:21:56.0 (5925676)|VARIABLE_SCOPE_BEGIN|[31]|childJobId|Id|false|false
09:21:56.0 (5944047)|VARIABLE_ASSIGNMENT|[31]|childJobId|"7071I00000UEeuoQAD"
09:21:56.0 (13818192)|HEAP_ALLOCATE|[EXTERNAL]|Bytes:104
09:21:56.0 (486394549)|CODE_UNIT_STARTED|[EXTERNAL]|DuplicateDetector
09:21:56.0 (486416379)|DUPLICATE_DETECTION_BEGIN
09:21:56.0 (486467288)|DUPLICATE_DETECTION_RULE_INVOCATION|DuplicateRuleId:0Bm1I0000028pMh|DuplicateRuleName:Standard Contact Duplicate Rule|DmlType:UPDATE
09:21:56.0 (510101828)|DUPLICATE_DETECTION_MATCH_INVOCATION_DETAILS|EntityId:0031I000006LwIw|ActionTaken:Allow_[Report]|DuplicateRecordIds:
09:21:56.0 (510120850)|DUPLICATE_DETECTION_MATCH_INVOCATION_DETAILS|EntityId:0031I000006wkBR|ActionTaken:Allow_[Report]|DuplicateRecordIds:
09:21:56.0 (510136772)|DUPLICATE_DETECTION_MATCH_INVOCATION_SUMMARY|EntityType:Contact|NumRecordsToBeSaved:2|NumRecordsToBeSavedWithDuplicates:0|NumDuplicateRecordsFound:0
09:21:56.0 (510149168)|DUPLICATE_DETECTION_MATCH_INVOCATION_DETAILS|EntityId:0031I000006LwIw|ActionTaken:Allow_[Report]|DuplicateRecordIds:
09:21:56.0 (510153991)|DUPLICATE_DETECTION_MATCH_INVOCATION_DETAILS|EntityId:0031I000006wkBR|ActionTaken:Allow_[Report]|DuplicateRecordIds:
09:21:56.0 (510159779)|DUPLICATE_DETECTION_MATCH_INVOCATION_SUMMARY|EntityType:Contact|NumRecordsToBeSaved:2|NumRecordsToBeSavedWithDuplicates:0|NumDuplicateRecordsFound:0
09:21:56.0 (510266718)|DUPLICATE_DETECTION_END
09:21:56.0 (510274373)|CODE_UNIT_FINISHED|DuplicateDetector
09:21:56.518 (518874238)|CUMULATIVE_LIMIT_USAGE
09:21:56.518 (518874238)|LIMIT_USAGE_FOR_NS|(default)|
  Number of SOQL queries: 0 out of 200
  Number of query rows: 0 out of 50000
  Number of SOSL queries: 0 out of 20
  Number of DML statements: 0 out of 150
  Number of DML rows: 0 out of 10000
  Maximum CPU time: 0 out of 60000
  Maximum heap size: 0 out of 12000000
  Number of callouts: 0 out of 0
  Number of Email Invocations: 0 out of 10
  Number of future calls: 0 out of 0
  Number of queueable jobs added to the queue: 0 out of 1
  Number of Mobile Apex push calls: 0 out of 10

09:21:56.518 (518874238)|CUMULATIVE_LIMIT_USAGE_END

09:21:56.0 (518923475)|CODE_UNIT_FINISHED|batchAccPhoneToConPhone
09:21:56.0 (519646896)|EXECUTION_FINISHED
