41.0 APEX_CODE,FINEST;APEX_PROFILING,INFO;CALLOUT,INFO;DB,INFO;SYSTEM,DEBUG;VALIDATION,INFO;VISUALFORCE,INFO;WAVE,INFO;WORKFLOW,INFO
06:29:11.0 (302765)|EXECUTION_STARTED
06:29:11.0 (340280)|CODE_UNIT_STARTED|[EXTERNAL]|VisualForce View State
06:29:11.0 (7630378)|CODE_UNIT_FINISHED|VisualForce View State
06:29:11.0 (8470608)|EXECUTION_FINISHED
06:29:11.322 (322147769)|VF_SERIALIZE_VIEWSTATE_BEGIN|
06:29:11.322 (325994172)|VF_SERIALIZE_VIEWSTATE_END
06:29:11.331 (331966490)|CUMULATIVE_LIMIT_USAGE
06:29:11.331 (331966490)|LIMIT_USAGE_FOR_NS|(default)|
  Number of SOQL queries: 0 out of 100
  Number of query rows: 0 out of 50000
  Number of SOSL queries: 0 out of 20
  Number of DML statements: 0 out of 150
  Number of DML rows: 0 out of 10000
  Maximum CPU time: 0 out of 10000
  Maximum heap size: 0 out of 6000000
  Number of callouts: 0 out of 100
  Number of Email Invocations: 0 out of 10
  Number of future calls: 0 out of 50
  Number of queueable jobs added to the queue: 0 out of 50
  Number of Mobile Apex push calls: 0 out of 10

06:29:11.331 (331966490)|CUMULATIVE_LIMIT_USAGE_END

