41.0 APEX_CODE,FINEST;APEX_PROFILING,INFO;CALLOUT,INFO;DB,INFO;SYSTEM,DEBUG;VALIDATION,INFO;VISUALFORCE,INFO;WAVE,INFO;WORKFLOW,INFO
10:40:56.0 (266809)|USER_INFO|[EXTERNAL]|0051I000000ZTgh|ksb994@gmail.com|Pacific Standard Time|GMT-08:00
10:40:56.0 (302059)|EXECUTION_STARTED
10:40:56.0 (305909)|CODE_UNIT_STARTED|[EXTERNAL]|DuplicateDetector
10:40:56.0 (316549)|DUPLICATE_DETECTION_BEGIN
10:40:56.0 (914594)|DUPLICATE_DETECTION_RULE_INVOCATION|DuplicateRuleId:0Bm1I0000028pMg|DuplicateRuleName:Standard Account Duplicate Rule|DmlType:UPDATE
10:40:56.0 (948475)|DUPLICATE_DETECTION_END
10:40:56.0 (952553)|CODE_UNIT_FINISHED|DuplicateDetector
10:40:56.0 (957757)|EXECUTION_FINISHED
10:40:56.18 (18728712)|USER_INFO|[EXTERNAL]|0051I000000ZTgh|ksb994@gmail.com|Pacific Standard Time|GMT-08:00
10:40:56.18 (18743845)|EXECUTION_STARTED
10:40:56.18 (18746988)|CODE_UNIT_STARTED|[EXTERNAL]|01q1I000000Bo7P|batchClassTest on Account trigger event AfterUpdate for [0011I000005sIOq]
10:40:56.18 (18794451)|HEAP_ALLOCATE|[EXTERNAL]|Bytes:8
10:40:56.18 (18906379)|HEAP_ALLOCATE|[EXTERNAL]|Bytes:8
10:40:56.18 (19219138)|HEAP_ALLOCATE|[72]|Bytes:3
10:40:56.18 (19261914)|HEAP_ALLOCATE|[77]|Bytes:152
10:40:56.18 (19279005)|HEAP_ALLOCATE|[342]|Bytes:408
10:40:56.18 (19293470)|HEAP_ALLOCATE|[355]|Bytes:408
10:40:56.18 (19306497)|HEAP_ALLOCATE|[467]|Bytes:48
10:40:56.18 (19332836)|HEAP_ALLOCATE|[139]|Bytes:6
10:40:56.18 (23133574)|HEAP_ALLOCATE|[EXTERNAL]|Bytes:8
10:40:56.18 (23146153)|VARIABLE_SCOPE_BEGIN|[1]|this|batchClassTest|true|false
10:40:56.18 (23198485)|VARIABLE_ASSIGNMENT|[1]|this|{}|0x24d61e2d
10:40:56.18 (23245476)|HEAP_ALLOCATE|[EXTERNAL]|Bytes:8
10:40:56.18 (23253003)|VARIABLE_SCOPE_BEGIN|[1]|this|batchClassTest|true|false
10:40:56.18 (23264827)|VARIABLE_ASSIGNMENT|[1]|this|{}|0x24d61e2d
10:40:56.18 (23273047)|STATEMENT_EXECUTE|[1]
10:40:56.18 (23274681)|STATEMENT_EXECUTE|[3]
10:40:56.18 (23279033)|HEAP_ALLOCATE|[3]|Bytes:57
10:40:56.18 (23284770)|HEAP_ALLOCATE|[3]|Bytes:9
10:40:56.18 (23287869)|HEAP_ALLOCATE|[3]|Bytes:5
10:40:56.18 (23315810)|METHOD_ENTRY|[1]|01p1I00000FRKZN|BatchPradeepCode.BatchPradeepCode()
10:40:56.18 (23321996)|STATEMENT_EXECUTE|[1]
10:40:56.18 (23324519)|STATEMENT_EXECUTE|[1]
10:40:56.18 (23329685)|METHOD_EXIT|[1]|BatchPradeepCode
10:40:56.18 (23341880)|HEAP_ALLOCATE|[3]|Bytes:8
10:40:56.18 (23358472)|CONSTRUCTOR_ENTRY|[3]|01p1I00000FRKZN|<init>()
10:40:56.18 (23381915)|VARIABLE_SCOPE_BEGIN|[5]|this|BatchPradeepCode|true|false
10:40:56.18 (23398965)|VARIABLE_ASSIGNMENT|[5]|this|{}|0x372dd6dc
10:40:56.18 (23405355)|STATEMENT_EXECUTE|[1]
10:40:56.18 (23406401)|STATEMENT_EXECUTE|[3]
10:40:56.18 (23411754)|HEAP_ALLOCATE|[EXTERNAL]|Bytes:6
10:40:56.18 (23442148)|STATEMENT_EXECUTE|[5]
10:40:56.18 (23449137)|CONSTRUCTOR_EXIT|[3]|01p1I00000FRKZN|<init>()
10:40:56.18 (23465208)|HEAP_ALLOCATE|[50]|Bytes:5
10:40:56.18 (23481781)|HEAP_ALLOCATE|[56]|Bytes:5
10:40:56.18 (23488534)|HEAP_ALLOCATE|[64]|Bytes:7
10:40:56.18 (23520600)|VARIABLE_ASSIGNMENT|[3]|this.bap|0x372dd6dc|0x24d61e2d
10:40:56.18 (23526209)|STATEMENT_EXECUTE|[4]
10:40:56.49 (49992008)|CUMULATIVE_LIMIT_USAGE
10:40:56.49 (49992008)|LIMIT_USAGE_FOR_NS|(default)|
  Number of SOQL queries: 0 out of 100
  Number of query rows: 0 out of 50000
  Number of SOSL queries: 0 out of 20
  Number of DML statements: 0 out of 150
  Number of DML rows: 0 out of 10000
  Maximum CPU time: 0 out of 10000
  Maximum heap size: 0 out of 6000000
  Number of callouts: 0 out of 100
  Number of Email Invocations: 0 out of 10
  Number of future calls: 0 out of 50
  Number of queueable jobs added to the queue: 0 out of 50
  Number of Mobile Apex push calls: 0 out of 10

10:40:56.49 (49992008)|CUMULATIVE_LIMIT_USAGE_END

10:40:56.18 (50703900)|CODE_UNIT_FINISHED|batchClassTest on Account trigger event AfterUpdate for [0011I000005sIOq]
10:40:56.18 (51375838)|EXECUTION_FINISHED
10:40:56.52 (52628593)|USER_INFO|[EXTERNAL]|0051I000000ZTgh|ksb994@gmail.com|Pacific Standard Time|GMT-08:00
10:40:56.52 (52642661)|EXECUTION_STARTED
10:40:56.52 (52645832)|CODE_UNIT_STARTED|[EXTERNAL]|Workflow:Account
10:40:56.52 (53048603)|CODE_UNIT_FINISHED|Workflow:Account
10:40:56.52 (53981827)|EXECUTION_FINISHED
10:40:56.62 (62531366)|USER_INFO|[EXTERNAL]|0051I000000ZTgh|ksb994@gmail.com|Pacific Standard Time|GMT-08:00
10:40:56.62 (62544281)|EXECUTION_STARTED
10:40:56.62 (62546724)|CODE_UNIT_STARTED|[EXTERNAL]|DuplicateDetector
10:40:56.62 (62556994)|DUPLICATE_DETECTION_BEGIN
10:40:56.62 (62602427)|DUPLICATE_DETECTION_RULE_INVOCATION|DuplicateRuleId:0Bm1I0000028pMg|DuplicateRuleName:Standard Account Duplicate Rule|DmlType:UPDATE
10:40:56.62 (73725878)|DUPLICATE_DETECTION_END
10:40:56.62 (73731799)|CODE_UNIT_FINISHED|DuplicateDetector
10:40:56.62 (74581608)|EXECUTION_FINISHED
