41.0 APEX_CODE,FINEST;APEX_PROFILING,INFO;CALLOUT,INFO;DB,INFO;SYSTEM,DEBUG;VALIDATION,INFO;VISUALFORCE,INFO;WAVE,INFO;WORKFLOW,INFO
10:14:21.0 (55463)|USER_INFO|[EXTERNAL]|0051I000000ZTgh|ksb994@gmail.com|Pacific Standard Time|GMT-08:00
10:14:21.0 (103880)|EXECUTION_STARTED
10:14:21.0 (109206)|CODE_UNIT_STARTED|[EXTERNAL]|0661I0000035eNE|VF: /apex/ErrorMessage
10:14:21.11 (11294479)|SYSTEM_MODE_ENTER|true
10:14:21.11 (11432327)|HEAP_ALLOCATE|[72]|Bytes:3
10:14:21.11 (11475048)|HEAP_ALLOCATE|[77]|Bytes:152
10:14:21.11 (11491156)|HEAP_ALLOCATE|[342]|Bytes:408
10:14:21.11 (11505519)|HEAP_ALLOCATE|[355]|Bytes:408
10:14:21.11 (11518450)|HEAP_ALLOCATE|[467]|Bytes:48
10:14:21.11 (11887213)|SYSTEM_MODE_ENTER|true
10:14:21.11 (11942170)|HEAP_ALLOCATE|[EXTERNAL]|Bytes:16
10:14:21.11 (11951062)|VARIABLE_SCOPE_BEGIN|[9]|this|ApexPage.pagemessagecomponentcontroller|true|false
10:14:21.11 (12003148)|VARIABLE_ASSIGNMENT|[9]|this|{}|0x5fe16eca
10:14:21.11 (12010704)|VARIABLE_SCOPE_BEGIN|[9]|escape|Boolean|false|false
10:14:21.11 (12018659)|VARIABLE_ASSIGNMENT|[9]|escape|null
10:14:21.12 (12109267)|SYSTEM_MODE_ENTER|true
10:14:21.12 (12144268)|HEAP_ALLOCATE|[EXTERNAL]|Bytes:7
10:14:21.12 (12151691)|HEAP_ALLOCATE|[EXTERNAL]|Bytes:16
10:14:21.12 (27719999)|VARIABLE_ASSIGNMENT|[EXTERNAL]|this.conSeverity|"confirm"|0x5fe16eca
10:14:21.27 (27994909)|SYSTEM_MODE_ENTER|true
10:14:21.27 (28044907)|HEAP_ALLOCATE|[EXTERNAL]|Bytes:8
10:14:21.27 (28053514)|HEAP_ALLOCATE|[EXTERNAL]|Bytes:16
10:14:21.27 (28067975)|VARIABLE_ASSIGNMENT|[EXTERNAL]|this.conStrength|3|0x5fe16eca
10:14:21.31 (31688371)|SYSTEM_MODE_ENTER|true
10:14:21.31 (31756473)|HEAP_ALLOCATE|[EXTERNAL]|Bytes:16
10:14:21.31 (31770569)|VARIABLE_SCOPE_BEGIN|[9]|this|ApexPage.pagemessagecomponentcontroller|true|false
10:14:21.31 (31809755)|VARIABLE_ASSIGNMENT|[9]|this|{"conSeverity":"confirm","conStrength":3}|0x5fe16eca
10:14:21.31 (31816267)|VARIABLE_SCOPE_BEGIN|[9]|escape|Boolean|false|false
10:14:21.31 (31823195)|VARIABLE_ASSIGNMENT|[9]|escape|null
10:14:21.31 (31896830)|SYSTEM_MODE_ENTER|true
10:14:21.31 (31920622)|HEAP_ALLOCATE|[EXTERNAL]|Bytes:7
10:14:21.31 (31925308)|HEAP_ALLOCATE|[EXTERNAL]|Bytes:16
10:14:21.31 (31934745)|VARIABLE_ASSIGNMENT|[EXTERNAL]|this.conSeverity|"confirm"|0x5fe16eca
10:14:21.31 (31975186)|SYSTEM_MODE_ENTER|true
10:14:21.31 (31990602)|HEAP_ALLOCATE|[EXTERNAL]|Bytes:8
10:14:21.31 (31994358)|HEAP_ALLOCATE|[EXTERNAL]|Bytes:16
10:14:21.31 (32001640)|VARIABLE_ASSIGNMENT|[EXTERNAL]|this.conStrength|3|0x5fe16eca
10:14:21.32 (32124601)|SYSTEM_MODE_ENTER|true
10:14:21.32 (32153266)|HEAP_ALLOCATE|[EXTERNAL]|Bytes:16
10:14:21.32 (32159587)|VARIABLE_SCOPE_BEGIN|[13]|this|ApexPage.pagemessagecomponentcontroller|true|false
10:14:21.32 (32182308)|VARIABLE_ASSIGNMENT|[13]|this|{"conSeverity":"confirm","conStrength":3}|0x5fe16eca
10:14:21.33 (33026232)|SYSTEM_MODE_ENTER|true
10:14:21.33 (33057266)|HEAP_ALLOCATE|[EXTERNAL]|Bytes:16
10:14:21.33 (33065530)|VARIABLE_SCOPE_BEGIN|[5]|this|ApexPage.pagemessagecomponentcontroller|true|false
10:14:21.33 (33091894)|VARIABLE_ASSIGNMENT|[5]|this|{"conSeverity":"confirm","conStrength":3}|0x5fe16eca
10:14:21.36 (36183637)|CUMULATIVE_LIMIT_USAGE
10:14:21.36 (36183637)|LIMIT_USAGE_FOR_NS|(default)|
  Number of SOQL queries: 0 out of 100
  Number of query rows: 0 out of 50000
  Number of SOSL queries: 0 out of 20
  Number of DML statements: 0 out of 150
  Number of DML rows: 0 out of 10000
  Maximum CPU time: 0 out of 10000
  Maximum heap size: 0 out of 6000000
  Number of callouts: 0 out of 100
  Number of Email Invocations: 0 out of 10
  Number of future calls: 0 out of 50
  Number of queueable jobs added to the queue: 0 out of 50
  Number of Mobile Apex push calls: 0 out of 10

10:14:21.36 (36183637)|CUMULATIVE_LIMIT_USAGE_END

10:14:21.0 (36223549)|CODE_UNIT_FINISHED|VF: /apex/ErrorMessage
10:14:21.0 (37114488)|EXECUTION_FINISHED
