36.0 APEX_CODE,FINEST;APEX_PROFILING,INFO;CALLOUT,INFO;DB,INFO;SYSTEM,DEBUG;VALIDATION,INFO;VISUALFORCE,INFO;WAVE,INFO;WORKFLOW,INFO
00:45:15.0 (644379)|USER_INFO|[EXTERNAL]|0051I000000ZTgh|ksb994@gmail.com|Pacific Standard Time|GMT-08:00
00:45:15.0 (697873)|EXECUTION_STARTED
00:45:15.0 (701651)|CODE_UNIT_STARTED|[EXTERNAL]|01p1I00000FRG0E|HelloWorldTest.updateLead
00:45:15.0 (1425390)|HEAP_ALLOCATE|[72]|Bytes:3
00:45:15.0 (1457366)|HEAP_ALLOCATE|[77]|Bytes:152
00:45:15.0 (1475285)|HEAP_ALLOCATE|[342]|Bytes:408
00:45:15.0 (1494586)|HEAP_ALLOCATE|[355]|Bytes:408
00:45:15.0 (1511737)|HEAP_ALLOCATE|[467]|Bytes:48
00:45:15.0 (1539733)|HEAP_ALLOCATE|[139]|Bytes:6
00:45:15.0 (1553334)|HEAP_ALLOCATE|[EXTERNAL]|Bytes:13
00:45:15.0 (1564370)|METHOD_ENTRY|[2]|01p1I00000FRG0E|HelloWorldTest.HelloWorldTest()
00:45:15.0 (1570322)|STATEMENT_EXECUTE|[2]
00:45:15.0 (1574893)|STATEMENT_EXECUTE|[2]
00:45:15.0 (1578708)|METHOD_EXIT|[2]|HelloWorldTest
00:45:15.0 (1611414)|HEAP_ALLOCATE|[50]|Bytes:5
00:45:15.0 (1632358)|HEAP_ALLOCATE|[56]|Bytes:5
00:45:15.0 (1640759)|HEAP_ALLOCATE|[64]|Bytes:7
00:45:15.0 (1672003)|STATEMENT_EXECUTE|[4]
00:45:15.0 (1673521)|STATEMENT_EXECUTE|[6]
00:45:15.0 (1713493)|HEAP_ALLOCATE|[6]|Bytes:4
00:45:15.0 (1807242)|VARIABLE_SCOPE_BEGIN|[6]|myLead|Lead|true|false
00:45:15.0 (1842875)|VARIABLE_ASSIGNMENT|[6]|myLead|{}|0x299fcdb2
00:45:15.0 (1849333)|STATEMENT_EXECUTE|[7]
00:45:15.0 (1852015)|HEAP_ALLOCATE|[7]|Bytes:5
00:45:15.0 (2719019)|VARIABLE_ASSIGNMENT|[7]|this.FirstName|"Hello"|0x299fcdb2
00:45:15.0 (2728174)|STATEMENT_EXECUTE|[8]
00:45:15.0 (2731698)|HEAP_ALLOCATE|[8]|Bytes:5
00:45:15.0 (2752899)|VARIABLE_ASSIGNMENT|[8]|this.LastName|"World"|0x299fcdb2
00:45:15.0 (2762619)|STATEMENT_EXECUTE|[9]
00:45:15.0 (2764599)|HEAP_ALLOCATE|[9]|Bytes:6
00:45:15.0 (2782741)|VARIABLE_ASSIGNMENT|[9]|this.Company|"Google"|0x299fcdb2
00:45:15.0 (2787461)|STATEMENT_EXECUTE|[10]
00:45:15.0 (2789615)|HEAP_ALLOCATE|[10]|Bytes:18
00:45:15.0 (2805304)|VARIABLE_ASSIGNMENT|[10]|this.Status|"Open-Not Contacted"|0x299fcdb2
00:45:15.0 (2809941)|STATEMENT_EXECUTE|[12]
00:45:15.0 (2834923)|HEAP_ALLOCATE|[12]|Bytes:8
00:45:15.0 (2840956)|DML_BEGIN|[12]|Op:Insert|Type:Lead|Rows:1
00:45:15.0 (2860863)|HEAP_ALLOCATE|[EXTERNAL]|Bytes:8
00:45:15.0 (24463915)|CODE_UNIT_STARTED|[EXTERNAL]|DuplicateDetector
00:45:15.0 (24485479)|DUPLICATE_DETECTION_BEGIN
00:45:15.0 (25284706)|DUPLICATE_DETECTION_RULE_INVOCATION|DuplicateRuleId:0Bm1I0000028pMi|DuplicateRuleName:Standard Lead Duplicate Rule|DmlType:INSERT
00:45:15.0 (98354411)|DUPLICATE_DETECTION_MATCH_INVOCATION_DETAILS|EntityType:Lead|ActionTaken:Allow_[Alert,Report]|DuplicateRecordIds:
00:45:15.0 (98382482)|DUPLICATE_DETECTION_MATCH_INVOCATION_SUMMARY|EntityType:Lead|NumRecordsToBeSaved:1|NumRecordsToBeSavedWithDuplicates:0|NumDuplicateRecordsFound:0
00:45:15.0 (98393729)|DUPLICATE_DETECTION_MATCH_INVOCATION_DETAILS|EntityType:Lead|ActionTaken:Allow_[Alert,Report]|DuplicateRecordIds:
00:45:15.0 (98399274)|DUPLICATE_DETECTION_MATCH_INVOCATION_SUMMARY|EntityType:Lead|NumRecordsToBeSaved:1|NumRecordsToBeSavedWithDuplicates:0|NumDuplicateRecordsFound:0
00:45:15.0 (98524868)|DUPLICATE_DETECTION_END
00:45:15.0 (98533967)|CODE_UNIT_FINISHED|DuplicateDetector
00:45:15.0 (121468834)|CODE_UNIT_STARTED|[EXTERNAL]|Workflow:Lead
00:45:15.0 (126844310)|WF_RULE_EVAL_BEGIN|Assignment
00:45:15.0 (126859597)|WF_SPOOL_ACTION_BEGIN|Assignment
00:45:15.0 (126867770)|WF_ACTION|.
00:45:15.0 (126871969)|WF_RULE_EVAL_END
00:45:15.0 (126908909)|WF_ACTIONS_END| None
00:45:15.0 (126919442)|CODE_UNIT_FINISHED|Workflow:Lead
00:45:15.0 (128013169)|DML_END|[12]
00:45:15.128 (128054001)|CUMULATIVE_LIMIT_USAGE
00:45:15.128 (128054001)|LIMIT_USAGE_FOR_NS|(default)|
  Number of SOQL queries: 0 out of 100
  Number of query rows: 0 out of 50000
  Number of SOSL queries: 0 out of 20
  Number of DML statements: 1 out of 150
  Number of DML rows: 1 out of 10000
  Maximum CPU time: 0 out of 10000
  Maximum heap size: 0 out of 6000000
  Number of callouts: 0 out of 100
  Number of Email Invocations: 0 out of 10
  Number of future calls: 0 out of 50
  Number of queueable jobs added to the queue: 0 out of 50
  Number of Mobile Apex push calls: 0 out of 10

00:45:15.128 (128054001)|CUMULATIVE_LIMIT_USAGE_END

00:45:15.0 (128097524)|CODE_UNIT_FINISHED|HelloWorldTest.updateLead
00:45:15.0 (128829854)|EXECUTION_FINISHED
00:45:15.196 (196823035)|USER_INFO|[EXTERNAL]|0051I000000ZTgh|ksb994@gmail.com|Pacific Standard Time|GMT-08:00
00:45:15.196 (196847430)|EXECUTION_STARTED
00:45:15.196 (196852174)|CODE_UNIT_STARTED|[EXTERNAL]|DuplicateDetector
00:45:15.196 (196864161)|DUPLICATE_DETECTION_BEGIN
00:45:15.196 (196938311)|DUPLICATE_DETECTION_RULE_INVOCATION|DuplicateRuleId:0Bm1I0000028pMi|DuplicateRuleName:Standard Lead Duplicate Rule|DmlType:INSERT
00:45:15.196 (203794531)|DUPLICATE_DETECTION_END
00:45:15.196 (203801404)|CODE_UNIT_FINISHED|DuplicateDetector
00:45:15.196 (204479287)|EXECUTION_FINISHED
