36.0 APEX_CODE,FINEST;APEX_PROFILING,INFO;CALLOUT,INFO;DB,INFO;SYSTEM,DEBUG;VALIDATION,INFO;VISUALFORCE,INFO;WAVE,INFO;WORKFLOW,INFO
00:46:52.0 (723904)|USER_INFO|[EXTERNAL]|0051I000000ZTgh|ksb994@gmail.com|Pacific Standard Time|GMT-08:00
00:46:52.0 (782329)|EXECUTION_STARTED
00:46:52.0 (786718)|CODE_UNIT_STARTED|[EXTERNAL]|01p1I00000FRG0E|HelloWorldTest.updateLead
00:46:52.0 (1568038)|HEAP_ALLOCATE|[72]|Bytes:3
00:46:52.0 (1631455)|HEAP_ALLOCATE|[77]|Bytes:152
00:46:52.0 (1652357)|HEAP_ALLOCATE|[342]|Bytes:408
00:46:52.0 (1672535)|HEAP_ALLOCATE|[355]|Bytes:408
00:46:52.0 (1689073)|HEAP_ALLOCATE|[467]|Bytes:48
00:46:52.0 (1717557)|HEAP_ALLOCATE|[139]|Bytes:6
00:46:52.0 (1732437)|HEAP_ALLOCATE|[EXTERNAL]|Bytes:13
00:46:52.0 (1765363)|METHOD_ENTRY|[2]|01p1I00000FRG0E|HelloWorldTest.HelloWorldTest()
00:46:52.0 (1771742)|STATEMENT_EXECUTE|[2]
00:46:52.0 (1777229)|STATEMENT_EXECUTE|[2]
00:46:52.0 (1781492)|METHOD_EXIT|[2]|HelloWorldTest
00:46:52.0 (1825976)|HEAP_ALLOCATE|[50]|Bytes:5
00:46:52.0 (1850184)|HEAP_ALLOCATE|[56]|Bytes:5
00:46:52.0 (1858485)|HEAP_ALLOCATE|[64]|Bytes:7
00:46:52.0 (1904181)|STATEMENT_EXECUTE|[4]
00:46:52.0 (1906156)|STATEMENT_EXECUTE|[6]
00:46:52.0 (1962285)|HEAP_ALLOCATE|[6]|Bytes:4
00:46:52.0 (2074006)|VARIABLE_SCOPE_BEGIN|[6]|myLead|Lead|true|false
00:46:52.0 (2108208)|VARIABLE_ASSIGNMENT|[6]|myLead|{}|0x3c4cac13
00:46:52.0 (2114743)|STATEMENT_EXECUTE|[7]
00:46:52.0 (2117765)|HEAP_ALLOCATE|[7]|Bytes:5
00:46:52.0 (3092452)|VARIABLE_ASSIGNMENT|[7]|this.FirstName|"Hello"|0x3c4cac13
00:46:52.0 (3102059)|STATEMENT_EXECUTE|[8]
00:46:52.0 (3106075)|HEAP_ALLOCATE|[8]|Bytes:5
00:46:52.0 (3147691)|VARIABLE_ASSIGNMENT|[8]|this.LastName|"World"|0x3c4cac13
00:46:52.0 (3157177)|STATEMENT_EXECUTE|[9]
00:46:52.0 (3160687)|HEAP_ALLOCATE|[9]|Bytes:6
00:46:52.0 (3185419)|VARIABLE_ASSIGNMENT|[9]|this.Company|"Google"|0x3c4cac13
00:46:52.0 (3190744)|STATEMENT_EXECUTE|[10]
00:46:52.0 (3193481)|HEAP_ALLOCATE|[10]|Bytes:18
00:46:52.0 (3211130)|VARIABLE_ASSIGNMENT|[10]|this.Status|"Open-Not Contacted"|0x3c4cac13
00:46:52.0 (3216812)|STATEMENT_EXECUTE|[12]
00:46:52.0 (3248273)|HEAP_ALLOCATE|[12]|Bytes:8
00:46:52.0 (3256865)|DML_BEGIN|[12]|Op:Insert|Type:Lead|Rows:1
00:46:52.0 (3313592)|HEAP_ALLOCATE|[EXTERNAL]|Bytes:8
00:46:52.0 (24653154)|CODE_UNIT_STARTED|[EXTERNAL]|DuplicateDetector
00:46:52.0 (24676785)|DUPLICATE_DETECTION_BEGIN
00:46:52.0 (25453048)|DUPLICATE_DETECTION_RULE_INVOCATION|DuplicateRuleId:0Bm1I0000028pMi|DuplicateRuleName:Standard Lead Duplicate Rule|DmlType:INSERT
00:46:52.0 (49492997)|DUPLICATE_DETECTION_MATCH_INVOCATION_DETAILS|EntityType:Lead|ActionTaken:Allow_[Alert,Report]|DuplicateRecordIds:
00:46:52.0 (49523149)|DUPLICATE_DETECTION_MATCH_INVOCATION_SUMMARY|EntityType:Lead|NumRecordsToBeSaved:1|NumRecordsToBeSavedWithDuplicates:0|NumDuplicateRecordsFound:0
00:46:52.0 (49537988)|DUPLICATE_DETECTION_MATCH_INVOCATION_DETAILS|EntityType:Lead|ActionTaken:Allow_[Alert,Report]|DuplicateRecordIds:
00:46:52.0 (49544707)|DUPLICATE_DETECTION_MATCH_INVOCATION_SUMMARY|EntityType:Lead|NumRecordsToBeSaved:1|NumRecordsToBeSavedWithDuplicates:0|NumDuplicateRecordsFound:0
00:46:52.0 (49721631)|DUPLICATE_DETECTION_END
00:46:52.0 (49729825)|CODE_UNIT_FINISHED|DuplicateDetector
00:46:52.0 (72510851)|CODE_UNIT_STARTED|[EXTERNAL]|Workflow:Lead
00:46:52.0 (76768450)|WF_RULE_EVAL_BEGIN|Assignment
00:46:52.0 (76784756)|WF_SPOOL_ACTION_BEGIN|Assignment
00:46:52.0 (76792689)|WF_ACTION|.
00:46:52.0 (76796969)|WF_RULE_EVAL_END
00:46:52.0 (76841921)|WF_ACTIONS_END| None
00:46:52.0 (76851054)|CODE_UNIT_FINISHED|Workflow:Lead
00:46:52.0 (77713768)|DML_END|[12]
00:46:52.77 (77757404)|CUMULATIVE_LIMIT_USAGE
00:46:52.77 (77757404)|LIMIT_USAGE_FOR_NS|(default)|
  Number of SOQL queries: 0 out of 100
  Number of query rows: 0 out of 50000
  Number of SOSL queries: 0 out of 20
  Number of DML statements: 1 out of 150
  Number of DML rows: 1 out of 10000
  Maximum CPU time: 0 out of 10000
  Maximum heap size: 0 out of 6000000
  Number of callouts: 0 out of 100
  Number of Email Invocations: 0 out of 10
  Number of future calls: 0 out of 50
  Number of queueable jobs added to the queue: 0 out of 50
  Number of Mobile Apex push calls: 0 out of 10

00:46:52.77 (77757404)|CUMULATIVE_LIMIT_USAGE_END

00:46:52.0 (77801376)|CODE_UNIT_FINISHED|HelloWorldTest.updateLead
00:46:52.0 (78541206)|EXECUTION_FINISHED
00:46:52.151 (151780422)|USER_INFO|[EXTERNAL]|0051I000000ZTgh|ksb994@gmail.com|Pacific Standard Time|GMT-08:00
00:46:52.151 (151808248)|EXECUTION_STARTED
00:46:52.151 (151812280)|CODE_UNIT_STARTED|[EXTERNAL]|DuplicateDetector
00:46:52.151 (151824719)|DUPLICATE_DETECTION_BEGIN
00:46:52.151 (151906554)|DUPLICATE_DETECTION_RULE_INVOCATION|DuplicateRuleId:0Bm1I0000028pMi|DuplicateRuleName:Standard Lead Duplicate Rule|DmlType:INSERT
00:46:52.151 (159102220)|DUPLICATE_DETECTION_END
00:46:52.151 (159111681)|CODE_UNIT_FINISHED|DuplicateDetector
00:46:52.151 (159877678)|EXECUTION_FINISHED
