38.0 APEX_CODE,FINEST;APEX_PROFILING,INFO;CALLOUT,INFO;DB,INFO;SYSTEM,DEBUG;VALIDATION,INFO;VISUALFORCE,INFO;WAVE,INFO;WORKFLOW,INFO
07:00:05.0 (354890)|USER_INFO|[EXTERNAL]|0051I000000ZTgh|ksb994@gmail.com|Pacific Standard Time|GMT-08:00
07:00:05.0 (401054)|EXECUTION_STARTED
07:00:05.0 (405973)|CODE_UNIT_STARTED|[EXTERNAL]|01p1I00000FRGWe|batchAccPhoneToConPhone
07:00:05.0 (3174280)|HEAP_ALLOCATE|[EXTERNAL]|Bytes:4
07:00:05.0 (6960829)|HEAP_ALLOCATE|[72]|Bytes:3
07:00:05.0 (7016871)|HEAP_ALLOCATE|[77]|Bytes:152
07:00:05.0 (7039283)|HEAP_ALLOCATE|[342]|Bytes:408
07:00:05.0 (7064398)|HEAP_ALLOCATE|[355]|Bytes:408
07:00:05.0 (7089412)|HEAP_ALLOCATE|[467]|Bytes:48
07:00:05.0 (7125793)|HEAP_ALLOCATE|[139]|Bytes:6
07:00:05.0 (7184227)|HEAP_ALLOCATE|[EXTERNAL]|Bytes:11
07:00:05.0 (7203951)|SYSTEM_METHOD_ENTRY|[15]|BatchableContextImpl.BatchableContextImpl()
07:00:05.0 (7211746)|STATEMENT_EXECUTE|[15]
07:00:05.0 (7224980)|SYSTEM_METHOD_EXIT|[15]|BatchableContextImpl
07:00:05.0 (7234041)|HEAP_ALLOCATE|[EXTERNAL]|Bytes:12
07:00:05.0 (7240926)|HEAP_ALLOCATE|[EXTERNAL]|Bytes:4
07:00:05.0 (7245354)|HEAP_ALLOCATE|[EXTERNAL]|Bytes:4
07:00:05.0 (7254006)|VARIABLE_SCOPE_BEGIN|[31]|this|Database.BatchableContextImpl|true|false
07:00:05.0 (7318691)|VARIABLE_ASSIGNMENT|[31]|this|{}|0x3a8663f1
07:00:05.0 (7329671)|VARIABLE_SCOPE_BEGIN|[31]|jobId|Id|false|false
07:00:05.0 (7453328)|VARIABLE_ASSIGNMENT|[31]|jobId|"7071I00000UEY2hQAH"
07:00:05.0 (7493835)|VARIABLE_SCOPE_BEGIN|[31]|childJobId|Id|false|false
07:00:05.0 (7580935)|VARIABLE_ASSIGNMENT|[31]|childJobId|"7071I00000UEY6mQAH"
07:00:05.0 (18917525)|HEAP_ALLOCATE|[EXTERNAL]|Bytes:104
07:00:05.0 (880952856)|CODE_UNIT_STARTED|[EXTERNAL]|DuplicateDetector
07:00:05.0 (881001473)|DUPLICATE_DETECTION_BEGIN
07:00:05.0 (881089119)|DUPLICATE_DETECTION_RULE_INVOCATION|DuplicateRuleId:0Bm1I0000028pMh|DuplicateRuleName:Standard Contact Duplicate Rule|DmlType:UPDATE
07:00:06.509 (1509449841)|DUPLICATE_DETECTION_MATCH_INVOCATION_DETAILS|EntityId:0031I000006LwIT|ActionTaken:Allow_[Report]|DuplicateRecordIds:
07:00:06.509 (1509490785)|DUPLICATE_DETECTION_MATCH_INVOCATION_DETAILS|EntityId:0031I000003KN1V|ActionTaken:Allow_[Report]|DuplicateRecordIds:
07:00:06.509 (1509504254)|DUPLICATE_DETECTION_MATCH_INVOCATION_DETAILS|EntityId:0031I000003KN1W|ActionTaken:Allow_[Report]|DuplicateRecordIds:
07:00:06.509 (1509521507)|DUPLICATE_DETECTION_MATCH_INVOCATION_SUMMARY|EntityType:Contact|NumRecordsToBeSaved:3|NumRecordsToBeSavedWithDuplicates:0|NumDuplicateRecordsFound:0
07:00:06.509 (1509541995)|DUPLICATE_DETECTION_MATCH_INVOCATION_DETAILS|EntityId:0031I000006LwIT|ActionTaken:Allow_[Report]|DuplicateRecordIds:
07:00:06.509 (1509554282)|DUPLICATE_DETECTION_MATCH_INVOCATION_DETAILS|EntityId:0031I000003KN1V|ActionTaken:Allow_[Report]|DuplicateRecordIds:
07:00:06.509 (1509576481)|DUPLICATE_DETECTION_MATCH_INVOCATION_DETAILS|EntityId:0031I000003KN1W|ActionTaken:Allow_[Report]|DuplicateRecordIds:
07:00:06.509 (1509588710)|DUPLICATE_DETECTION_MATCH_INVOCATION_SUMMARY|EntityType:Contact|NumRecordsToBeSaved:3|NumRecordsToBeSavedWithDuplicates:0|NumDuplicateRecordsFound:0
07:00:06.509 (1509841011)|DUPLICATE_DETECTION_END
07:00:06.509 (1509852006)|CODE_UNIT_FINISHED|DuplicateDetector
07:00:06.520 (1520741208)|CUMULATIVE_LIMIT_USAGE
07:00:06.520 (1520741208)|LIMIT_USAGE_FOR_NS|(default)|
  Number of SOQL queries: 0 out of 200
  Number of query rows: 0 out of 50000
  Number of SOSL queries: 0 out of 20
  Number of DML statements: 0 out of 150
  Number of DML rows: 0 out of 10000
  Maximum CPU time: 0 out of 60000
  Maximum heap size: 0 out of 12000000
  Number of callouts: 0 out of 0
  Number of Email Invocations: 0 out of 10
  Number of future calls: 0 out of 0
  Number of queueable jobs added to the queue: 0 out of 1
  Number of Mobile Apex push calls: 0 out of 10

07:00:06.520 (1520741208)|CUMULATIVE_LIMIT_USAGE_END

07:00:06.509 (1520794913)|CODE_UNIT_FINISHED|batchAccPhoneToConPhone
07:00:06.509 (1521582380)|EXECUTION_FINISHED
