41.0 APEX_CODE,FINEST;APEX_PROFILING,INFO;CALLOUT,INFO;DB,INFO;SYSTEM,DEBUG;VALIDATION,INFO;VISUALFORCE,INFO;WAVE,INFO;WORKFLOW,INFO
12:35:50.0 (298695)|EXECUTION_STARTED
12:35:50.0 (318010)|CODE_UNIT_STARTED|[EXTERNAL]|VisualForce View State
12:35:50.0 (4185773)|HEAP_ALLOCATE|[72]|Bytes:3
12:35:50.0 (4236268)|HEAP_ALLOCATE|[77]|Bytes:152
12:35:50.0 (4253382)|HEAP_ALLOCATE|[342]|Bytes:408
12:35:50.0 (4268383)|HEAP_ALLOCATE|[355]|Bytes:408
12:35:50.0 (4282157)|HEAP_ALLOCATE|[467]|Bytes:48
12:35:50.0 (4309652)|HEAP_ALLOCATE|[139]|Bytes:6
12:35:50.0 (4334492)|HEAP_ALLOCATE|[50]|Bytes:5
12:35:50.0 (4356989)|HEAP_ALLOCATE|[56]|Bytes:5
12:35:50.0 (4363842)|HEAP_ALLOCATE|[64]|Bytes:7
12:35:50.0 (5263000)|CODE_UNIT_FINISHED|VisualForce View State
12:35:50.0 (6054908)|EXECUTION_FINISHED
12:35:50.7 (7058684)|SYSTEM_MODE_ENTER|true
12:35:50.7 (7129574)|HEAP_ALLOCATE|[EXTERNAL]|Bytes:400
12:35:50.7 (7140064)|HEAP_ALLOCATE|[EXTERNAL]|Bytes:231
12:35:50.7 (7151038)|SYSTEM_METHOD_ENTRY|[6]|FlowDefinitionController.FlowDefinitionController()
12:35:50.7 (7156149)|STATEMENT_EXECUTE|[6]
12:35:50.9 (9834333)|CUMULATIVE_LIMIT_USAGE
12:35:50.9 (9834333)|LIMIT_USAGE_FOR_NS|(default)|
  Number of SOQL queries: 0 out of 100
  Number of query rows: 0 out of 50000
  Number of SOSL queries: 0 out of 20
  Number of DML statements: 0 out of 150
  Number of DML rows: 0 out of 10000
  Maximum CPU time: 0 out of 10000
  Maximum heap size: 0 out of 6000000
  Number of callouts: 0 out of 100
  Number of Email Invocations: 0 out of 10
  Number of future calls: 0 out of 50
  Number of queueable jobs added to the queue: 0 out of 50
  Number of Mobile Apex push calls: 0 out of 10

12:35:50.9 (9834333)|CUMULATIVE_LIMIT_USAGE_END

