41.0 APEX_CODE,FINEST;APEX_PROFILING,INFO;CALLOUT,INFO;DB,INFO;SYSTEM,DEBUG;VALIDATION,INFO;VISUALFORCE,INFO;WAVE,INFO;WORKFLOW,INFO
10:15:49.0 (266674)|EXECUTION_STARTED
10:15:49.0 (291481)|CODE_UNIT_STARTED|[EXTERNAL]|VisualForce View State
10:15:49.0 (7553938)|CODE_UNIT_FINISHED|VisualForce View State
10:15:49.0 (8310605)|EXECUTION_FINISHED
10:15:49.13 (13771650)|HEAP_ALLOCATE|[EXTERNAL]|Bytes:-4
10:15:49.14 (14427364)|HEAP_ALLOCATE|[EXTERNAL]|Bytes:-4
10:15:49.106 (106484383)|VF_PAGE_MESSAGE|Compile Error: Invalid constructor name: BatchPostalCode at line 5 column 12
10:15:49.106 (116534927)|VF_SERIALIZE_VIEWSTATE_BEGIN|
10:15:49.106 (120625145)|VF_SERIALIZE_VIEWSTATE_END
10:15:49.126 (126630954)|CUMULATIVE_LIMIT_USAGE
10:15:49.126 (126630954)|LIMIT_USAGE_FOR_NS|(default)|
  Number of SOQL queries: 0 out of 100
  Number of query rows: 0 out of 50000
  Number of SOSL queries: 0 out of 20
  Number of DML statements: 0 out of 150
  Number of DML rows: 0 out of 10000
  Maximum CPU time: 0 out of 10000
  Maximum heap size: 0 out of 6000000
  Number of callouts: 0 out of 100
  Number of Email Invocations: 0 out of 10
  Number of future calls: 0 out of 50
  Number of queueable jobs added to the queue: 0 out of 50
  Number of Mobile Apex push calls: 0 out of 10

10:15:49.126 (126630954)|CUMULATIVE_LIMIT_USAGE_END

