41.0 APEX_CODE,FINEST;APEX_PROFILING,INFO;CALLOUT,INFO;DB,INFO;SYSTEM,DEBUG;VALIDATION,INFO;VISUALFORCE,INFO;WAVE,INFO;WORKFLOW,INFO
09:58:53.0 (281073)|USER_INFO|[EXTERNAL]|0051I000000ZTgh|ksb994@gmail.com|Pacific Standard Time|GMT-08:00
09:58:53.0 (321241)|EXECUTION_STARTED
09:58:53.0 (325439)|CODE_UNIT_STARTED|[EXTERNAL]|0661I0000035eNE|VF: /apex/ErrorMessage
09:58:53.13 (13901398)|CUMULATIVE_LIMIT_USAGE
09:58:53.13 (13901398)|LIMIT_USAGE_FOR_NS|(default)|
  Number of SOQL queries: 0 out of 100
  Number of query rows: 0 out of 50000
  Number of SOSL queries: 0 out of 20
  Number of DML statements: 0 out of 150
  Number of DML rows: 0 out of 10000
  Maximum CPU time: 0 out of 10000
  Maximum heap size: 0 out of 6000000
  Number of callouts: 0 out of 100
  Number of Email Invocations: 0 out of 10
  Number of future calls: 0 out of 50
  Number of queueable jobs added to the queue: 0 out of 50
  Number of Mobile Apex push calls: 0 out of 10

09:58:53.13 (13901398)|CUMULATIVE_LIMIT_USAGE_END

09:58:53.0 (13938641)|CODE_UNIT_FINISHED|VF: /apex/ErrorMessage
09:58:53.0 (15121690)|EXECUTION_FINISHED
