41.0 APEX_CODE,FINEST;APEX_PROFILING,INFO;CALLOUT,INFO;DB,INFO;SYSTEM,DEBUG;VALIDATION,INFO;VISUALFORCE,INFO;WAVE,INFO;WORKFLOW,INFO
00:42:49.0 (334867)|EXECUTION_STARTED
00:42:49.0 (359149)|CODE_UNIT_STARTED|[EXTERNAL]|VisualForce View State
00:42:49.0 (7609084)|CODE_UNIT_FINISHED|VisualForce View State
00:42:49.0 (8541584)|EXECUTION_FINISHED
00:42:49.33 (33254839)|HEAP_ALLOCATE|[EXTERNAL]|Bytes:-4
00:42:49.34 (34025920)|HEAP_ALLOCATE|[EXTERNAL]|Bytes:-4
00:42:49.271 (271254028)|VF_SERIALIZE_VIEWSTATE_BEGIN|
00:42:49.271 (275730409)|VF_SERIALIZE_VIEWSTATE_END
00:42:49.281 (281736748)|CUMULATIVE_LIMIT_USAGE
00:42:49.281 (281736748)|LIMIT_USAGE_FOR_NS|(default)|
  Number of SOQL queries: 0 out of 100
  Number of query rows: 0 out of 50000
  Number of SOSL queries: 0 out of 20
  Number of DML statements: 0 out of 150
  Number of DML rows: 0 out of 10000
  Maximum CPU time: 0 out of 10000
  Maximum heap size: 0 out of 6000000
  Number of callouts: 0 out of 100
  Number of Email Invocations: 0 out of 10
  Number of future calls: 0 out of 50
  Number of queueable jobs added to the queue: 0 out of 50
  Number of Mobile Apex push calls: 0 out of 10

00:42:49.281 (281736748)|CUMULATIVE_LIMIT_USAGE_END

