41.0 APEX_CODE,FINEST;APEX_PROFILING,INFO;CALLOUT,INFO;DB,INFO;SYSTEM,DEBUG;VALIDATION,INFO;VISUALFORCE,INFO;WAVE,INFO;WORKFLOW,INFO
10:29:24.0 (386723)|USER_INFO|[EXTERNAL]|0051I000000ZTgh|ksb994@gmail.com|Pacific Standard Time|GMT-08:00
10:29:24.0 (425301)|EXECUTION_STARTED
10:29:24.0 (429270)|CODE_UNIT_STARTED|[EXTERNAL]|VisualForce View State
10:29:24.0 (161379028)|HEAP_ALLOCATE|[72]|Bytes:3
10:29:24.0 (161440050)|HEAP_ALLOCATE|[77]|Bytes:152
10:29:24.0 (161460284)|HEAP_ALLOCATE|[342]|Bytes:408
10:29:24.0 (161472880)|HEAP_ALLOCATE|[355]|Bytes:408
10:29:24.0 (161483432)|HEAP_ALLOCATE|[467]|Bytes:48
10:29:24.0 (161511716)|HEAP_ALLOCATE|[139]|Bytes:6
10:29:24.0 (161535966)|HEAP_ALLOCATE|[50]|Bytes:5
10:29:24.0 (161558016)|HEAP_ALLOCATE|[56]|Bytes:5
10:29:24.0 (161565177)|HEAP_ALLOCATE|[64]|Bytes:7
10:29:24.0 (163064182)|CODE_UNIT_FINISHED|VisualForce View State
10:29:24.0 (164120415)|EXECUTION_FINISHED
10:29:24.165 (165451876)|USER_INFO|[EXTERNAL]|0051I000000ZTgh|ksb994@gmail.com|Pacific Standard Time|GMT-08:00
10:29:24.165 (165505666)|SYSTEM_MODE_ENTER|true
10:29:24.165 (165567658)|HEAP_ALLOCATE|[EXTERNAL]|Bytes:38
10:29:24.165 (165575584)|HEAP_ALLOCATE|[EXTERNAL]|Bytes:7
10:29:24.165 (165585295)|SYSTEM_METHOD_ENTRY|[1]|PageMessagesComponentController.PageMessagesComponentController()
10:29:24.165 (165590715)|STATEMENT_EXECUTE|[1]
10:29:24.539 (539793690)|CUMULATIVE_LIMIT_USAGE
10:29:24.539 (539793690)|LIMIT_USAGE_FOR_NS|(default)|
  Number of SOQL queries: 0 out of 100
  Number of query rows: 0 out of 50000
  Number of SOSL queries: 0 out of 20
  Number of DML statements: 0 out of 150
  Number of DML rows: 0 out of 10000
  Maximum CPU time: 0 out of 10000
  Maximum heap size: 0 out of 6000000
  Number of callouts: 0 out of 100
  Number of Email Invocations: 0 out of 10
  Number of future calls: 0 out of 50
  Number of queueable jobs added to the queue: 0 out of 50
  Number of Mobile Apex push calls: 0 out of 10

10:29:24.539 (539793690)|CUMULATIVE_LIMIT_USAGE_END

