36.0 APEX_CODE,FINEST;APEX_PROFILING,INFO;CALLOUT,INFO;DB,INFO;SYSTEM,DEBUG;VALIDATION,INFO;VISUALFORCE,INFO;WAVE,INFO;WORKFLOW,INFO
00:51:30.0 (769124)|USER_INFO|[EXTERNAL]|0051I000000ZTgh|ksb994@gmail.com|Pacific Standard Time|GMT-08:00
00:51:30.0 (857945)|EXECUTION_STARTED
00:51:30.0 (862875)|CODE_UNIT_STARTED|[EXTERNAL]|01p1I00000FRG0E|HelloWorldTest.updateLead
00:51:30.0 (1626732)|HEAP_ALLOCATE|[72]|Bytes:3
00:51:30.0 (1649150)|HEAP_ALLOCATE|[77]|Bytes:152
00:51:30.0 (1661850)|HEAP_ALLOCATE|[342]|Bytes:408
00:51:30.0 (1678435)|HEAP_ALLOCATE|[355]|Bytes:408
00:51:30.0 (1696630)|HEAP_ALLOCATE|[467]|Bytes:48
00:51:30.0 (1718823)|HEAP_ALLOCATE|[139]|Bytes:6
00:51:30.0 (1730484)|HEAP_ALLOCATE|[EXTERNAL]|Bytes:19
00:51:30.0 (1765397)|METHOD_ENTRY|[2]|01p1I00000FRG0E|HelloWorldTest.HelloWorldTest()
00:51:30.0 (1771919)|STATEMENT_EXECUTE|[2]
00:51:30.0 (1778073)|STATEMENT_EXECUTE|[2]
00:51:30.0 (1781356)|METHOD_EXIT|[2]|HelloWorldTest
00:51:30.0 (1815158)|HEAP_ALLOCATE|[50]|Bytes:5
00:51:30.0 (1830001)|HEAP_ALLOCATE|[56]|Bytes:5
00:51:30.0 (1852530)|HEAP_ALLOCATE|[64]|Bytes:7
00:51:30.0 (1886813)|STATEMENT_EXECUTE|[4]
00:51:30.0 (1888538)|STATEMENT_EXECUTE|[6]
00:51:30.0 (1941531)|HEAP_ALLOCATE|[6]|Bytes:4
00:51:30.0 (2032184)|VARIABLE_SCOPE_BEGIN|[6]|myLead|Lead|true|false
00:51:30.0 (2063678)|VARIABLE_ASSIGNMENT|[6]|myLead|{}|0x5b44cdb0
00:51:30.0 (2087290)|STATEMENT_EXECUTE|[7]
00:51:30.0 (2090282)|HEAP_ALLOCATE|[7]|Bytes:5
00:51:30.0 (3067241)|VARIABLE_ASSIGNMENT|[7]|this.FirstName|"Hello"|0x5b44cdb0
00:51:30.0 (3077934)|STATEMENT_EXECUTE|[8]
00:51:30.0 (3082188)|HEAP_ALLOCATE|[8]|Bytes:5
00:51:30.0 (3105047)|VARIABLE_ASSIGNMENT|[8]|this.LastName|"World"|0x5b44cdb0
00:51:30.0 (3110479)|STATEMENT_EXECUTE|[9]
00:51:30.0 (3113415)|HEAP_ALLOCATE|[9]|Bytes:6
00:51:30.0 (3131531)|VARIABLE_ASSIGNMENT|[9]|this.Company|"Google"|0x5b44cdb0
00:51:30.0 (3137237)|STATEMENT_EXECUTE|[10]
00:51:30.0 (3139751)|HEAP_ALLOCATE|[10]|Bytes:18
00:51:30.0 (3160064)|VARIABLE_ASSIGNMENT|[10]|this.Status|"Open-Not Contacted"|0x5b44cdb0
00:51:30.0 (3165637)|STATEMENT_EXECUTE|[12]
00:51:30.0 (3195143)|HEAP_ALLOCATE|[12]|Bytes:8
00:51:30.0 (3202817)|DML_BEGIN|[12]|Op:Insert|Type:Lead|Rows:1
00:51:30.0 (3224920)|HEAP_ALLOCATE|[EXTERNAL]|Bytes:8
00:51:30.0 (29692302)|CODE_UNIT_STARTED|[EXTERNAL]|DuplicateDetector
00:51:30.0 (29726875)|DUPLICATE_DETECTION_BEGIN
00:51:30.0 (30937358)|DUPLICATE_DETECTION_RULE_INVOCATION|DuplicateRuleId:0Bm1I0000028pMi|DuplicateRuleName:Standard Lead Duplicate Rule|DmlType:INSERT
00:51:30.0 (57103223)|DUPLICATE_DETECTION_MATCH_INVOCATION_DETAILS|EntityType:Lead|ActionTaken:Allow_[Alert,Report]|DuplicateRecordIds:
00:51:30.0 (57124205)|DUPLICATE_DETECTION_MATCH_INVOCATION_SUMMARY|EntityType:Lead|NumRecordsToBeSaved:1|NumRecordsToBeSavedWithDuplicates:0|NumDuplicateRecordsFound:0
00:51:30.0 (57138853)|DUPLICATE_DETECTION_MATCH_INVOCATION_DETAILS|EntityType:Lead|ActionTaken:Allow_[Alert,Report]|DuplicateRecordIds:
00:51:30.0 (57145185)|DUPLICATE_DETECTION_MATCH_INVOCATION_SUMMARY|EntityType:Lead|NumRecordsToBeSaved:1|NumRecordsToBeSavedWithDuplicates:0|NumDuplicateRecordsFound:0
00:51:30.0 (57309658)|DUPLICATE_DETECTION_END
00:51:30.0 (57317785)|CODE_UNIT_FINISHED|DuplicateDetector
00:51:30.0 (83340341)|CODE_UNIT_STARTED|[EXTERNAL]|Workflow:Lead
00:51:30.0 (88931636)|WF_RULE_EVAL_BEGIN|Assignment
00:51:30.0 (88956235)|WF_SPOOL_ACTION_BEGIN|Assignment
00:51:30.0 (88968400)|WF_ACTION|.
00:51:30.0 (88975861)|WF_RULE_EVAL_END
00:51:30.0 (89026169)|WF_ACTIONS_END| None
00:51:30.0 (89040212)|CODE_UNIT_FINISHED|Workflow:Lead
00:51:30.0 (90151113)|DML_END|[12]
00:51:30.0 (90183680)|STATEMENT_EXECUTE|[14]
00:51:30.0 (90193890)|HEAP_ALLOCATE|[14]|Bytes:9
00:51:30.0 (90267105)|VARIABLE_ASSIGNMENT|[14]|this.Company|"Microsoft"|0x5b44cdb0
00:51:30.0 (90280430)|STATEMENT_EXECUTE|[15]
00:51:30.0 (90321353)|HEAP_ALLOCATE|[15]|Bytes:8
00:51:30.0 (90333832)|DML_BEGIN|[15]|Op:Update|Type:Lead|Rows:1
00:51:30.0 (90363766)|HEAP_ALLOCATE|[EXTERNAL]|Bytes:8
00:51:30.0 (98261754)|CODE_UNIT_STARTED|[EXTERNAL]|01q1I000000Bnup|HelloWorld on Lead trigger event BeforeUpdate for [00Q1I000004MbiB]
00:51:30.0 (98306452)|HEAP_ALLOCATE|[EXTERNAL]|Bytes:8
00:51:30.0 (98337641)|HEAP_ALLOCATE|[EXTERNAL]|Bytes:8
00:51:30.0 (98430915)|HEAP_ALLOCATE|[EXTERNAL]|Bytes:4
00:51:30.0 (98442643)|VARIABLE_SCOPE_BEGIN|[1]|this|HelloWorld|true|false
00:51:30.0 (98516069)|VARIABLE_ASSIGNMENT|[1]|this|{}|0x5301b0ef
00:51:30.0 (98559706)|HEAP_ALLOCATE|[EXTERNAL]|Bytes:4
00:51:30.0 (98566998)|VARIABLE_SCOPE_BEGIN|[1]|this|HelloWorld|true|false
00:51:30.0 (98578722)|VARIABLE_ASSIGNMENT|[1]|this|{}|0x5301b0ef
00:51:30.0 (98585851)|STATEMENT_EXECUTE|[1]
00:51:30.0 (98834069)|HEAP_ALLOCATE|[3]|Bytes:5
00:51:30.0 (98867939)|HEAP_ALLOCATE|[3]|Bytes:4
00:51:30.0 (98877717)|VARIABLE_SCOPE_BEGIN|[3]|l|Lead|true|false
00:51:30.0 (99285727)|VARIABLE_ASSIGNMENT|[3]|l|{"Status":"Open-Not Contacted","LastModifiedDate":"2017-12-15T08:51:30.000Z","Company":"Microsoft","IsDeleted":false,"DoNotCall":false,"IsConverted":false,"FirstName":"Hello","IsUnreadByOwner":true,"HasOptedOutOfEmail":false,"HasOptedOutOfFax":false,"SystemModstamp":"2017-12-15T08:51:30.000Z","CleanStatus":"Pending","CreatedById":"0051I000000ZTghQAG","CreatedByID":"0051I000000ZTghQAG","OwnerId":"0051I000000ZTghQAG","CreatedDate":"2017-12-15T08:51:30.000Z","Id":"00Q1I000004MbiBUAS","LastName":"World","LastModifiedByID":"0051I000000ZTghQAG","LastModifiedById":"0051I000000ZTghQAG","LastTransferDate":"2017-12-15T08:51:30.000Z"}|0x409709c7
00:51:30.0 (99320568)|STATEMENT_EXECUTE|[3]
00:51:30.0 (99322622)|STATEMENT_EXECUTE|[4]
00:51:30.0 (99504217)|VARIABLE_ASSIGNMENT|[4]|this.FirstName|"Hello"|0x409709c7
00:51:30.0 (99512019)|STATEMENT_EXECUTE|[5]
00:51:30.0 (99664502)|VARIABLE_ASSIGNMENT|[5]|this.LastName|"World"|0x409709c7
00:51:30.0 (99683577)|HEAP_ALLOCATE|[3]|Bytes:5
00:51:30.0 (99696586)|VARIABLE_ASSIGNMENT|[3]|l|null|
00:51:30.99 (99705842)|CUMULATIVE_LIMIT_USAGE
00:51:30.99 (99705842)|LIMIT_USAGE_FOR_NS|(default)|
  Number of SOQL queries: 0 out of 100
  Number of query rows: 0 out of 50000
  Number of SOSL queries: 0 out of 20
  Number of DML statements: 2 out of 150
  Number of DML rows: 2 out of 10000
  Maximum CPU time: 0 out of 10000
  Maximum heap size: 0 out of 6000000
  Number of callouts: 0 out of 100
  Number of Email Invocations: 0 out of 10
  Number of future calls: 0 out of 50
  Number of queueable jobs added to the queue: 0 out of 50
  Number of Mobile Apex push calls: 0 out of 10

00:51:30.99 (99705842)|CUMULATIVE_LIMIT_USAGE_END

00:51:30.0 (101023719)|CODE_UNIT_FINISHED|HelloWorld on Lead trigger event BeforeUpdate for [00Q1I000004MbiB]
00:51:30.0 (126433823)|CODE_UNIT_STARTED|[EXTERNAL]|01q1I000000Bnuu|HelloWorldMM on Lead trigger event BeforeUpdate for [00Q1I000004MbiB]
00:51:30.0 (126476435)|HEAP_ALLOCATE|[EXTERNAL]|Bytes:8
00:51:30.0 (126487137)|HEAP_ALLOCATE|[EXTERNAL]|Bytes:8
00:51:30.0 (126575236)|HEAP_ALLOCATE|[EXTERNAL]|Bytes:4
00:51:30.0 (126588828)|VARIABLE_SCOPE_BEGIN|[1]|this|HelloWorldMM|true|false
00:51:30.0 (126634627)|VARIABLE_ASSIGNMENT|[1]|this|{}|0x5e83352b
00:51:30.0 (126678074)|HEAP_ALLOCATE|[EXTERNAL]|Bytes:4
00:51:30.0 (126716482)|VARIABLE_SCOPE_BEGIN|[1]|this|HelloWorldMM|true|false
00:51:30.0 (126730178)|VARIABLE_ASSIGNMENT|[1]|this|{}|0x5e83352b
00:51:30.0 (126738659)|STATEMENT_EXECUTE|[1]
00:51:30.0 (126822994)|HEAP_ALLOCATE|[3]|Bytes:5
00:51:30.0 (126841189)|HEAP_ALLOCATE|[3]|Bytes:4
00:51:30.0 (126850674)|VARIABLE_SCOPE_BEGIN|[3]|l|Lead|true|false
00:51:30.0 (127246855)|VARIABLE_ASSIGNMENT|[3]|l|{"Status":"Open-Not Contacted","LastModifiedDate":"2017-12-15T08:51:30.000Z","Company":"Microsoft","IsDeleted":false,"DoNotCall":false,"IsConverted":false,"FirstName":"Hello","IsUnreadByOwner":true,"HasOptedOutOfEmail":false,"HasOptedOutOfFax":false,"SystemModstamp":"2017-12-15T08:51:30.000Z","CleanStatus":"Pending","CreatedById":"0051I000000ZTghQAG","CreatedByID":"0051I000000ZTghQAG","OwnerId":"0051I000000ZTghQAG","CreatedDate":"2017-12-15T08:51:30.000Z","Id":"00Q1I000004MbiBUAS","LastName":"World","LastModifiedByID":"0051I000000ZTghQAG","LastModifiedById":"0051I000000ZTghQAG","LastTransferDate":"2017-12-15T08:51:30.000Z"}|0x5a6402a0
00:51:30.0 (127262809)|STATEMENT_EXECUTE|[3]
00:51:30.0 (127264717)|STATEMENT_EXECUTE|[4]
00:51:30.0 (127449065)|VARIABLE_ASSIGNMENT|[4]|this.FirstName|"Hello"|0x5a6402a0
00:51:30.0 (127456259)|STATEMENT_EXECUTE|[5]
00:51:30.0 (127617262)|VARIABLE_ASSIGNMENT|[5]|this.LastName|"World"|0x5a6402a0
00:51:30.0 (127636541)|HEAP_ALLOCATE|[3]|Bytes:5
00:51:30.0 (127650127)|VARIABLE_ASSIGNMENT|[3]|l|null|
00:51:30.127 (127658644)|CUMULATIVE_LIMIT_USAGE
00:51:30.127 (127658644)|LIMIT_USAGE_FOR_NS|(default)|
  Number of SOQL queries: 0 out of 100
  Number of query rows: 0 out of 50000
  Number of SOSL queries: 0 out of 20
  Number of DML statements: 2 out of 150
  Number of DML rows: 2 out of 10000
  Maximum CPU time: 0 out of 10000
  Maximum heap size: 0 out of 6000000
  Number of callouts: 0 out of 100
  Number of Email Invocations: 0 out of 10
  Number of future calls: 0 out of 50
  Number of queueable jobs added to the queue: 0 out of 50
  Number of Mobile Apex push calls: 0 out of 10

00:51:30.127 (127658644)|CUMULATIVE_LIMIT_USAGE_END

00:51:30.0 (129018973)|CODE_UNIT_FINISHED|HelloWorldMM on Lead trigger event BeforeUpdate for [00Q1I000004MbiB]
00:51:30.0 (129485131)|CODE_UNIT_STARTED|[EXTERNAL]|DuplicateDetector
00:51:30.0 (129498325)|DUPLICATE_DETECTION_BEGIN
00:51:30.0 (129565198)|DUPLICATE_DETECTION_RULE_INVOCATION|DuplicateRuleId:0Bm1I0000028pMi|DuplicateRuleName:Standard Lead Duplicate Rule|DmlType:UPDATE
00:51:30.0 (129602306)|DUPLICATE_DETECTION_END
00:51:30.0 (129605493)|CODE_UNIT_FINISHED|DuplicateDetector
00:51:30.0 (138973017)|CODE_UNIT_STARTED|[EXTERNAL]|Workflow:Lead
00:51:30.0 (142057793)|WF_RULE_EVAL_BEGIN|Assignment
00:51:30.0 (142071848)|WF_SPOOL_ACTION_BEGIN|Assignment
00:51:30.0 (142079731)|WF_ACTION|.
00:51:30.0 (142085220)|WF_RULE_EVAL_END
00:51:30.0 (142121910)|WF_ACTIONS_END| None
00:51:30.0 (142128005)|CODE_UNIT_FINISHED|Workflow:Lead
00:51:30.0 (142286454)|DML_END|[15]
00:51:30.142 (142308415)|CUMULATIVE_LIMIT_USAGE
00:51:30.142 (142308415)|LIMIT_USAGE_FOR_NS|(default)|
  Number of SOQL queries: 0 out of 100
  Number of query rows: 0 out of 50000
  Number of SOSL queries: 0 out of 20
  Number of DML statements: 2 out of 150
  Number of DML rows: 2 out of 10000
  Maximum CPU time: 0 out of 10000
  Maximum heap size: 0 out of 6000000
  Number of callouts: 0 out of 100
  Number of Email Invocations: 0 out of 10
  Number of future calls: 0 out of 50
  Number of queueable jobs added to the queue: 0 out of 50
  Number of Mobile Apex push calls: 0 out of 10

00:51:30.142 (142308415)|CUMULATIVE_LIMIT_USAGE_END

00:51:30.0 (142345852)|CODE_UNIT_FINISHED|HelloWorldTest.updateLead
00:51:30.0 (143116633)|EXECUTION_FINISHED
00:51:30.248 (248267901)|USER_INFO|[EXTERNAL]|0051I000000ZTgh|ksb994@gmail.com|Pacific Standard Time|GMT-08:00
00:51:30.248 (248291312)|EXECUTION_STARTED
00:51:30.248 (248294497)|CODE_UNIT_STARTED|[EXTERNAL]|DuplicateDetector
00:51:30.248 (248307396)|DUPLICATE_DETECTION_BEGIN
00:51:30.248 (248380035)|DUPLICATE_DETECTION_RULE_INVOCATION|DuplicateRuleId:0Bm1I0000028pMi|DuplicateRuleName:Standard Lead Duplicate Rule|DmlType:INSERT
00:51:30.248 (256767159)|DUPLICATE_DETECTION_END
00:51:30.248 (256773446)|CODE_UNIT_FINISHED|DuplicateDetector
00:51:30.248 (257465653)|EXECUTION_FINISHED
00:51:30.258 (258223185)|USER_INFO|[EXTERNAL]|0051I000000ZTgh|ksb994@gmail.com|Pacific Standard Time|GMT-08:00
00:51:30.258 (258238836)|EXECUTION_STARTED
00:51:30.258 (258241658)|CODE_UNIT_STARTED|[EXTERNAL]|DuplicateDetector
00:51:30.258 (258250102)|DUPLICATE_DETECTION_BEGIN
00:51:30.258 (258302232)|DUPLICATE_DETECTION_RULE_INVOCATION|DuplicateRuleId:0Bm1I0000028pMi|DuplicateRuleName:Standard Lead Duplicate Rule|DmlType:UPDATE
00:51:30.258 (264615825)|DUPLICATE_DETECTION_END
00:51:30.258 (264621491)|CODE_UNIT_FINISHED|DuplicateDetector
00:51:30.258 (265355270)|EXECUTION_FINISHED
