41.0 APEX_CODE,FINEST;APEX_PROFILING,INFO;CALLOUT,INFO;DB,INFO;SYSTEM,DEBUG;VALIDATION,INFO;VISUALFORCE,INFO;WAVE,INFO;WORKFLOW,INFO
10:29:18.0 (326385)|USER_INFO|[EXTERNAL]|0051I000000ZTgh|ksb994@gmail.com|Pacific Standard Time|GMT-08:00
10:29:18.0 (368549)|EXECUTION_STARTED
10:29:18.0 (373411)|CODE_UNIT_STARTED|[EXTERNAL]|VisualForce View State
10:29:18.0 (191907673)|HEAP_ALLOCATE|[72]|Bytes:3
10:29:18.0 (192011975)|HEAP_ALLOCATE|[77]|Bytes:152
10:29:18.0 (192043570)|HEAP_ALLOCATE|[342]|Bytes:408
10:29:18.0 (192075305)|HEAP_ALLOCATE|[355]|Bytes:408
10:29:18.0 (192099984)|HEAP_ALLOCATE|[467]|Bytes:48
10:29:18.0 (192186424)|HEAP_ALLOCATE|[139]|Bytes:6
10:29:18.0 (192232803)|HEAP_ALLOCATE|[50]|Bytes:5
10:29:18.0 (192266029)|HEAP_ALLOCATE|[56]|Bytes:5
10:29:18.0 (192278336)|HEAP_ALLOCATE|[64]|Bytes:7
10:29:18.0 (194317264)|CODE_UNIT_FINISHED|VisualForce View State
10:29:18.0 (195748535)|EXECUTION_FINISHED
10:29:18.197 (197318148)|USER_INFO|[EXTERNAL]|0051I000000ZTgh|ksb994@gmail.com|Pacific Standard Time|GMT-08:00
10:29:18.197 (197373122)|SYSTEM_MODE_ENTER|true
10:29:18.197 (197436163)|HEAP_ALLOCATE|[EXTERNAL]|Bytes:38
10:29:18.197 (197463192)|HEAP_ALLOCATE|[EXTERNAL]|Bytes:7
10:29:18.197 (197487133)|SYSTEM_METHOD_ENTRY|[1]|PageMessagesComponentController.PageMessagesComponentController()
10:29:18.197 (197492719)|STATEMENT_EXECUTE|[1]
10:29:18.652 (652765959)|CUMULATIVE_LIMIT_USAGE
10:29:18.652 (652765959)|LIMIT_USAGE_FOR_NS|(default)|
  Number of SOQL queries: 0 out of 100
  Number of query rows: 0 out of 50000
  Number of SOSL queries: 0 out of 20
  Number of DML statements: 0 out of 150
  Number of DML rows: 0 out of 10000
  Maximum CPU time: 0 out of 10000
  Maximum heap size: 0 out of 6000000
  Number of callouts: 0 out of 100
  Number of Email Invocations: 0 out of 10
  Number of future calls: 0 out of 50
  Number of queueable jobs added to the queue: 0 out of 50
  Number of Mobile Apex push calls: 0 out of 10

10:29:18.652 (652765959)|CUMULATIVE_LIMIT_USAGE_END

