36.0 APEX_CODE,FINEST;APEX_PROFILING,INFO;CALLOUT,INFO;DB,INFO;SYSTEM,DEBUG;VALIDATION,INFO;VISUALFORCE,INFO;WAVE,INFO;WORKFLOW,INFO
00:40:43.0 (695771)|USER_INFO|[EXTERNAL]|0051I000000ZTgh|ksb994@gmail.com|Pacific Standard Time|GMT-08:00
00:40:43.0 (775546)|EXECUTION_STARTED
00:40:43.0 (780008)|CODE_UNIT_STARTED|[EXTERNAL]|01p1I00000FRG0E|HelloWorldTest.updateLead
00:40:43.0 (1706021)|HEAP_ALLOCATE|[72]|Bytes:3
00:40:43.0 (1769984)|HEAP_ALLOCATE|[77]|Bytes:152
00:40:43.0 (1789161)|HEAP_ALLOCATE|[342]|Bytes:408
00:40:43.0 (1807838)|HEAP_ALLOCATE|[355]|Bytes:408
00:40:43.0 (1825314)|HEAP_ALLOCATE|[467]|Bytes:48
00:40:43.0 (1853407)|HEAP_ALLOCATE|[139]|Bytes:6
00:40:43.0 (1867564)|HEAP_ALLOCATE|[EXTERNAL]|Bytes:13
00:40:43.0 (1917069)|METHOD_ENTRY|[2]|01p1I00000FRG0E|HelloWorldTest.HelloWorldTest()
00:40:43.0 (1923745)|STATEMENT_EXECUTE|[2]
00:40:43.0 (1932866)|STATEMENT_EXECUTE|[2]
00:40:43.0 (1945284)|METHOD_EXIT|[2]|HelloWorldTest
00:40:43.0 (2028267)|HEAP_ALLOCATE|[50]|Bytes:5
00:40:43.0 (2054041)|HEAP_ALLOCATE|[56]|Bytes:5
00:40:43.0 (2063149)|HEAP_ALLOCATE|[64]|Bytes:7
00:40:43.0 (2103563)|STATEMENT_EXECUTE|[4]
00:40:43.0 (2104876)|STATEMENT_EXECUTE|[6]
00:40:43.0 (2150488)|HEAP_ALLOCATE|[6]|Bytes:4
00:40:43.0 (2256532)|VARIABLE_SCOPE_BEGIN|[6]|myLead|Lead|true|false
00:40:43.0 (2420221)|VARIABLE_ASSIGNMENT|[6]|myLead|{}|0x503510f6
00:40:43.0 (2426243)|STATEMENT_EXECUTE|[7]
00:40:43.0 (2429120)|HEAP_ALLOCATE|[7]|Bytes:5
00:40:43.0 (2482647)|VARIABLE_ASSIGNMENT|[7]|this.FirstName|"Hello"|0x503510f6
00:40:43.0 (2489498)|STATEMENT_EXECUTE|[8]
00:40:43.0 (2491627)|HEAP_ALLOCATE|[8]|Bytes:5
00:40:43.0 (2508377)|VARIABLE_ASSIGNMENT|[8]|this.LastName|"World"|0x503510f6
00:40:43.0 (2514084)|STATEMENT_EXECUTE|[9]
00:40:43.0 (2515835)|HEAP_ALLOCATE|[9]|Bytes:6
00:40:43.0 (2531314)|VARIABLE_ASSIGNMENT|[9]|this.Company|"Google"|0x503510f6
00:40:43.0 (2536571)|STATEMENT_EXECUTE|[10]
00:40:43.0 (2538830)|HEAP_ALLOCATE|[10]|Bytes:18
00:40:43.0 (2553139)|VARIABLE_ASSIGNMENT|[10]|this.Status|"Open-Not Contacted"|0x503510f6
00:40:43.0 (2558628)|STATEMENT_EXECUTE|[12]
00:40:43.0 (2584201)|HEAP_ALLOCATE|[12]|Bytes:8
00:40:43.0 (2591713)|DML_BEGIN|[12]|Op:Insert|Type:Lead|Rows:1
00:40:43.0 (2614173)|HEAP_ALLOCATE|[EXTERNAL]|Bytes:8
00:40:43.0 (26683725)|CODE_UNIT_STARTED|[EXTERNAL]|DuplicateDetector
00:40:43.0 (26702813)|DUPLICATE_DETECTION_BEGIN
00:40:43.0 (27416634)|DUPLICATE_DETECTION_RULE_INVOCATION|DuplicateRuleId:0Bm1I0000028pMi|DuplicateRuleName:Standard Lead Duplicate Rule|DmlType:INSERT
00:40:43.0 (51648158)|DUPLICATE_DETECTION_MATCH_INVOCATION_DETAILS|EntityType:Lead|ActionTaken:Allow_[Alert,Report]|DuplicateRecordIds:
00:40:43.0 (51678153)|DUPLICATE_DETECTION_MATCH_INVOCATION_SUMMARY|EntityType:Lead|NumRecordsToBeSaved:1|NumRecordsToBeSavedWithDuplicates:0|NumDuplicateRecordsFound:0
00:40:43.0 (51692245)|DUPLICATE_DETECTION_MATCH_INVOCATION_DETAILS|EntityType:Lead|ActionTaken:Allow_[Alert,Report]|DuplicateRecordIds:
00:40:43.0 (51699609)|DUPLICATE_DETECTION_MATCH_INVOCATION_SUMMARY|EntityType:Lead|NumRecordsToBeSaved:1|NumRecordsToBeSavedWithDuplicates:0|NumDuplicateRecordsFound:0
00:40:43.0 (51867039)|DUPLICATE_DETECTION_END
00:40:43.0 (51878723)|CODE_UNIT_FINISHED|DuplicateDetector
00:40:43.0 (95687951)|CODE_UNIT_STARTED|[EXTERNAL]|Workflow:Lead
00:40:43.0 (105093887)|WF_RULE_EVAL_BEGIN|Assignment
00:40:43.0 (105109615)|WF_SPOOL_ACTION_BEGIN|Assignment
00:40:43.0 (105116842)|WF_ACTION|.
00:40:43.0 (105121954)|WF_RULE_EVAL_END
00:40:43.0 (105159876)|WF_ACTIONS_END| None
00:40:43.0 (105168599)|CODE_UNIT_FINISHED|Workflow:Lead
00:40:43.0 (106807533)|DML_END|[12]
00:40:43.106 (106855787)|CUMULATIVE_LIMIT_USAGE
00:40:43.106 (106855787)|LIMIT_USAGE_FOR_NS|(default)|
  Number of SOQL queries: 0 out of 100
  Number of query rows: 0 out of 50000
  Number of SOSL queries: 0 out of 20
  Number of DML statements: 1 out of 150
  Number of DML rows: 1 out of 10000
  Maximum CPU time: 0 out of 10000
  Maximum heap size: 0 out of 6000000
  Number of callouts: 0 out of 100
  Number of Email Invocations: 0 out of 10
  Number of future calls: 0 out of 50
  Number of queueable jobs added to the queue: 0 out of 50
  Number of Mobile Apex push calls: 0 out of 10

00:40:43.106 (106855787)|CUMULATIVE_LIMIT_USAGE_END

00:40:43.0 (106926383)|CODE_UNIT_FINISHED|HelloWorldTest.updateLead
00:40:43.0 (107692319)|EXECUTION_FINISHED
00:40:43.239 (239907467)|USER_INFO|[EXTERNAL]|0051I000000ZTgh|ksb994@gmail.com|Pacific Standard Time|GMT-08:00
00:40:43.239 (239934490)|EXECUTION_STARTED
00:40:43.239 (239939309)|CODE_UNIT_STARTED|[EXTERNAL]|DuplicateDetector
00:40:43.239 (239952286)|DUPLICATE_DETECTION_BEGIN
00:40:43.239 (240020948)|DUPLICATE_DETECTION_RULE_INVOCATION|DuplicateRuleId:0Bm1I0000028pMi|DuplicateRuleName:Standard Lead Duplicate Rule|DmlType:INSERT
00:40:43.239 (247750483)|DUPLICATE_DETECTION_END
00:40:43.239 (247757558)|CODE_UNIT_FINISHED|DuplicateDetector
00:40:43.239 (248484553)|EXECUTION_FINISHED
