41.0 APEX_CODE,FINEST;APEX_PROFILING,INFO;CALLOUT,INFO;DB,INFO;SYSTEM,DEBUG;VALIDATION,INFO;VISUALFORCE,INFO;WAVE,INFO;WORKFLOW,INFO
10:24:52.0 (287099)|USER_INFO|[EXTERNAL]|0051I000000ZTgh|ksb994@gmail.com|Pacific Standard Time|GMT-08:00
10:24:52.0 (316459)|EXECUTION_STARTED
10:24:52.0 (320191)|CODE_UNIT_STARTED|[EXTERNAL]|0661I0000035eNE|VF: /apex/ErrorMessage
10:24:52.11 (11732531)|SYSTEM_MODE_ENTER|true
10:24:52.11 (11862323)|HEAP_ALLOCATE|[72]|Bytes:3
10:24:52.11 (11901152)|HEAP_ALLOCATE|[77]|Bytes:152
10:24:52.11 (11916632)|HEAP_ALLOCATE|[342]|Bytes:408
10:24:52.11 (11930993)|HEAP_ALLOCATE|[355]|Bytes:408
10:24:52.11 (11944591)|HEAP_ALLOCATE|[467]|Bytes:48
10:24:52.12 (12265251)|SYSTEM_MODE_ENTER|true
10:24:52.12 (12318263)|HEAP_ALLOCATE|[EXTERNAL]|Bytes:16
10:24:52.12 (12327069)|VARIABLE_SCOPE_BEGIN|[9]|this|ApexPage.pagemessagecomponentcontroller|true|false
10:24:52.12 (12385329)|VARIABLE_ASSIGNMENT|[9]|this|{}|0x69b6426b
10:24:52.12 (12392490)|VARIABLE_SCOPE_BEGIN|[9]|escape|Boolean|false|false
10:24:52.12 (12401265)|VARIABLE_ASSIGNMENT|[9]|escape|null
10:24:52.12 (12481982)|SYSTEM_MODE_ENTER|true
10:24:52.12 (12511386)|HEAP_ALLOCATE|[EXTERNAL]|Bytes:5
10:24:52.12 (12516326)|HEAP_ALLOCATE|[EXTERNAL]|Bytes:16
10:24:52.12 (12544005)|VARIABLE_ASSIGNMENT|[EXTERNAL]|this.conSeverity|"error"|0x69b6426b
10:24:52.12 (12605543)|SYSTEM_MODE_ENTER|true
10:24:52.12 (12622964)|HEAP_ALLOCATE|[EXTERNAL]|Bytes:8
10:24:52.12 (12628019)|HEAP_ALLOCATE|[EXTERNAL]|Bytes:16
10:24:52.12 (12636305)|VARIABLE_ASSIGNMENT|[EXTERNAL]|this.conStrength|3|0x69b6426b
10:24:52.15 (15365426)|SYSTEM_MODE_ENTER|true
10:24:52.15 (15409717)|HEAP_ALLOCATE|[EXTERNAL]|Bytes:16
10:24:52.15 (15417277)|VARIABLE_SCOPE_BEGIN|[9]|this|ApexPage.pagemessagecomponentcontroller|true|false
10:24:52.15 (15445011)|VARIABLE_ASSIGNMENT|[9]|this|{"conSeverity":"error","conStrength":3}|0x69b6426b
10:24:52.15 (15450680)|VARIABLE_SCOPE_BEGIN|[9]|escape|Boolean|false|false
10:24:52.15 (15457102)|VARIABLE_ASSIGNMENT|[9]|escape|null
10:24:52.15 (15513935)|SYSTEM_MODE_ENTER|true
10:24:52.15 (15534697)|HEAP_ALLOCATE|[EXTERNAL]|Bytes:5
10:24:52.15 (15539585)|HEAP_ALLOCATE|[EXTERNAL]|Bytes:16
10:24:52.15 (15548459)|VARIABLE_ASSIGNMENT|[EXTERNAL]|this.conSeverity|"error"|0x69b6426b
10:24:52.15 (15588493)|SYSTEM_MODE_ENTER|true
10:24:52.15 (15607467)|HEAP_ALLOCATE|[EXTERNAL]|Bytes:8
10:24:52.15 (15611283)|HEAP_ALLOCATE|[EXTERNAL]|Bytes:16
10:24:52.15 (15619835)|VARIABLE_ASSIGNMENT|[EXTERNAL]|this.conStrength|3|0x69b6426b
10:24:52.15 (15738237)|SYSTEM_MODE_ENTER|true
10:24:52.15 (15765570)|HEAP_ALLOCATE|[EXTERNAL]|Bytes:16
10:24:52.15 (15772124)|VARIABLE_SCOPE_BEGIN|[13]|this|ApexPage.pagemessagecomponentcontroller|true|false
10:24:52.15 (15794399)|VARIABLE_ASSIGNMENT|[13]|this|{"conSeverity":"error","conStrength":3}|0x69b6426b
10:24:52.16 (16373152)|SYSTEM_MODE_ENTER|true
10:24:52.16 (16403559)|HEAP_ALLOCATE|[EXTERNAL]|Bytes:16
10:24:52.16 (16410843)|VARIABLE_SCOPE_BEGIN|[5]|this|ApexPage.pagemessagecomponentcontroller|true|false
10:24:52.16 (16436209)|VARIABLE_ASSIGNMENT|[5]|this|{"conSeverity":"error","conStrength":3}|0x69b6426b
10:24:52.19 (19160245)|CUMULATIVE_LIMIT_USAGE
10:24:52.19 (19160245)|LIMIT_USAGE_FOR_NS|(default)|
  Number of SOQL queries: 0 out of 100
  Number of query rows: 0 out of 50000
  Number of SOSL queries: 0 out of 20
  Number of DML statements: 0 out of 150
  Number of DML rows: 0 out of 10000
  Maximum CPU time: 0 out of 10000
  Maximum heap size: 0 out of 6000000
  Number of callouts: 0 out of 100
  Number of Email Invocations: 0 out of 10
  Number of future calls: 0 out of 50
  Number of queueable jobs added to the queue: 0 out of 50
  Number of Mobile Apex push calls: 0 out of 10

10:24:52.19 (19160245)|CUMULATIVE_LIMIT_USAGE_END

10:24:52.0 (19193826)|CODE_UNIT_FINISHED|VF: /apex/ErrorMessage
10:24:52.0 (19969423)|EXECUTION_FINISHED
