41.0 APEX_CODE,FINEST;APEX_PROFILING,INFO;CALLOUT,INFO;DB,INFO;SYSTEM,DEBUG;VALIDATION,INFO;VISUALFORCE,INFO;WAVE,INFO;WORKFLOW,INFO
10:13:50.0 (263478)|USER_INFO|[EXTERNAL]|0051I000000ZTgh|ksb994@gmail.com|Pacific Standard Time|GMT-08:00
10:13:50.0 (298811)|EXECUTION_STARTED
10:13:50.0 (302115)|CODE_UNIT_STARTED|[EXTERNAL]|DuplicateDetector
10:13:50.0 (314066)|DUPLICATE_DETECTION_BEGIN
10:13:50.0 (892740)|DUPLICATE_DETECTION_RULE_INVOCATION|DuplicateRuleId:0Bm1I0000028pMg|DuplicateRuleName:Standard Account Duplicate Rule|DmlType:UPDATE
10:13:50.0 (930784)|DUPLICATE_DETECTION_END
10:13:50.0 (934593)|CODE_UNIT_FINISHED|DuplicateDetector
10:13:50.0 (940897)|EXECUTION_FINISHED
10:13:50.20 (20481175)|USER_INFO|[EXTERNAL]|0051I000000ZTgh|ksb994@gmail.com|Pacific Standard Time|GMT-08:00
10:13:50.20 (20494464)|EXECUTION_STARTED
10:13:50.20 (20496788)|CODE_UNIT_STARTED|[EXTERNAL]|01q1I000000Bo7P|batchClassTest on Account trigger event AfterUpdate for [0011I00000BDtUT]
10:13:50.20 (20543067)|HEAP_ALLOCATE|[EXTERNAL]|Bytes:8
10:13:50.20 (20677828)|HEAP_ALLOCATE|[EXTERNAL]|Bytes:8
10:13:50.20 (21055382)|HEAP_ALLOCATE|[72]|Bytes:3
10:13:50.20 (21101576)|HEAP_ALLOCATE|[77]|Bytes:152
10:13:50.20 (21117479)|HEAP_ALLOCATE|[342]|Bytes:408
10:13:50.20 (21131934)|HEAP_ALLOCATE|[355]|Bytes:408
10:13:50.20 (21145168)|HEAP_ALLOCATE|[467]|Bytes:48
10:13:50.20 (21174556)|HEAP_ALLOCATE|[139]|Bytes:6
10:13:50.20 (22912672)|HEAP_ALLOCATE|[EXTERNAL]|Bytes:8
10:13:50.20 (22927093)|VARIABLE_SCOPE_BEGIN|[1]|this|batchClassTest|true|false
10:13:50.20 (23000132)|VARIABLE_ASSIGNMENT|[1]|this|{}|0x79166ffe
10:13:50.20 (23048414)|HEAP_ALLOCATE|[EXTERNAL]|Bytes:8
10:13:50.20 (23056453)|VARIABLE_SCOPE_BEGIN|[1]|this|batchClassTest|true|false
10:13:50.20 (23069252)|VARIABLE_ASSIGNMENT|[1]|this|{}|0x79166ffe
10:13:50.20 (23077863)|STATEMENT_EXECUTE|[1]
10:13:50.20 (23079908)|STATEMENT_EXECUTE|[3]
10:13:50.20 (23084874)|HEAP_ALLOCATE|[3]|Bytes:57
10:13:50.20 (23089833)|HEAP_ALLOCATE|[3]|Bytes:6
10:13:50.20 (23093106)|HEAP_ALLOCATE|[3]|Bytes:1
10:13:50.20 (23124877)|METHOD_ENTRY|[1]|01p1I00000FRGWe|batchAccPhoneToConPhone.batchAccPhoneToConPhone()
10:13:50.20 (23131083)|STATEMENT_EXECUTE|[1]
10:13:50.20 (23133591)|STATEMENT_EXECUTE|[1]
10:13:50.20 (23138190)|METHOD_EXIT|[1]|batchAccPhoneToConPhone
10:13:50.20 (23149373)|HEAP_ALLOCATE|[3]|Bytes:4
10:13:50.20 (23186268)|CONSTRUCTOR_ENTRY|[3]|01p1I00000FRGWe|<init>()
10:13:50.20 (23214397)|VARIABLE_SCOPE_BEGIN|[1]|this|batchAccPhoneToConPhone|true|false
10:13:50.20 (23229153)|VARIABLE_ASSIGNMENT|[1]|this|{}|0x448a3105
10:13:50.20 (23238265)|HEAP_ALLOCATE|[EXTERNAL]|Bytes:6
10:13:50.20 (23268416)|STATEMENT_EXECUTE|[1]
10:13:50.20 (23291778)|CONSTRUCTOR_EXIT|[3]|01p1I00000FRGWe|<init>()
10:13:50.20 (23315861)|HEAP_ALLOCATE|[50]|Bytes:5
10:13:50.20 (23348460)|HEAP_ALLOCATE|[56]|Bytes:5
10:13:50.20 (23356572)|HEAP_ALLOCATE|[64]|Bytes:7
10:13:50.20 (23398688)|VARIABLE_ASSIGNMENT|[3]|this.bap|0x448a3105|0x79166ffe
10:13:50.20 (23404752)|STATEMENT_EXECUTE|[4]
10:13:50.46 (46460847)|CUMULATIVE_LIMIT_USAGE
10:13:50.46 (46460847)|LIMIT_USAGE_FOR_NS|(default)|
  Number of SOQL queries: 0 out of 100
  Number of query rows: 0 out of 50000
  Number of SOSL queries: 0 out of 20
  Number of DML statements: 0 out of 150
  Number of DML rows: 0 out of 10000
  Maximum CPU time: 0 out of 10000
  Maximum heap size: 0 out of 6000000
  Number of callouts: 0 out of 100
  Number of Email Invocations: 0 out of 10
  Number of future calls: 0 out of 50
  Number of queueable jobs added to the queue: 0 out of 50
  Number of Mobile Apex push calls: 0 out of 10

10:13:50.46 (46460847)|CUMULATIVE_LIMIT_USAGE_END

10:13:50.20 (47206403)|CODE_UNIT_FINISHED|batchClassTest on Account trigger event AfterUpdate for [0011I00000BDtUT]
10:13:50.20 (47918743)|EXECUTION_FINISHED
10:13:50.49 (49153906)|USER_INFO|[EXTERNAL]|0051I000000ZTgh|ksb994@gmail.com|Pacific Standard Time|GMT-08:00
10:13:50.49 (49166195)|EXECUTION_STARTED
10:13:50.49 (49168336)|CODE_UNIT_STARTED|[EXTERNAL]|Workflow:Account
10:13:50.49 (49513608)|CODE_UNIT_FINISHED|Workflow:Account
10:13:50.49 (50434862)|EXECUTION_FINISHED
10:13:50.59 (59194886)|USER_INFO|[EXTERNAL]|0051I000000ZTgh|ksb994@gmail.com|Pacific Standard Time|GMT-08:00
10:13:50.59 (59207588)|EXECUTION_STARTED
10:13:50.59 (59209767)|CODE_UNIT_STARTED|[EXTERNAL]|DuplicateDetector
10:13:50.59 (59218990)|DUPLICATE_DETECTION_BEGIN
10:13:50.59 (59254691)|DUPLICATE_DETECTION_RULE_INVOCATION|DuplicateRuleId:0Bm1I0000028pMg|DuplicateRuleName:Standard Account Duplicate Rule|DmlType:UPDATE
10:13:50.59 (75803287)|DUPLICATE_DETECTION_MATCH_INVOCATION_DETAILS|EntityId:0011I00000BDtUT|ActionTaken:Allow_[Report]|DuplicateRecordIds:
10:13:50.59 (75820393)|DUPLICATE_DETECTION_MATCH_INVOCATION_SUMMARY|EntityType:Account|NumRecordsToBeSaved:1|NumRecordsToBeSavedWithDuplicates:0|NumDuplicateRecordsFound:0
10:13:50.59 (75889519)|DUPLICATE_DETECTION_END
10:13:50.59 (75893845)|CODE_UNIT_FINISHED|DuplicateDetector
10:13:50.59 (77009332)|EXECUTION_FINISHED
