41.0 APEX_CODE,FINEST;APEX_PROFILING,INFO;CALLOUT,INFO;DB,INFO;SYSTEM,DEBUG;VALIDATION,INFO;VISUALFORCE,INFO;WAVE,INFO;WORKFLOW,INFO
10:24:48.0 (325295)|USER_INFO|[EXTERNAL]|0051I000000ZTgh|ksb994@gmail.com|Pacific Standard Time|GMT-08:00
10:24:48.0 (361032)|EXECUTION_STARTED
10:24:48.0 (365327)|CODE_UNIT_STARTED|[EXTERNAL]|0661I0000035eNE|VF: /apex/ErrorMessage
10:24:48.10 (10727601)|SYSTEM_MODE_ENTER|true
10:24:48.10 (10884907)|HEAP_ALLOCATE|[72]|Bytes:3
10:24:48.10 (10932148)|HEAP_ALLOCATE|[77]|Bytes:152
10:24:48.10 (10947061)|HEAP_ALLOCATE|[342]|Bytes:408
10:24:48.10 (10959516)|HEAP_ALLOCATE|[355]|Bytes:408
10:24:48.10 (10969468)|HEAP_ALLOCATE|[467]|Bytes:48
10:24:48.11 (11324351)|SYSTEM_MODE_ENTER|true
10:24:48.11 (11377249)|HEAP_ALLOCATE|[EXTERNAL]|Bytes:16
10:24:48.11 (11385692)|VARIABLE_SCOPE_BEGIN|[9]|this|ApexPage.pagemessagecomponentcontroller|true|false
10:24:48.11 (11428374)|VARIABLE_ASSIGNMENT|[9]|this|{}|0x6c9969fb
10:24:48.11 (11435229)|VARIABLE_SCOPE_BEGIN|[9]|escape|Boolean|false|false
10:24:48.11 (11443703)|VARIABLE_ASSIGNMENT|[9]|escape|null
10:24:48.11 (11537099)|SYSTEM_MODE_ENTER|true
10:24:48.11 (11569069)|HEAP_ALLOCATE|[EXTERNAL]|Bytes:7
10:24:48.11 (11573679)|HEAP_ALLOCATE|[EXTERNAL]|Bytes:16
10:24:48.11 (11585684)|VARIABLE_ASSIGNMENT|[EXTERNAL]|this.conSeverity|"confirm"|0x6c9969fb
10:24:48.11 (11638731)|SYSTEM_MODE_ENTER|true
10:24:48.11 (11658346)|HEAP_ALLOCATE|[EXTERNAL]|Bytes:8
10:24:48.11 (11662780)|HEAP_ALLOCATE|[EXTERNAL]|Bytes:16
10:24:48.11 (11670202)|VARIABLE_ASSIGNMENT|[EXTERNAL]|this.conStrength|3|0x6c9969fb
10:24:48.14 (14645784)|SYSTEM_MODE_ENTER|true
10:24:48.14 (14687755)|HEAP_ALLOCATE|[EXTERNAL]|Bytes:16
10:24:48.14 (14695904)|VARIABLE_SCOPE_BEGIN|[9]|this|ApexPage.pagemessagecomponentcontroller|true|false
10:24:48.14 (14724017)|VARIABLE_ASSIGNMENT|[9]|this|{"conSeverity":"confirm","conStrength":3}|0x6c9969fb
10:24:48.14 (14730355)|VARIABLE_SCOPE_BEGIN|[9]|escape|Boolean|false|false
10:24:48.14 (14737411)|VARIABLE_ASSIGNMENT|[9]|escape|null
10:24:48.14 (14800330)|SYSTEM_MODE_ENTER|true
10:24:48.14 (14820652)|HEAP_ALLOCATE|[EXTERNAL]|Bytes:7
10:24:48.14 (14825064)|HEAP_ALLOCATE|[EXTERNAL]|Bytes:16
10:24:48.14 (14833816)|VARIABLE_ASSIGNMENT|[EXTERNAL]|this.conSeverity|"confirm"|0x6c9969fb
10:24:48.14 (14894126)|SYSTEM_MODE_ENTER|true
10:24:48.14 (14921812)|HEAP_ALLOCATE|[EXTERNAL]|Bytes:8
10:24:48.14 (14927548)|HEAP_ALLOCATE|[EXTERNAL]|Bytes:16
10:24:48.14 (14936752)|VARIABLE_ASSIGNMENT|[EXTERNAL]|this.conStrength|3|0x6c9969fb
10:24:48.15 (15082553)|SYSTEM_MODE_ENTER|true
10:24:48.15 (15110711)|HEAP_ALLOCATE|[EXTERNAL]|Bytes:16
10:24:48.15 (15117198)|VARIABLE_SCOPE_BEGIN|[13]|this|ApexPage.pagemessagecomponentcontroller|true|false
10:24:48.15 (15139786)|VARIABLE_ASSIGNMENT|[13]|this|{"conSeverity":"confirm","conStrength":3}|0x6c9969fb
10:24:48.15 (15742123)|SYSTEM_MODE_ENTER|true
10:24:48.15 (15769603)|HEAP_ALLOCATE|[EXTERNAL]|Bytes:16
10:24:48.15 (15776115)|VARIABLE_SCOPE_BEGIN|[5]|this|ApexPage.pagemessagecomponentcontroller|true|false
10:24:48.15 (15801189)|VARIABLE_ASSIGNMENT|[5]|this|{"conSeverity":"confirm","conStrength":3}|0x6c9969fb
10:24:48.18 (18696147)|CUMULATIVE_LIMIT_USAGE
10:24:48.18 (18696147)|LIMIT_USAGE_FOR_NS|(default)|
  Number of SOQL queries: 0 out of 100
  Number of query rows: 0 out of 50000
  Number of SOSL queries: 0 out of 20
  Number of DML statements: 0 out of 150
  Number of DML rows: 0 out of 10000
  Maximum CPU time: 0 out of 10000
  Maximum heap size: 0 out of 6000000
  Number of callouts: 0 out of 100
  Number of Email Invocations: 0 out of 10
  Number of future calls: 0 out of 50
  Number of queueable jobs added to the queue: 0 out of 50
  Number of Mobile Apex push calls: 0 out of 10

10:24:48.18 (18696147)|CUMULATIVE_LIMIT_USAGE_END

10:24:48.0 (18732705)|CODE_UNIT_FINISHED|VF: /apex/ErrorMessage
10:24:48.0 (19469837)|EXECUTION_FINISHED
