38.0 APEX_CODE,FINEST;APEX_PROFILING,INFO;CALLOUT,INFO;DB,INFO;SYSTEM,DEBUG;VALIDATION,INFO;VISUALFORCE,INFO;WAVE,INFO;WORKFLOW,INFO
10:13:50.0 (292200)|USER_INFO|[EXTERNAL]|0051I000000ZTgh|ksb994@gmail.com|Pacific Standard Time|GMT-08:00
10:13:50.0 (325780)|EXECUTION_STARTED
10:13:50.0 (329736)|CODE_UNIT_STARTED|[EXTERNAL]|01p1I00000FRGWe|batchAccPhoneToConPhone
10:13:50.0 (2343319)|HEAP_ALLOCATE|[EXTERNAL]|Bytes:4
10:13:50.0 (11282506)|HEAP_ALLOCATE|[72]|Bytes:3
10:13:50.0 (11326172)|HEAP_ALLOCATE|[77]|Bytes:152
10:13:50.0 (11342457)|HEAP_ALLOCATE|[342]|Bytes:408
10:13:50.0 (11357323)|HEAP_ALLOCATE|[355]|Bytes:408
10:13:50.0 (11369501)|HEAP_ALLOCATE|[467]|Bytes:48
10:13:50.0 (11395188)|HEAP_ALLOCATE|[139]|Bytes:6
10:13:50.0 (11440112)|HEAP_ALLOCATE|[EXTERNAL]|Bytes:11
10:13:50.0 (11451599)|SYSTEM_METHOD_ENTRY|[15]|BatchableContextImpl.BatchableContextImpl()
10:13:50.0 (11456095)|STATEMENT_EXECUTE|[15]
10:13:50.0 (11463670)|SYSTEM_METHOD_EXIT|[15]|BatchableContextImpl
10:13:50.0 (11470580)|HEAP_ALLOCATE|[EXTERNAL]|Bytes:12
10:13:50.0 (11474679)|HEAP_ALLOCATE|[EXTERNAL]|Bytes:4
10:13:50.0 (11479974)|VARIABLE_SCOPE_BEGIN|[31]|this|Database.BatchableContextImpl|true|false
10:13:50.0 (11523006)|VARIABLE_ASSIGNMENT|[31]|this|{}|0x69bbe119
10:13:50.0 (11529070)|VARIABLE_SCOPE_BEGIN|[31]|jobId|Id|false|false
10:13:50.0 (11609794)|VARIABLE_ASSIGNMENT|[31]|jobId|"7071I00000UEhkbQAD"
10:13:50.0 (11615758)|VARIABLE_SCOPE_BEGIN|[31]|childJobId|Id|false|false
10:13:50.0 (11623212)|VARIABLE_ASSIGNMENT|[31]|childJobId|null
10:13:50.0 (12189368)|HEAP_ALLOCATE|[EXTERNAL]|Bytes:57
10:13:50.0 (12198466)|HEAP_ALLOCATE|[EXTERNAL]|Bytes:6
10:13:50.0 (12201933)|HEAP_ALLOCATE|[EXTERNAL]|Bytes:1
10:13:50.0 (12208112)|METHOD_ENTRY|[1]|01p1I00000FRGWe|batchAccPhoneToConPhone.batchAccPhoneToConPhone()
10:13:50.0 (12212457)|STATEMENT_EXECUTE|[1]
10:13:50.0 (12216071)|STATEMENT_EXECUTE|[1]
10:13:50.0 (12219121)|METHOD_EXIT|[1]|batchAccPhoneToConPhone
10:13:50.0 (12224187)|HEAP_ALLOCATE|[EXTERNAL]|Bytes:4
10:13:50.0 (12227103)|HEAP_ALLOCATE|[EXTERNAL]|Bytes:12
10:13:50.0 (12231337)|VARIABLE_SCOPE_BEGIN|[3]|this|batchAccPhoneToConPhone|true|false
10:13:50.0 (12246760)|VARIABLE_ASSIGNMENT|[3]|this|{}|0x122007ed
10:13:50.0 (12251969)|VARIABLE_SCOPE_BEGIN|[3]|BC|Database.BatchableContext|true|false
10:13:50.0 (12304791)|VARIABLE_ASSIGNMENT|[3]|BC|{"jobId":"7071I00000UEhkbQAD"}|0x69bbe119
10:13:50.0 (12313892)|STATEMENT_EXECUTE|[3]
10:13:50.0 (12314966)|STATEMENT_EXECUTE|[4]
10:13:50.0 (12317473)|HEAP_ALLOCATE|[4]|Bytes:33
10:13:50.0 (12325068)|VARIABLE_SCOPE_BEGIN|[4]|query|String|false|false
10:13:50.0 (12337420)|VARIABLE_ASSIGNMENT|[4]|query|"Select Id,Name,Phone (13 more) ..."
10:13:50.0 (12341119)|STATEMENT_EXECUTE|[5]
10:13:50.0 (12356274)|HEAP_ALLOCATE|[50]|Bytes:5
10:13:50.0 (12373010)|HEAP_ALLOCATE|[56]|Bytes:5
10:13:50.0 (12379546)|HEAP_ALLOCATE|[64]|Bytes:7
10:13:50.0 (13213080)|SOQL_EXECUTE_BEGIN|[5]|Aggregations:0|Select Id,Name,Phone from Account
10:13:50.0 (26705244)|SOQL_EXECUTE_END|[5]|Rows:25
10:13:50.0 (26756474)|HEAP_ALLOCATE|[5]|Bytes:20
10:13:50.38 (38677442)|CUMULATIVE_LIMIT_USAGE
10:13:50.38 (38677442)|LIMIT_USAGE_FOR_NS|(default)|
  Number of SOQL queries: 0 out of 200
  Number of query rows: 0 out of 50000
  Number of SOSL queries: 0 out of 20
  Number of DML statements: 0 out of 150
  Number of DML rows: 0 out of 10000
  Maximum CPU time: 0 out of 60000
  Maximum heap size: 0 out of 12000000
  Number of callouts: 0 out of 0
  Number of Email Invocations: 0 out of 10
  Number of future calls: 0 out of 0
  Number of queueable jobs added to the queue: 0 out of 1
  Number of Mobile Apex push calls: 0 out of 10

10:13:50.38 (38677442)|CUMULATIVE_LIMIT_USAGE_END

10:13:50.0 (38712297)|CODE_UNIT_FINISHED|batchAccPhoneToConPhone
10:13:50.0 (39415311)|EXECUTION_FINISHED
