41.0 APEX_CODE,FINEST;APEX_PROFILING,INFO;CALLOUT,INFO;DB,INFO;SYSTEM,DEBUG;VALIDATION,INFO;VISUALFORCE,INFO;WAVE,INFO;WORKFLOW,INFO
10:48:51.0 (312217)|EXECUTION_STARTED
10:48:51.0 (335969)|CODE_UNIT_STARTED|[EXTERNAL]|VisualForce View State
10:48:51.0 (11935666)|CODE_UNIT_FINISHED|VisualForce View State
10:48:51.0 (12688013)|EXECUTION_FINISHED
10:48:51.73 (73438059)|CUMULATIVE_LIMIT_USAGE
10:48:51.73 (73438059)|LIMIT_USAGE_FOR_NS|(default)|
  Number of SOQL queries: 0 out of 100
  Number of query rows: 0 out of 50000
  Number of SOSL queries: 0 out of 20
  Number of DML statements: 0 out of 150
  Number of DML rows: 0 out of 10000
  Maximum CPU time: 0 out of 10000
  Maximum heap size: 0 out of 6000000
  Number of callouts: 0 out of 100
  Number of Email Invocations: 0 out of 10
  Number of future calls: 0 out of 50
  Number of queueable jobs added to the queue: 0 out of 50
  Number of Mobile Apex push calls: 0 out of 10

10:48:51.73 (73438059)|CUMULATIVE_LIMIT_USAGE_END

