41.0 APEX_CODE,FINEST;APEX_PROFILING,INFO;CALLOUT,INFO;DB,INFO;SYSTEM,DEBUG;VALIDATION,INFO;VISUALFORCE,INFO;WAVE,INFO;WORKFLOW,INFO
10:13:14.0 (288983)|USER_INFO|[EXTERNAL]|0051I000000ZTgh|ksb994@gmail.com|Pacific Standard Time|GMT-08:00
10:13:14.0 (322193)|EXECUTION_STARTED
10:13:14.0 (326064)|CODE_UNIT_STARTED|[EXTERNAL]|0661I0000035eNE|VF: /apex/ErrorMessage
10:13:14.16 (16043746)|CUMULATIVE_LIMIT_USAGE
10:13:14.16 (16043746)|LIMIT_USAGE_FOR_NS|(default)|
  Number of SOQL queries: 0 out of 100
  Number of query rows: 0 out of 50000
  Number of SOSL queries: 0 out of 20
  Number of DML statements: 0 out of 150
  Number of DML rows: 0 out of 10000
  Maximum CPU time: 0 out of 10000
  Maximum heap size: 0 out of 6000000
  Number of callouts: 0 out of 100
  Number of Email Invocations: 0 out of 10
  Number of future calls: 0 out of 50
  Number of queueable jobs added to the queue: 0 out of 50
  Number of Mobile Apex push calls: 0 out of 10

10:13:14.16 (16043746)|CUMULATIVE_LIMIT_USAGE_END

10:13:14.0 (16078895)|CODE_UNIT_FINISHED|VF: /apex/ErrorMessage
10:13:14.0 (16780462)|EXECUTION_FINISHED
