41.0 APEX_CODE,FINEST;APEX_PROFILING,INFO;CALLOUT,INFO;DB,INFO;SYSTEM,DEBUG;VALIDATION,INFO;VISUALFORCE,INFO;WAVE,INFO;WORKFLOW,INFO
09:21:47.0 (293507)|USER_INFO|[EXTERNAL]|0051I000000ZTgh|ksb994@gmail.com|Pacific Standard Time|GMT-08:00
09:21:47.0 (331122)|EXECUTION_STARTED
09:21:47.0 (335046)|CODE_UNIT_STARTED|[EXTERNAL]|0661I0000035eNE|VF: /apex/ErrorMessage
09:21:47.10 (10126434)|SYSTEM_MODE_ENTER|true
09:21:47.10 (10262463)|HEAP_ALLOCATE|[72]|Bytes:3
09:21:47.10 (10308169)|HEAP_ALLOCATE|[77]|Bytes:152
09:21:47.10 (10324859)|HEAP_ALLOCATE|[342]|Bytes:408
09:21:47.10 (10335792)|HEAP_ALLOCATE|[355]|Bytes:408
09:21:47.10 (10346022)|HEAP_ALLOCATE|[467]|Bytes:48
09:21:47.10 (10690233)|SYSTEM_MODE_ENTER|true
09:21:47.10 (10742573)|HEAP_ALLOCATE|[EXTERNAL]|Bytes:16
09:21:47.10 (10750638)|VARIABLE_SCOPE_BEGIN|[9]|this|ApexPage.pagemessagecomponentcontroller|true|false
09:21:47.10 (10791404)|VARIABLE_ASSIGNMENT|[9]|this|{}|0x4734058d
09:21:47.10 (10798820)|VARIABLE_SCOPE_BEGIN|[9]|escape|Boolean|false|false
09:21:47.10 (10806395)|VARIABLE_ASSIGNMENT|[9]|escape|null
09:21:47.10 (10890886)|SYSTEM_MODE_ENTER|true
09:21:47.10 (10922657)|HEAP_ALLOCATE|[EXTERNAL]|Bytes:7
09:21:47.10 (10927130)|HEAP_ALLOCATE|[EXTERNAL]|Bytes:16
09:21:47.10 (10967945)|VARIABLE_ASSIGNMENT|[EXTERNAL]|this.conSeverity|"confirm"|0x4734058d
09:21:47.11 (11024484)|SYSTEM_MODE_ENTER|true
09:21:47.11 (11045675)|HEAP_ALLOCATE|[EXTERNAL]|Bytes:8
09:21:47.11 (11050196)|HEAP_ALLOCATE|[EXTERNAL]|Bytes:16
09:21:47.11 (11058760)|VARIABLE_ASSIGNMENT|[EXTERNAL]|this.conStrength|3|0x4734058d
09:21:47.13 (13849459)|SYSTEM_MODE_ENTER|true
09:21:47.13 (13892083)|HEAP_ALLOCATE|[EXTERNAL]|Bytes:16
09:21:47.13 (13899831)|VARIABLE_SCOPE_BEGIN|[9]|this|ApexPage.pagemessagecomponentcontroller|true|false
09:21:47.13 (13927956)|VARIABLE_ASSIGNMENT|[9]|this|{"conSeverity":"confirm","conStrength":3}|0x4734058d
09:21:47.13 (13934233)|VARIABLE_SCOPE_BEGIN|[9]|escape|Boolean|false|false
09:21:47.13 (13940834)|VARIABLE_ASSIGNMENT|[9]|escape|null
09:21:47.14 (14001380)|SYSTEM_MODE_ENTER|true
09:21:47.14 (14022239)|HEAP_ALLOCATE|[EXTERNAL]|Bytes:7
09:21:47.14 (14026696)|HEAP_ALLOCATE|[EXTERNAL]|Bytes:16
09:21:47.14 (14035474)|VARIABLE_ASSIGNMENT|[EXTERNAL]|this.conSeverity|"confirm"|0x4734058d
09:21:47.14 (14076871)|SYSTEM_MODE_ENTER|true
09:21:47.14 (14093301)|HEAP_ALLOCATE|[EXTERNAL]|Bytes:8
09:21:47.14 (14096929)|HEAP_ALLOCATE|[EXTERNAL]|Bytes:16
09:21:47.14 (14104260)|VARIABLE_ASSIGNMENT|[EXTERNAL]|this.conStrength|3|0x4734058d
09:21:47.14 (14224822)|SYSTEM_MODE_ENTER|true
09:21:47.14 (14251148)|HEAP_ALLOCATE|[EXTERNAL]|Bytes:16
09:21:47.14 (14257374)|VARIABLE_SCOPE_BEGIN|[13]|this|ApexPage.pagemessagecomponentcontroller|true|false
09:21:47.14 (14280868)|VARIABLE_ASSIGNMENT|[13]|this|{"conSeverity":"confirm","conStrength":3}|0x4734058d
09:21:47.14 (14899462)|SYSTEM_MODE_ENTER|true
09:21:47.14 (14928523)|HEAP_ALLOCATE|[EXTERNAL]|Bytes:16
09:21:47.14 (14935200)|VARIABLE_SCOPE_BEGIN|[5]|this|ApexPage.pagemessagecomponentcontroller|true|false
09:21:47.14 (14959865)|VARIABLE_ASSIGNMENT|[5]|this|{"conSeverity":"confirm","conStrength":3}|0x4734058d
09:21:47.17 (17822995)|CUMULATIVE_LIMIT_USAGE
09:21:47.17 (17822995)|LIMIT_USAGE_FOR_NS|(default)|
  Number of SOQL queries: 0 out of 100
  Number of query rows: 0 out of 50000
  Number of SOSL queries: 0 out of 20
  Number of DML statements: 0 out of 150
  Number of DML rows: 0 out of 10000
  Maximum CPU time: 0 out of 10000
  Maximum heap size: 0 out of 6000000
  Number of callouts: 0 out of 100
  Number of Email Invocations: 0 out of 10
  Number of future calls: 0 out of 50
  Number of queueable jobs added to the queue: 0 out of 50
  Number of Mobile Apex push calls: 0 out of 10

09:21:47.17 (17822995)|CUMULATIVE_LIMIT_USAGE_END

09:21:47.0 (17855564)|CODE_UNIT_FINISHED|VF: /apex/ErrorMessage
09:21:47.0 (18578030)|EXECUTION_FINISHED
