41.0 APEX_CODE,FINEST;APEX_PROFILING,INFO;CALLOUT,INFO;DB,INFO;SYSTEM,DEBUG;VALIDATION,INFO;VISUALFORCE,INFO;WAVE,INFO;WORKFLOW,INFO
10:23:43.0 (29086)|USER_INFO|[EXTERNAL]|0051I000000ZTgh|ksb994@gmail.com|Pacific Standard Time|GMT-08:00
10:23:43.0 (55367)|EXECUTION_STARTED
10:23:43.0 (57989)|CODE_UNIT_STARTED|[EXTERNAL]|01p1I00000FRKZN|BatchPradeepCode
10:23:43.0 (914671)|HEAP_ALLOCATE|[EXTERNAL]|Bytes:57
10:23:43.0 (925352)|HEAP_ALLOCATE|[EXTERNAL]|Bytes:9
10:23:43.0 (929685)|HEAP_ALLOCATE|[EXTERNAL]|Bytes:5
10:23:43.0 (937318)|METHOD_ENTRY|[1]|01p1I00000FRKZN|BatchPradeepCode.BatchPradeepCode()
10:23:43.0 (942821)|STATEMENT_EXECUTE|[1]
10:23:43.0 (947235)|STATEMENT_EXECUTE|[1]
10:23:43.0 (951549)|METHOD_EXIT|[1]|BatchPradeepCode
10:23:43.0 (956746)|HEAP_ALLOCATE|[EXTERNAL]|Bytes:8
10:23:43.0 (960256)|HEAP_ALLOCATE|[EXTERNAL]|Bytes:12
10:23:43.0 (998912)|HEAP_ALLOCATE|[EXTERNAL]|Bytes:104
10:23:43.0 (1005895)|VARIABLE_SCOPE_BEGIN|[15]|this|BatchPradeepCode|true|false
10:23:43.0 (1034758)|VARIABLE_ASSIGNMENT|[15]|this|{}|0xb4d1f4e
10:23:43.0 (1041438)|VARIABLE_SCOPE_BEGIN|[15]|BC|Database.BatchableContext|true|false
10:23:43.0 (1115658)|VARIABLE_ASSIGNMENT|[15]|BC|{"childJobId":"7071I00000UEhw5QAD","jobId":"7071I00000UEiD9QAL"}|0x3bddde6d
10:23:43.0 (1123676)|VARIABLE_SCOPE_BEGIN|[15]|scope|List<Account>|true|false
10:23:43.0 (1138179)|VARIABLE_ASSIGNMENT|[15]|scope|"List of size 25 too large to display"|0x3005a8f2
10:23:43.0 (1148297)|STATEMENT_EXECUTE|[15]
10:23:43.0 (1367731)|HEAP_ALLOCATE|[50]|Bytes:5
10:23:43.0 (1387018)|HEAP_ALLOCATE|[56]|Bytes:5
10:23:43.0 (1394337)|HEAP_ALLOCATE|[64]|Bytes:7
10:23:43.0 (1418871)|HEAP_ALLOCATE|[16]|Bytes:5
10:23:43.0 (1446250)|HEAP_ALLOCATE|[16]|Bytes:12
10:23:43.0 (1455959)|VARIABLE_SCOPE_BEGIN|[16]|acc|Account|true|false
10:23:43.0 (1472795)|VARIABLE_ASSIGNMENT|[16]|acc|{"Id":"0011I000005sIOpQAM","Name":"GenePoint"}|0x41b49a1f
10:23:43.0 (1479725)|STATEMENT_EXECUTE|[16]
10:23:43.0 (1506202)|HEAP_ALLOCATE|[17]|Bytes:17
10:23:43.0 (1532399)|STATEMENT_EXECUTE|[17]
10:23:43.0 (1541224)|HEAP_ALLOCATE|[16]|Bytes:5
10:23:43.0 (1557275)|HEAP_ALLOCATE|[16]|Bytes:12
10:23:43.0 (1563356)|VARIABLE_SCOPE_BEGIN|[16]|acc|Account|true|false
10:23:43.0 (1575142)|VARIABLE_ASSIGNMENT|[16]|acc|{"Id":"0011I000005sIOnQAM","Name":"United Oil & Gas, UK"}|0x14cbb3fb
10:23:43.0 (1579806)|STATEMENT_EXECUTE|[16]
10:23:43.0 (1589162)|STATEMENT_EXECUTE|[17]
10:23:43.0 (1595076)|HEAP_ALLOCATE|[16]|Bytes:5
10:23:43.0 (1605752)|HEAP_ALLOCATE|[16]|Bytes:12
10:23:43.0 (1610251)|VARIABLE_SCOPE_BEGIN|[16]|acc|Account|true|false
10:23:43.0 (1621871)|VARIABLE_ASSIGNMENT|[16]|acc|{"Id":"0011I000005sIOoQAM","Name":"United Oil & Gas, Si (7 more) ..."}|0x3438a446
10:23:43.0 (1627246)|STATEMENT_EXECUTE|[16]
10:23:43.0 (1634186)|STATEMENT_EXECUTE|[17]
10:23:43.0 (1639143)|HEAP_ALLOCATE|[16]|Bytes:5
10:23:43.0 (1648790)|HEAP_ALLOCATE|[16]|Bytes:12
10:23:43.0 (1653270)|VARIABLE_SCOPE_BEGIN|[16]|acc|Account|true|false
10:23:43.0 (1663082)|VARIABLE_ASSIGNMENT|[16]|acc|{"Id":"0011I000005sIOfQAM","Name":"Edge Communications"}|0x51b9b4bc
10:23:43.0 (1667682)|STATEMENT_EXECUTE|[16]
10:23:43.0 (1673646)|STATEMENT_EXECUTE|[17]
10:23:43.0 (1678640)|HEAP_ALLOCATE|[16]|Bytes:5
10:23:43.0 (1687560)|HEAP_ALLOCATE|[16]|Bytes:12
10:23:43.0 (1691952)|VARIABLE_SCOPE_BEGIN|[16]|acc|Account|true|false
10:23:43.0 (1701607)|VARIABLE_ASSIGNMENT|[16]|acc|{"Id":"0011I0000075OLcQAM","Name":"Button test"}|0x5216e298
10:23:43.0 (1706152)|STATEMENT_EXECUTE|[16]
10:23:43.0 (1711640)|STATEMENT_EXECUTE|[17]
10:23:43.0 (1716518)|HEAP_ALLOCATE|[16]|Bytes:5
10:23:43.0 (1726227)|HEAP_ALLOCATE|[16]|Bytes:12
10:23:43.0 (1730604)|VARIABLE_SCOPE_BEGIN|[16]|acc|Account|true|false
10:23:43.0 (1739125)|VARIABLE_ASSIGNMENT|[16]|acc|{"Id":"0011I0000074Ay2QAE","Name":"processs"}|0x1b0bd74a
10:23:43.0 (1743783)|STATEMENT_EXECUTE|[16]
10:23:43.0 (1749233)|STATEMENT_EXECUTE|[17]
10:23:43.0 (1758560)|HEAP_ALLOCATE|[16]|Bytes:5
10:23:43.0 (1768545)|HEAP_ALLOCATE|[16]|Bytes:12
10:23:43.0 (1772814)|VARIABLE_SCOPE_BEGIN|[16]|acc|Account|true|false
10:23:43.0 (1782547)|VARIABLE_ASSIGNMENT|[16]|acc|{"Id":"0011I00000BE6eoQAD","Name":"Opp Con Trigger Test"}|0x6a605af9
10:23:43.0 (1787235)|STATEMENT_EXECUTE|[16]
10:23:43.0 (1793002)|STATEMENT_EXECUTE|[17]
10:23:43.0 (1798058)|HEAP_ALLOCATE|[16]|Bytes:5
10:23:43.0 (1806863)|HEAP_ALLOCATE|[16]|Bytes:12
10:23:43.0 (1811026)|VARIABLE_SCOPE_BEGIN|[16]|acc|Account|true|false
10:23:43.0 (1819894)|VARIABLE_ASSIGNMENT|[16]|acc|{"Id":"0011I0000074AmLQAU","Name":"process builder test"}|0x76e01f5d
10:23:43.0 (1825577)|STATEMENT_EXECUTE|[16]
10:23:43.0 (1831422)|STATEMENT_EXECUTE|[17]
10:23:43.0 (1836423)|HEAP_ALLOCATE|[16]|Bytes:5
10:23:43.0 (1845566)|HEAP_ALLOCATE|[16]|Bytes:12
10:23:43.0 (1849997)|VARIABLE_SCOPE_BEGIN|[16]|acc|Account|true|false
10:23:43.0 (1859542)|VARIABLE_ASSIGNMENT|[16]|acc|{"Id":"0011I00000747wpQAA","Name":"Approval Test 2"}|0x1307213b
10:23:43.0 (1865000)|STATEMENT_EXECUTE|[16]
10:23:43.0 (1870589)|STATEMENT_EXECUTE|[17]
10:23:43.0 (1875205)|HEAP_ALLOCATE|[16]|Bytes:5
10:23:43.0 (1884515)|HEAP_ALLOCATE|[16]|Bytes:12
10:23:43.0 (1888609)|VARIABLE_SCOPE_BEGIN|[16]|acc|Account|true|false
10:23:43.0 (1897685)|VARIABLE_ASSIGNMENT|[16]|acc|{"Id":"0011I0000058aCcQAI","Name":"Burling Town"}|0x56f31596
10:23:43.0 (1902350)|STATEMENT_EXECUTE|[16]
10:23:43.0 (1908034)|STATEMENT_EXECUTE|[17]
10:23:43.0 (1912631)|HEAP_ALLOCATE|[16]|Bytes:5
10:23:43.0 (1921703)|HEAP_ALLOCATE|[16]|Bytes:12
10:23:43.0 (1926321)|VARIABLE_SCOPE_BEGIN|[16]|acc|Account|true|false
10:23:43.0 (1934921)|VARIABLE_ASSIGNMENT|[16]|acc|{"Id":"0011I00000747rvQAA","Name":"Process Builder Test"}|0x3e2c3a23
10:23:43.0 (1940152)|STATEMENT_EXECUTE|[16]
10:23:43.0 (1945627)|STATEMENT_EXECUTE|[17]
10:23:43.0 (1950348)|HEAP_ALLOCATE|[16]|Bytes:5
10:23:43.0 (1959664)|HEAP_ALLOCATE|[16]|Bytes:12
10:23:43.0 (1963911)|VARIABLE_SCOPE_BEGIN|[16]|acc|Account|true|false
10:23:43.0 (1973928)|VARIABLE_ASSIGNMENT|[16]|acc|{"Id":"0011I000005sIOgQAM","Name":"Burlington Textiles  (15 more) ..."}|0x48c0d04c
10:23:43.0 (1978013)|STATEMENT_EXECUTE|[16]
10:23:43.0 (1983727)|STATEMENT_EXECUTE|[17]
10:23:43.0 (1988471)|HEAP_ALLOCATE|[16]|Bytes:5
10:23:43.0 (1997948)|HEAP_ALLOCATE|[16]|Bytes:12
10:23:43.0 (2002087)|VARIABLE_SCOPE_BEGIN|[16]|acc|Account|true|false
10:23:43.0 (2012286)|VARIABLE_ASSIGNMENT|[16]|acc|{"Id":"0011I000005sIOhQAM","Name":"Pyramid Construction (5 more) ..."}|0x62e43e96
10:23:43.0 (2016539)|STATEMENT_EXECUTE|[16]
10:23:43.0 (2022311)|STATEMENT_EXECUTE|[17]
10:23:43.0 (2027104)|HEAP_ALLOCATE|[16]|Bytes:5
10:23:43.0 (2036603)|HEAP_ALLOCATE|[16]|Bytes:12
10:23:43.0 (2040843)|VARIABLE_SCOPE_BEGIN|[16]|acc|Account|true|false
10:23:43.0 (2050041)|VARIABLE_ASSIGNMENT|[16]|acc|{"Id":"0011I000005sIOiQAM","Name":"Dickenson plc"}|0x2c75d8f9
10:23:43.0 (2054495)|STATEMENT_EXECUTE|[16]
10:23:43.0 (2060200)|STATEMENT_EXECUTE|[17]
10:23:43.0 (2064997)|HEAP_ALLOCATE|[16]|Bytes:5
10:23:43.0 (2073952)|HEAP_ALLOCATE|[16]|Bytes:12
10:23:43.0 (2078407)|VARIABLE_SCOPE_BEGIN|[16]|acc|Account|true|false
10:23:43.0 (2088572)|VARIABLE_ASSIGNMENT|[16]|acc|{"Id":"0011I000005sIOjQAM","Name":"Grand Hotels & Resor (6 more) ..."}|0x73d70276
10:23:43.0 (2092974)|STATEMENT_EXECUTE|[16]
10:23:43.0 (2098795)|STATEMENT_EXECUTE|[17]
10:23:43.0 (2103490)|HEAP_ALLOCATE|[16]|Bytes:5
10:23:43.0 (2112467)|HEAP_ALLOCATE|[16]|Bytes:12
10:23:43.0 (2117006)|VARIABLE_SCOPE_BEGIN|[16]|acc|Account|true|false
10:23:43.0 (2127155)|VARIABLE_ASSIGNMENT|[16]|acc|{"Id":"0011I000005sIOlQAM","Name":"Express Logistics an (11 more) ..."}|0x3d5bfef0
10:23:43.0 (2131289)|STATEMENT_EXECUTE|[16]
10:23:43.0 (2136898)|STATEMENT_EXECUTE|[17]
10:23:43.0 (2142273)|HEAP_ALLOCATE|[16]|Bytes:5
10:23:43.0 (2151324)|HEAP_ALLOCATE|[16]|Bytes:12
10:23:43.0 (2155678)|VARIABLE_SCOPE_BEGIN|[16]|acc|Account|true|false
10:23:43.0 (2165539)|VARIABLE_ASSIGNMENT|[16]|acc|{"Id":"0011I000005sIOmQAM","Name":"University of Arizon (1 more) ..."}|0x7e887743
10:23:43.0 (2169657)|STATEMENT_EXECUTE|[16]
10:23:43.0 (2175422)|STATEMENT_EXECUTE|[17]
10:23:43.0 (2179944)|HEAP_ALLOCATE|[16]|Bytes:5
10:23:43.0 (2188650)|HEAP_ALLOCATE|[16]|Bytes:12
10:23:43.0 (2192841)|VARIABLE_SCOPE_BEGIN|[16]|acc|Account|true|false
10:23:43.0 (2202170)|VARIABLE_ASSIGNMENT|[16]|acc|{"Id":"0011I000005sIOkQAM","Name":"United Oil & Gas Cor (2 more) ..."}|0x7cb8da7b
10:23:43.0 (2206375)|STATEMENT_EXECUTE|[16]
10:23:43.0 (2211790)|STATEMENT_EXECUTE|[17]
10:23:43.0 (2216125)|HEAP_ALLOCATE|[16]|Bytes:5
10:23:43.0 (2224906)|HEAP_ALLOCATE|[16]|Bytes:12
10:23:43.0 (2229313)|VARIABLE_SCOPE_BEGIN|[16]|acc|Account|true|false
10:23:43.0 (2237744)|VARIABLE_ASSIGNMENT|[16]|acc|{"Id":"0011I000005sIOqQAM","Name":"sForce"}|0x37b7b328
10:23:43.0 (2242996)|STATEMENT_EXECUTE|[16]
10:23:43.0 (2248686)|STATEMENT_EXECUTE|[17]
10:23:43.0 (2253313)|HEAP_ALLOCATE|[16]|Bytes:5
10:23:43.0 (2262917)|HEAP_ALLOCATE|[16]|Bytes:12
10:23:43.0 (2267232)|VARIABLE_SCOPE_BEGIN|[16]|acc|Account|true|false
10:23:43.0 (2275994)|VARIABLE_ASSIGNMENT|[16]|acc|{"Id":"0011I0000073AsDQAU","Name":"Something"}|0x55796750
10:23:43.0 (2280282)|STATEMENT_EXECUTE|[16]
10:23:43.0 (2286329)|STATEMENT_EXECUTE|[17]
10:23:43.0 (2290878)|HEAP_ALLOCATE|[16]|Bytes:5
10:23:43.0 (2299462)|HEAP_ALLOCATE|[16]|Bytes:12
10:23:43.0 (2303956)|VARIABLE_SCOPE_BEGIN|[16]|acc|Account|true|false
10:23:43.0 (2312942)|VARIABLE_ASSIGNMENT|[16]|acc|{"Id":"0011I0000073Rq2QAE","Name":"Task Test"}|0x687630d3
10:23:43.0 (2317123)|STATEMENT_EXECUTE|[16]
10:23:43.0 (2322786)|STATEMENT_EXECUTE|[17]
10:23:43.0 (2327542)|HEAP_ALLOCATE|[16]|Bytes:5
10:23:43.0 (2336849)|HEAP_ALLOCATE|[16]|Bytes:12
10:23:43.0 (2341295)|VARIABLE_SCOPE_BEGIN|[16]|acc|Account|true|false
10:23:43.0 (2350621)|VARIABLE_ASSIGNMENT|[16]|acc|{"Id":"0011I0000073RpnQAE","Name":"Taskk"}|0x522754a4
10:23:43.0 (2355988)|STATEMENT_EXECUTE|[16]
10:23:43.0 (2361926)|STATEMENT_EXECUTE|[17]
10:23:43.0 (2366416)|HEAP_ALLOCATE|[16]|Bytes:5
10:23:43.0 (2375622)|HEAP_ALLOCATE|[16]|Bytes:12
10:23:43.0 (2380052)|VARIABLE_SCOPE_BEGIN|[16]|acc|Account|true|false
10:23:43.0 (2389270)|VARIABLE_ASSIGNMENT|[16]|acc|{"Id":"0011I00000BDtUTQA1","Name":"test phone change"}|0x5883833b
10:23:43.0 (2394401)|STATEMENT_EXECUTE|[16]
10:23:43.0 (2403808)|STATEMENT_EXECUTE|[17]
10:23:43.0 (2404854)|STATEMENT_EXECUTE|[18]
10:23:43.0 (2406664)|HEAP_ALLOCATE|[18]|Bytes:6
10:23:43.0 (2447229)|HEAP_ALLOCATE|[18]|Bytes:-4
10:23:43.0 (2457545)|VARIABLE_ASSIGNMENT|[18]|this.Phone|"123456"|0x5883833b
10:23:43.0 (2468206)|HEAP_ALLOCATE|[16]|Bytes:5
10:23:43.0 (2479196)|HEAP_ALLOCATE|[16]|Bytes:12
10:23:43.0 (2484203)|VARIABLE_SCOPE_BEGIN|[16]|acc|Account|true|false
10:23:43.0 (2494188)|VARIABLE_ASSIGNMENT|[16]|acc|{"Id":"0011I00000BDtMyQAL","Name":"Test"}|0x465e3c9c
10:23:43.0 (2499711)|STATEMENT_EXECUTE|[16]
10:23:43.0 (2508048)|STATEMENT_EXECUTE|[17]
10:23:43.0 (2513179)|HEAP_ALLOCATE|[16]|Bytes:5
10:23:43.0 (2522421)|HEAP_ALLOCATE|[16]|Bytes:12
10:23:43.0 (2527156)|VARIABLE_SCOPE_BEGIN|[16]|acc|Account|true|false
10:23:43.0 (2535766)|VARIABLE_ASSIGNMENT|[16]|acc|{"Id":"0011I00000BDt4eQAD","Name":"Trigger Test"}|0x1f776c2c
10:23:43.0 (2540341)|STATEMENT_EXECUTE|[16]
10:23:43.0 (2546343)|STATEMENT_EXECUTE|[17]
10:23:43.0 (2551219)|HEAP_ALLOCATE|[16]|Bytes:5
10:23:43.0 (2558875)|VARIABLE_ASSIGNMENT|[16]|acc|null|
10:23:43.0 (2563273)|STATEMENT_EXECUTE|[21]
10:23:43.0 (2565290)|HEAP_ALLOCATE|[21]|Bytes:32
10:23:43.0 (2672703)|HEAP_ALLOCATE|[21]|Bytes:566
10:23:43.0 (2691715)|HEAP_ALLOCATE|[21]|Bytes:598
10:23:43.0 (2706518)|USER_DEBUG|[21]|DEBUG|--------------------------------(Account:{Id=0011I000005sIOpQAM, Name=GenePoint}, Account:{Id=0011I000005sIOnQAM, Name=United Oil & Gas, UK}, Account:{Id=0011I000005sIOoQAM, Name=United Oil & Gas, Singapore}, Account:{Id=0011I000005sIOfQAM, Name=Edge Communications}, Account:{Id=0011I0000075OLcQAM, Name=Button test}, Account:{Id=0011I0000074Ay2QAE, Name=processs}, Account:{Id=0011I00000BE6eoQAD, Name=Opp Con Trigger Test}, Account:{Id=0011I0000074AmLQAU, Name=process builder test}, Account:{Id=0011I00000747wpQAA, Name=Approval Test 2}, Account:{Id=0011I0000058aCcQAI, Name=Burling Town}, ...)
10:23:43.0 (2719701)|STATEMENT_EXECUTE|[22]
10:23:43.0 (2759066)|DML_BEGIN|[22]|Op:Update|Type:Account|Rows:25
10:23:43.0 (2784260)|HEAP_ALLOCATE|[EXTERNAL]|Bytes:104
10:23:43.0 (28174366)|CODE_UNIT_STARTED|[EXTERNAL]|DuplicateDetector
10:23:43.0 (28220764)|DUPLICATE_DETECTION_BEGIN
10:23:43.0 (28800130)|DUPLICATE_DETECTION_RULE_INVOCATION|DuplicateRuleId:0Bm1I0000028pMg|DuplicateRuleName:Standard Account Duplicate Rule|DmlType:UPDATE
10:23:43.0 (28845854)|DUPLICATE_DETECTION_END
10:23:43.0 (28851208)|CODE_UNIT_FINISHED|DuplicateDetector
10:23:43.0 (46939698)|CODE_UNIT_STARTED|[EXTERNAL]|01q1I000000Bo7P|batchClassTest on Account trigger event AfterUpdate for [0011I00000BDtMy, 0011I00000BDtUT]
10:23:43.0 (46988965)|HEAP_ALLOCATE|[EXTERNAL]|Bytes:12
10:23:43.0 (47017126)|HEAP_ALLOCATE|[EXTERNAL]|Bytes:12
10:23:43.0 (47132175)|HEAP_ALLOCATE|[EXTERNAL]|Bytes:8
10:23:43.0 (47145714)|VARIABLE_SCOPE_BEGIN|[1]|this|batchClassTest|true|false
10:23:43.0 (47195957)|VARIABLE_ASSIGNMENT|[1]|this|{}|0x378d0b24
10:23:43.0 (47237955)|HEAP_ALLOCATE|[EXTERNAL]|Bytes:8
10:23:43.0 (47243852)|VARIABLE_SCOPE_BEGIN|[1]|this|batchClassTest|true|false
10:23:43.0 (47255590)|VARIABLE_ASSIGNMENT|[1]|this|{}|0x378d0b24
10:23:43.0 (47263135)|STATEMENT_EXECUTE|[1]
10:23:43.0 (47264994)|STATEMENT_EXECUTE|[3]
10:23:43.0 (47269453)|HEAP_ALLOCATE|[3]|Bytes:8
10:23:43.0 (47288884)|CONSTRUCTOR_ENTRY|[3]|01p1I00000FRKZN|<init>()
10:23:43.0 (47309612)|VARIABLE_SCOPE_BEGIN|[5]|this|BatchPradeepCode|true|false
10:23:43.0 (47322644)|VARIABLE_ASSIGNMENT|[5]|this|{}|0x20e173a8
10:23:43.0 (47328477)|STATEMENT_EXECUTE|[1]
10:23:43.0 (47329538)|STATEMENT_EXECUTE|[3]
10:23:43.0 (47359548)|STATEMENT_EXECUTE|[5]
10:23:43.0 (47365485)|CONSTRUCTOR_EXIT|[3]|01p1I00000FRKZN|<init>()
10:23:43.0 (47393123)|VARIABLE_ASSIGNMENT|[3]|this.bap|0x20e173a8|0x378d0b24
10:23:43.0 (47398319)|STATEMENT_EXECUTE|[4]
10:23:43.0 (47576914)|EXCEPTION_THROWN|[4]|System.AsyncException: Database.executeBatch cannot be called from a batch start, batch execute, or future method.
10:23:43.0 (47872018)|HEAP_ALLOCATE|[4]|Bytes:95
10:23:43.0 (47937317)|FATAL_ERROR|System.AsyncException: Database.executeBatch cannot be called from a batch start, batch execute, or future method.

Trigger.batchClassTest: line 4, column 1
10:23:43.0 (47949737)|FATAL_ERROR|System.AsyncException: Database.executeBatch cannot be called from a batch start, batch execute, or future method.

Trigger.batchClassTest: line 4, column 1
10:23:43.47 (47970850)|CUMULATIVE_LIMIT_USAGE
10:23:43.47 (47970850)|LIMIT_USAGE_FOR_NS|(default)|
  Number of SOQL queries: 0 out of 200
  Number of query rows: 0 out of 50000
  Number of SOSL queries: 0 out of 20
  Number of DML statements: 1 out of 150
  Number of DML rows: 25 out of 10000
  Maximum CPU time: 0 out of 60000
  Maximum heap size: 0 out of 12000000
  Number of callouts: 0 out of 0
  Number of Email Invocations: 0 out of 10
  Number of future calls: 0 out of 0
  Number of queueable jobs added to the queue: 0 out of 1
  Number of Mobile Apex push calls: 0 out of 10

10:23:43.47 (47970850)|CUMULATIVE_LIMIT_USAGE_END

10:23:43.0 (48695452)|CODE_UNIT_FINISHED|batchClassTest on Account trigger event AfterUpdate for [0011I00000BDtMy, 0011I00000BDtUT]
