41.0 APEX_CODE,FINEST;APEX_PROFILING,INFO;CALLOUT,INFO;DB,INFO;SYSTEM,DEBUG;VALIDATION,INFO;VISUALFORCE,INFO;WAVE,INFO;WORKFLOW,INFO
11:25:11.0 (307533)|EXECUTION_STARTED
11:25:11.0 (332331)|CODE_UNIT_STARTED|[EXTERNAL]|VisualForce View State
11:25:11.0 (8627694)|CODE_UNIT_FINISHED|VisualForce View State
11:25:11.0 (9372787)|EXECUTION_FINISHED
11:25:11.903 (903524462)|CUMULATIVE_LIMIT_USAGE
11:25:11.903 (903524462)|LIMIT_USAGE_FOR_NS|(default)|
  Number of SOQL queries: 0 out of 100
  Number of query rows: 0 out of 50000
  Number of SOSL queries: 0 out of 20
  Number of DML statements: 0 out of 150
  Number of DML rows: 0 out of 10000
  Maximum CPU time: 0 out of 10000
  Maximum heap size: 0 out of 6000000
  Number of callouts: 0 out of 100
  Number of Email Invocations: 0 out of 10
  Number of future calls: 0 out of 50
  Number of queueable jobs added to the queue: 0 out of 50
  Number of Mobile Apex push calls: 0 out of 10

11:25:11.903 (903524462)|CUMULATIVE_LIMIT_USAGE_END

