36.0 APEX_CODE,FINEST;APEX_PROFILING,INFO;CALLOUT,INFO;DB,INFO;SYSTEM,DEBUG;VALIDATION,INFO;VISUALFORCE,INFO;WAVE,INFO;WORKFLOW,INFO
00:48:56.0 (677303)|USER_INFO|[EXTERNAL]|0051I000000ZTgh|ksb994@gmail.com|Pacific Standard Time|GMT-08:00
00:48:56.0 (750749)|EXECUTION_STARTED
00:48:56.0 (754588)|CODE_UNIT_STARTED|[EXTERNAL]|01p1I00000FRG0E|HelloWorldTest.updateLead
00:48:56.0 (1442338)|HEAP_ALLOCATE|[72]|Bytes:3
00:48:56.0 (1476322)|HEAP_ALLOCATE|[77]|Bytes:152
00:48:56.0 (1494688)|HEAP_ALLOCATE|[342]|Bytes:408
00:48:56.0 (1513914)|HEAP_ALLOCATE|[355]|Bytes:408
00:48:56.0 (1530853)|HEAP_ALLOCATE|[467]|Bytes:48
00:48:56.0 (1559936)|HEAP_ALLOCATE|[139]|Bytes:6
00:48:56.0 (1573511)|HEAP_ALLOCATE|[EXTERNAL]|Bytes:19
00:48:56.0 (1584147)|METHOD_ENTRY|[2]|01p1I00000FRG0E|HelloWorldTest.HelloWorldTest()
00:48:56.0 (1590198)|STATEMENT_EXECUTE|[2]
00:48:56.0 (1618885)|STATEMENT_EXECUTE|[2]
00:48:56.0 (1623351)|METHOD_EXIT|[2]|HelloWorldTest
00:48:56.0 (1659873)|HEAP_ALLOCATE|[50]|Bytes:5
00:48:56.0 (1679039)|HEAP_ALLOCATE|[56]|Bytes:5
00:48:56.0 (1687536)|HEAP_ALLOCATE|[64]|Bytes:7
00:48:56.0 (1716176)|STATEMENT_EXECUTE|[4]
00:48:56.0 (1717871)|STATEMENT_EXECUTE|[6]
00:48:56.0 (1768640)|HEAP_ALLOCATE|[6]|Bytes:4
00:48:56.0 (1863012)|VARIABLE_SCOPE_BEGIN|[6]|myLead|Lead|true|false
00:48:56.0 (1910139)|VARIABLE_ASSIGNMENT|[6]|myLead|{}|0x344baca1
00:48:56.0 (1925589)|STATEMENT_EXECUTE|[7]
00:48:56.0 (1929127)|HEAP_ALLOCATE|[7]|Bytes:5
00:48:56.0 (2764711)|VARIABLE_ASSIGNMENT|[7]|this.FirstName|"Hello"|0x344baca1
00:48:56.0 (2776993)|STATEMENT_EXECUTE|[8]
00:48:56.0 (2781124)|HEAP_ALLOCATE|[8]|Bytes:5
00:48:56.0 (2805575)|VARIABLE_ASSIGNMENT|[8]|this.LastName|"World"|0x344baca1
00:48:56.0 (2811067)|STATEMENT_EXECUTE|[9]
00:48:56.0 (2812832)|HEAP_ALLOCATE|[9]|Bytes:6
00:48:56.0 (2832194)|VARIABLE_ASSIGNMENT|[9]|this.Company|"Google"|0x344baca1
00:48:56.0 (2837296)|STATEMENT_EXECUTE|[10]
00:48:56.0 (2839109)|HEAP_ALLOCATE|[10]|Bytes:18
00:48:56.0 (2854506)|VARIABLE_ASSIGNMENT|[10]|this.Status|"Open-Not Contacted"|0x344baca1
00:48:56.0 (2859986)|STATEMENT_EXECUTE|[12]
00:48:56.0 (2884540)|HEAP_ALLOCATE|[12]|Bytes:8
00:48:56.0 (2892806)|DML_BEGIN|[12]|Op:Insert|Type:Lead|Rows:1
00:48:56.0 (2914583)|HEAP_ALLOCATE|[EXTERNAL]|Bytes:8
00:48:56.0 (18521988)|CODE_UNIT_STARTED|[EXTERNAL]|DuplicateDetector
00:48:56.0 (18541932)|DUPLICATE_DETECTION_BEGIN
00:48:56.0 (19336811)|DUPLICATE_DETECTION_RULE_INVOCATION|DuplicateRuleId:0Bm1I0000028pMi|DuplicateRuleName:Standard Lead Duplicate Rule|DmlType:INSERT
00:48:56.0 (42043059)|DUPLICATE_DETECTION_MATCH_INVOCATION_DETAILS|EntityType:Lead|ActionTaken:Allow_[Alert,Report]|DuplicateRecordIds:
00:48:56.0 (42063304)|DUPLICATE_DETECTION_MATCH_INVOCATION_SUMMARY|EntityType:Lead|NumRecordsToBeSaved:1|NumRecordsToBeSavedWithDuplicates:0|NumDuplicateRecordsFound:0
00:48:56.0 (42074591)|DUPLICATE_DETECTION_MATCH_INVOCATION_DETAILS|EntityType:Lead|ActionTaken:Allow_[Alert,Report]|DuplicateRecordIds:
00:48:56.0 (42080447)|DUPLICATE_DETECTION_MATCH_INVOCATION_SUMMARY|EntityType:Lead|NumRecordsToBeSaved:1|NumRecordsToBeSavedWithDuplicates:0|NumDuplicateRecordsFound:0
00:48:56.0 (42230610)|DUPLICATE_DETECTION_END
00:48:56.0 (42237871)|CODE_UNIT_FINISHED|DuplicateDetector
00:48:56.0 (60700665)|CODE_UNIT_STARTED|[EXTERNAL]|Workflow:Lead
00:48:56.0 (65355108)|WF_RULE_EVAL_BEGIN|Assignment
00:48:56.0 (65369394)|WF_SPOOL_ACTION_BEGIN|Assignment
00:48:56.0 (65377446)|WF_ACTION|.
00:48:56.0 (65383827)|WF_RULE_EVAL_END
00:48:56.0 (65422612)|WF_ACTIONS_END| None
00:48:56.0 (65430879)|CODE_UNIT_FINISHED|Workflow:Lead
00:48:56.0 (66389029)|DML_END|[12]
00:48:56.0 (66410826)|STATEMENT_EXECUTE|[14]
00:48:56.0 (66419095)|HEAP_ALLOCATE|[14]|Bytes:9
00:48:56.0 (66480539)|VARIABLE_ASSIGNMENT|[14]|this.Company|"Microsoft"|0x344baca1
00:48:56.0 (66487521)|STATEMENT_EXECUTE|[15]
00:48:56.0 (66528526)|HEAP_ALLOCATE|[15]|Bytes:8
00:48:56.0 (66536084)|DML_BEGIN|[15]|Op:Update|Type:Lead|Rows:1
00:48:56.0 (66565084)|HEAP_ALLOCATE|[EXTERNAL]|Bytes:8
00:48:56.0 (73819428)|CODE_UNIT_STARTED|[EXTERNAL]|01q1I000000Bnup|HelloWorld on Lead trigger event BeforeUpdate for [00Q1I000004Mbi1]
00:48:56.0 (73854959)|HEAP_ALLOCATE|[EXTERNAL]|Bytes:8
00:48:56.0 (73877655)|HEAP_ALLOCATE|[EXTERNAL]|Bytes:8
00:48:56.0 (73971045)|HEAP_ALLOCATE|[EXTERNAL]|Bytes:4
00:48:56.0 (73985334)|VARIABLE_SCOPE_BEGIN|[1]|this|HelloWorld|true|false
00:48:56.0 (74049281)|VARIABLE_ASSIGNMENT|[1]|this|{}|0x6968c1f1
00:48:56.0 (74092690)|HEAP_ALLOCATE|[EXTERNAL]|Bytes:4
00:48:56.0 (74101434)|VARIABLE_SCOPE_BEGIN|[1]|this|HelloWorld|true|false
00:48:56.0 (74112867)|VARIABLE_ASSIGNMENT|[1]|this|{}|0x6968c1f1
00:48:56.0 (74119099)|STATEMENT_EXECUTE|[1]
00:48:56.0 (74421942)|HEAP_ALLOCATE|[3]|Bytes:5
00:48:56.0 (74449843)|HEAP_ALLOCATE|[3]|Bytes:4
00:48:56.0 (74459050)|VARIABLE_SCOPE_BEGIN|[3]|l|Lead|true|false
00:48:56.0 (74859095)|VARIABLE_ASSIGNMENT|[3]|l|{"Status":"Open-Not Contacted","LastModifiedDate":"2017-12-15T08:48:56.000Z","Company":"Microsoft","IsDeleted":false,"DoNotCall":false,"IsConverted":false,"FirstName":"Hello","IsUnreadByOwner":true,"HasOptedOutOfEmail":false,"HasOptedOutOfFax":false,"SystemModstamp":"2017-12-15T08:48:56.000Z","CleanStatus":"Pending","CreatedById":"0051I000000ZTghQAG","CreatedByID":"0051I000000ZTghQAG","OwnerId":"0051I000000ZTghQAG","CreatedDate":"2017-12-15T08:48:56.000Z","Id":"00Q1I000004Mbi1UAC","LastName":"World","LastModifiedByID":"0051I000000ZTghQAG","LastModifiedById":"0051I000000ZTghQAG","LastTransferDate":"2017-12-15T08:48:56.000Z"}|0x3764aab
00:48:56.0 (74877641)|STATEMENT_EXECUTE|[3]
00:48:56.0 (74879426)|STATEMENT_EXECUTE|[4]
00:48:56.0 (75090928)|VARIABLE_ASSIGNMENT|[4]|this.FirstName|"Hello"|0x3764aab
00:48:56.0 (75099062)|STATEMENT_EXECUTE|[5]
00:48:56.0 (75270758)|VARIABLE_ASSIGNMENT|[5]|this.LastName|"World"|0x3764aab
00:48:56.0 (75289491)|HEAP_ALLOCATE|[3]|Bytes:5
00:48:56.0 (75307079)|VARIABLE_ASSIGNMENT|[3]|l|null|
00:48:56.75 (75315633)|CUMULATIVE_LIMIT_USAGE
00:48:56.75 (75315633)|LIMIT_USAGE_FOR_NS|(default)|
  Number of SOQL queries: 0 out of 100
  Number of query rows: 0 out of 50000
  Number of SOSL queries: 0 out of 20
  Number of DML statements: 2 out of 150
  Number of DML rows: 2 out of 10000
  Maximum CPU time: 0 out of 10000
  Maximum heap size: 0 out of 6000000
  Number of callouts: 0 out of 100
  Number of Email Invocations: 0 out of 10
  Number of future calls: 0 out of 50
  Number of queueable jobs added to the queue: 0 out of 50
  Number of Mobile Apex push calls: 0 out of 10

00:48:56.75 (75315633)|CUMULATIVE_LIMIT_USAGE_END

00:48:56.0 (76596073)|CODE_UNIT_FINISHED|HelloWorld on Lead trigger event BeforeUpdate for [00Q1I000004Mbi1]
00:48:56.0 (76995577)|CODE_UNIT_STARTED|[EXTERNAL]|DuplicateDetector
00:48:56.0 (77004609)|DUPLICATE_DETECTION_BEGIN
00:48:56.0 (77054478)|DUPLICATE_DETECTION_RULE_INVOCATION|DuplicateRuleId:0Bm1I0000028pMi|DuplicateRuleName:Standard Lead Duplicate Rule|DmlType:UPDATE
00:48:56.0 (77083414)|DUPLICATE_DETECTION_END
00:48:56.0 (77086797)|CODE_UNIT_FINISHED|DuplicateDetector
00:48:56.0 (84580160)|CODE_UNIT_STARTED|[EXTERNAL]|Workflow:Lead
00:48:56.0 (87228500)|WF_RULE_EVAL_BEGIN|Assignment
00:48:56.0 (87241877)|WF_SPOOL_ACTION_BEGIN|Assignment
00:48:56.0 (87249586)|WF_ACTION|.
00:48:56.0 (87253614)|WF_RULE_EVAL_END
00:48:56.0 (87282694)|WF_ACTIONS_END| None
00:48:56.0 (87289323)|CODE_UNIT_FINISHED|Workflow:Lead
00:48:56.0 (87422657)|DML_END|[15]
00:48:56.87 (87440515)|CUMULATIVE_LIMIT_USAGE
00:48:56.87 (87440515)|LIMIT_USAGE_FOR_NS|(default)|
  Number of SOQL queries: 0 out of 100
  Number of query rows: 0 out of 50000
  Number of SOSL queries: 0 out of 20
  Number of DML statements: 2 out of 150
  Number of DML rows: 2 out of 10000
  Maximum CPU time: 0 out of 10000
  Maximum heap size: 0 out of 6000000
  Number of callouts: 0 out of 100
  Number of Email Invocations: 0 out of 10
  Number of future calls: 0 out of 50
  Number of queueable jobs added to the queue: 0 out of 50
  Number of Mobile Apex push calls: 0 out of 10

00:48:56.87 (87440515)|CUMULATIVE_LIMIT_USAGE_END

00:48:56.0 (87471441)|CODE_UNIT_FINISHED|HelloWorldTest.updateLead
00:48:56.0 (88200623)|EXECUTION_FINISHED
00:48:56.187 (187279056)|USER_INFO|[EXTERNAL]|0051I000000ZTgh|ksb994@gmail.com|Pacific Standard Time|GMT-08:00
00:48:56.187 (187310432)|EXECUTION_STARTED
00:48:56.187 (187315107)|CODE_UNIT_STARTED|[EXTERNAL]|DuplicateDetector
00:48:56.187 (187323445)|DUPLICATE_DETECTION_BEGIN
00:48:56.187 (187395456)|DUPLICATE_DETECTION_RULE_INVOCATION|DuplicateRuleId:0Bm1I0000028pMi|DuplicateRuleName:Standard Lead Duplicate Rule|DmlType:INSERT
00:48:56.187 (195434904)|DUPLICATE_DETECTION_END
00:48:56.187 (195442064)|CODE_UNIT_FINISHED|DuplicateDetector
00:48:56.187 (196177097)|EXECUTION_FINISHED
00:48:56.196 (196962512)|USER_INFO|[EXTERNAL]|0051I000000ZTgh|ksb994@gmail.com|Pacific Standard Time|GMT-08:00
00:48:56.196 (196976755)|EXECUTION_STARTED
00:48:56.196 (196978896)|CODE_UNIT_STARTED|[EXTERNAL]|DuplicateDetector
00:48:56.196 (196983159)|DUPLICATE_DETECTION_BEGIN
00:48:56.196 (197013047)|DUPLICATE_DETECTION_RULE_INVOCATION|DuplicateRuleId:0Bm1I0000028pMi|DuplicateRuleName:Standard Lead Duplicate Rule|DmlType:UPDATE
00:48:56.196 (203174156)|DUPLICATE_DETECTION_END
00:48:56.196 (203180007)|CODE_UNIT_FINISHED|DuplicateDetector
00:48:56.196 (203830840)|EXECUTION_FINISHED
