36.0 APEX_CODE,FINEST;APEX_PROFILING,INFO;CALLOUT,INFO;DB,INFO;SYSTEM,DEBUG;VALIDATION,INFO;VISUALFORCE,INFO;WAVE,INFO;WORKFLOW,INFO
00:49:29.0 (411369)|USER_INFO|[EXTERNAL]|0051I000000ZTgh|ksb994@gmail.com|Pacific Standard Time|GMT-08:00
00:49:29.0 (457198)|EXECUTION_STARTED
00:49:29.0 (461747)|CODE_UNIT_STARTED|[EXTERNAL]|01p1I00000FRG0E|HelloWorldTest.updateLead
00:49:29.0 (772560)|HEAP_ALLOCATE|[72]|Bytes:3
00:49:29.0 (813825)|HEAP_ALLOCATE|[77]|Bytes:152
00:49:29.0 (833042)|HEAP_ALLOCATE|[342]|Bytes:408
00:49:29.0 (851510)|HEAP_ALLOCATE|[355]|Bytes:408
00:49:29.0 (868052)|HEAP_ALLOCATE|[467]|Bytes:48
00:49:29.0 (895791)|HEAP_ALLOCATE|[139]|Bytes:6
00:49:29.0 (951204)|HEAP_ALLOCATE|[EXTERNAL]|Bytes:19
00:49:29.0 (963114)|METHOD_ENTRY|[2]|01p1I00000FRG0E|HelloWorldTest.HelloWorldTest()
00:49:29.0 (969145)|STATEMENT_EXECUTE|[2]
00:49:29.0 (975062)|STATEMENT_EXECUTE|[2]
00:49:29.0 (979104)|METHOD_EXIT|[2]|HelloWorldTest
00:49:29.0 (1023299)|HEAP_ALLOCATE|[50]|Bytes:5
00:49:29.0 (1053017)|HEAP_ALLOCATE|[56]|Bytes:5
00:49:29.0 (1062152)|HEAP_ALLOCATE|[64]|Bytes:7
00:49:29.0 (1106077)|STATEMENT_EXECUTE|[4]
00:49:29.0 (1108744)|STATEMENT_EXECUTE|[6]
00:49:29.0 (1160576)|HEAP_ALLOCATE|[6]|Bytes:4
00:49:29.0 (1263900)|VARIABLE_SCOPE_BEGIN|[6]|myLead|Lead|true|false
00:49:29.0 (1293490)|VARIABLE_ASSIGNMENT|[6]|myLead|{}|0x5ff7618c
00:49:29.0 (1299584)|STATEMENT_EXECUTE|[7]
00:49:29.0 (1303049)|HEAP_ALLOCATE|[7]|Bytes:5
00:49:29.0 (1750392)|VARIABLE_ASSIGNMENT|[7]|this.FirstName|"Hello"|0x5ff7618c
00:49:29.0 (1758589)|STATEMENT_EXECUTE|[8]
00:49:29.0 (1761252)|HEAP_ALLOCATE|[8]|Bytes:5
00:49:29.0 (1781364)|VARIABLE_ASSIGNMENT|[8]|this.LastName|"World"|0x5ff7618c
00:49:29.0 (1786099)|STATEMENT_EXECUTE|[9]
00:49:29.0 (1787893)|HEAP_ALLOCATE|[9]|Bytes:6
00:49:29.0 (1804514)|VARIABLE_ASSIGNMENT|[9]|this.Company|"Google"|0x5ff7618c
00:49:29.0 (1809400)|STATEMENT_EXECUTE|[10]
00:49:29.0 (1811174)|HEAP_ALLOCATE|[10]|Bytes:18
00:49:29.0 (1825393)|VARIABLE_ASSIGNMENT|[10]|this.Status|"Open-Not Contacted"|0x5ff7618c
00:49:29.0 (1831220)|STATEMENT_EXECUTE|[12]
00:49:29.0 (1858278)|HEAP_ALLOCATE|[12]|Bytes:8
00:49:29.0 (1865300)|DML_BEGIN|[12]|Op:Insert|Type:Lead|Rows:1
00:49:29.0 (1889107)|HEAP_ALLOCATE|[EXTERNAL]|Bytes:8
00:49:29.0 (47810799)|CODE_UNIT_STARTED|[EXTERNAL]|DuplicateDetector
00:49:29.0 (47830681)|DUPLICATE_DETECTION_BEGIN
00:49:29.0 (48043913)|DUPLICATE_DETECTION_RULE_INVOCATION|DuplicateRuleId:0Bm1I0000028pMi|DuplicateRuleName:Standard Lead Duplicate Rule|DmlType:INSERT
00:49:29.0 (69903826)|DUPLICATE_DETECTION_MATCH_INVOCATION_DETAILS|EntityType:Lead|ActionTaken:Allow_[Alert,Report]|DuplicateRecordIds:
00:49:29.0 (69922469)|DUPLICATE_DETECTION_MATCH_INVOCATION_SUMMARY|EntityType:Lead|NumRecordsToBeSaved:1|NumRecordsToBeSavedWithDuplicates:0|NumDuplicateRecordsFound:0
00:49:29.0 (69935972)|DUPLICATE_DETECTION_MATCH_INVOCATION_DETAILS|EntityType:Lead|ActionTaken:Allow_[Alert,Report]|DuplicateRecordIds:
00:49:29.0 (69945306)|DUPLICATE_DETECTION_MATCH_INVOCATION_SUMMARY|EntityType:Lead|NumRecordsToBeSaved:1|NumRecordsToBeSavedWithDuplicates:0|NumDuplicateRecordsFound:0
00:49:29.0 (70075783)|DUPLICATE_DETECTION_END
00:49:29.0 (70084675)|CODE_UNIT_FINISHED|DuplicateDetector
00:49:29.0 (89919463)|CODE_UNIT_STARTED|[EXTERNAL]|Workflow:Lead
00:49:29.0 (93603445)|WF_RULE_EVAL_BEGIN|Assignment
00:49:29.0 (93617818)|WF_SPOOL_ACTION_BEGIN|Assignment
00:49:29.0 (93625184)|WF_ACTION|.
00:49:29.0 (93630086)|WF_RULE_EVAL_END
00:49:29.0 (93667189)|WF_ACTIONS_END| None
00:49:29.0 (93675271)|CODE_UNIT_FINISHED|Workflow:Lead
00:49:29.0 (94054084)|DML_END|[12]
00:49:29.0 (94072997)|STATEMENT_EXECUTE|[14]
00:49:29.0 (94080004)|HEAP_ALLOCATE|[14]|Bytes:9
00:49:29.0 (94138259)|VARIABLE_ASSIGNMENT|[14]|this.Company|"Microsoft"|0x5ff7618c
00:49:29.0 (94144401)|STATEMENT_EXECUTE|[15]
00:49:29.0 (94173929)|HEAP_ALLOCATE|[15]|Bytes:8
00:49:29.0 (94181634)|DML_BEGIN|[15]|Op:Update|Type:Lead|Rows:1
00:49:29.0 (94203487)|HEAP_ALLOCATE|[EXTERNAL]|Bytes:8
00:49:29.0 (99809318)|CODE_UNIT_STARTED|[EXTERNAL]|01q1I000000Bnup|HelloWorld on Lead trigger event BeforeUpdate for [00Q1I000004Mbi6]
00:49:29.0 (99847898)|HEAP_ALLOCATE|[EXTERNAL]|Bytes:8
00:49:29.0 (99874209)|HEAP_ALLOCATE|[EXTERNAL]|Bytes:8
00:49:29.0 (99932650)|HEAP_ALLOCATE|[EXTERNAL]|Bytes:4
00:49:29.0 (99942955)|VARIABLE_SCOPE_BEGIN|[1]|this|HelloWorld|true|false
00:49:29.0 (99972311)|VARIABLE_ASSIGNMENT|[1]|this|{}|0x1f7efa6
00:49:29.0 (99996918)|HEAP_ALLOCATE|[EXTERNAL]|Bytes:4
00:49:29.0 (100003990)|VARIABLE_SCOPE_BEGIN|[1]|this|HelloWorld|true|false
00:49:29.0 (100014407)|VARIABLE_ASSIGNMENT|[1]|this|{}|0x1f7efa6
00:49:29.0 (100020248)|STATEMENT_EXECUTE|[1]
00:49:29.0 (100281453)|HEAP_ALLOCATE|[3]|Bytes:5
00:49:29.0 (100302832)|HEAP_ALLOCATE|[3]|Bytes:4
00:49:29.0 (100312571)|VARIABLE_SCOPE_BEGIN|[3]|l|Lead|true|false
00:49:29.0 (100703261)|VARIABLE_ASSIGNMENT|[3]|l|{"Status":"Open-Not Contacted","LastModifiedDate":"2017-12-15T08:49:29.000Z","Company":"Microsoft","IsDeleted":false,"DoNotCall":false,"IsConverted":false,"FirstName":"Hello","IsUnreadByOwner":true,"HasOptedOutOfEmail":false,"HasOptedOutOfFax":false,"SystemModstamp":"2017-12-15T08:49:29.000Z","CleanStatus":"Pending","CreatedById":"0051I000000ZTghQAG","CreatedByID":"0051I000000ZTghQAG","OwnerId":"0051I000000ZTghQAG","CreatedDate":"2017-12-15T08:49:29.000Z","Id":"00Q1I000004Mbi6UAC","LastName":"World","LastModifiedByID":"0051I000000ZTghQAG","LastModifiedById":"0051I000000ZTghQAG","LastTransferDate":"2017-12-15T08:49:29.000Z"}|0x187e75c1
00:49:29.0 (100720789)|STATEMENT_EXECUTE|[3]
00:49:29.0 (100722684)|STATEMENT_EXECUTE|[4]
00:49:29.0 (100907360)|VARIABLE_ASSIGNMENT|[4]|this.FirstName|"Hello"|0x187e75c1
00:49:29.0 (100914316)|STATEMENT_EXECUTE|[5]
00:49:29.0 (101075748)|VARIABLE_ASSIGNMENT|[5]|this.LastName|"World"|0x187e75c1
00:49:29.0 (101093886)|HEAP_ALLOCATE|[3]|Bytes:5
00:49:29.0 (101106799)|VARIABLE_ASSIGNMENT|[3]|l|null|
00:49:29.101 (101114891)|CUMULATIVE_LIMIT_USAGE
00:49:29.101 (101114891)|LIMIT_USAGE_FOR_NS|(default)|
  Number of SOQL queries: 0 out of 100
  Number of query rows: 0 out of 50000
  Number of SOSL queries: 0 out of 20
  Number of DML statements: 2 out of 150
  Number of DML rows: 2 out of 10000
  Maximum CPU time: 0 out of 10000
  Maximum heap size: 0 out of 6000000
  Number of callouts: 0 out of 100
  Number of Email Invocations: 0 out of 10
  Number of future calls: 0 out of 50
  Number of queueable jobs added to the queue: 0 out of 50
  Number of Mobile Apex push calls: 0 out of 10

00:49:29.101 (101114891)|CUMULATIVE_LIMIT_USAGE_END

00:49:29.0 (102509103)|CODE_UNIT_FINISHED|HelloWorld on Lead trigger event BeforeUpdate for [00Q1I000004Mbi6]
00:49:29.0 (102917841)|CODE_UNIT_STARTED|[EXTERNAL]|DuplicateDetector
00:49:29.0 (102927123)|DUPLICATE_DETECTION_BEGIN
00:49:29.0 (102978102)|DUPLICATE_DETECTION_RULE_INVOCATION|DuplicateRuleId:0Bm1I0000028pMi|DuplicateRuleName:Standard Lead Duplicate Rule|DmlType:UPDATE
00:49:29.0 (103009660)|DUPLICATE_DETECTION_END
00:49:29.0 (103013568)|CODE_UNIT_FINISHED|DuplicateDetector
00:49:29.0 (109873099)|CODE_UNIT_STARTED|[EXTERNAL]|Workflow:Lead
00:49:29.0 (112528399)|WF_RULE_EVAL_BEGIN|Assignment
00:49:29.0 (112542615)|WF_SPOOL_ACTION_BEGIN|Assignment
00:49:29.0 (112553256)|WF_ACTION|.
00:49:29.0 (112557645)|WF_RULE_EVAL_END
00:49:29.0 (112604210)|WF_ACTIONS_END| None
00:49:29.0 (112611256)|CODE_UNIT_FINISHED|Workflow:Lead
00:49:29.0 (112802729)|DML_END|[15]
00:49:29.112 (112834086)|CUMULATIVE_LIMIT_USAGE
00:49:29.112 (112834086)|LIMIT_USAGE_FOR_NS|(default)|
  Number of SOQL queries: 0 out of 100
  Number of query rows: 0 out of 50000
  Number of SOSL queries: 0 out of 20
  Number of DML statements: 2 out of 150
  Number of DML rows: 2 out of 10000
  Maximum CPU time: 0 out of 10000
  Maximum heap size: 0 out of 6000000
  Number of callouts: 0 out of 100
  Number of Email Invocations: 0 out of 10
  Number of future calls: 0 out of 50
  Number of queueable jobs added to the queue: 0 out of 50
  Number of Mobile Apex push calls: 0 out of 10

00:49:29.112 (112834086)|CUMULATIVE_LIMIT_USAGE_END

00:49:29.0 (112880839)|CODE_UNIT_FINISHED|HelloWorldTest.updateLead
00:49:29.0 (113654470)|EXECUTION_FINISHED
00:49:29.178 (178097412)|USER_INFO|[EXTERNAL]|0051I000000ZTgh|ksb994@gmail.com|Pacific Standard Time|GMT-08:00
00:49:29.178 (178132398)|EXECUTION_STARTED
00:49:29.178 (178137345)|CODE_UNIT_STARTED|[EXTERNAL]|DuplicateDetector
00:49:29.178 (178146166)|DUPLICATE_DETECTION_BEGIN
00:49:29.178 (178218151)|DUPLICATE_DETECTION_RULE_INVOCATION|DuplicateRuleId:0Bm1I0000028pMi|DuplicateRuleName:Standard Lead Duplicate Rule|DmlType:INSERT
00:49:29.178 (186946326)|DUPLICATE_DETECTION_END
00:49:29.178 (186957214)|CODE_UNIT_FINISHED|DuplicateDetector
00:49:29.178 (187774770)|EXECUTION_FINISHED
00:49:29.188 (188706903)|USER_INFO|[EXTERNAL]|0051I000000ZTgh|ksb994@gmail.com|Pacific Standard Time|GMT-08:00
00:49:29.188 (188736214)|EXECUTION_STARTED
00:49:29.188 (188740792)|CODE_UNIT_STARTED|[EXTERNAL]|DuplicateDetector
00:49:29.188 (188749552)|DUPLICATE_DETECTION_BEGIN
00:49:29.188 (188818709)|DUPLICATE_DETECTION_RULE_INVOCATION|DuplicateRuleId:0Bm1I0000028pMi|DuplicateRuleName:Standard Lead Duplicate Rule|DmlType:UPDATE
00:49:29.188 (196535835)|DUPLICATE_DETECTION_END
00:49:29.188 (196546809)|CODE_UNIT_FINISHED|DuplicateDetector
00:49:29.188 (197363337)|EXECUTION_FINISHED
