41.0 APEX_CODE,FINEST;APEX_PROFILING,INFO;CALLOUT,INFO;DB,INFO;SYSTEM,DEBUG;VALIDATION,INFO;VISUALFORCE,INFO;WAVE,INFO;WORKFLOW,INFO
11:24:00.0 (297328)|USER_INFO|[EXTERNAL]|0051I000000ZTgh|ksb994@gmail.com|Pacific Standard Time|GMT-08:00
11:24:00.0 (328674)|EXECUTION_STARTED
11:24:00.0 (332535)|CODE_UNIT_STARTED|[EXTERNAL]|TRIGGERS
11:24:00.0 (359225)|CODE_UNIT_STARTED|[EXTERNAL]|01q1I000000BC4w|changeNameWithMr on Contact trigger event BeforeInsert for [new]
11:24:00.0 (403113)|HEAP_ALLOCATE|[EXTERNAL]|Bytes:8
11:24:00.0 (703850)|HEAP_ALLOCATE|[72]|Bytes:3
11:24:00.0 (734492)|HEAP_ALLOCATE|[77]|Bytes:152
11:24:00.0 (746388)|HEAP_ALLOCATE|[342]|Bytes:408
11:24:00.0 (759720)|HEAP_ALLOCATE|[355]|Bytes:408
11:24:00.0 (772162)|HEAP_ALLOCATE|[467]|Bytes:48
11:24:00.0 (799124)|HEAP_ALLOCATE|[139]|Bytes:6
11:24:00.0 (817831)|HEAP_ALLOCATE|[EXTERNAL]|Bytes:4
11:24:00.0 (827674)|VARIABLE_SCOPE_BEGIN|[1]|this|changeNameWithMr|true|false
11:24:00.0 (900548)|VARIABLE_ASSIGNMENT|[1]|this|{}|0x546fc313
11:24:00.0 (945998)|HEAP_ALLOCATE|[EXTERNAL]|Bytes:4
11:24:00.0 (993694)|VARIABLE_SCOPE_BEGIN|[1]|this|changeNameWithMr|true|false
11:24:00.0 (1006113)|VARIABLE_ASSIGNMENT|[1]|this|{}|0x546fc313
11:24:00.0 (1015135)|STATEMENT_EXECUTE|[1]
11:24:00.0 (1044812)|HEAP_ALLOCATE|[50]|Bytes:5
11:24:00.0 (1064493)|HEAP_ALLOCATE|[56]|Bytes:5
11:24:00.0 (1072409)|HEAP_ALLOCATE|[64]|Bytes:7
11:24:00.0 (1351398)|HEAP_ALLOCATE|[2]|Bytes:5
11:24:00.0 (1392301)|HEAP_ALLOCATE|[2]|Bytes:4
11:24:00.0 (1401363)|VARIABLE_SCOPE_BEGIN|[2]|con|Contact|true|false
11:24:00.0 (2064610)|VARIABLE_ASSIGNMENT|[2]|con|{"IsDeleted":false,"CleanStatus":"Pending","IsEmailBounced":false,"DoNotCall":false,"OwnerId":"0051I000000ZTghQAG","Receive_Birthday_Ema (6 more) ...":false,"HasOptedOutOfEmail":false,"HasOptedOutOfFax":false,"Reset_Birthday_Email (10 more) ...":false,"LastName":"Birthday Email Test","Birthdate":"2017-12-16T00:00:00.000Z"}|0x31a85992
11:24:00.0 (2078391)|STATEMENT_EXECUTE|[2]
11:24:00.0 (2079815)|STATEMENT_EXECUTE|[3]
11:24:00.0 (2101132)|VARIABLE_SCOPE_BEGIN|[3]|str|String|false|false
11:24:00.0 (2111340)|VARIABLE_ASSIGNMENT|[3]|str|"Birthday Email Test"
11:24:00.0 (2114800)|STATEMENT_EXECUTE|[4]
11:24:00.0 (2117786)|HEAP_ALLOCATE|[4]|Bytes:9
11:24:00.0 (2139335)|HEAP_ALLOCATE|[4]|Bytes:28
11:24:00.0 (2565947)|VARIABLE_ASSIGNMENT|[4]|this.LastName|"Mr/Miss. Birthday Em (8 more) ..."|0x31a85992
11:24:00.0 (2584998)|HEAP_ALLOCATE|[2]|Bytes:5
11:24:00.0 (2598109)|VARIABLE_ASSIGNMENT|[2]|con|null|
11:24:00.2 (2606784)|CUMULATIVE_LIMIT_USAGE
11:24:00.2 (2606784)|LIMIT_USAGE_FOR_NS|(default)|
  Number of SOQL queries: 0 out of 100
  Number of query rows: 0 out of 50000
  Number of SOSL queries: 0 out of 20
  Number of DML statements: 0 out of 150
  Number of DML rows: 0 out of 10000
  Maximum CPU time: 0 out of 10000
  Maximum heap size: 0 out of 6000000
  Number of callouts: 0 out of 100
  Number of Email Invocations: 0 out of 10
  Number of future calls: 0 out of 50
  Number of queueable jobs added to the queue: 0 out of 50
  Number of Mobile Apex push calls: 0 out of 10

11:24:00.2 (2606784)|CUMULATIVE_LIMIT_USAGE_END

11:24:00.0 (4145966)|CODE_UNIT_FINISHED|changeNameWithMr on Contact trigger event BeforeInsert for [new]
11:24:00.0 (6365822)|CODE_UNIT_STARTED|[EXTERNAL]|DuplicateDetector
11:24:00.0 (6379795)|DUPLICATE_DETECTION_BEGIN
11:24:00.0 (7048910)|DUPLICATE_DETECTION_RULE_INVOCATION|DuplicateRuleId:0Bm1I0000028pMh|DuplicateRuleName:Standard Contact Duplicate Rule|DmlType:INSERT
11:24:00.0 (34905212)|DUPLICATE_DETECTION_MATCH_INVOCATION_DETAILS|EntityType:Contact|ActionTaken:Allow_[Alert,Report]|DuplicateRecordIds:
11:24:00.0 (34931497)|DUPLICATE_DETECTION_MATCH_INVOCATION_SUMMARY|EntityType:Contact|NumRecordsToBeSaved:1|NumRecordsToBeSavedWithDuplicates:0|NumDuplicateRecordsFound:0
11:24:00.0 (34942118)|DUPLICATE_DETECTION_MATCH_INVOCATION_DETAILS|EntityType:Contact|ActionTaken:Allow_[Alert,Report]|DuplicateRecordIds:
11:24:00.0 (34947369)|DUPLICATE_DETECTION_MATCH_INVOCATION_SUMMARY|EntityType:Contact|NumRecordsToBeSaved:1|NumRecordsToBeSavedWithDuplicates:0|NumDuplicateRecordsFound:0
11:24:00.0 (35044766)|DUPLICATE_DETECTION_END
11:24:00.0 (35052304)|CODE_UNIT_FINISHED|DuplicateDetector
11:24:00.0 (73577870)|CODE_UNIT_STARTED|[EXTERNAL]|Workflow:Contact
11:24:00.0 (78824993)|WF_RULE_EVAL_BEGIN|Workflow
11:24:00.0 (78872868)|WF_CRITERIA_BEGIN|[Contact: Mr/Miss. Birthday Email Test 0031I0000082K3X]|Birthday Change|01Q1I000000LMZQ|ON_ALL_CHANGES|0
11:24:00.0 (79369980)|WF_FORMULA|Formula:ENCODED:[treatNullAsNull]( MONTH( {!ID:Birthdate} )  <>  MONTH( {!ID:00N1I00000KH2qA} ) &#124;&#124;  DAY( {!ID:Birthdate} )  <>  DAY( {!ID:00N1I00000KH2qA} ) ) &&  {!ID:00N1I00000KH2GC}  = True|Values:Receive_Birthday_Emails__c=0, Birthdate=2017-12-16 00:00:00, Next_Birthday__c=null
11:24:00.0 (79382124)|WF_CRITERIA_END|false
11:24:00.0 (79397158)|WF_CRITERIA_BEGIN|[Contact: Mr/Miss. Birthday Email Test 0031I0000082K3X]|Send Birthday Email|01Q1I000000LMZ1|ON_CREATE_OR_TRIGGERING_UPDATE|0
11:24:00.0 (83171607)|WF_RULE_FILTER|[Contact : Receive Birthday Emails equals true] 
AND [Contact : Reset Birthday Email System equals false] 
AND [Contact : Birthdate not equal to ]
11:24:00.0 (83188052)|WF_RULE_EVAL_VALUE|0
11:24:00.0 (83192379)|WF_CRITERIA_END|false
11:24:00.0 (83200650)|WF_CRITERIA_BEGIN|[Contact: Mr/Miss. Birthday Email Test 0031I0000082K3X]|Rest Birthday Email|01Q1I000000LMZB|ON_CREATE_OR_TRIGGERING_UPDATE|0
11:24:00.0 (83238939)|WF_RULE_FILTER|[Contact : Receive Birthday Emails equals true] 
AND [Contact : Reset Birthday Email System equals true]
11:24:00.0 (83244567)|WF_RULE_EVAL_VALUE|0
11:24:00.0 (83247520)|WF_CRITERIA_END|false
11:24:00.0 (83253151)|WF_CRITERIA_BEGIN|[Contact: Mr/Miss. Birthday Email Test 0031I0000082K3X]|Birthday Email Opt-Out|01Q1I000000LMZL|ON_ALL_CHANGES|0
11:24:00.0 (83274643)|WF_RULE_FILTER|[Contact : Receive Birthday Emails equals false]
11:24:00.0 (83279091)|WF_RULE_EVAL_VALUE|0
11:24:00.0 (83281851)|WF_CRITERIA_END|true
11:24:00.0 (83938561)|WF_SPOOL_ACTION_BEGIN|Workflow
11:24:00.0 (84046506)|WF_FIELD_UPDATE|[Contact: Mr/Miss. Birthday Email Test 0031I0000082K3X]|Field:Contact: Reset Birthday Email System|Value:true|Id=04Y1I000000c4Qw|CurrentRule:Birthday Email Opt-Out (Id=01Q1I000000LMZL)
11:24:00.0 (84067041)|WF_ACTION| Field Update: 1;
11:24:00.0 (84070256)|WF_RULE_EVAL_END
11:24:00.0 (98457672)|WF_RULE_EVAL_BEGIN|Workflow
11:24:00.0 (98483934)|WF_CRITERIA_BEGIN|[Contact: Mr/Miss. Birthday Email Test 0031I0000082K3X]|Birthday Change|01Q1I000000LMZQ|ON_ALL_CHANGES|1
11:24:00.0 (98635190)|WF_FORMULA|Formula:ENCODED:[treatNullAsNull]( MONTH( {!ID:Birthdate} )  <>  MONTH( {!ID:00N1I00000KH2qA} ) &#124;&#124;  DAY( {!ID:Birthdate} )  <>  DAY( {!ID:00N1I00000KH2qA} ) ) &&  {!ID:00N1I00000KH2GC}  = True|Values:Receive_Birthday_Emails__c=0, Birthdate=2017-12-16 00:00:00, Next_Birthday__c=null
11:24:00.0 (98647000)|WF_CRITERIA_END|false
11:24:00.0 (98658825)|WF_CRITERIA_BEGIN|[Contact: Mr/Miss. Birthday Email Test 0031I0000082K3X]|Send Birthday Email|01Q1I000000LMZ1|ON_CREATE_OR_TRIGGERING_UPDATE|1
11:24:00.0 (98708017)|WF_RULE_FILTER|[Contact : Receive Birthday Emails equals true] 
AND [Contact : Reset Birthday Email System equals false] 
AND [Contact : Birthdate not equal to ]
11:24:00.0 (98732051)|WF_RULE_EVAL_VALUE|0
11:24:00.0 (98735756)|WF_CRITERIA_END|false
11:24:00.0 (98743121)|WF_CRITERIA_BEGIN|[Contact: Mr/Miss. Birthday Email Test 0031I0000082K3X]|Rest Birthday Email|01Q1I000000LMZB|ON_CREATE_OR_TRIGGERING_UPDATE|1
11:24:00.0 (98764255)|WF_RULE_FILTER|[Contact : Receive Birthday Emails equals true] 
AND [Contact : Reset Birthday Email System equals true]
11:24:00.0 (98769314)|WF_RULE_EVAL_VALUE|0
11:24:00.0 (98774730)|WF_CRITERIA_END|false
11:24:00.0 (98783909)|WF_SPOOL_ACTION_BEGIN|Workflow
11:24:00.0 (98790633)|WF_ACTION| None
11:24:00.0 (98793783)|WF_RULE_EVAL_END
11:24:00.0 (98807704)|WF_TIME_TRIGGERS_BEGIN
11:24:00.0 (118855893)|WF_ACTIONS_END| Field Update: 1;
11:24:00.0 (118872213)|CODE_UNIT_FINISHED|Workflow:Contact
11:24:00.0 (176058843)|CODE_UNIT_STARTED|[EXTERNAL]|DuplicateDetector
11:24:00.0 (176079763)|DUPLICATE_DETECTION_BEGIN
11:24:00.0 (176160969)|DUPLICATE_DETECTION_RULE_INVOCATION|DuplicateRuleId:0Bm1I0000028pMh|DuplicateRuleName:Standard Contact Duplicate Rule|DmlType:UPDATE
11:24:00.0 (186102208)|DUPLICATE_DETECTION_END
11:24:00.0 (186110510)|CODE_UNIT_FINISHED|DuplicateDetector
11:24:00.0 (186173593)|CODE_UNIT_STARTED|[EXTERNAL]|DuplicateDetector
11:24:00.0 (186181982)|DUPLICATE_DETECTION_BEGIN
11:24:00.0 (186235165)|DUPLICATE_DETECTION_RULE_INVOCATION|DuplicateRuleId:0Bm1I0000028pMh|DuplicateRuleName:Standard Contact Duplicate Rule|DmlType:INSERT
11:24:00.0 (192787452)|DUPLICATE_DETECTION_END
11:24:00.0 (192795107)|CODE_UNIT_FINISHED|DuplicateDetector
11:24:00.0 (195878053)|CODE_UNIT_FINISHED|TRIGGERS
11:24:00.0 (195887964)|EXECUTION_FINISHED
