38.0 APEX_CODE,FINEST;APEX_PROFILING,INFO;CALLOUT,INFO;DB,INFO;SYSTEM,DEBUG;VALIDATION,INFO;VISUALFORCE,INFO;WAVE,INFO;WORKFLOW,INFO
10:13:51.0 (358617)|USER_INFO|[EXTERNAL]|0051I000000ZTgh|ksb994@gmail.com|Pacific Standard Time|GMT-08:00
10:13:51.0 (395519)|EXECUTION_STARTED
10:13:51.0 (399819)|CODE_UNIT_STARTED|[EXTERNAL]|01p1I00000FRGWe|batchAccPhoneToConPhone
10:13:51.0 (2090933)|HEAP_ALLOCATE|[EXTERNAL]|Bytes:4
10:13:51.0 (2286346)|HEAP_ALLOCATE|[72]|Bytes:3
10:13:51.0 (2343868)|HEAP_ALLOCATE|[77]|Bytes:152
10:13:51.0 (2357785)|HEAP_ALLOCATE|[342]|Bytes:408
10:13:51.0 (2371865)|HEAP_ALLOCATE|[355]|Bytes:408
10:13:51.0 (2386588)|HEAP_ALLOCATE|[467]|Bytes:48
10:13:51.0 (2412958)|HEAP_ALLOCATE|[139]|Bytes:6
10:13:51.0 (2451386)|HEAP_ALLOCATE|[EXTERNAL]|Bytes:11
10:13:51.0 (2491570)|SYSTEM_METHOD_ENTRY|[15]|BatchableContextImpl.BatchableContextImpl()
10:13:51.0 (2498955)|STATEMENT_EXECUTE|[15]
10:13:51.0 (2516893)|SYSTEM_METHOD_EXIT|[15]|BatchableContextImpl
10:13:51.0 (2523935)|HEAP_ALLOCATE|[EXTERNAL]|Bytes:12
10:13:51.0 (2527596)|HEAP_ALLOCATE|[EXTERNAL]|Bytes:4
10:13:51.0 (2533683)|VARIABLE_SCOPE_BEGIN|[31]|this|Database.BatchableContextImpl|true|false
10:13:51.0 (2811719)|VARIABLE_ASSIGNMENT|[31]|this|{}|0x34b701bf
10:13:51.0 (2818935)|VARIABLE_SCOPE_BEGIN|[31]|jobId|Id|false|false
10:13:51.0 (2885940)|VARIABLE_ASSIGNMENT|[31]|jobId|"7071I00000UEhkbQAD"
10:13:51.0 (2891389)|VARIABLE_SCOPE_BEGIN|[31]|childJobId|Id|false|false
10:13:51.0 (2899644)|VARIABLE_ASSIGNMENT|[31]|childJobId|null
10:13:51.0 (8377675)|HEAP_ALLOCATE|[EXTERNAL]|Bytes:57
10:13:51.0 (8393660)|HEAP_ALLOCATE|[EXTERNAL]|Bytes:6
10:13:51.0 (8399693)|HEAP_ALLOCATE|[EXTERNAL]|Bytes:1
10:13:51.0 (8411593)|METHOD_ENTRY|[1]|01p1I00000FRGWe|batchAccPhoneToConPhone.batchAccPhoneToConPhone()
10:13:51.0 (8420929)|STATEMENT_EXECUTE|[1]
10:13:51.0 (8427215)|STATEMENT_EXECUTE|[1]
10:13:51.0 (8433281)|METHOD_EXIT|[1]|batchAccPhoneToConPhone
10:13:51.0 (8441153)|HEAP_ALLOCATE|[EXTERNAL]|Bytes:4
10:13:51.0 (8446874)|HEAP_ALLOCATE|[EXTERNAL]|Bytes:12
10:13:51.0 (8454954)|VARIABLE_SCOPE_BEGIN|[23]|this|batchAccPhoneToConPhone|true|false
10:13:51.0 (8486675)|VARIABLE_ASSIGNMENT|[23]|this|{}|0x48371ad9
10:13:51.0 (8496835)|VARIABLE_SCOPE_BEGIN|[23]|BC|Database.BatchableContext|true|false
10:13:51.0 (8591279)|VARIABLE_ASSIGNMENT|[23]|BC|{"jobId":"7071I00000UEhkbQAD"}|0x34b701bf
10:13:51.0 (8606820)|STATEMENT_EXECUTE|[23]
10:13:51.16 (16018344)|CUMULATIVE_LIMIT_USAGE
10:13:51.16 (16018344)|LIMIT_USAGE_FOR_NS|(default)|
  Number of SOQL queries: 0 out of 200
  Number of query rows: 0 out of 50000
  Number of SOSL queries: 0 out of 20
  Number of DML statements: 0 out of 150
  Number of DML rows: 0 out of 10000
  Maximum CPU time: 0 out of 60000
  Maximum heap size: 0 out of 12000000
  Number of callouts: 0 out of 0
  Number of Email Invocations: 0 out of 10
  Number of future calls: 0 out of 0
  Number of queueable jobs added to the queue: 0 out of 1
  Number of Mobile Apex push calls: 0 out of 10

10:13:51.16 (16018344)|CUMULATIVE_LIMIT_USAGE_END

10:13:51.0 (16071546)|CODE_UNIT_FINISHED|batchAccPhoneToConPhone
10:13:51.0 (16878755)|EXECUTION_FINISHED
