41.0 APEX_CODE,FINEST;APEX_PROFILING,INFO;CALLOUT,INFO;DB,INFO;SYSTEM,DEBUG;VALIDATION,INFO;VISUALFORCE,INFO;WAVE,INFO;WORKFLOW,INFO
10:23:43.0 (47102)|USER_INFO|[EXTERNAL]|0051I000000ZTgh|ksb994@gmail.com|Pacific Standard Time|GMT-08:00
10:23:43.0 (79410)|EXECUTION_STARTED
10:23:43.0 (84758)|CODE_UNIT_STARTED|[EXTERNAL]|DuplicateDetector
10:23:43.0 (99810)|DUPLICATE_DETECTION_BEGIN
10:23:43.0 (697405)|DUPLICATE_DETECTION_RULE_INVOCATION|DuplicateRuleId:0Bm1I0000028pMg|DuplicateRuleName:Standard Account Duplicate Rule|DmlType:UPDATE
10:23:43.0 (732765)|DUPLICATE_DETECTION_END
10:23:43.0 (736304)|CODE_UNIT_FINISHED|DuplicateDetector
10:23:43.0 (741783)|EXECUTION_FINISHED
10:23:43.44 (44850912)|USER_INFO|[EXTERNAL]|0051I000000ZTgh|ksb994@gmail.com|Pacific Standard Time|GMT-08:00
10:23:43.44 (44873904)|EXECUTION_STARTED
10:23:43.44 (44877797)|CODE_UNIT_STARTED|[EXTERNAL]|01q1I000000Bo7P|batchClassTest on Account trigger event AfterUpdate for [0011I00000BDtMy]
10:23:43.44 (44912890)|HEAP_ALLOCATE|[EXTERNAL]|Bytes:8
10:23:43.44 (44951315)|HEAP_ALLOCATE|[EXTERNAL]|Bytes:8
10:23:43.44 (45314272)|HEAP_ALLOCATE|[72]|Bytes:3
10:23:43.44 (45345641)|HEAP_ALLOCATE|[77]|Bytes:152
10:23:43.44 (45358772)|HEAP_ALLOCATE|[342]|Bytes:408
10:23:43.44 (45372740)|HEAP_ALLOCATE|[355]|Bytes:408
10:23:43.44 (45386470)|HEAP_ALLOCATE|[467]|Bytes:48
10:23:43.44 (45411711)|HEAP_ALLOCATE|[139]|Bytes:6
10:23:43.44 (46896696)|HEAP_ALLOCATE|[EXTERNAL]|Bytes:8
10:23:43.44 (46910799)|VARIABLE_SCOPE_BEGIN|[1]|this|batchClassTest|true|false
10:23:43.44 (46970539)|VARIABLE_ASSIGNMENT|[1]|this|{}|0x4cb02167
10:23:43.44 (47017396)|HEAP_ALLOCATE|[EXTERNAL]|Bytes:8
10:23:43.44 (47037696)|VARIABLE_SCOPE_BEGIN|[1]|this|batchClassTest|true|false
10:23:43.44 (47051929)|VARIABLE_ASSIGNMENT|[1]|this|{}|0x4cb02167
10:23:43.44 (47060641)|STATEMENT_EXECUTE|[1]
10:23:43.44 (47062384)|STATEMENT_EXECUTE|[3]
10:23:43.44 (47067147)|HEAP_ALLOCATE|[3]|Bytes:57
10:23:43.44 (47072908)|HEAP_ALLOCATE|[3]|Bytes:9
10:23:43.44 (47076018)|HEAP_ALLOCATE|[3]|Bytes:5
10:23:43.44 (47107660)|METHOD_ENTRY|[1]|01p1I00000FRKZN|BatchPradeepCode.BatchPradeepCode()
10:23:43.44 (47112914)|STATEMENT_EXECUTE|[1]
10:23:43.44 (47115661)|STATEMENT_EXECUTE|[1]
10:23:43.44 (47120474)|METHOD_EXIT|[1]|BatchPradeepCode
10:23:43.44 (47136228)|HEAP_ALLOCATE|[3]|Bytes:8
10:23:43.44 (47151872)|CONSTRUCTOR_ENTRY|[3]|01p1I00000FRKZN|<init>()
10:23:43.44 (47176485)|VARIABLE_SCOPE_BEGIN|[5]|this|BatchPradeepCode|true|false
10:23:43.44 (47194374)|VARIABLE_ASSIGNMENT|[5]|this|{}|0x20364f43
10:23:43.44 (47201114)|STATEMENT_EXECUTE|[1]
10:23:43.44 (47202042)|STATEMENT_EXECUTE|[3]
10:23:43.44 (47206347)|HEAP_ALLOCATE|[EXTERNAL]|Bytes:6
10:23:43.44 (47234623)|STATEMENT_EXECUTE|[5]
10:23:43.44 (47241664)|CONSTRUCTOR_EXIT|[3]|01p1I00000FRKZN|<init>()
10:23:43.44 (47257103)|HEAP_ALLOCATE|[50]|Bytes:5
10:23:43.44 (47271624)|HEAP_ALLOCATE|[56]|Bytes:5
10:23:43.44 (47278866)|HEAP_ALLOCATE|[64]|Bytes:7
10:23:43.44 (47317884)|VARIABLE_ASSIGNMENT|[3]|this.bap|0x20364f43|0x4cb02167
10:23:43.44 (47324010)|STATEMENT_EXECUTE|[4]
10:23:43.106 (106803417)|CUMULATIVE_LIMIT_USAGE
10:23:43.106 (106803417)|LIMIT_USAGE_FOR_NS|(default)|
  Number of SOQL queries: 0 out of 100
  Number of query rows: 0 out of 50000
  Number of SOSL queries: 0 out of 20
  Number of DML statements: 0 out of 150
  Number of DML rows: 0 out of 10000
  Maximum CPU time: 0 out of 10000
  Maximum heap size: 0 out of 6000000
  Number of callouts: 0 out of 100
  Number of Email Invocations: 0 out of 10
  Number of future calls: 0 out of 50
  Number of queueable jobs added to the queue: 0 out of 50
  Number of Mobile Apex push calls: 0 out of 10

10:23:43.106 (106803417)|CUMULATIVE_LIMIT_USAGE_END

10:23:43.44 (107556627)|CODE_UNIT_FINISHED|batchClassTest on Account trigger event AfterUpdate for [0011I00000BDtMy]
10:23:43.44 (108260922)|EXECUTION_FINISHED
10:23:43.109 (109487532)|USER_INFO|[EXTERNAL]|0051I000000ZTgh|ksb994@gmail.com|Pacific Standard Time|GMT-08:00
10:23:43.109 (109505701)|EXECUTION_STARTED
10:23:43.109 (109509430)|CODE_UNIT_STARTED|[EXTERNAL]|Workflow:Account
10:23:43.109 (109926198)|CODE_UNIT_FINISHED|Workflow:Account
10:23:43.109 (110817903)|EXECUTION_FINISHED
10:23:43.119 (119357768)|USER_INFO|[EXTERNAL]|0051I000000ZTgh|ksb994@gmail.com|Pacific Standard Time|GMT-08:00
10:23:43.119 (119378218)|EXECUTION_STARTED
10:23:43.119 (119382172)|CODE_UNIT_STARTED|[EXTERNAL]|DuplicateDetector
10:23:43.119 (119397347)|DUPLICATE_DETECTION_BEGIN
10:23:43.119 (119445085)|DUPLICATE_DETECTION_RULE_INVOCATION|DuplicateRuleId:0Bm1I0000028pMg|DuplicateRuleName:Standard Account Duplicate Rule|DmlType:UPDATE
10:23:43.119 (130781923)|DUPLICATE_DETECTION_END
10:23:43.119 (130789684)|CODE_UNIT_FINISHED|DuplicateDetector
10:23:43.119 (131526476)|EXECUTION_FINISHED
