41.0 APEX_CODE,FINEST;APEX_PROFILING,INFO;CALLOUT,INFO;DB,INFO;SYSTEM,DEBUG;VALIDATION,INFO;VISUALFORCE,INFO;WAVE,INFO;WORKFLOW,INFO
12:36:53.0 (317037)|EXECUTION_STARTED
12:36:53.0 (338741)|CODE_UNIT_STARTED|[EXTERNAL]|VisualForce View State
12:36:53.0 (4633671)|HEAP_ALLOCATE|[72]|Bytes:3
12:36:53.0 (4669765)|HEAP_ALLOCATE|[77]|Bytes:152
12:36:53.0 (4684918)|HEAP_ALLOCATE|[342]|Bytes:408
12:36:53.0 (4701065)|HEAP_ALLOCATE|[355]|Bytes:408
12:36:53.0 (4713886)|HEAP_ALLOCATE|[467]|Bytes:48
12:36:53.0 (4741319)|HEAP_ALLOCATE|[139]|Bytes:6
12:36:53.0 (4762556)|HEAP_ALLOCATE|[50]|Bytes:5
12:36:53.0 (4780369)|HEAP_ALLOCATE|[56]|Bytes:5
12:36:53.0 (4787696)|HEAP_ALLOCATE|[64]|Bytes:7
12:36:53.0 (5690941)|CODE_UNIT_FINISHED|VisualForce View State
12:36:53.0 (6534468)|EXECUTION_FINISHED
12:36:53.7 (7506880)|SYSTEM_MODE_ENTER|true
12:36:53.7 (7568357)|HEAP_ALLOCATE|[EXTERNAL]|Bytes:400
12:36:53.7 (7576930)|HEAP_ALLOCATE|[EXTERNAL]|Bytes:231
12:36:53.7 (7586954)|SYSTEM_METHOD_ENTRY|[6]|FlowDefinitionController.FlowDefinitionController()
12:36:53.7 (7591868)|STATEMENT_EXECUTE|[6]
12:36:53.10 (10369109)|CUMULATIVE_LIMIT_USAGE
12:36:53.10 (10369109)|LIMIT_USAGE_FOR_NS|(default)|
  Number of SOQL queries: 0 out of 100
  Number of query rows: 0 out of 50000
  Number of SOSL queries: 0 out of 20
  Number of DML statements: 0 out of 150
  Number of DML rows: 0 out of 10000
  Maximum CPU time: 0 out of 10000
  Maximum heap size: 0 out of 6000000
  Number of callouts: 0 out of 100
  Number of Email Invocations: 0 out of 10
  Number of future calls: 0 out of 50
  Number of queueable jobs added to the queue: 0 out of 50
  Number of Mobile Apex push calls: 0 out of 10

12:36:53.10 (10369109)|CUMULATIVE_LIMIT_USAGE_END

