41.0 APEX_CODE,FINEST;APEX_PROFILING,INFO;CALLOUT,INFO;DB,INFO;SYSTEM,DEBUG;VALIDATION,INFO;VISUALFORCE,INFO;WAVE,INFO;WORKFLOW,INFO
06:00:03.0 (463846)|USER_INFO|[EXTERNAL]|0051I000000ZTgh|ksb994@gmail.com|Pacific Standard Time|GMT-08:00
06:00:03.0 (528011)|EXECUTION_STARTED
06:00:03.0 (534743)|CODE_UNIT_STARTED|[EXTERNAL]|01p1I00000CZlxc|Account Update
06:00:03.0 (9539250)|HEAP_ALLOCATE|[72]|Bytes:3
06:00:03.0 (9584487)|HEAP_ALLOCATE|[77]|Bytes:152
06:00:03.0 (9599597)|HEAP_ALLOCATE|[342]|Bytes:408
06:00:03.0 (9611995)|HEAP_ALLOCATE|[355]|Bytes:408
06:00:03.0 (9622598)|HEAP_ALLOCATE|[467]|Bytes:48
06:00:03.0 (9650419)|HEAP_ALLOCATE|[139]|Bytes:6
06:00:03.0 (9670845)|HEAP_ALLOCATE|[EXTERNAL]|Bytes:3
06:00:03.0 (9687145)|SYSTEM_METHOD_ENTRY|[1]|SchedulableContextImpl.SchedulableContextImpl()
06:00:03.0 (9695011)|STATEMENT_EXECUTE|[1]
06:00:03.0 (9709965)|SYSTEM_METHOD_EXIT|[1]|SchedulableContextImpl
06:00:03.0 (9717934)|HEAP_ALLOCATE|[EXTERNAL]|Bytes:8
06:00:03.0 (9723126)|HEAP_ALLOCATE|[EXTERNAL]|Bytes:4
06:00:03.0 (9731363)|VARIABLE_SCOPE_BEGIN|[4]|this|System.SchedulableContextImpl|true|false
06:00:03.0 (9952682)|VARIABLE_ASSIGNMENT|[4]|this|{}|0x7979a636
06:00:03.0 (9968174)|VARIABLE_SCOPE_BEGIN|[4]|triggerId|Id|false|false
06:00:03.0 (10055427)|VARIABLE_ASSIGNMENT|[4]|triggerId|"08e1I000005zcwHQAQ"
06:00:03.0 (10647642)|HEAP_ALLOCATE|[EXTERNAL]|Bytes:1
06:00:03.0 (10666189)|METHOD_ENTRY|[1]|01p1I00000CZlxc|batchSchedule.batchSchedule()
06:00:03.0 (10674507)|STATEMENT_EXECUTE|[1]
06:00:03.0 (10680454)|STATEMENT_EXECUTE|[1]
06:00:03.0 (10686387)|METHOD_EXIT|[1]|batchSchedule
06:00:03.0 (10696893)|HEAP_ALLOCATE|[EXTERNAL]|Bytes:4
06:00:03.0 (10703013)|HEAP_ALLOCATE|[EXTERNAL]|Bytes:8
06:00:03.0 (10711968)|VARIABLE_SCOPE_BEGIN|[2]|this|batchSchedule|true|false
06:00:03.0 (10740098)|VARIABLE_ASSIGNMENT|[2]|this|{}|0x9b0524b
06:00:03.0 (10751551)|VARIABLE_SCOPE_BEGIN|[2]|clx|System.SchedulableContext|true|false
06:00:03.0 (10831798)|VARIABLE_ASSIGNMENT|[2]|clx|{"triggerId":"08e1I000005zcwHQAQ"}|0x7979a636
06:00:03.0 (10845993)|STATEMENT_EXECUTE|[2]
06:00:03.0 (10848110)|STATEMENT_EXECUTE|[3]
06:00:03.0 (13184498)|HEAP_ALLOCATE|[3]|Bytes:57
06:00:03.0 (13204273)|HEAP_ALLOCATE|[3]|Bytes:6
06:00:03.0 (13231719)|METHOD_ENTRY|[1]|01p1I00000CZlrs|batchAccountUpdate.batchAccountUpdate()
06:00:03.0 (13240847)|STATEMENT_EXECUTE|[1]
06:00:03.0 (13246763)|STATEMENT_EXECUTE|[1]
06:00:03.0 (13253922)|METHOD_EXIT|[1]|batchAccountUpdate
06:00:03.0 (13276465)|HEAP_ALLOCATE|[3]|Bytes:4
06:00:03.0 (13302260)|CONSTRUCTOR_ENTRY|[3]|01p1I00000CZlrs|<init>()
06:00:03.0 (13366024)|VARIABLE_SCOPE_BEGIN|[1]|this|batchAccountUpdate|true|false
06:00:03.0 (13401590)|VARIABLE_ASSIGNMENT|[1]|this|{}|0x2217bdd
06:00:03.0 (13436459)|STATEMENT_EXECUTE|[1]
06:00:03.0 (13447520)|CONSTRUCTOR_EXIT|[3]|01p1I00000CZlrs|<init>()
06:00:03.0 (13458463)|VARIABLE_SCOPE_BEGIN|[3]|pt|batchAccountUpdate|true|false
06:00:03.0 (13479881)|VARIABLE_ASSIGNMENT|[3]|pt|{}|0x2217bdd
06:00:03.0 (13488574)|STATEMENT_EXECUTE|[4]
06:00:03.0 (13512034)|HEAP_ALLOCATE|[50]|Bytes:5
06:00:03.0 (13536206)|HEAP_ALLOCATE|[56]|Bytes:5
06:00:03.0 (13550501)|HEAP_ALLOCATE|[64]|Bytes:7
06:00:03.50 (50907073)|CUMULATIVE_LIMIT_USAGE
06:00:03.50 (50907073)|LIMIT_USAGE_FOR_NS|(default)|
  Number of SOQL queries: 0 out of 100
  Number of query rows: 0 out of 50000
  Number of SOSL queries: 0 out of 20
  Number of DML statements: 0 out of 150
  Number of DML rows: 0 out of 10000
  Maximum CPU time: 0 out of 10000
  Maximum heap size: 0 out of 6000000
  Number of callouts: 0 out of 100
  Number of Email Invocations: 0 out of 10
  Number of future calls: 0 out of 50
  Number of queueable jobs added to the queue: 0 out of 50
  Number of Mobile Apex push calls: 0 out of 10

06:00:03.50 (50907073)|CUMULATIVE_LIMIT_USAGE_END

06:00:03.0 (50950647)|CODE_UNIT_FINISHED|Account Update
06:00:03.0 (52278740)|EXECUTION_FINISHED
