41.0 APEX_CODE,FINEST;APEX_PROFILING,INFO;CALLOUT,INFO;DB,INFO;SYSTEM,DEBUG;VALIDATION,INFO;VISUALFORCE,INFO;WAVE,INFO;WORKFLOW,INFO
10:23:44.0 (89417)|USER_INFO|[EXTERNAL]|0051I000000ZTgh|ksb994@gmail.com|Pacific Standard Time|GMT-08:00
10:23:44.0 (145160)|EXECUTION_STARTED
10:23:44.0 (152780)|CODE_UNIT_STARTED|[EXTERNAL]|01p1I00000FRKZN|BatchPradeepCode
10:23:44.0 (1451590)|HEAP_ALLOCATE|[EXTERNAL]|Bytes:8
10:23:44.0 (1721017)|HEAP_ALLOCATE|[72]|Bytes:3
10:23:44.0 (1776775)|HEAP_ALLOCATE|[77]|Bytes:152
10:23:44.0 (1799893)|HEAP_ALLOCATE|[342]|Bytes:408
10:23:44.0 (1824086)|HEAP_ALLOCATE|[355]|Bytes:408
10:23:44.0 (1847489)|HEAP_ALLOCATE|[467]|Bytes:48
10:23:44.0 (1888572)|HEAP_ALLOCATE|[139]|Bytes:6
10:23:44.0 (1937760)|HEAP_ALLOCATE|[EXTERNAL]|Bytes:11
10:23:44.0 (1953674)|SYSTEM_METHOD_ENTRY|[15]|BatchableContextImpl.BatchableContextImpl()
10:23:44.0 (1962684)|STATEMENT_EXECUTE|[15]
10:23:44.0 (1976975)|SYSTEM_METHOD_EXIT|[15]|BatchableContextImpl
10:23:44.0 (1986529)|HEAP_ALLOCATE|[EXTERNAL]|Bytes:12
10:23:44.0 (1993061)|HEAP_ALLOCATE|[EXTERNAL]|Bytes:4
10:23:44.0 (2002790)|VARIABLE_SCOPE_BEGIN|[31]|this|Database.BatchableContextImpl|true|false
10:23:44.0 (2062579)|VARIABLE_ASSIGNMENT|[31]|this|{}|0x61a72fd8
10:23:44.0 (2073645)|VARIABLE_SCOPE_BEGIN|[31]|jobId|Id|false|false
10:23:44.0 (2172283)|VARIABLE_ASSIGNMENT|[31]|jobId|"7071I00000UEiD9QAL"
10:23:44.0 (2186575)|VARIABLE_SCOPE_BEGIN|[31]|childJobId|Id|false|false
10:23:44.0 (2198955)|VARIABLE_ASSIGNMENT|[31]|childJobId|null
10:23:44.0 (6300091)|HEAP_ALLOCATE|[EXTERNAL]|Bytes:57
10:23:44.0 (6310826)|HEAP_ALLOCATE|[EXTERNAL]|Bytes:9
10:23:44.0 (6314567)|HEAP_ALLOCATE|[EXTERNAL]|Bytes:5
10:23:44.0 (6321518)|METHOD_ENTRY|[1]|01p1I00000FRKZN|BatchPradeepCode.BatchPradeepCode()
10:23:44.0 (6326318)|STATEMENT_EXECUTE|[1]
10:23:44.0 (6330946)|STATEMENT_EXECUTE|[1]
10:23:44.0 (6334570)|METHOD_EXIT|[1]|BatchPradeepCode
10:23:44.0 (6340229)|HEAP_ALLOCATE|[EXTERNAL]|Bytes:8
10:23:44.0 (6344136)|HEAP_ALLOCATE|[EXTERNAL]|Bytes:12
10:23:44.0 (6349625)|VARIABLE_SCOPE_BEGIN|[25]|this|BatchPradeepCode|true|false
10:23:44.0 (6367764)|VARIABLE_ASSIGNMENT|[25]|this|{}|0x6248c674
10:23:44.0 (6374263)|VARIABLE_SCOPE_BEGIN|[25]|BC|Database.BatchableContext|true|false
10:23:44.0 (6428394)|VARIABLE_ASSIGNMENT|[25]|BC|{"jobId":"7071I00000UEiD9QAL"}|0x61a72fd8
10:23:44.0 (6442976)|STATEMENT_EXECUTE|[25]
10:23:44.13 (13773199)|CUMULATIVE_LIMIT_USAGE
10:23:44.13 (13773199)|LIMIT_USAGE_FOR_NS|(default)|
  Number of SOQL queries: 0 out of 200
  Number of query rows: 0 out of 50000
  Number of SOSL queries: 0 out of 20
  Number of DML statements: 0 out of 150
  Number of DML rows: 0 out of 10000
  Maximum CPU time: 0 out of 60000
  Maximum heap size: 0 out of 12000000
  Number of callouts: 0 out of 0
  Number of Email Invocations: 0 out of 10
  Number of future calls: 0 out of 0
  Number of queueable jobs added to the queue: 0 out of 1
  Number of Mobile Apex push calls: 0 out of 10

10:23:44.13 (13773199)|CUMULATIVE_LIMIT_USAGE_END

10:23:44.0 (13819839)|CODE_UNIT_FINISHED|BatchPradeepCode
10:23:44.0 (14588481)|EXECUTION_FINISHED
