41.0 APEX_CODE,FINEST;APEX_PROFILING,INFO;CALLOUT,INFO;DB,INFO;SYSTEM,DEBUG;VALIDATION,INFO;VISUALFORCE,INFO;WAVE,INFO;WORKFLOW,INFO
10:29:32.0 (282601)|USER_INFO|[EXTERNAL]|0051I000000ZTgh|ksb994@gmail.com|Pacific Standard Time|GMT-08:00
10:29:32.0 (448456)|EXECUTION_STARTED
10:29:32.0 (453351)|CODE_UNIT_STARTED|[EXTERNAL]|0661I0000035eNE|VF: /apex/ErrorMessage
10:29:32.12 (12787011)|SYSTEM_MODE_ENTER|true
10:29:32.12 (13051775)|HEAP_ALLOCATE|[72]|Bytes:3
10:29:32.12 (13133132)|HEAP_ALLOCATE|[77]|Bytes:152
10:29:32.12 (13152372)|HEAP_ALLOCATE|[342]|Bytes:408
10:29:32.12 (13169840)|HEAP_ALLOCATE|[355]|Bytes:408
10:29:32.12 (13185050)|HEAP_ALLOCATE|[467]|Bytes:48
10:29:32.13 (13587609)|SYSTEM_MODE_ENTER|true
10:29:32.13 (13638987)|HEAP_ALLOCATE|[EXTERNAL]|Bytes:16
10:29:32.13 (13661722)|VARIABLE_SCOPE_BEGIN|[9]|this|ApexPage.pagemessagecomponentcontroller|true|false
10:29:32.13 (13711234)|VARIABLE_ASSIGNMENT|[9]|this|{}|0xffb461c
10:29:32.13 (13717713)|VARIABLE_SCOPE_BEGIN|[9]|escape|Boolean|false|false
10:29:32.13 (13725939)|VARIABLE_ASSIGNMENT|[9]|escape|null
10:29:32.13 (13813298)|SYSTEM_MODE_ENTER|true
10:29:32.13 (13844252)|HEAP_ALLOCATE|[EXTERNAL]|Bytes:5
10:29:32.13 (13858321)|HEAP_ALLOCATE|[EXTERNAL]|Bytes:16
10:29:32.13 (13875280)|VARIABLE_ASSIGNMENT|[EXTERNAL]|this.conSeverity|"error"|0xffb461c
10:29:32.13 (13932101)|SYSTEM_MODE_ENTER|true
10:29:32.13 (13966039)|HEAP_ALLOCATE|[EXTERNAL]|Bytes:8
10:29:32.13 (13970679)|HEAP_ALLOCATE|[EXTERNAL]|Bytes:16
10:29:32.13 (13979557)|VARIABLE_ASSIGNMENT|[EXTERNAL]|this.conStrength|3|0xffb461c
10:29:32.17 (17495482)|SYSTEM_MODE_ENTER|true
10:29:32.17 (17559443)|HEAP_ALLOCATE|[EXTERNAL]|Bytes:16
10:29:32.17 (17570845)|VARIABLE_SCOPE_BEGIN|[9]|this|ApexPage.pagemessagecomponentcontroller|true|false
10:29:32.17 (17612698)|VARIABLE_ASSIGNMENT|[9]|this|{"conSeverity":"error","conStrength":3}|0xffb461c
10:29:32.17 (17622102)|VARIABLE_SCOPE_BEGIN|[9]|escape|Boolean|false|false
10:29:32.17 (17632182)|VARIABLE_ASSIGNMENT|[9]|escape|null
10:29:32.17 (17731040)|SYSTEM_MODE_ENTER|true
10:29:32.17 (17762990)|HEAP_ALLOCATE|[EXTERNAL]|Bytes:5
10:29:32.17 (17769116)|HEAP_ALLOCATE|[EXTERNAL]|Bytes:16
10:29:32.17 (17781068)|VARIABLE_ASSIGNMENT|[EXTERNAL]|this.conSeverity|"error"|0xffb461c
10:29:32.17 (17850137)|SYSTEM_MODE_ENTER|true
10:29:32.17 (17877187)|HEAP_ALLOCATE|[EXTERNAL]|Bytes:8
10:29:32.17 (17883227)|HEAP_ALLOCATE|[EXTERNAL]|Bytes:16
10:29:32.17 (17894869)|VARIABLE_ASSIGNMENT|[EXTERNAL]|this.conStrength|3|0xffb461c
10:29:32.18 (18088431)|SYSTEM_MODE_ENTER|true
10:29:32.18 (18129759)|HEAP_ALLOCATE|[EXTERNAL]|Bytes:16
10:29:32.18 (18139271)|VARIABLE_SCOPE_BEGIN|[13]|this|ApexPage.pagemessagecomponentcontroller|true|false
10:29:32.18 (18178608)|VARIABLE_ASSIGNMENT|[13]|this|{"conSeverity":"error","conStrength":3}|0xffb461c
10:29:32.19 (19188411)|SYSTEM_MODE_ENTER|true
10:29:32.19 (19229067)|HEAP_ALLOCATE|[EXTERNAL]|Bytes:16
10:29:32.19 (19239939)|VARIABLE_SCOPE_BEGIN|[5]|this|ApexPage.pagemessagecomponentcontroller|true|false
10:29:32.19 (19276785)|VARIABLE_ASSIGNMENT|[5]|this|{"conSeverity":"error","conStrength":3}|0xffb461c
10:29:32.22 (22546981)|CUMULATIVE_LIMIT_USAGE
10:29:32.22 (22546981)|LIMIT_USAGE_FOR_NS|(default)|
  Number of SOQL queries: 0 out of 100
  Number of query rows: 0 out of 50000
  Number of SOSL queries: 0 out of 20
  Number of DML statements: 0 out of 150
  Number of DML rows: 0 out of 10000
  Maximum CPU time: 0 out of 10000
  Maximum heap size: 0 out of 6000000
  Number of callouts: 0 out of 100
  Number of Email Invocations: 0 out of 10
  Number of future calls: 0 out of 50
  Number of queueable jobs added to the queue: 0 out of 50
  Number of Mobile Apex push calls: 0 out of 10

10:29:32.22 (22546981)|CUMULATIVE_LIMIT_USAGE_END

10:29:32.0 (22589188)|CODE_UNIT_FINISHED|VF: /apex/ErrorMessage
10:29:32.0 (23339870)|EXECUTION_FINISHED
