41.0 APEX_CODE,FINEST;APEX_PROFILING,INFO;CALLOUT,INFO;DB,INFO;SYSTEM,DEBUG;VALIDATION,INFO;VISUALFORCE,INFO;WAVE,INFO;WORKFLOW,INFO
11:07:06.0 (35056)|USER_INFO|[EXTERNAL]|0051I000000ZTgh|ksb994@gmail.com|Pacific Standard Time|GMT-08:00
11:07:06.0 (66348)|EXECUTION_STARTED
11:07:06.0 (69839)|CODE_UNIT_STARTED|[EXTERNAL]|01p1I00000FRKZN|BatchPradeepCode
11:07:06.0 (924388)|HEAP_ALLOCATE|[EXTERNAL]|Bytes:57
11:07:06.0 (936985)|HEAP_ALLOCATE|[EXTERNAL]|Bytes:9
11:07:06.0 (940682)|HEAP_ALLOCATE|[EXTERNAL]|Bytes:5
11:07:06.0 (958135)|METHOD_ENTRY|[1]|01p1I00000FRKZN|BatchPradeepCode.BatchPradeepCode()
11:07:06.0 (964984)|STATEMENT_EXECUTE|[1]
11:07:06.0 (969793)|STATEMENT_EXECUTE|[1]
11:07:06.0 (974399)|METHOD_EXIT|[1]|BatchPradeepCode
11:07:06.0 (980421)|HEAP_ALLOCATE|[EXTERNAL]|Bytes:8
11:07:06.0 (983819)|HEAP_ALLOCATE|[EXTERNAL]|Bytes:12
11:07:06.0 (1030213)|HEAP_ALLOCATE|[EXTERNAL]|Bytes:104
11:07:06.0 (1040081)|VARIABLE_SCOPE_BEGIN|[15]|this|BatchPradeepCode|true|false
11:07:06.0 (1076085)|VARIABLE_ASSIGNMENT|[15]|this|{}|0x477c6c24
11:07:06.0 (1083436)|VARIABLE_SCOPE_BEGIN|[15]|BC|Database.BatchableContext|true|false
11:07:06.0 (1168859)|VARIABLE_ASSIGNMENT|[15]|BC|{"childJobId":"7071I00000UEkV5QAL","jobId":"7071I00000UEkV0QAL"}|0xc296e97
11:07:06.0 (1177205)|VARIABLE_SCOPE_BEGIN|[15]|scope|List<Account>|true|false
11:07:06.0 (1191937)|VARIABLE_ASSIGNMENT|[15]|scope|"List of size 25 too large to display"|0x6b15d0a5
11:07:06.0 (1201105)|STATEMENT_EXECUTE|[15]
11:07:06.0 (1440068)|HEAP_ALLOCATE|[50]|Bytes:5
11:07:06.0 (1458506)|HEAP_ALLOCATE|[56]|Bytes:5
11:07:06.0 (1466165)|HEAP_ALLOCATE|[64]|Bytes:7
11:07:06.0 (1490685)|HEAP_ALLOCATE|[16]|Bytes:5
11:07:06.0 (1512336)|HEAP_ALLOCATE|[16]|Bytes:12
11:07:06.0 (1521240)|VARIABLE_SCOPE_BEGIN|[16]|acc|Account|true|false
11:07:06.0 (1538696)|VARIABLE_ASSIGNMENT|[16]|acc|{"Id":"0011I000005sIOpQAM","Name":"GenePoint"}|0x68171762
11:07:06.0 (1545416)|STATEMENT_EXECUTE|[16]
11:07:06.0 (1569685)|HEAP_ALLOCATE|[17]|Bytes:17
11:07:06.0 (1592003)|STATEMENT_EXECUTE|[17]
11:07:06.0 (1601886)|HEAP_ALLOCATE|[16]|Bytes:5
11:07:06.0 (1617618)|HEAP_ALLOCATE|[16]|Bytes:12
11:07:06.0 (1623735)|VARIABLE_SCOPE_BEGIN|[16]|acc|Account|true|false
11:07:06.0 (1635637)|VARIABLE_ASSIGNMENT|[16]|acc|{"Id":"0011I000005sIOnQAM","Name":"United Oil & Gas, UK"}|0x422a34a2
11:07:06.0 (1640877)|STATEMENT_EXECUTE|[16]
11:07:06.0 (1650197)|STATEMENT_EXECUTE|[17]
11:07:06.0 (1656734)|HEAP_ALLOCATE|[16]|Bytes:5
11:07:06.0 (1667910)|HEAP_ALLOCATE|[16]|Bytes:12
11:07:06.0 (1673011)|VARIABLE_SCOPE_BEGIN|[16]|acc|Account|true|false
11:07:06.0 (1685365)|VARIABLE_ASSIGNMENT|[16]|acc|{"Id":"0011I000005sIOoQAM","Name":"United Oil & Gas, Si (7 more) ..."}|0x7cc6d9df
11:07:06.0 (1690201)|STATEMENT_EXECUTE|[16]
11:07:06.0 (1696741)|STATEMENT_EXECUTE|[17]
11:07:06.0 (1702036)|HEAP_ALLOCATE|[16]|Bytes:5
11:07:06.0 (1712942)|HEAP_ALLOCATE|[16]|Bytes:12
11:07:06.0 (1718055)|VARIABLE_SCOPE_BEGIN|[16]|acc|Account|true|false
11:07:06.0 (1728388)|VARIABLE_ASSIGNMENT|[16]|acc|{"Id":"0011I000005sIOfQAM","Name":"Edge Communications"}|0x2cba7d22
11:07:06.0 (1734079)|STATEMENT_EXECUTE|[16]
11:07:06.0 (1739791)|STATEMENT_EXECUTE|[17]
11:07:06.0 (1744887)|HEAP_ALLOCATE|[16]|Bytes:5
11:07:06.0 (1756028)|HEAP_ALLOCATE|[16]|Bytes:12
11:07:06.0 (1761063)|VARIABLE_SCOPE_BEGIN|[16]|acc|Account|true|false
11:07:06.0 (1770470)|VARIABLE_ASSIGNMENT|[16]|acc|{"Id":"0011I0000075OLcQAM","Name":"Button test"}|0x12d72112
11:07:06.0 (1775840)|STATEMENT_EXECUTE|[16]
11:07:06.0 (1781723)|STATEMENT_EXECUTE|[17]
11:07:06.0 (1786601)|HEAP_ALLOCATE|[16]|Bytes:5
11:07:06.0 (1797435)|HEAP_ALLOCATE|[16]|Bytes:12
11:07:06.0 (1802098)|VARIABLE_SCOPE_BEGIN|[16]|acc|Account|true|false
11:07:06.0 (1810932)|VARIABLE_ASSIGNMENT|[16]|acc|{"Id":"0011I0000074Ay2QAE","Name":"processs"}|0x1cb88ce
11:07:06.0 (1816411)|STATEMENT_EXECUTE|[16]
11:07:06.0 (1822352)|STATEMENT_EXECUTE|[17]
11:07:06.0 (1827374)|HEAP_ALLOCATE|[16]|Bytes:5
11:07:06.0 (1837620)|HEAP_ALLOCATE|[16]|Bytes:12
11:07:06.0 (1842492)|VARIABLE_SCOPE_BEGIN|[16]|acc|Account|true|false
11:07:06.0 (1851931)|VARIABLE_ASSIGNMENT|[16]|acc|{"Id":"0011I00000BE6eoQAD","Name":"Opp Con Trigger Test"}|0x4b89b109
11:07:06.0 (1856772)|STATEMENT_EXECUTE|[16]
11:07:06.0 (1862513)|STATEMENT_EXECUTE|[17]
11:07:06.0 (1867301)|HEAP_ALLOCATE|[16]|Bytes:5
11:07:06.0 (1877069)|HEAP_ALLOCATE|[16]|Bytes:12
11:07:06.0 (1881713)|VARIABLE_SCOPE_BEGIN|[16]|acc|Account|true|false
11:07:06.0 (1891463)|VARIABLE_ASSIGNMENT|[16]|acc|{"Id":"0011I0000074AmLQAU","Name":"process builder test"}|0x34a59637
11:07:06.0 (1895795)|STATEMENT_EXECUTE|[16]
11:07:06.0 (1901881)|STATEMENT_EXECUTE|[17]
11:07:06.0 (1906788)|HEAP_ALLOCATE|[16]|Bytes:5
11:07:06.0 (1917425)|HEAP_ALLOCATE|[16]|Bytes:12
11:07:06.0 (1922357)|VARIABLE_SCOPE_BEGIN|[16]|acc|Account|true|false
11:07:06.0 (1931401)|VARIABLE_ASSIGNMENT|[16]|acc|{"Id":"0011I00000747wpQAA","Name":"Approval Test 2"}|0x1fd1ee00
11:07:06.0 (1936187)|STATEMENT_EXECUTE|[16]
11:07:06.0 (1942232)|STATEMENT_EXECUTE|[17]
11:07:06.0 (1947089)|HEAP_ALLOCATE|[16]|Bytes:5
11:07:06.0 (1957248)|HEAP_ALLOCATE|[16]|Bytes:12
11:07:06.0 (1961746)|VARIABLE_SCOPE_BEGIN|[16]|acc|Account|true|false
11:07:06.0 (1971000)|VARIABLE_ASSIGNMENT|[16]|acc|{"Id":"0011I0000058aCcQAI","Name":"Burling Town"}|0x428198cc
11:07:06.0 (1975943)|STATEMENT_EXECUTE|[16]
11:07:06.0 (1981482)|STATEMENT_EXECUTE|[17]
11:07:06.0 (1986342)|HEAP_ALLOCATE|[16]|Bytes:5
11:07:06.0 (1996522)|HEAP_ALLOCATE|[16]|Bytes:12
11:07:06.0 (2001272)|VARIABLE_SCOPE_BEGIN|[16]|acc|Account|true|false
11:07:06.0 (2011409)|VARIABLE_ASSIGNMENT|[16]|acc|{"Id":"0011I00000747rvQAA","Name":"Process Builder Test"}|0x4406786c
11:07:06.0 (2016723)|STATEMENT_EXECUTE|[16]
11:07:06.0 (2022372)|STATEMENT_EXECUTE|[17]
11:07:06.0 (2027425)|HEAP_ALLOCATE|[16]|Bytes:5
11:07:06.0 (2037470)|HEAP_ALLOCATE|[16]|Bytes:12
11:07:06.0 (2042086)|VARIABLE_SCOPE_BEGIN|[16]|acc|Account|true|false
11:07:06.0 (2052216)|VARIABLE_ASSIGNMENT|[16]|acc|{"Id":"0011I000005sIOgQAM","Name":"Burlington Textiles  (15 more) ..."}|0x5c8a4af5
11:07:06.0 (2057194)|STATEMENT_EXECUTE|[16]
11:07:06.0 (2063297)|STATEMENT_EXECUTE|[17]
11:07:06.0 (2068266)|HEAP_ALLOCATE|[16]|Bytes:5
11:07:06.0 (2078838)|HEAP_ALLOCATE|[16]|Bytes:12
11:07:06.0 (2083438)|VARIABLE_SCOPE_BEGIN|[16]|acc|Account|true|false
11:07:06.0 (2093135)|VARIABLE_ASSIGNMENT|[16]|acc|{"Id":"0011I000005sIOhQAM","Name":"Pyramid Construction (5 more) ..."}|0x4cbb1e8a
11:07:06.0 (2097976)|STATEMENT_EXECUTE|[16]
11:07:06.0 (2103778)|STATEMENT_EXECUTE|[17]
11:07:06.0 (2108977)|HEAP_ALLOCATE|[16]|Bytes:5
11:07:06.0 (2123884)|HEAP_ALLOCATE|[16]|Bytes:12
11:07:06.0 (2128998)|VARIABLE_SCOPE_BEGIN|[16]|acc|Account|true|false
11:07:06.0 (2138435)|VARIABLE_ASSIGNMENT|[16]|acc|{"Id":"0011I000005sIOiQAM","Name":"Dickenson plc"}|0x232a829
11:07:06.0 (2143199)|STATEMENT_EXECUTE|[16]
11:07:06.0 (2149140)|STATEMENT_EXECUTE|[17]
11:07:06.0 (2154655)|HEAP_ALLOCATE|[16]|Bytes:5
11:07:06.0 (2185139)|HEAP_ALLOCATE|[16]|Bytes:12
11:07:06.0 (2190603)|VARIABLE_SCOPE_BEGIN|[16]|acc|Account|true|false
11:07:06.0 (2201166)|VARIABLE_ASSIGNMENT|[16]|acc|{"Id":"0011I000005sIOjQAM","Name":"Grand Hotels & Resor (6 more) ..."}|0x7580651b
11:07:06.0 (2206472)|STATEMENT_EXECUTE|[16]
11:07:06.0 (2213232)|STATEMENT_EXECUTE|[17]
11:07:06.0 (2218869)|HEAP_ALLOCATE|[16]|Bytes:5
11:07:06.0 (2229680)|HEAP_ALLOCATE|[16]|Bytes:12
11:07:06.0 (2234323)|VARIABLE_SCOPE_BEGIN|[16]|acc|Account|true|false
11:07:06.0 (2244665)|VARIABLE_ASSIGNMENT|[16]|acc|{"Id":"0011I000005sIOlQAM","Name":"Express Logistics an (11 more) ..."}|0x7bd344bc
11:07:06.0 (2249827)|STATEMENT_EXECUTE|[16]
11:07:06.0 (2255789)|STATEMENT_EXECUTE|[17]
11:07:06.0 (2261362)|HEAP_ALLOCATE|[16]|Bytes:5
11:07:06.0 (2271619)|HEAP_ALLOCATE|[16]|Bytes:12
11:07:06.0 (2276514)|VARIABLE_SCOPE_BEGIN|[16]|acc|Account|true|false
11:07:06.0 (2287185)|VARIABLE_ASSIGNMENT|[16]|acc|{"Id":"0011I000005sIOmQAM","Name":"University of Arizon (1 more) ..."}|0x6f084a02
11:07:06.0 (2292360)|STATEMENT_EXECUTE|[16]
11:07:06.0 (2298347)|STATEMENT_EXECUTE|[17]
11:07:06.0 (2303399)|HEAP_ALLOCATE|[16]|Bytes:5
11:07:06.0 (2313615)|HEAP_ALLOCATE|[16]|Bytes:12
11:07:06.0 (2318067)|VARIABLE_SCOPE_BEGIN|[16]|acc|Account|true|false
11:07:06.0 (2328253)|VARIABLE_ASSIGNMENT|[16]|acc|{"Id":"0011I000005sIOkQAM","Name":"United Oil & Gas Cor (2 more) ..."}|0x786cc42a
11:07:06.0 (2332766)|STATEMENT_EXECUTE|[16]
11:07:06.0 (2338359)|STATEMENT_EXECUTE|[17]
11:07:06.0 (2343374)|HEAP_ALLOCATE|[16]|Bytes:5
11:07:06.0 (2353300)|HEAP_ALLOCATE|[16]|Bytes:12
11:07:06.0 (2358076)|VARIABLE_SCOPE_BEGIN|[16]|acc|Account|true|false
11:07:06.0 (2367361)|VARIABLE_ASSIGNMENT|[16]|acc|{"Id":"0011I000005sIOqQAM","Name":"sForce"}|0xe32ce81
11:07:06.0 (2372522)|STATEMENT_EXECUTE|[16]
11:07:06.0 (2378104)|STATEMENT_EXECUTE|[17]
11:07:06.0 (2383012)|HEAP_ALLOCATE|[16]|Bytes:5
11:07:06.0 (2392751)|HEAP_ALLOCATE|[16]|Bytes:12
11:07:06.0 (2397202)|VARIABLE_SCOPE_BEGIN|[16]|acc|Account|true|false
11:07:06.0 (2406873)|VARIABLE_ASSIGNMENT|[16]|acc|{"Id":"0011I0000073AsDQAU","Name":"Something"}|0x6f259d5f
11:07:06.0 (2415701)|STATEMENT_EXECUTE|[16]
11:07:06.0 (2422079)|STATEMENT_EXECUTE|[17]
11:07:06.0 (2427345)|HEAP_ALLOCATE|[16]|Bytes:5
11:07:06.0 (2438419)|HEAP_ALLOCATE|[16]|Bytes:12
11:07:06.0 (2442798)|VARIABLE_SCOPE_BEGIN|[16]|acc|Account|true|false
11:07:06.0 (2452209)|VARIABLE_ASSIGNMENT|[16]|acc|{"Id":"0011I0000073Rq2QAE","Name":"Task Test"}|0x42d082e3
11:07:06.0 (2457102)|STATEMENT_EXECUTE|[16]
11:07:06.0 (2463263)|STATEMENT_EXECUTE|[17]
11:07:06.0 (2468545)|HEAP_ALLOCATE|[16]|Bytes:5
11:07:06.0 (2478620)|HEAP_ALLOCATE|[16]|Bytes:12
11:07:06.0 (2483366)|VARIABLE_SCOPE_BEGIN|[16]|acc|Account|true|false
11:07:06.0 (2492748)|VARIABLE_ASSIGNMENT|[16]|acc|{"Id":"0011I0000073RpnQAE","Name":"Taskk"}|0x5c035307
11:07:06.0 (2497616)|STATEMENT_EXECUTE|[16]
11:07:06.0 (2503521)|STATEMENT_EXECUTE|[17]
11:07:06.0 (2508249)|HEAP_ALLOCATE|[16]|Bytes:5
11:07:06.0 (2517984)|HEAP_ALLOCATE|[16]|Bytes:12
11:07:06.0 (2522444)|VARIABLE_SCOPE_BEGIN|[16]|acc|Account|true|false
11:07:06.0 (2532226)|VARIABLE_ASSIGNMENT|[16]|acc|{"Id":"0011I00000BDtUTQA1","Name":"test phone change"}|0x44ddc8c0
11:07:06.0 (2536907)|STATEMENT_EXECUTE|[16]
11:07:06.0 (2546523)|STATEMENT_EXECUTE|[17]
11:07:06.0 (2547673)|STATEMENT_EXECUTE|[18]
11:07:06.0 (2549838)|HEAP_ALLOCATE|[18]|Bytes:6
11:07:06.0 (2583746)|HEAP_ALLOCATE|[18]|Bytes:-4
11:07:06.0 (2595024)|VARIABLE_ASSIGNMENT|[18]|this.Phone|"123456"|0x44ddc8c0
11:07:06.0 (2605889)|HEAP_ALLOCATE|[16]|Bytes:5
11:07:06.0 (2617357)|HEAP_ALLOCATE|[16]|Bytes:12
11:07:06.0 (2622470)|VARIABLE_SCOPE_BEGIN|[16]|acc|Account|true|false
11:07:06.0 (2632354)|VARIABLE_ASSIGNMENT|[16]|acc|{"Id":"0011I00000BDtMyQAL","Name":"Test"}|0x7d16a61
11:07:06.0 (2637380)|STATEMENT_EXECUTE|[16]
11:07:06.0 (2645619)|STATEMENT_EXECUTE|[17]
11:07:06.0 (2650940)|HEAP_ALLOCATE|[16]|Bytes:5
11:07:06.0 (2661555)|HEAP_ALLOCATE|[16]|Bytes:12
11:07:06.0 (2666198)|VARIABLE_SCOPE_BEGIN|[16]|acc|Account|true|false
11:07:06.0 (2675853)|VARIABLE_ASSIGNMENT|[16]|acc|{"Id":"0011I00000BDt4eQAD","Name":"Trigger Test"}|0x41d027e2
11:07:06.0 (2680587)|STATEMENT_EXECUTE|[16]
11:07:06.0 (2686771)|STATEMENT_EXECUTE|[17]
11:07:06.0 (2691701)|HEAP_ALLOCATE|[16]|Bytes:5
11:07:06.0 (2700448)|VARIABLE_ASSIGNMENT|[16]|acc|null|
11:07:06.0 (2704339)|STATEMENT_EXECUTE|[21]
11:07:06.0 (2706316)|HEAP_ALLOCATE|[21]|Bytes:32
11:07:06.0 (2817508)|HEAP_ALLOCATE|[21]|Bytes:566
11:07:06.0 (2834169)|HEAP_ALLOCATE|[21]|Bytes:598
11:07:06.0 (2849526)|USER_DEBUG|[21]|DEBUG|--------------------------------(Account:{Id=0011I000005sIOpQAM, Name=GenePoint}, Account:{Id=0011I000005sIOnQAM, Name=United Oil & Gas, UK}, Account:{Id=0011I000005sIOoQAM, Name=United Oil & Gas, Singapore}, Account:{Id=0011I000005sIOfQAM, Name=Edge Communications}, Account:{Id=0011I0000075OLcQAM, Name=Button test}, Account:{Id=0011I0000074Ay2QAE, Name=processs}, Account:{Id=0011I00000BE6eoQAD, Name=Opp Con Trigger Test}, Account:{Id=0011I0000074AmLQAU, Name=process builder test}, Account:{Id=0011I00000747wpQAA, Name=Approval Test 2}, Account:{Id=0011I0000058aCcQAI, Name=Burling Town}, ...)
11:07:06.0 (2863334)|STATEMENT_EXECUTE|[22]
11:07:06.0 (2900827)|DML_BEGIN|[22]|Op:Update|Type:Account|Rows:25
11:07:06.0 (2923926)|HEAP_ALLOCATE|[EXTERNAL]|Bytes:104
11:07:06.0 (26537155)|CODE_UNIT_STARTED|[EXTERNAL]|DuplicateDetector
11:07:06.0 (26565761)|DUPLICATE_DETECTION_BEGIN
11:07:06.0 (27255684)|DUPLICATE_DETECTION_RULE_INVOCATION|DuplicateRuleId:0Bm1I0000028pMg|DuplicateRuleName:Standard Account Duplicate Rule|DmlType:UPDATE
11:07:06.0 (27299488)|DUPLICATE_DETECTION_END
11:07:06.0 (27307252)|CODE_UNIT_FINISHED|DuplicateDetector
11:07:06.0 (80159012)|CODE_UNIT_STARTED|[EXTERNAL]|Workflow:Account
11:07:06.0 (80538122)|CODE_UNIT_FINISHED|Workflow:Account
11:07:06.0 (82976106)|DML_END|[22]
11:07:06.0 (83030962)|HEAP_ALLOCATE|[EXTERNAL]|Bytes:104
11:07:06.0 (83056075)|CODE_UNIT_FINISHED|BatchPradeepCode
11:07:06.0 (83835664)|EXECUTION_FINISHED
