41.0 APEX_CODE,FINEST;APEX_PROFILING,INFO;CALLOUT,INFO;DB,INFO;SYSTEM,DEBUG;VALIDATION,INFO;VISUALFORCE,INFO;WAVE,INFO;WORKFLOW,INFO
10:28:05.0 (308642)|USER_INFO|[EXTERNAL]|0051I000000ZTgh|ksb994@gmail.com|Pacific Standard Time|GMT-08:00
10:28:05.0 (467294)|EXECUTION_STARTED
10:28:05.0 (471894)|CODE_UNIT_STARTED|[EXTERNAL]|0661I0000035eNE|VF: /apex/ErrorMessage
10:28:05.11 (11797435)|SYSTEM_MODE_ENTER|true
10:28:05.11 (12024290)|HEAP_ALLOCATE|[72]|Bytes:3
10:28:05.11 (12073345)|HEAP_ALLOCATE|[77]|Bytes:152
10:28:05.11 (12094435)|HEAP_ALLOCATE|[342]|Bytes:408
10:28:05.11 (12110128)|HEAP_ALLOCATE|[355]|Bytes:408
10:28:05.11 (12123374)|HEAP_ALLOCATE|[467]|Bytes:48
10:28:05.12 (12506101)|SYSTEM_MODE_ENTER|true
10:28:05.12 (12556930)|HEAP_ALLOCATE|[EXTERNAL]|Bytes:16
10:28:05.12 (12578285)|VARIABLE_SCOPE_BEGIN|[9]|this|ApexPage.pagemessagecomponentcontroller|true|false
10:28:05.12 (12622926)|VARIABLE_ASSIGNMENT|[9]|this|{}|0x2d864ae5
10:28:05.12 (12630214)|VARIABLE_SCOPE_BEGIN|[9]|escape|Boolean|false|false
10:28:05.12 (12638601)|VARIABLE_ASSIGNMENT|[9]|escape|null
10:28:05.12 (12720437)|SYSTEM_MODE_ENTER|true
10:28:05.12 (12743489)|HEAP_ALLOCATE|[EXTERNAL]|Bytes:5
10:28:05.12 (12758030)|HEAP_ALLOCATE|[EXTERNAL]|Bytes:16
10:28:05.12 (12779172)|VARIABLE_ASSIGNMENT|[EXTERNAL]|this.conSeverity|"error"|0x2d864ae5
10:28:05.12 (12832919)|SYSTEM_MODE_ENTER|true
10:28:05.12 (12851721)|HEAP_ALLOCATE|[EXTERNAL]|Bytes:8
10:28:05.12 (12856073)|HEAP_ALLOCATE|[EXTERNAL]|Bytes:16
10:28:05.12 (12865006)|VARIABLE_ASSIGNMENT|[EXTERNAL]|this.conStrength|3|0x2d864ae5
10:28:05.15 (15487205)|SYSTEM_MODE_ENTER|true
10:28:05.15 (15528531)|HEAP_ALLOCATE|[EXTERNAL]|Bytes:16
10:28:05.15 (15535861)|VARIABLE_SCOPE_BEGIN|[9]|this|ApexPage.pagemessagecomponentcontroller|true|false
10:28:05.15 (15564103)|VARIABLE_ASSIGNMENT|[9]|this|{"conSeverity":"error","conStrength":3}|0x2d864ae5
10:28:05.15 (15570053)|VARIABLE_SCOPE_BEGIN|[9]|escape|Boolean|false|false
10:28:05.15 (15576565)|VARIABLE_ASSIGNMENT|[9]|escape|null
10:28:05.15 (15635895)|SYSTEM_MODE_ENTER|true
10:28:05.15 (15655343)|HEAP_ALLOCATE|[EXTERNAL]|Bytes:5
10:28:05.15 (15659711)|HEAP_ALLOCATE|[EXTERNAL]|Bytes:16
10:28:05.15 (15669644)|VARIABLE_ASSIGNMENT|[EXTERNAL]|this.conSeverity|"error"|0x2d864ae5
10:28:05.15 (15710473)|SYSTEM_MODE_ENTER|true
10:28:05.15 (15724847)|HEAP_ALLOCATE|[EXTERNAL]|Bytes:8
10:28:05.15 (15728421)|HEAP_ALLOCATE|[EXTERNAL]|Bytes:16
10:28:05.15 (15736503)|VARIABLE_ASSIGNMENT|[EXTERNAL]|this.conStrength|3|0x2d864ae5
10:28:05.15 (15849359)|SYSTEM_MODE_ENTER|true
10:28:05.15 (15876493)|HEAP_ALLOCATE|[EXTERNAL]|Bytes:16
10:28:05.15 (15882041)|VARIABLE_SCOPE_BEGIN|[13]|this|ApexPage.pagemessagecomponentcontroller|true|false
10:28:05.15 (15904681)|VARIABLE_ASSIGNMENT|[13]|this|{"conSeverity":"error","conStrength":3}|0x2d864ae5
10:28:05.16 (16518189)|SYSTEM_MODE_ENTER|true
10:28:05.16 (16546899)|HEAP_ALLOCATE|[EXTERNAL]|Bytes:16
10:28:05.16 (16553386)|VARIABLE_SCOPE_BEGIN|[5]|this|ApexPage.pagemessagecomponentcontroller|true|false
10:28:05.16 (16578856)|VARIABLE_ASSIGNMENT|[5]|this|{"conSeverity":"error","conStrength":3}|0x2d864ae5
10:28:05.19 (19302639)|CUMULATIVE_LIMIT_USAGE
10:28:05.19 (19302639)|LIMIT_USAGE_FOR_NS|(default)|
  Number of SOQL queries: 0 out of 100
  Number of query rows: 0 out of 50000
  Number of SOSL queries: 0 out of 20
  Number of DML statements: 0 out of 150
  Number of DML rows: 0 out of 10000
  Maximum CPU time: 0 out of 10000
  Maximum heap size: 0 out of 6000000
  Number of callouts: 0 out of 100
  Number of Email Invocations: 0 out of 10
  Number of future calls: 0 out of 50
  Number of queueable jobs added to the queue: 0 out of 50
  Number of Mobile Apex push calls: 0 out of 10

10:28:05.19 (19302639)|CUMULATIVE_LIMIT_USAGE_END

10:28:05.0 (19334975)|CODE_UNIT_FINISHED|VF: /apex/ErrorMessage
10:28:05.0 (20066904)|EXECUTION_FINISHED
