41.0 APEX_CODE,FINEST;APEX_PROFILING,INFO;CALLOUT,INFO;DB,INFO;SYSTEM,DEBUG;VALIDATION,INFO;VISUALFORCE,INFO;WAVE,INFO;WORKFLOW,INFO
09:22:49.0 (309587)|USER_INFO|[EXTERNAL]|0051I000000ZTgh|ksb994@gmail.com|Pacific Standard Time|GMT-08:00
09:22:49.0 (438580)|EXECUTION_STARTED
09:22:49.0 (441840)|CODE_UNIT_STARTED|[EXTERNAL]|0661I0000035eNE|VF: /apex/ErrorMessage
09:22:49.10 (10400854)|SYSTEM_MODE_ENTER|true
09:22:49.10 (10677363)|HEAP_ALLOCATE|[72]|Bytes:3
09:22:49.10 (10735410)|HEAP_ALLOCATE|[77]|Bytes:152
09:22:49.10 (10756712)|HEAP_ALLOCATE|[342]|Bytes:408
09:22:49.10 (10782097)|HEAP_ALLOCATE|[355]|Bytes:408
09:22:49.10 (10806472)|HEAP_ALLOCATE|[467]|Bytes:48
09:22:49.11 (11303009)|SYSTEM_MODE_ENTER|true
09:22:49.11 (11365138)|HEAP_ALLOCATE|[EXTERNAL]|Bytes:16
09:22:49.11 (11395000)|VARIABLE_SCOPE_BEGIN|[9]|this|ApexPage.pagemessagecomponentcontroller|true|false
09:22:49.11 (11477531)|VARIABLE_ASSIGNMENT|[9]|this|{}|0x5fa602e6
09:22:49.11 (11499864)|VARIABLE_SCOPE_BEGIN|[9]|escape|Boolean|false|false
09:22:49.11 (11512310)|VARIABLE_ASSIGNMENT|[9]|escape|null
09:22:49.11 (11626034)|SYSTEM_MODE_ENTER|true
09:22:49.11 (11657202)|HEAP_ALLOCATE|[EXTERNAL]|Bytes:7
09:22:49.11 (11675222)|HEAP_ALLOCATE|[EXTERNAL]|Bytes:16
09:22:49.11 (11697727)|VARIABLE_ASSIGNMENT|[EXTERNAL]|this.conSeverity|"confirm"|0x5fa602e6
09:22:49.11 (11772702)|SYSTEM_MODE_ENTER|true
09:22:49.11 (11794257)|HEAP_ALLOCATE|[EXTERNAL]|Bytes:8
09:22:49.11 (11799934)|HEAP_ALLOCATE|[EXTERNAL]|Bytes:16
09:22:49.11 (11810541)|VARIABLE_ASSIGNMENT|[EXTERNAL]|this.conStrength|3|0x5fa602e6
09:22:49.14 (14422697)|SYSTEM_MODE_ENTER|true
09:22:49.14 (14466290)|HEAP_ALLOCATE|[EXTERNAL]|Bytes:16
09:22:49.14 (14473845)|VARIABLE_SCOPE_BEGIN|[9]|this|ApexPage.pagemessagecomponentcontroller|true|false
09:22:49.14 (14502194)|VARIABLE_ASSIGNMENT|[9]|this|{"conSeverity":"confirm","conStrength":3}|0x5fa602e6
09:22:49.14 (14508367)|VARIABLE_SCOPE_BEGIN|[9]|escape|Boolean|false|false
09:22:49.14 (14515228)|VARIABLE_ASSIGNMENT|[9]|escape|null
09:22:49.14 (14572281)|SYSTEM_MODE_ENTER|true
09:22:49.14 (14592341)|HEAP_ALLOCATE|[EXTERNAL]|Bytes:7
09:22:49.14 (14596617)|HEAP_ALLOCATE|[EXTERNAL]|Bytes:16
09:22:49.14 (14605068)|VARIABLE_ASSIGNMENT|[EXTERNAL]|this.conSeverity|"confirm"|0x5fa602e6
09:22:49.14 (14643524)|SYSTEM_MODE_ENTER|true
09:22:49.14 (14658848)|HEAP_ALLOCATE|[EXTERNAL]|Bytes:8
09:22:49.14 (14662372)|HEAP_ALLOCATE|[EXTERNAL]|Bytes:16
09:22:49.14 (14669583)|VARIABLE_ASSIGNMENT|[EXTERNAL]|this.conStrength|3|0x5fa602e6
09:22:49.14 (14783108)|SYSTEM_MODE_ENTER|true
09:22:49.14 (14810029)|HEAP_ALLOCATE|[EXTERNAL]|Bytes:16
09:22:49.14 (14816082)|VARIABLE_SCOPE_BEGIN|[13]|this|ApexPage.pagemessagecomponentcontroller|true|false
09:22:49.14 (14837435)|VARIABLE_ASSIGNMENT|[13]|this|{"conSeverity":"confirm","conStrength":3}|0x5fa602e6
09:22:49.15 (15472305)|SYSTEM_MODE_ENTER|true
09:22:49.15 (15502743)|HEAP_ALLOCATE|[EXTERNAL]|Bytes:16
09:22:49.15 (15510314)|VARIABLE_SCOPE_BEGIN|[5]|this|ApexPage.pagemessagecomponentcontroller|true|false
09:22:49.15 (15534990)|VARIABLE_ASSIGNMENT|[5]|this|{"conSeverity":"confirm","conStrength":3}|0x5fa602e6
09:22:49.18 (18385981)|CUMULATIVE_LIMIT_USAGE
09:22:49.18 (18385981)|LIMIT_USAGE_FOR_NS|(default)|
  Number of SOQL queries: 0 out of 100
  Number of query rows: 0 out of 50000
  Number of SOSL queries: 0 out of 20
  Number of DML statements: 0 out of 150
  Number of DML rows: 0 out of 10000
  Maximum CPU time: 0 out of 10000
  Maximum heap size: 0 out of 6000000
  Number of callouts: 0 out of 100
  Number of Email Invocations: 0 out of 10
  Number of future calls: 0 out of 50
  Number of queueable jobs added to the queue: 0 out of 50
  Number of Mobile Apex push calls: 0 out of 10

09:22:49.18 (18385981)|CUMULATIVE_LIMIT_USAGE_END

09:22:49.0 (18418994)|CODE_UNIT_FINISHED|VF: /apex/ErrorMessage
09:22:49.0 (19100983)|EXECUTION_FINISHED
