41.0 APEX_CODE,FINEST;APEX_PROFILING,INFO;CALLOUT,INFO;DB,INFO;SYSTEM,DEBUG;VALIDATION,INFO;VISUALFORCE,INFO;WAVE,INFO;WORKFLOW,INFO
10:30:33.0 (54964)|USER_INFO|[EXTERNAL]|0051I000000ZTgh|ksb994@gmail.com|Pacific Standard Time|GMT-08:00
10:30:33.0 (94214)|EXECUTION_STARTED
10:30:33.0 (99921)|CODE_UNIT_STARTED|[EXTERNAL]|0661I0000035eNE|VF: /apex/ErrorMessage
10:30:33.9 (9828772)|SYSTEM_MODE_ENTER|true
10:30:33.9 (9976834)|HEAP_ALLOCATE|[72]|Bytes:3
10:30:33.9 (10012594)|HEAP_ALLOCATE|[77]|Bytes:152
10:30:33.9 (10030751)|HEAP_ALLOCATE|[342]|Bytes:408
10:30:33.9 (10056533)|HEAP_ALLOCATE|[355]|Bytes:408
10:30:33.9 (10071552)|HEAP_ALLOCATE|[467]|Bytes:48
10:30:33.10 (10443610)|SYSTEM_MODE_ENTER|true
10:30:33.10 (10506526)|HEAP_ALLOCATE|[EXTERNAL]|Bytes:16
10:30:33.10 (10518267)|VARIABLE_SCOPE_BEGIN|[9]|this|ApexPage.pagemessagecomponentcontroller|true|false
10:30:33.10 (10604487)|VARIABLE_ASSIGNMENT|[9]|this|{}|0x4ceda819
10:30:33.10 (10613043)|VARIABLE_SCOPE_BEGIN|[9]|escape|Boolean|false|false
10:30:33.10 (10621751)|VARIABLE_ASSIGNMENT|[9]|escape|null
10:30:33.10 (10743816)|SYSTEM_MODE_ENTER|true
10:30:33.10 (10782185)|HEAP_ALLOCATE|[EXTERNAL]|Bytes:5
10:30:33.10 (10786920)|HEAP_ALLOCATE|[EXTERNAL]|Bytes:16
10:30:33.10 (10815747)|VARIABLE_ASSIGNMENT|[EXTERNAL]|this.conSeverity|"error"|0x4ceda819
10:30:33.10 (10879505)|SYSTEM_MODE_ENTER|true
10:30:33.10 (10899065)|HEAP_ALLOCATE|[EXTERNAL]|Bytes:8
10:30:33.10 (10903487)|HEAP_ALLOCATE|[EXTERNAL]|Bytes:16
10:30:33.10 (10911848)|VARIABLE_ASSIGNMENT|[EXTERNAL]|this.conStrength|3|0x4ceda819
10:30:33.14 (14452136)|SYSTEM_MODE_ENTER|true
10:30:33.14 (14501443)|HEAP_ALLOCATE|[EXTERNAL]|Bytes:16
10:30:33.14 (14509439)|VARIABLE_SCOPE_BEGIN|[9]|this|ApexPage.pagemessagecomponentcontroller|true|false
10:30:33.14 (14543326)|VARIABLE_ASSIGNMENT|[9]|this|{"conSeverity":"error","conStrength":3}|0x4ceda819
10:30:33.14 (14549826)|VARIABLE_SCOPE_BEGIN|[9]|escape|Boolean|false|false
10:30:33.14 (14556362)|VARIABLE_ASSIGNMENT|[9]|escape|null
10:30:33.14 (14618747)|SYSTEM_MODE_ENTER|true
10:30:33.14 (14640526)|HEAP_ALLOCATE|[EXTERNAL]|Bytes:5
10:30:33.14 (14645095)|HEAP_ALLOCATE|[EXTERNAL]|Bytes:16
10:30:33.14 (14654085)|VARIABLE_ASSIGNMENT|[EXTERNAL]|this.conSeverity|"error"|0x4ceda819
10:30:33.14 (14695895)|SYSTEM_MODE_ENTER|true
10:30:33.14 (14711962)|HEAP_ALLOCATE|[EXTERNAL]|Bytes:8
10:30:33.14 (14715610)|HEAP_ALLOCATE|[EXTERNAL]|Bytes:16
10:30:33.14 (14722610)|VARIABLE_ASSIGNMENT|[EXTERNAL]|this.conStrength|3|0x4ceda819
10:30:33.14 (14838995)|SYSTEM_MODE_ENTER|true
10:30:33.14 (14865202)|HEAP_ALLOCATE|[EXTERNAL]|Bytes:16
10:30:33.14 (14871528)|VARIABLE_SCOPE_BEGIN|[13]|this|ApexPage.pagemessagecomponentcontroller|true|false
10:30:33.14 (14892782)|VARIABLE_ASSIGNMENT|[13]|this|{"conSeverity":"error","conStrength":3}|0x4ceda819
10:30:33.15 (15566476)|SYSTEM_MODE_ENTER|true
10:30:33.15 (15596710)|HEAP_ALLOCATE|[EXTERNAL]|Bytes:16
10:30:33.15 (15603750)|VARIABLE_SCOPE_BEGIN|[5]|this|ApexPage.pagemessagecomponentcontroller|true|false
10:30:33.15 (15629452)|VARIABLE_ASSIGNMENT|[5]|this|{"conSeverity":"error","conStrength":3}|0x4ceda819
10:30:33.19 (19827685)|CUMULATIVE_LIMIT_USAGE
10:30:33.19 (19827685)|LIMIT_USAGE_FOR_NS|(default)|
  Number of SOQL queries: 0 out of 100
  Number of query rows: 0 out of 50000
  Number of SOSL queries: 0 out of 20
  Number of DML statements: 0 out of 150
  Number of DML rows: 0 out of 10000
  Maximum CPU time: 0 out of 10000
  Maximum heap size: 0 out of 6000000
  Number of callouts: 0 out of 100
  Number of Email Invocations: 0 out of 10
  Number of future calls: 0 out of 50
  Number of queueable jobs added to the queue: 0 out of 50
  Number of Mobile Apex push calls: 0 out of 10

10:30:33.19 (19827685)|CUMULATIVE_LIMIT_USAGE_END

10:30:33.0 (19868884)|CODE_UNIT_FINISHED|VF: /apex/ErrorMessage
10:30:33.0 (20630991)|EXECUTION_FINISHED
