41.0 APEX_CODE,FINEST;APEX_PROFILING,INFO;CALLOUT,INFO;DB,INFO;SYSTEM,DEBUG;VALIDATION,INFO;VISUALFORCE,INFO;WAVE,INFO;WORKFLOW,INFO
06:23:42.0 (322141)|EXECUTION_STARTED
06:23:42.0 (351769)|CODE_UNIT_STARTED|[EXTERNAL]|VisualForce View State
06:23:42.0 (7371045)|CODE_UNIT_FINISHED|VisualForce View State
06:23:42.0 (8093332)|EXECUTION_FINISHED
06:23:42.314 (314699413)|VF_SERIALIZE_VIEWSTATE_BEGIN|
06:23:42.314 (318429908)|VF_SERIALIZE_VIEWSTATE_END
06:23:42.324 (324517795)|CUMULATIVE_LIMIT_USAGE
06:23:42.324 (324517795)|LIMIT_USAGE_FOR_NS|(default)|
  Number of SOQL queries: 0 out of 100
  Number of query rows: 0 out of 50000
  Number of SOSL queries: 0 out of 20
  Number of DML statements: 0 out of 150
  Number of DML rows: 0 out of 10000
  Maximum CPU time: 0 out of 10000
  Maximum heap size: 0 out of 6000000
  Number of callouts: 0 out of 100
  Number of Email Invocations: 0 out of 10
  Number of future calls: 0 out of 50
  Number of queueable jobs added to the queue: 0 out of 50
  Number of Mobile Apex push calls: 0 out of 10

06:23:42.324 (324517795)|CUMULATIVE_LIMIT_USAGE_END

