36.0 APEX_CODE,FINEST;APEX_PROFILING,INFO;CALLOUT,INFO;DB,INFO;SYSTEM,DEBUG;VALIDATION,INFO;VISUALFORCE,INFO;WAVE,INFO;WORKFLOW,INFO
00:45:52.0 (406718)|USER_INFO|[EXTERNAL]|0051I000000ZTgh|ksb994@gmail.com|Pacific Standard Time|GMT-08:00
00:45:52.0 (455625)|EXECUTION_STARTED
00:45:52.0 (460383)|CODE_UNIT_STARTED|[EXTERNAL]|01p1I00000FRG0E|HelloWorldTest.updateLead
00:45:52.0 (765268)|HEAP_ALLOCATE|[72]|Bytes:3
00:45:52.0 (809979)|HEAP_ALLOCATE|[77]|Bytes:152
00:45:52.0 (826907)|HEAP_ALLOCATE|[342]|Bytes:408
00:45:52.0 (845774)|HEAP_ALLOCATE|[355]|Bytes:408
00:45:52.0 (862329)|HEAP_ALLOCATE|[467]|Bytes:48
00:45:52.0 (890646)|HEAP_ALLOCATE|[139]|Bytes:6
00:45:52.0 (947151)|HEAP_ALLOCATE|[EXTERNAL]|Bytes:13
00:45:52.0 (959192)|METHOD_ENTRY|[2]|01p1I00000FRG0E|HelloWorldTest.HelloWorldTest()
00:45:52.0 (965260)|STATEMENT_EXECUTE|[2]
00:45:52.0 (969798)|STATEMENT_EXECUTE|[2]
00:45:52.0 (973631)|METHOD_EXIT|[2]|HelloWorldTest
00:45:52.0 (1011296)|HEAP_ALLOCATE|[50]|Bytes:5
00:45:52.0 (1036401)|HEAP_ALLOCATE|[56]|Bytes:5
00:45:52.0 (1044517)|HEAP_ALLOCATE|[64]|Bytes:7
00:45:52.0 (1081488)|STATEMENT_EXECUTE|[4]
00:45:52.0 (1083386)|STATEMENT_EXECUTE|[6]
00:45:52.0 (1139881)|HEAP_ALLOCATE|[6]|Bytes:4
00:45:52.0 (1252808)|VARIABLE_SCOPE_BEGIN|[6]|myLead|Lead|true|false
00:45:52.0 (1281992)|VARIABLE_ASSIGNMENT|[6]|myLead|{}|0x4f92d7c5
00:45:52.0 (1288167)|STATEMENT_EXECUTE|[7]
00:45:52.0 (1290925)|HEAP_ALLOCATE|[7]|Bytes:5
00:45:52.0 (1715537)|VARIABLE_ASSIGNMENT|[7]|this.FirstName|"Hello"|0x4f92d7c5
00:45:52.0 (1723517)|STATEMENT_EXECUTE|[8]
00:45:52.0 (1727049)|HEAP_ALLOCATE|[8]|Bytes:5
00:45:52.0 (1746324)|VARIABLE_ASSIGNMENT|[8]|this.LastName|"World"|0x4f92d7c5
00:45:52.0 (1751305)|STATEMENT_EXECUTE|[9]
00:45:52.0 (1752929)|HEAP_ALLOCATE|[9]|Bytes:6
00:45:52.0 (1769595)|VARIABLE_ASSIGNMENT|[9]|this.Company|"Google"|0x4f92d7c5
00:45:52.0 (1774411)|STATEMENT_EXECUTE|[10]
00:45:52.0 (1776011)|HEAP_ALLOCATE|[10]|Bytes:18
00:45:52.0 (1790160)|VARIABLE_ASSIGNMENT|[10]|this.Status|"Open-Not Contacted"|0x4f92d7c5
00:45:52.0 (1794694)|STATEMENT_EXECUTE|[12]
00:45:52.0 (1823769)|HEAP_ALLOCATE|[12]|Bytes:8
00:45:52.0 (1831661)|DML_BEGIN|[12]|Op:Insert|Type:Lead|Rows:1
00:45:52.0 (1855859)|HEAP_ALLOCATE|[EXTERNAL]|Bytes:8
00:45:52.0 (14237429)|CODE_UNIT_STARTED|[EXTERNAL]|DuplicateDetector
00:45:52.0 (14252661)|DUPLICATE_DETECTION_BEGIN
00:45:52.0 (14478962)|DUPLICATE_DETECTION_RULE_INVOCATION|DuplicateRuleId:0Bm1I0000028pMi|DuplicateRuleName:Standard Lead Duplicate Rule|DmlType:INSERT
00:45:52.0 (35077758)|DUPLICATE_DETECTION_MATCH_INVOCATION_DETAILS|EntityType:Lead|ActionTaken:Allow_[Alert,Report]|DuplicateRecordIds:
00:45:52.0 (35098349)|DUPLICATE_DETECTION_MATCH_INVOCATION_SUMMARY|EntityType:Lead|NumRecordsToBeSaved:1|NumRecordsToBeSavedWithDuplicates:0|NumDuplicateRecordsFound:0
00:45:52.0 (35109206)|DUPLICATE_DETECTION_MATCH_INVOCATION_DETAILS|EntityType:Lead|ActionTaken:Allow_[Alert,Report]|DuplicateRecordIds:
00:45:52.0 (35115895)|DUPLICATE_DETECTION_MATCH_INVOCATION_SUMMARY|EntityType:Lead|NumRecordsToBeSaved:1|NumRecordsToBeSavedWithDuplicates:0|NumDuplicateRecordsFound:0
00:45:52.0 (35241508)|DUPLICATE_DETECTION_END
00:45:52.0 (35248578)|CODE_UNIT_FINISHED|DuplicateDetector
00:45:52.0 (61186092)|CODE_UNIT_STARTED|[EXTERNAL]|Workflow:Lead
00:45:52.0 (65361550)|WF_RULE_EVAL_BEGIN|Assignment
00:45:52.0 (65374750)|WF_SPOOL_ACTION_BEGIN|Assignment
00:45:52.0 (65382299)|WF_ACTION|.
00:45:52.0 (65386824)|WF_RULE_EVAL_END
00:45:52.0 (65422765)|WF_ACTIONS_END| None
00:45:52.0 (65429457)|CODE_UNIT_FINISHED|Workflow:Lead
00:45:52.0 (65820324)|DML_END|[12]
00:45:52.65 (65849509)|CUMULATIVE_LIMIT_USAGE
00:45:52.65 (65849509)|LIMIT_USAGE_FOR_NS|(default)|
  Number of SOQL queries: 0 out of 100
  Number of query rows: 0 out of 50000
  Number of SOSL queries: 0 out of 20
  Number of DML statements: 1 out of 150
  Number of DML rows: 1 out of 10000
  Maximum CPU time: 0 out of 10000
  Maximum heap size: 0 out of 6000000
  Number of callouts: 0 out of 100
  Number of Email Invocations: 0 out of 10
  Number of future calls: 0 out of 50
  Number of queueable jobs added to the queue: 0 out of 50
  Number of Mobile Apex push calls: 0 out of 10

00:45:52.65 (65849509)|CUMULATIVE_LIMIT_USAGE_END

00:45:52.0 (65885060)|CODE_UNIT_FINISHED|HelloWorldTest.updateLead
00:45:52.0 (66602666)|EXECUTION_FINISHED
00:45:52.105 (105904502)|USER_INFO|[EXTERNAL]|0051I000000ZTgh|ksb994@gmail.com|Pacific Standard Time|GMT-08:00
00:45:52.105 (105929840)|EXECUTION_STARTED
00:45:52.105 (105934729)|CODE_UNIT_STARTED|[EXTERNAL]|DuplicateDetector
00:45:52.105 (105947467)|DUPLICATE_DETECTION_BEGIN
00:45:52.105 (106027374)|DUPLICATE_DETECTION_RULE_INVOCATION|DuplicateRuleId:0Bm1I0000028pMi|DuplicateRuleName:Standard Lead Duplicate Rule|DmlType:INSERT
00:45:52.105 (113085243)|DUPLICATE_DETECTION_END
00:45:52.105 (113092290)|CODE_UNIT_FINISHED|DuplicateDetector
00:45:52.105 (113803380)|EXECUTION_FINISHED
