41.0 APEX_CODE,FINEST;APEX_PROFILING,INFO;CALLOUT,INFO;DB,INFO;SYSTEM,DEBUG;VALIDATION,INFO;VISUALFORCE,INFO;WAVE,INFO;WORKFLOW,INFO
06:00:04.0 (522802)|USER_INFO|[EXTERNAL]|0051I000000ZTgh|ksb994@gmail.com|Pacific Standard Time|GMT-08:00
06:00:04.0 (586621)|EXECUTION_STARTED
06:00:04.0 (593077)|CODE_UNIT_STARTED|[EXTERNAL]|01p1I00000CZlrs|batchAccountUpdate
06:00:04.0 (2539634)|HEAP_ALLOCATE|[EXTERNAL]|Bytes:4
06:00:04.0 (10574171)|HEAP_ALLOCATE|[72]|Bytes:3
06:00:04.0 (10616898)|HEAP_ALLOCATE|[77]|Bytes:152
06:00:04.0 (10669459)|HEAP_ALLOCATE|[342]|Bytes:408
06:00:04.0 (10700580)|HEAP_ALLOCATE|[355]|Bytes:408
06:00:04.0 (10725190)|HEAP_ALLOCATE|[467]|Bytes:48
06:00:04.0 (10760986)|HEAP_ALLOCATE|[139]|Bytes:6
06:00:04.0 (10830786)|HEAP_ALLOCATE|[EXTERNAL]|Bytes:11
06:00:04.0 (10849411)|SYSTEM_METHOD_ENTRY|[15]|BatchableContextImpl.BatchableContextImpl()
06:00:04.0 (10857140)|STATEMENT_EXECUTE|[15]
06:00:04.0 (10869916)|SYSTEM_METHOD_EXIT|[15]|BatchableContextImpl
06:00:04.0 (10878680)|HEAP_ALLOCATE|[EXTERNAL]|Bytes:12
06:00:04.0 (10884527)|HEAP_ALLOCATE|[EXTERNAL]|Bytes:4
06:00:04.0 (10894167)|VARIABLE_SCOPE_BEGIN|[31]|this|Database.BatchableContextImpl|true|false
06:00:04.0 (10993642)|VARIABLE_ASSIGNMENT|[31]|this|{}|0x26dfb5a0
06:00:04.0 (11002882)|VARIABLE_SCOPE_BEGIN|[31]|jobId|Id|false|false
06:00:04.0 (11112218)|VARIABLE_ASSIGNMENT|[31]|jobId|"7071I00000UEVHXQA5"
06:00:04.0 (11125644)|VARIABLE_SCOPE_BEGIN|[31]|childJobId|Id|false|false
06:00:04.0 (11139693)|VARIABLE_ASSIGNMENT|[31]|childJobId|null
06:00:04.0 (11903061)|HEAP_ALLOCATE|[EXTERNAL]|Bytes:57
06:00:04.0 (11918665)|HEAP_ALLOCATE|[EXTERNAL]|Bytes:6
06:00:04.0 (11956996)|METHOD_ENTRY|[1]|01p1I00000CZlrs|batchAccountUpdate.batchAccountUpdate()
06:00:04.0 (11967082)|STATEMENT_EXECUTE|[1]
06:00:04.0 (11973051)|STATEMENT_EXECUTE|[1]
06:00:04.0 (11978736)|METHOD_EXIT|[1]|batchAccountUpdate
06:00:04.0 (11986701)|HEAP_ALLOCATE|[EXTERNAL]|Bytes:4
06:00:04.0 (11991220)|HEAP_ALLOCATE|[EXTERNAL]|Bytes:12
06:00:04.0 (12000194)|VARIABLE_SCOPE_BEGIN|[2]|this|batchAccountUpdate|true|false
06:00:04.0 (12030199)|VARIABLE_ASSIGNMENT|[2]|this|{}|0x47edf8fe
06:00:04.0 (12041713)|VARIABLE_SCOPE_BEGIN|[2]|BC|Database.BatchableContext|true|false
06:00:04.0 (12118980)|VARIABLE_ASSIGNMENT|[2]|BC|{"jobId":"7071I00000UEVHXQA5"}|0x26dfb5a0
06:00:04.0 (12134118)|STATEMENT_EXECUTE|[2]
06:00:04.0 (12135945)|STATEMENT_EXECUTE|[3]
06:00:04.0 (12140974)|HEAP_ALLOCATE|[3]|Bytes:54
06:00:04.0 (12151220)|VARIABLE_SCOPE_BEGIN|[3]|query|String|false|false
06:00:04.0 (12170356)|VARIABLE_ASSIGNMENT|[3]|query|"SELECT Id,Name FROM  (34 more) ..."
06:00:04.0 (12178417)|STATEMENT_EXECUTE|[4]
06:00:04.0 (12197822)|HEAP_ALLOCATE|[50]|Bytes:5
06:00:04.0 (12225619)|HEAP_ALLOCATE|[56]|Bytes:5
06:00:04.0 (12238555)|HEAP_ALLOCATE|[64]|Bytes:7
06:00:04.0 (12679100)|EXCEPTION_THROWN|[4]|System.QueryException: unexpected token: 'I00000BDtMy'
06:00:04.0 (12893821)|HEAP_ALLOCATE|[4]|Bytes:35
06:00:04.0 (12956915)|FATAL_ERROR|System.QueryException: unexpected token: 'I00000BDtMy'

Class.batchAccountUpdate.start: line 4, column 1
