41.0 APEX_CODE,FINEST;APEX_PROFILING,INFO;CALLOUT,INFO;DB,INFO;SYSTEM,DEBUG;VALIDATION,INFO;VISUALFORCE,INFO;WAVE,INFO;WORKFLOW,INFO
10:45:18.0 (263896)|USER_INFO|[EXTERNAL]|0051I000000ZTgh|ksb994@gmail.com|Pacific Standard Time|GMT-08:00
10:45:18.0 (429909)|EXECUTION_STARTED
10:45:18.0 (433677)|CODE_UNIT_STARTED|[EXTERNAL]|0661I0000035eNE|VF: /apex/ErrorMessage
10:45:18.11 (11979612)|SYSTEM_MODE_ENTER|true
10:45:18.11 (12258776)|HEAP_ALLOCATE|[72]|Bytes:3
10:45:18.11 (12320688)|HEAP_ALLOCATE|[77]|Bytes:152
10:45:18.11 (12337031)|HEAP_ALLOCATE|[342]|Bytes:408
10:45:18.11 (12347904)|HEAP_ALLOCATE|[355]|Bytes:408
10:45:18.11 (12358055)|HEAP_ALLOCATE|[467]|Bytes:48
10:45:18.12 (12779474)|SYSTEM_MODE_ENTER|true
10:45:18.12 (12834760)|HEAP_ALLOCATE|[EXTERNAL]|Bytes:16
10:45:18.12 (12856444)|VARIABLE_SCOPE_BEGIN|[9]|this|ApexPage.pagemessagecomponentcontroller|true|false
10:45:18.12 (12909773)|VARIABLE_ASSIGNMENT|[9]|this|{}|0x568e0e29
10:45:18.12 (12917086)|VARIABLE_SCOPE_BEGIN|[9]|escape|Boolean|false|false
10:45:18.12 (12925545)|VARIABLE_ASSIGNMENT|[9]|escape|null
10:45:18.13 (13024381)|SYSTEM_MODE_ENTER|true
10:45:18.13 (13055088)|HEAP_ALLOCATE|[EXTERNAL]|Bytes:5
10:45:18.13 (13068664)|HEAP_ALLOCATE|[EXTERNAL]|Bytes:16
10:45:18.13 (13086466)|VARIABLE_ASSIGNMENT|[EXTERNAL]|this.conSeverity|"error"|0x568e0e29
10:45:18.13 (13143331)|SYSTEM_MODE_ENTER|true
10:45:18.13 (13161471)|HEAP_ALLOCATE|[EXTERNAL]|Bytes:8
10:45:18.13 (13166129)|HEAP_ALLOCATE|[EXTERNAL]|Bytes:16
10:45:18.13 (13173894)|VARIABLE_ASSIGNMENT|[EXTERNAL]|this.conStrength|3|0x568e0e29
10:45:18.15 (15961799)|SYSTEM_MODE_ENTER|true
10:45:18.15 (16005357)|HEAP_ALLOCATE|[EXTERNAL]|Bytes:16
10:45:18.15 (16012790)|VARIABLE_SCOPE_BEGIN|[9]|this|ApexPage.pagemessagecomponentcontroller|true|false
10:45:18.15 (16042025)|VARIABLE_ASSIGNMENT|[9]|this|{"conSeverity":"error","conStrength":3}|0x568e0e29
10:45:18.15 (16049019)|VARIABLE_SCOPE_BEGIN|[9]|escape|Boolean|false|false
10:45:18.15 (16055598)|VARIABLE_ASSIGNMENT|[9]|escape|null
10:45:18.16 (16115625)|SYSTEM_MODE_ENTER|true
10:45:18.16 (16136634)|HEAP_ALLOCATE|[EXTERNAL]|Bytes:5
10:45:18.16 (16141283)|HEAP_ALLOCATE|[EXTERNAL]|Bytes:16
10:45:18.16 (16149773)|VARIABLE_ASSIGNMENT|[EXTERNAL]|this.conSeverity|"error"|0x568e0e29
10:45:18.16 (16190944)|SYSTEM_MODE_ENTER|true
10:45:18.16 (16206247)|HEAP_ALLOCATE|[EXTERNAL]|Bytes:8
10:45:18.16 (16209614)|HEAP_ALLOCATE|[EXTERNAL]|Bytes:16
10:45:18.16 (16216582)|VARIABLE_ASSIGNMENT|[EXTERNAL]|this.conStrength|3|0x568e0e29
10:45:18.16 (16343081)|SYSTEM_MODE_ENTER|true
10:45:18.16 (16370729)|HEAP_ALLOCATE|[EXTERNAL]|Bytes:16
10:45:18.16 (16376391)|VARIABLE_SCOPE_BEGIN|[13]|this|ApexPage.pagemessagecomponentcontroller|true|false
10:45:18.16 (16399404)|VARIABLE_ASSIGNMENT|[13]|this|{"conSeverity":"error","conStrength":3}|0x568e0e29
10:45:18.17 (17103792)|SYSTEM_MODE_ENTER|true
10:45:18.17 (17133678)|HEAP_ALLOCATE|[EXTERNAL]|Bytes:16
10:45:18.17 (17140725)|VARIABLE_SCOPE_BEGIN|[5]|this|ApexPage.pagemessagecomponentcontroller|true|false
10:45:18.17 (17167008)|VARIABLE_ASSIGNMENT|[5]|this|{"conSeverity":"error","conStrength":3}|0x568e0e29
10:45:18.20 (20200473)|CUMULATIVE_LIMIT_USAGE
10:45:18.20 (20200473)|LIMIT_USAGE_FOR_NS|(default)|
  Number of SOQL queries: 0 out of 100
  Number of query rows: 0 out of 50000
  Number of SOSL queries: 0 out of 20
  Number of DML statements: 0 out of 150
  Number of DML rows: 0 out of 10000
  Maximum CPU time: 0 out of 10000
  Maximum heap size: 0 out of 6000000
  Number of callouts: 0 out of 100
  Number of Email Invocations: 0 out of 10
  Number of future calls: 0 out of 50
  Number of queueable jobs added to the queue: 0 out of 50
  Number of Mobile Apex push calls: 0 out of 10

10:45:18.20 (20200473)|CUMULATIVE_LIMIT_USAGE_END

10:45:18.0 (20233585)|CODE_UNIT_FINISHED|VF: /apex/ErrorMessage
10:45:18.0 (20986003)|EXECUTION_FINISHED
