41.0 APEX_CODE,FINEST;APEX_PROFILING,INFO;CALLOUT,INFO;DB,INFO;SYSTEM,DEBUG;VALIDATION,INFO;VISUALFORCE,INFO;WAVE,INFO;WORKFLOW,INFO
10:40:09.0 (65420)|EXECUTION_STARTED
10:40:09.0 (91594)|CODE_UNIT_STARTED|[EXTERNAL]|VisualForce View State
10:40:09.0 (9675242)|CODE_UNIT_FINISHED|VisualForce View State
10:40:09.0 (10472600)|EXECUTION_FINISHED
10:40:09.62 (62747010)|CUMULATIVE_LIMIT_USAGE
10:40:09.62 (62747010)|LIMIT_USAGE_FOR_NS|(default)|
  Number of SOQL queries: 0 out of 100
  Number of query rows: 0 out of 50000
  Number of SOSL queries: 0 out of 20
  Number of DML statements: 0 out of 150
  Number of DML rows: 0 out of 10000
  Maximum CPU time: 0 out of 10000
  Maximum heap size: 0 out of 6000000
  Number of callouts: 0 out of 100
  Number of Email Invocations: 0 out of 10
  Number of future calls: 0 out of 50
  Number of queueable jobs added to the queue: 0 out of 50
  Number of Mobile Apex push calls: 0 out of 10

10:40:09.62 (62747010)|CUMULATIVE_LIMIT_USAGE_END

