41.0 APEX_CODE,FINEST;APEX_PROFILING,INFO;CALLOUT,INFO;DB,INFO;SYSTEM,DEBUG;VALIDATION,INFO;VISUALFORCE,INFO;WAVE,INFO;WORKFLOW,INFO
10:30:01.0 (301390)|USER_INFO|[EXTERNAL]|0051I000000ZTgh|ksb994@gmail.com|Pacific Standard Time|GMT-08:00
10:30:01.0 (334516)|EXECUTION_STARTED
10:30:01.0 (338065)|CODE_UNIT_STARTED|[EXTERNAL]|01p1I00000FRKZN|BatchPradeepCode
10:30:01.0 (3700018)|HEAP_ALLOCATE|[EXTERNAL]|Bytes:8
10:30:01.0 (7534859)|HEAP_ALLOCATE|[72]|Bytes:3
10:30:01.0 (7578546)|HEAP_ALLOCATE|[77]|Bytes:152
10:30:01.0 (7600863)|HEAP_ALLOCATE|[342]|Bytes:408
10:30:01.0 (7626824)|HEAP_ALLOCATE|[355]|Bytes:408
10:30:01.0 (7649801)|HEAP_ALLOCATE|[467]|Bytes:48
10:30:01.0 (7687384)|HEAP_ALLOCATE|[139]|Bytes:6
10:30:01.0 (7746660)|HEAP_ALLOCATE|[EXTERNAL]|Bytes:11
10:30:01.0 (7764595)|SYSTEM_METHOD_ENTRY|[15]|BatchableContextImpl.BatchableContextImpl()
10:30:01.0 (7772661)|STATEMENT_EXECUTE|[15]
10:30:01.0 (7785658)|SYSTEM_METHOD_EXIT|[15]|BatchableContextImpl
10:30:01.0 (7794288)|HEAP_ALLOCATE|[EXTERNAL]|Bytes:12
10:30:01.0 (7800526)|HEAP_ALLOCATE|[EXTERNAL]|Bytes:4
10:30:01.0 (7804789)|HEAP_ALLOCATE|[EXTERNAL]|Bytes:4
10:30:01.0 (7812713)|VARIABLE_SCOPE_BEGIN|[31]|this|Database.BatchableContextImpl|true|false
10:30:01.0 (7867920)|VARIABLE_ASSIGNMENT|[31]|this|{}|0x219e41ef
10:30:01.0 (7880117)|VARIABLE_SCOPE_BEGIN|[31]|jobId|Id|false|false
10:30:01.0 (7970404)|VARIABLE_ASSIGNMENT|[31]|jobId|"7071I00000UEiImQAL"
10:30:01.0 (7981178)|VARIABLE_SCOPE_BEGIN|[31]|childJobId|Id|false|false
10:30:01.0 (8017675)|VARIABLE_ASSIGNMENT|[31]|childJobId|"7071I00000UEibBQAT"
10:30:01.0 (16271989)|HEAP_ALLOCATE|[EXTERNAL]|Bytes:104
10:30:01.216 (216339628)|CUMULATIVE_LIMIT_USAGE
10:30:01.216 (216339628)|LIMIT_USAGE_FOR_NS|(default)|
  Number of SOQL queries: 0 out of 200
  Number of query rows: 0 out of 50000
  Number of SOSL queries: 0 out of 20
  Number of DML statements: 0 out of 150
  Number of DML rows: 0 out of 10000
  Maximum CPU time: 0 out of 60000
  Maximum heap size: 0 out of 12000000
  Number of callouts: 0 out of 0
  Number of Email Invocations: 0 out of 10
  Number of future calls: 0 out of 0
  Number of queueable jobs added to the queue: 0 out of 1
  Number of Mobile Apex push calls: 0 out of 10

10:30:01.216 (216339628)|CUMULATIVE_LIMIT_USAGE_END

10:30:01.0 (216409241)|CODE_UNIT_FINISHED|BatchPradeepCode
10:30:01.0 (217376710)|EXECUTION_FINISHED
