41.0 APEX_CODE,FINEST;APEX_PROFILING,INFO;CALLOUT,INFO;DB,INFO;SYSTEM,DEBUG;VALIDATION,INFO;VISUALFORCE,INFO;WAVE,INFO;WORKFLOW,INFO
10:30:01.0 (60341)|USER_INFO|[EXTERNAL]|0051I000000ZTgh|ksb994@gmail.com|Pacific Standard Time|GMT-08:00
10:30:01.0 (16974356)|EXECUTION_STARTED
10:30:01.0 (16988097)|CODE_UNIT_STARTED|[EXTERNAL]|0661I0000035eNE|VF: /apex/ErrorMessage
10:30:01.34 (34308310)|SYSTEM_MODE_ENTER|true
10:30:01.34 (34626623)|HEAP_ALLOCATE|[72]|Bytes:3
10:30:01.34 (34689743)|HEAP_ALLOCATE|[77]|Bytes:152
10:30:01.34 (34706492)|HEAP_ALLOCATE|[342]|Bytes:408
10:30:01.34 (34744785)|HEAP_ALLOCATE|[355]|Bytes:408
10:30:01.34 (34767503)|HEAP_ALLOCATE|[467]|Bytes:48
10:30:01.35 (35589968)|SYSTEM_MODE_ENTER|true
10:30:01.35 (35681741)|HEAP_ALLOCATE|[EXTERNAL]|Bytes:16
10:30:01.35 (35717274)|VARIABLE_SCOPE_BEGIN|[9]|this|ApexPage.pagemessagecomponentcontroller|true|false
10:30:01.35 (35779511)|VARIABLE_ASSIGNMENT|[9]|this|{}|0x2eb8c5fd
10:30:01.35 (35787463)|VARIABLE_SCOPE_BEGIN|[9]|escape|Boolean|false|false
10:30:01.35 (35794740)|VARIABLE_ASSIGNMENT|[9]|escape|null
10:30:01.35 (35902370)|SYSTEM_MODE_ENTER|true
10:30:01.35 (35935237)|HEAP_ALLOCATE|[EXTERNAL]|Bytes:5
10:30:01.35 (35950349)|HEAP_ALLOCATE|[EXTERNAL]|Bytes:16
10:30:01.35 (35968087)|VARIABLE_ASSIGNMENT|[EXTERNAL]|this.conSeverity|"error"|0x2eb8c5fd
10:30:01.36 (36265484)|SYSTEM_MODE_ENTER|true
10:30:01.36 (36316621)|HEAP_ALLOCATE|[EXTERNAL]|Bytes:8
10:30:01.36 (36335390)|HEAP_ALLOCATE|[EXTERNAL]|Bytes:16
10:30:01.36 (36353234)|VARIABLE_ASSIGNMENT|[EXTERNAL]|this.conStrength|3|0x2eb8c5fd
10:30:01.60 (60987208)|SYSTEM_MODE_ENTER|true
10:30:01.60 (61087280)|HEAP_ALLOCATE|[EXTERNAL]|Bytes:16
10:30:01.60 (61108835)|VARIABLE_SCOPE_BEGIN|[9]|this|ApexPage.pagemessagecomponentcontroller|true|false
10:30:01.60 (61194638)|VARIABLE_ASSIGNMENT|[9]|this|{"conSeverity":"error","conStrength":3}|0x2eb8c5fd
10:30:01.60 (61203358)|VARIABLE_SCOPE_BEGIN|[9]|escape|Boolean|false|false
10:30:01.60 (61210516)|VARIABLE_ASSIGNMENT|[9]|escape|null
10:30:01.61 (61318020)|SYSTEM_MODE_ENTER|true
10:30:01.61 (61353656)|HEAP_ALLOCATE|[EXTERNAL]|Bytes:5
10:30:01.61 (61359196)|HEAP_ALLOCATE|[EXTERNAL]|Bytes:16
10:30:01.61 (61370681)|VARIABLE_ASSIGNMENT|[EXTERNAL]|this.conSeverity|"error"|0x2eb8c5fd
10:30:01.61 (61416284)|SYSTEM_MODE_ENTER|true
10:30:01.61 (61434593)|HEAP_ALLOCATE|[EXTERNAL]|Bytes:8
10:30:01.61 (61438357)|HEAP_ALLOCATE|[EXTERNAL]|Bytes:16
10:30:01.61 (61447987)|VARIABLE_ASSIGNMENT|[EXTERNAL]|this.conStrength|3|0x2eb8c5fd
10:30:01.61 (61696138)|SYSTEM_MODE_ENTER|true
10:30:01.61 (61725927)|HEAP_ALLOCATE|[EXTERNAL]|Bytes:16
10:30:01.61 (61733359)|VARIABLE_SCOPE_BEGIN|[13]|this|ApexPage.pagemessagecomponentcontroller|true|false
10:30:01.61 (61757728)|VARIABLE_ASSIGNMENT|[13]|this|{"conSeverity":"error","conStrength":3}|0x2eb8c5fd
10:30:01.63 (63025897)|SYSTEM_MODE_ENTER|true
10:30:01.63 (63057898)|HEAP_ALLOCATE|[EXTERNAL]|Bytes:16
10:30:01.63 (63065700)|VARIABLE_SCOPE_BEGIN|[5]|this|ApexPage.pagemessagecomponentcontroller|true|false
10:30:01.63 (63093459)|VARIABLE_ASSIGNMENT|[5]|this|{"conSeverity":"error","conStrength":3}|0x2eb8c5fd
10:30:01.68 (68066082)|CUMULATIVE_LIMIT_USAGE
10:30:01.68 (68066082)|LIMIT_USAGE_FOR_NS|(default)|
  Number of SOQL queries: 0 out of 100
  Number of query rows: 0 out of 50000
  Number of SOSL queries: 0 out of 20
  Number of DML statements: 0 out of 150
  Number of DML rows: 0 out of 10000
  Maximum CPU time: 0 out of 10000
  Maximum heap size: 0 out of 6000000
  Number of callouts: 0 out of 100
  Number of Email Invocations: 0 out of 10
  Number of future calls: 0 out of 50
  Number of queueable jobs added to the queue: 0 out of 50
  Number of Mobile Apex push calls: 0 out of 10

10:30:01.68 (68066082)|CUMULATIVE_LIMIT_USAGE_END

10:30:01.0 (68101896)|CODE_UNIT_FINISHED|VF: /apex/ErrorMessage
10:30:01.0 (69501986)|EXECUTION_FINISHED
