41.0 APEX_CODE,FINEST;APEX_PROFILING,INFO;CALLOUT,INFO;DB,INFO;SYSTEM,DEBUG;VALIDATION,INFO;VISUALFORCE,INFO;WAVE,INFO;WORKFLOW,INFO
11:18:00.0 (319259)|EXECUTION_STARTED
11:18:00.0 (347265)|CODE_UNIT_STARTED|[EXTERNAL]|VisualForce View State
11:18:00.0 (10231713)|CODE_UNIT_FINISHED|VisualForce View State
11:18:00.0 (11138109)|EXECUTION_FINISHED
11:18:00.344 (344983971)|VF_SERIALIZE_VIEWSTATE_BEGIN|
11:18:00.344 (349602237)|VF_SERIALIZE_VIEWSTATE_END
11:18:00.356 (356253110)|CUMULATIVE_LIMIT_USAGE
11:18:00.356 (356253110)|LIMIT_USAGE_FOR_NS|(default)|
  Number of SOQL queries: 0 out of 100
  Number of query rows: 0 out of 50000
  Number of SOSL queries: 0 out of 20
  Number of DML statements: 0 out of 150
  Number of DML rows: 0 out of 10000
  Maximum CPU time: 0 out of 10000
  Maximum heap size: 0 out of 6000000
  Number of callouts: 0 out of 100
  Number of Email Invocations: 0 out of 10
  Number of future calls: 0 out of 50
  Number of queueable jobs added to the queue: 0 out of 50
  Number of Mobile Apex push calls: 0 out of 10

11:18:00.356 (356253110)|CUMULATIVE_LIMIT_USAGE_END

