41.0 APEX_CODE,FINEST;APEX_PROFILING,INFO;CALLOUT,INFO;DB,INFO;SYSTEM,DEBUG;VALIDATION,INFO;VISUALFORCE,INFO;WAVE,INFO;WORKFLOW,INFO
10:40:57.0 (346379)|USER_INFO|[EXTERNAL]|0051I000000ZTgh|ksb994@gmail.com|Pacific Standard Time|GMT-08:00
10:40:57.0 (386107)|EXECUTION_STARTED
10:40:57.0 (390218)|CODE_UNIT_STARTED|[EXTERNAL]|01p1I00000FRKZN|BatchPradeepCode
10:40:57.0 (3628046)|HEAP_ALLOCATE|[EXTERNAL]|Bytes:8
10:40:57.0 (7656518)|HEAP_ALLOCATE|[72]|Bytes:3
10:40:57.0 (7746087)|HEAP_ALLOCATE|[77]|Bytes:152
10:40:57.0 (7763185)|HEAP_ALLOCATE|[342]|Bytes:408
10:40:57.0 (7778039)|HEAP_ALLOCATE|[355]|Bytes:408
10:40:57.0 (7790736)|HEAP_ALLOCATE|[467]|Bytes:48
10:40:57.0 (7817645)|HEAP_ALLOCATE|[139]|Bytes:6
10:40:57.0 (7864637)|HEAP_ALLOCATE|[EXTERNAL]|Bytes:11
10:40:57.0 (7904910)|SYSTEM_METHOD_ENTRY|[15]|BatchableContextImpl.BatchableContextImpl()
10:40:57.0 (7911080)|STATEMENT_EXECUTE|[15]
10:40:57.0 (7920349)|SYSTEM_METHOD_EXIT|[15]|BatchableContextImpl
10:40:57.0 (7928989)|HEAP_ALLOCATE|[EXTERNAL]|Bytes:12
10:40:57.0 (7933466)|HEAP_ALLOCATE|[EXTERNAL]|Bytes:4
10:40:57.0 (7936094)|HEAP_ALLOCATE|[EXTERNAL]|Bytes:4
10:40:57.0 (7941504)|VARIABLE_SCOPE_BEGIN|[31]|this|Database.BatchableContextImpl|true|false
10:40:57.0 (8005309)|VARIABLE_ASSIGNMENT|[31]|this|{}|0x744eec76
10:40:57.0 (8013900)|VARIABLE_SCOPE_BEGIN|[31]|jobId|Id|false|false
10:40:57.0 (8125069)|VARIABLE_ASSIGNMENT|[31]|jobId|"7071I00000UEj2iQAD"
10:40:57.0 (8131096)|VARIABLE_SCOPE_BEGIN|[31]|childJobId|Id|false|false
10:40:57.0 (8150671)|VARIABLE_ASSIGNMENT|[31]|childJobId|"7071I00000UEjA1QAL"
10:40:57.0 (32963634)|HEAP_ALLOCATE|[EXTERNAL]|Bytes:104
10:40:57.196 (196749087)|CUMULATIVE_LIMIT_USAGE
10:40:57.196 (196749087)|LIMIT_USAGE_FOR_NS|(default)|
  Number of SOQL queries: 0 out of 200
  Number of query rows: 0 out of 50000
  Number of SOSL queries: 0 out of 20
  Number of DML statements: 0 out of 150
  Number of DML rows: 0 out of 10000
  Maximum CPU time: 0 out of 60000
  Maximum heap size: 0 out of 12000000
  Number of callouts: 0 out of 0
  Number of Email Invocations: 0 out of 10
  Number of future calls: 0 out of 0
  Number of queueable jobs added to the queue: 0 out of 1
  Number of Mobile Apex push calls: 0 out of 10

10:40:57.196 (196749087)|CUMULATIVE_LIMIT_USAGE_END

10:40:57.0 (196806356)|CODE_UNIT_FINISHED|BatchPradeepCode
10:40:57.0 (197559759)|EXECUTION_FINISHED
