36.0 APEX_CODE,FINEST;APEX_PROFILING,INFO;CALLOUT,INFO;DB,INFO;SYSTEM,DEBUG;VALIDATION,INFO;VISUALFORCE,INFO;WAVE,INFO;WORKFLOW,INFO
00:48:19.0 (737827)|USER_INFO|[EXTERNAL]|0051I000000ZTgh|ksb994@gmail.com|Pacific Standard Time|GMT-08:00
00:48:19.0 (784153)|EXECUTION_STARTED
00:48:19.0 (788389)|CODE_UNIT_STARTED|[EXTERNAL]|01p1I00000FRG0E|HelloWorldTest.updateLead
00:48:19.0 (1627455)|HEAP_ALLOCATE|[72]|Bytes:3
00:48:19.0 (1691049)|HEAP_ALLOCATE|[77]|Bytes:152
00:48:19.0 (1710269)|HEAP_ALLOCATE|[342]|Bytes:408
00:48:19.0 (1728817)|HEAP_ALLOCATE|[355]|Bytes:408
00:48:19.0 (1744933)|HEAP_ALLOCATE|[467]|Bytes:48
00:48:19.0 (1801364)|HEAP_ALLOCATE|[139]|Bytes:6
00:48:19.0 (1817238)|HEAP_ALLOCATE|[EXTERNAL]|Bytes:19
00:48:19.0 (1855681)|METHOD_ENTRY|[2]|01p1I00000FRG0E|HelloWorldTest.HelloWorldTest()
00:48:19.0 (1862277)|STATEMENT_EXECUTE|[2]
00:48:19.0 (1866628)|STATEMENT_EXECUTE|[2]
00:48:19.0 (1881171)|METHOD_EXIT|[2]|HelloWorldTest
00:48:19.0 (1962464)|HEAP_ALLOCATE|[50]|Bytes:5
00:48:19.0 (1986573)|HEAP_ALLOCATE|[56]|Bytes:5
00:48:19.0 (1994583)|HEAP_ALLOCATE|[64]|Bytes:7
00:48:19.0 (2037145)|STATEMENT_EXECUTE|[4]
00:48:19.0 (2038988)|STATEMENT_EXECUTE|[6]
00:48:19.0 (2093615)|HEAP_ALLOCATE|[6]|Bytes:4
00:48:19.0 (2194692)|VARIABLE_SCOPE_BEGIN|[6]|myLead|Lead|true|false
00:48:19.0 (2223832)|VARIABLE_ASSIGNMENT|[6]|myLead|{}|0x212fb61f
00:48:19.0 (2230666)|STATEMENT_EXECUTE|[7]
00:48:19.0 (2233052)|HEAP_ALLOCATE|[7]|Bytes:5
00:48:19.0 (2285732)|VARIABLE_ASSIGNMENT|[7]|this.FirstName|"Hello"|0x212fb61f
00:48:19.0 (2292067)|STATEMENT_EXECUTE|[8]
00:48:19.0 (2294091)|HEAP_ALLOCATE|[8]|Bytes:5
00:48:19.0 (2310734)|VARIABLE_ASSIGNMENT|[8]|this.LastName|"World"|0x212fb61f
00:48:19.0 (2315756)|STATEMENT_EXECUTE|[9]
00:48:19.0 (2317248)|HEAP_ALLOCATE|[9]|Bytes:6
00:48:19.0 (2332720)|VARIABLE_ASSIGNMENT|[9]|this.Company|"Google"|0x212fb61f
00:48:19.0 (2338047)|STATEMENT_EXECUTE|[10]
00:48:19.0 (2339874)|HEAP_ALLOCATE|[10]|Bytes:18
00:48:19.0 (2354338)|VARIABLE_ASSIGNMENT|[10]|this.Status|"Open-Not Contacted"|0x212fb61f
00:48:19.0 (2359786)|STATEMENT_EXECUTE|[12]
00:48:19.0 (2385741)|HEAP_ALLOCATE|[12]|Bytes:8
00:48:19.0 (2393244)|DML_BEGIN|[12]|Op:Insert|Type:Lead|Rows:1
00:48:19.0 (2416835)|HEAP_ALLOCATE|[EXTERNAL]|Bytes:8
00:48:19.0 (23502075)|CODE_UNIT_STARTED|[EXTERNAL]|DuplicateDetector
00:48:19.0 (23519381)|DUPLICATE_DETECTION_BEGIN
00:48:19.0 (39032311)|DUPLICATE_DETECTION_RULE_INVOCATION|DuplicateRuleId:0Bm1I0000028pMi|DuplicateRuleName:Standard Lead Duplicate Rule|DmlType:INSERT
00:48:19.0 (61694596)|DUPLICATE_DETECTION_MATCH_INVOCATION_DETAILS|EntityType:Lead|ActionTaken:Allow_[Alert,Report]|DuplicateRecordIds:
00:48:19.0 (61725424)|DUPLICATE_DETECTION_MATCH_INVOCATION_SUMMARY|EntityType:Lead|NumRecordsToBeSaved:1|NumRecordsToBeSavedWithDuplicates:0|NumDuplicateRecordsFound:0
00:48:19.0 (61740564)|DUPLICATE_DETECTION_MATCH_INVOCATION_DETAILS|EntityType:Lead|ActionTaken:Allow_[Alert,Report]|DuplicateRecordIds:
00:48:19.0 (61747280)|DUPLICATE_DETECTION_MATCH_INVOCATION_SUMMARY|EntityType:Lead|NumRecordsToBeSaved:1|NumRecordsToBeSavedWithDuplicates:0|NumDuplicateRecordsFound:0
00:48:19.0 (61874435)|DUPLICATE_DETECTION_END
00:48:19.0 (61880971)|CODE_UNIT_FINISHED|DuplicateDetector
00:48:19.0 (85901367)|CODE_UNIT_STARTED|[EXTERNAL]|Workflow:Lead
00:48:19.0 (89907663)|WF_RULE_EVAL_BEGIN|Assignment
00:48:19.0 (89919579)|WF_SPOOL_ACTION_BEGIN|Assignment
00:48:19.0 (89926525)|WF_ACTION|.
00:48:19.0 (89931260)|WF_RULE_EVAL_END
00:48:19.0 (89966127)|WF_ACTIONS_END| None
00:48:19.0 (89974191)|CODE_UNIT_FINISHED|Workflow:Lead
00:48:19.0 (90835266)|DML_END|[12]
00:48:19.0 (90862904)|STATEMENT_EXECUTE|[14]
00:48:19.0 (90874999)|HEAP_ALLOCATE|[14]|Bytes:9
00:48:19.0 (90941987)|VARIABLE_ASSIGNMENT|[14]|this.Company|"Microsoft"|0x212fb61f
00:48:19.0 (90949083)|STATEMENT_EXECUTE|[15]
00:48:19.0 (90993668)|HEAP_ALLOCATE|[15]|Bytes:8
00:48:19.0 (91001611)|DML_BEGIN|[15]|Op:Update|Type:Lead|Rows:1
00:48:19.0 (91033390)|HEAP_ALLOCATE|[EXTERNAL]|Bytes:8
00:48:19.0 (118400227)|CODE_UNIT_STARTED|[EXTERNAL]|01q1I000000Bnup|HelloWorld on Lead trigger event BeforeUpdate for [00Q1I000004Mbhw]
00:48:19.0 (118463282)|HEAP_ALLOCATE|[EXTERNAL]|Bytes:8
00:48:19.0 (118491809)|HEAP_ALLOCATE|[EXTERNAL]|Bytes:8
00:48:19.0 (118622556)|HEAP_ALLOCATE|[EXTERNAL]|Bytes:4
00:48:19.0 (118642047)|VARIABLE_SCOPE_BEGIN|[1]|this|HelloWorld|true|false
00:48:19.0 (118727544)|VARIABLE_ASSIGNMENT|[1]|this|{}|0x700d9a30
00:48:19.0 (118826110)|HEAP_ALLOCATE|[EXTERNAL]|Bytes:4
00:48:19.0 (118866465)|VARIABLE_SCOPE_BEGIN|[1]|this|HelloWorld|true|false
00:48:19.0 (118890753)|VARIABLE_ASSIGNMENT|[1]|this|{}|0x700d9a30
00:48:19.0 (118903216)|STATEMENT_EXECUTE|[1]
00:48:19.0 (119213946)|HEAP_ALLOCATE|[3]|Bytes:5
00:48:19.0 (119251418)|HEAP_ALLOCATE|[3]|Bytes:4
00:48:19.0 (119262931)|VARIABLE_SCOPE_BEGIN|[3]|l|Lead|true|false
00:48:19.0 (119722158)|VARIABLE_ASSIGNMENT|[3]|l|{"Status":"Open-Not Contacted","LastModifiedDate":"2017-12-15T08:48:19.000Z","Company":"Microsoft","IsDeleted":false,"DoNotCall":false,"IsConverted":false,"FirstName":"Hello","IsUnreadByOwner":true,"HasOptedOutOfEmail":false,"HasOptedOutOfFax":false,"SystemModstamp":"2017-12-15T08:48:19.000Z","CleanStatus":"Pending","CreatedById":"0051I000000ZTghQAG","CreatedByID":"0051I000000ZTghQAG","OwnerId":"0051I000000ZTghQAG","CreatedDate":"2017-12-15T08:48:19.000Z","Id":"00Q1I000004MbhwUAC","LastName":"World","LastModifiedByID":"0051I000000ZTghQAG","LastModifiedById":"0051I000000ZTghQAG","LastTransferDate":"2017-12-15T08:48:19.000Z"}|0x68d6f34e
00:48:19.0 (119740220)|STATEMENT_EXECUTE|[3]
00:48:19.0 (119742008)|STATEMENT_EXECUTE|[4]
00:48:19.0 (119968759)|VARIABLE_ASSIGNMENT|[4]|this.FirstName|"Hello"|0x68d6f34e
00:48:19.0 (119977237)|STATEMENT_EXECUTE|[5]
00:48:19.0 (120162297)|VARIABLE_ASSIGNMENT|[5]|this.LastName|"World"|0x68d6f34e
00:48:19.0 (120187093)|HEAP_ALLOCATE|[3]|Bytes:5
00:48:19.0 (120201325)|VARIABLE_ASSIGNMENT|[3]|l|null|
00:48:19.120 (120211477)|CUMULATIVE_LIMIT_USAGE
00:48:19.120 (120211477)|LIMIT_USAGE_FOR_NS|(default)|
  Number of SOQL queries: 0 out of 100
  Number of query rows: 0 out of 50000
  Number of SOSL queries: 0 out of 20
  Number of DML statements: 2 out of 150
  Number of DML rows: 2 out of 10000
  Maximum CPU time: 0 out of 10000
  Maximum heap size: 0 out of 6000000
  Number of callouts: 0 out of 100
  Number of Email Invocations: 0 out of 10
  Number of future calls: 0 out of 50
  Number of queueable jobs added to the queue: 0 out of 50
  Number of Mobile Apex push calls: 0 out of 10

00:48:19.120 (120211477)|CUMULATIVE_LIMIT_USAGE_END

00:48:19.0 (121547415)|CODE_UNIT_FINISHED|HelloWorld on Lead trigger event BeforeUpdate for [00Q1I000004Mbhw]
00:48:19.0 (121973262)|CODE_UNIT_STARTED|[EXTERNAL]|DuplicateDetector
00:48:19.0 (121985797)|DUPLICATE_DETECTION_BEGIN
00:48:19.0 (122045242)|DUPLICATE_DETECTION_RULE_INVOCATION|DuplicateRuleId:0Bm1I0000028pMi|DuplicateRuleName:Standard Lead Duplicate Rule|DmlType:UPDATE
00:48:19.0 (122075126)|DUPLICATE_DETECTION_END
00:48:19.0 (122082287)|CODE_UNIT_FINISHED|DuplicateDetector
00:48:19.0 (130370519)|CODE_UNIT_STARTED|[EXTERNAL]|Workflow:Lead
00:48:19.0 (132977809)|WF_RULE_EVAL_BEGIN|Assignment
00:48:19.0 (132989772)|WF_SPOOL_ACTION_BEGIN|Assignment
00:48:19.0 (132996652)|WF_ACTION|.
00:48:19.0 (133001028)|WF_RULE_EVAL_END
00:48:19.0 (133036658)|WF_ACTIONS_END| None
00:48:19.0 (133042947)|CODE_UNIT_FINISHED|Workflow:Lead
00:48:19.0 (133193164)|DML_END|[15]
00:48:19.133 (133215308)|CUMULATIVE_LIMIT_USAGE
00:48:19.133 (133215308)|LIMIT_USAGE_FOR_NS|(default)|
  Number of SOQL queries: 0 out of 100
  Number of query rows: 0 out of 50000
  Number of SOSL queries: 0 out of 20
  Number of DML statements: 2 out of 150
  Number of DML rows: 2 out of 10000
  Maximum CPU time: 0 out of 10000
  Maximum heap size: 0 out of 6000000
  Number of callouts: 0 out of 100
  Number of Email Invocations: 0 out of 10
  Number of future calls: 0 out of 50
  Number of queueable jobs added to the queue: 0 out of 50
  Number of Mobile Apex push calls: 0 out of 10

00:48:19.133 (133215308)|CUMULATIVE_LIMIT_USAGE_END

00:48:19.0 (133236511)|CODE_UNIT_FINISHED|HelloWorldTest.updateLead
00:48:19.0 (133981097)|EXECUTION_FINISHED
00:48:19.249 (249386327)|USER_INFO|[EXTERNAL]|0051I000000ZTgh|ksb994@gmail.com|Pacific Standard Time|GMT-08:00
00:48:19.249 (249410678)|EXECUTION_STARTED
00:48:19.249 (249414315)|CODE_UNIT_STARTED|[EXTERNAL]|DuplicateDetector
00:48:19.249 (249425842)|DUPLICATE_DETECTION_BEGIN
00:48:19.249 (249513223)|DUPLICATE_DETECTION_RULE_INVOCATION|DuplicateRuleId:0Bm1I0000028pMi|DuplicateRuleName:Standard Lead Duplicate Rule|DmlType:UPDATE
00:48:19.249 (256795712)|DUPLICATE_DETECTION_END
00:48:19.249 (256801947)|CODE_UNIT_FINISHED|DuplicateDetector
00:48:19.249 (257474383)|EXECUTION_FINISHED
00:48:19.258 (258228426)|USER_INFO|[EXTERNAL]|0051I000000ZTgh|ksb994@gmail.com|Pacific Standard Time|GMT-08:00
00:48:19.258 (258245675)|EXECUTION_STARTED
00:48:19.258 (258248006)|CODE_UNIT_STARTED|[EXTERNAL]|DuplicateDetector
00:48:19.258 (258254673)|DUPLICATE_DETECTION_BEGIN
00:48:19.258 (258295213)|DUPLICATE_DETECTION_RULE_INVOCATION|DuplicateRuleId:0Bm1I0000028pMi|DuplicateRuleName:Standard Lead Duplicate Rule|DmlType:INSERT
00:48:19.258 (264853798)|DUPLICATE_DETECTION_END
00:48:19.258 (264861158)|CODE_UNIT_FINISHED|DuplicateDetector
00:48:19.258 (265566461)|EXECUTION_FINISHED
