41.0 APEX_CODE,FINEST;APEX_PROFILING,INFO;CALLOUT,INFO;DB,INFO;SYSTEM,DEBUG;VALIDATION,INFO;VISUALFORCE,INFO;WAVE,INFO;WORKFLOW,INFO
19:05:30.0 (60732)|USER_INFO|[EXTERNAL]|0051I000000ZTgh|ksb994@gmail.com|Pacific Standard Time|GMT-08:00
19:05:30.0 (295004)|EXECUTION_STARTED
19:05:30.0 (299712)|CODE_UNIT_STARTED|[EXTERNAL]|0661I0000033mGn|VF: /apex/AccConRelationPage
19:05:30.0 (459219)|VF_DESERIALIZE_VIEWSTATE_BEGIN|0661I0000033mGn
19:05:30.0 (5566999)|HEAP_ALLOCATE|[72]|Bytes:3
19:05:30.0 (5642244)|HEAP_ALLOCATE|[77]|Bytes:152
19:05:30.0 (5660381)|HEAP_ALLOCATE|[342]|Bytes:408
19:05:30.0 (5675052)|HEAP_ALLOCATE|[355]|Bytes:408
19:05:30.0 (5687867)|HEAP_ALLOCATE|[467]|Bytes:48
19:05:30.0 (5749385)|HEAP_ALLOCATE|[139]|Bytes:6
19:05:30.0 (5877942)|HEAP_ALLOCATE|[50]|Bytes:5
19:05:30.0 (5905560)|HEAP_ALLOCATE|[56]|Bytes:5
19:05:30.0 (5914599)|HEAP_ALLOCATE|[64]|Bytes:7
19:05:30.0 (7302888)|VF_DESERIALIZE_VIEWSTATE_END
19:05:30.0 (8721246)|SYSTEM_MODE_ENTER|true
19:05:30.0 (8844162)|HEAP_ALLOCATE|[EXTERNAL]|Bytes:172
19:05:30.0 (8866764)|HEAP_ALLOCATE|[EXTERNAL]|Bytes:24
19:05:30.0 (8889892)|METHOD_ENTRY|[1]|01p1I00000BDF6c|AccConRelationClass.AccConRelationClass()
19:05:30.0 (8896438)|STATEMENT_EXECUTE|[1]
19:05:30.0 (8902892)|STATEMENT_EXECUTE|[1]
19:05:30.0 (8915077)|METHOD_EXIT|[1]|AccConRelationClass
19:05:30.0 (9914838)|SYSTEM_MODE_ENTER|true
19:05:30.0 (10520067)|SYSTEM_MODE_ENTER|true
19:05:30.0 (10553656)|HEAP_ALLOCATE|[EXTERNAL]|Bytes:24
19:05:30.0 (10581873)|VARIABLE_ASSIGNMENT|[EXTERNAL]|this.var|""|0x5762ae65
19:05:30.0 (11385524)|HEAP_ALLOCATE|[EXTERNAL]|Bytes:24
19:05:30.0 (11405672)|VARIABLE_SCOPE_BEGIN|[30]|this|AccConRelationClass|true|false
19:05:30.0 (11444663)|VARIABLE_ASSIGNMENT|[30]|this|{"conList":"0x6dafb22f","show":false,"var":""}|0x5762ae65
19:05:30.0 (11458627)|STATEMENT_EXECUTE|[30]
19:05:30.0 (11460609)|STATEMENT_EXECUTE|[31]
19:05:30.0 (11579234)|HEAP_ALLOCATE|[31]|Bytes:419
19:05:30.0 (11655967)|HEAP_ALLOCATE|[31]|Bytes:391
19:05:30.0 (11683853)|HEAP_ALLOCATE|[31]|Bytes:2
19:05:30.0 (11728697)|HEAP_ALLOCATE|[31]|Bytes:4
19:05:30.0 (11736091)|VARIABLE_SCOPE_BEGIN|[31]|conId|Id|false|false
19:05:30.0 (11841503)|VARIABLE_ASSIGNMENT|[31]|conId|"0031I00000827cdQAA"
19:05:30.0 (11849089)|STATEMENT_EXECUTE|[32]
19:05:30.0 (11852573)|HEAP_ALLOCATE|[32]|Bytes:55
19:05:30.0 (11868638)|HEAP_ALLOCATE|[32]|Bytes:4
19:05:30.0 (11880977)|HEAP_ALLOCATE|[32]|Bytes:7
19:05:30.0 (12318076)|SOQL_EXECUTE_BEGIN|[32]|Aggregations:0|SELECT LastName, phone FROM Contact WHERE Id = :tmpVar1
19:05:30.0 (14609802)|SOQL_EXECUTE_END|[32]|Rows:1
19:05:30.0 (14628687)|HEAP_ALLOCATE|[32]|Bytes:8
19:05:30.0 (14649997)|HEAP_ALLOCATE|[32]|Bytes:70
19:05:30.0 (14688669)|HEAP_ALLOCATE|[32]|Bytes:8
19:05:30.0 (14700380)|HEAP_ALLOCATE|[32]|Bytes:33
19:05:30.0 (14749952)|HEAP_ALLOCATE|[32]|Bytes:12
19:05:30.0 (14795545)|VARIABLE_ASSIGNMENT|[EXTERNAL]|this|{"conList":"0x6dafb22f","show":false,"var":""}|0x5762ae65
19:05:30.0 (14814994)|VARIABLE_ASSIGNMENT|[EXTERNAL]|value|{"LastName":"Mr/Miss. Birthday Em (9 more) ...","Id":"0031I00000827cdQAA"}|0x4328aab5
19:05:30.0 (14828867)|VARIABLE_ASSIGNMENT|[5]|this.con1|{"LastName":"Mr/Miss. Birthday Em (9 more) ...","Id":"0031I00000827cdQAA"}|0x5762ae65
19:05:30.0 (16834424)|SYSTEM_MODE_ENTER|true
19:05:30.0 (27862477)|SYSTEM_MODE_ENTER|true
19:05:30.0 (60847706)|SYSTEM_MODE_ENTER|true
19:05:30.0 (61947923)|VF_SERIALIZE_VIEWSTATE_BEGIN|0661I0000033mGn
19:05:30.0 (64468526)|VF_SERIALIZE_VIEWSTATE_END
19:05:30.66 (66722228)|CUMULATIVE_LIMIT_USAGE
19:05:30.66 (66722228)|LIMIT_USAGE_FOR_NS|(default)|
  Number of SOQL queries: 1 out of 100
  Number of query rows: 1 out of 50000
  Number of SOSL queries: 0 out of 20
  Number of DML statements: 0 out of 150
  Number of DML rows: 0 out of 10000
  Maximum CPU time: 0 out of 10000
  Maximum heap size: 0 out of 6000000
  Number of callouts: 0 out of 100
  Number of Email Invocations: 0 out of 10
  Number of future calls: 0 out of 50
  Number of queueable jobs added to the queue: 0 out of 50
  Number of Mobile Apex push calls: 0 out of 10

19:05:30.66 (66722228)|CUMULATIVE_LIMIT_USAGE_END

19:05:30.0 (66756355)|CODE_UNIT_FINISHED|VF: /apex/AccConRelationPage
19:05:30.0 (67490308)|EXECUTION_FINISHED
