41.0 APEX_CODE,FINEST;APEX_PROFILING,INFO;CALLOUT,INFO;DB,INFO;SYSTEM,DEBUG;VALIDATION,INFO;VISUALFORCE,INFO;WAVE,INFO;WORKFLOW,INFO
19:01:09.0 (320626)|USER_INFO|[EXTERNAL]|0051I000000ZTgh|ksb994@gmail.com|Pacific Standard Time|GMT-08:00
19:01:09.0 (353189)|EXECUTION_STARTED
19:01:09.0 (358864)|CODE_UNIT_STARTED|[EXTERNAL]|0661I0000033mGn|VF: /apex/AccConRelationPage
19:01:09.0 (2975069)|SYSTEM_MODE_ENTER|true
19:01:09.0 (3374900)|HEAP_ALLOCATE|[72]|Bytes:3
19:01:09.0 (3434355)|HEAP_ALLOCATE|[77]|Bytes:152
19:01:09.0 (3466731)|HEAP_ALLOCATE|[342]|Bytes:408
19:01:09.0 (3500406)|HEAP_ALLOCATE|[355]|Bytes:408
19:01:09.0 (3532353)|HEAP_ALLOCATE|[467]|Bytes:48
19:01:09.0 (3571373)|HEAP_ALLOCATE|[139]|Bytes:6
19:01:09.0 (3595203)|HEAP_ALLOCATE|[EXTERNAL]|Bytes:172
19:01:09.0 (3600968)|HEAP_ALLOCATE|[EXTERNAL]|Bytes:24
19:01:09.0 (3618207)|METHOD_ENTRY|[1]|01p1I00000BDF6c|AccConRelationClass.AccConRelationClass()
19:01:09.0 (3625379)|STATEMENT_EXECUTE|[1]
19:01:09.0 (3630124)|STATEMENT_EXECUTE|[1]
19:01:09.0 (3635617)|METHOD_EXIT|[1]|AccConRelationClass
19:01:09.0 (3662210)|HEAP_ALLOCATE|[EXTERNAL]|Bytes:24
19:01:09.0 (3715759)|VARIABLE_SCOPE_BEGIN|[7]|this|AccConRelationClass|true|false
19:01:09.0 (3767030)|VARIABLE_ASSIGNMENT|[7]|this|{}|0x2fd9498
19:01:09.0 (3779701)|STATEMENT_EXECUTE|[1]
19:01:09.0 (3781346)|STATEMENT_EXECUTE|[2]
19:01:09.0 (3782675)|STATEMENT_EXECUTE|[3]
19:01:09.0 (3783814)|STATEMENT_EXECUTE|[4]
19:01:09.0 (3784962)|STATEMENT_EXECUTE|[5]
19:01:09.0 (3786106)|STATEMENT_EXECUTE|[20]
19:01:09.0 (3793848)|HEAP_ALLOCATE|[8]|Bytes:6
19:01:09.0 (3855584)|STATEMENT_EXECUTE|[7]
19:01:09.0 (3857294)|STATEMENT_EXECUTE|[8]
19:01:09.0 (3859897)|HEAP_ALLOCATE|[8]|Bytes:57
19:01:09.0 (3884619)|HEAP_ALLOCATE|[8]|Bytes:4
19:01:09.0 (3922430)|HEAP_ALLOCATE|[50]|Bytes:5
19:01:09.0 (3938748)|HEAP_ALLOCATE|[56]|Bytes:5
19:01:09.0 (3945955)|HEAP_ALLOCATE|[64]|Bytes:7
19:01:09.0 (4176280)|SOQL_EXECUTE_BEGIN|[8]|Aggregations:0|SELECT LastName, Account.name, Account.phone FROM contact
19:01:09.0 (11219634)|SOQL_EXECUTE_END|[8]|Rows:32
19:01:09.0 (11240353)|HEAP_ALLOCATE|[8]|Bytes:132
19:01:09.0 (11316646)|HEAP_ALLOCATE|[8]|Bytes:3848
19:01:09.0 (11364993)|HEAP_ALLOCATE|[8]|Bytes:132
19:01:09.0 (11465150)|VARIABLE_ASSIGNMENT|[EXTERNAL]|this|{}|0x2fd9498
19:01:09.0 (11489151)|VARIABLE_ASSIGNMENT|[EXTERNAL]|value|"List of size 32 too large to display"|0x57a4c1c5
19:01:09.0 (11505210)|VARIABLE_ASSIGNMENT|[2]|this.conList|"List of size 32 too large to display"|0x2fd9498
19:01:09.0 (11533531)|STATEMENT_EXECUTE|[9]
19:01:09.0 (11596514)|VARIABLE_ASSIGNMENT|[EXTERNAL]|this|{"conList":"0x57a4c1c5"}|0x2fd9498
19:01:09.0 (11619100)|VARIABLE_ASSIGNMENT|[EXTERNAL]|value|false
19:01:09.0 (11625891)|HEAP_ALLOCATE|[4]|Bytes:5
19:01:09.0 (11633950)|VARIABLE_ASSIGNMENT|[4]|this.show|false|0x2fd9498
19:01:09.0 (12171546)|SYSTEM_MODE_ENTER|true
19:01:09.0 (12272861)|SYSTEM_MODE_ENTER|true
19:01:09.0 (12304651)|HEAP_ALLOCATE|[EXTERNAL]|Bytes:24
19:01:09.0 (12357876)|VARIABLE_ASSIGNMENT|[EXTERNAL]|this|{"conList":"0x57a4c1c5","show":false}|0x2fd9498
19:01:09.0 (12367767)|STATEMENT_EXECUTE|[22]
19:01:09.0 (12369357)|STATEMENT_EXECUTE|[23]
19:01:09.0 (12372965)|HEAP_ALLOCATE|[23]|Bytes:57
19:01:09.0 (12388437)|HEAP_ALLOCATE|[23]|Bytes:4
19:01:09.0 (12557923)|SOQL_EXECUTE_BEGIN|[23]|Aggregations:1|SELECT name, (SELECT id, name FROM Contacts) FROM Account
19:01:09.0 (18379348)|SOQL_EXECUTE_END|[23]|Rows:25
19:01:09.0 (18426650)|HEAP_ALLOCATE|[23]|Bytes:104
19:01:09.0 (18509143)|HEAP_ALLOCATE|[23]|Bytes:3968
19:01:09.0 (18554759)|HEAP_ALLOCATE|[23]|Bytes:104
19:01:09.0 (44539751)|SYSTEM_MODE_ENTER|true
19:01:09.0 (92690087)|VF_SERIALIZE_VIEWSTATE_BEGIN|0661I0000033mGn
19:01:09.0 (103967439)|VF_SERIALIZE_VIEWSTATE_END
19:01:09.116 (116103704)|CUMULATIVE_LIMIT_USAGE
19:01:09.116 (116103704)|LIMIT_USAGE_FOR_NS|(default)|
  Number of SOQL queries: 2 out of 100
  Number of query rows: 86 out of 50000
  Number of SOSL queries: 0 out of 20
  Number of DML statements: 0 out of 150
  Number of DML rows: 0 out of 10000
  Maximum CPU time: 0 out of 10000
  Maximum heap size: 0 out of 6000000
  Number of callouts: 0 out of 100
  Number of Email Invocations: 0 out of 10
  Number of future calls: 0 out of 50
  Number of queueable jobs added to the queue: 0 out of 50
  Number of Mobile Apex push calls: 0 out of 10

19:01:09.116 (116103704)|CUMULATIVE_LIMIT_USAGE_END

19:01:09.0 (116146443)|CODE_UNIT_FINISHED|VF: /apex/AccConRelationPage
19:01:09.0 (117106561)|EXECUTION_FINISHED
