41.0 APEX_CODE,FINEST;APEX_PROFILING,INFO;CALLOUT,INFO;DB,INFO;SYSTEM,DEBUG;VALIDATION,INFO;VISUALFORCE,INFO;WAVE,INFO;WORKFLOW,INFO
19:03:53.0 (294611)|USER_INFO|[EXTERNAL]|0051I000000ZTgh|ksb994@gmail.com|Pacific Standard Time|GMT-08:00
19:03:53.0 (328202)|EXECUTION_STARTED
19:03:53.0 (332511)|CODE_UNIT_STARTED|[EXTERNAL]|0661I0000033mGn|VF: /apex/AccConRelationPage
19:03:53.0 (875100)|VF_DESERIALIZE_VIEWSTATE_BEGIN|0661I0000033mGn
19:03:53.0 (5887317)|HEAP_ALLOCATE|[72]|Bytes:3
19:03:53.0 (5932555)|HEAP_ALLOCATE|[77]|Bytes:152
19:03:53.0 (5948252)|HEAP_ALLOCATE|[342]|Bytes:408
19:03:53.0 (5963336)|HEAP_ALLOCATE|[355]|Bytes:408
19:03:53.0 (5977419)|HEAP_ALLOCATE|[467]|Bytes:48
19:03:53.0 (6003547)|HEAP_ALLOCATE|[139]|Bytes:6
19:03:53.0 (7298563)|HEAP_ALLOCATE|[50]|Bytes:5
19:03:53.0 (7329487)|HEAP_ALLOCATE|[56]|Bytes:5
19:03:53.0 (7339450)|HEAP_ALLOCATE|[64]|Bytes:7
19:03:53.0 (9718557)|VF_DESERIALIZE_VIEWSTATE_END
19:03:53.0 (11321150)|SYSTEM_MODE_ENTER|true
19:03:53.0 (11358022)|HEAP_ALLOCATE|[EXTERNAL]|Bytes:172
19:03:53.0 (11366929)|HEAP_ALLOCATE|[EXTERNAL]|Bytes:24
19:03:53.0 (11382239)|METHOD_ENTRY|[1]|01p1I00000BDF6c|AccConRelationClass.AccConRelationClass()
19:03:53.0 (11388288)|STATEMENT_EXECUTE|[1]
19:03:53.0 (11394231)|STATEMENT_EXECUTE|[1]
19:03:53.0 (11399823)|METHOD_EXIT|[1]|AccConRelationClass
19:03:53.0 (11621574)|SYSTEM_MODE_ENTER|true
19:03:53.0 (12766699)|SYSTEM_MODE_ENTER|true
19:03:53.0 (12981809)|HEAP_ALLOCATE|[EXTERNAL]|Bytes:24
19:03:53.0 (13051132)|VARIABLE_ASSIGNMENT|[EXTERNAL]|this|{"conList":"0x1c17d3ff","show":true,"var":""}|0x273d8377
19:03:53.0 (13064196)|STATEMENT_EXECUTE|[22]
19:03:53.0 (13066082)|STATEMENT_EXECUTE|[23]
19:03:53.0 (13069337)|HEAP_ALLOCATE|[23]|Bytes:57
19:03:53.0 (13091774)|HEAP_ALLOCATE|[23]|Bytes:4
19:03:53.0 (15259954)|SOQL_EXECUTE_BEGIN|[23]|Aggregations:1|SELECT name, (SELECT id, name FROM Contacts) FROM Account
19:03:53.0 (19722733)|SOQL_EXECUTE_END|[23]|Rows:25
19:03:53.0 (19770778)|HEAP_ALLOCATE|[23]|Bytes:104
19:03:53.0 (19849665)|HEAP_ALLOCATE|[23]|Bytes:3968
19:03:53.0 (19893066)|HEAP_ALLOCATE|[23]|Bytes:104
19:03:53.0 (29550779)|SYSTEM_MODE_ENTER|true
19:03:53.0 (37172542)|SYSTEM_MODE_ENTER|true
19:03:53.0 (37342180)|HEAP_ALLOCATE|[EXTERNAL]|Bytes:24
19:03:53.0 (37369173)|VARIABLE_ASSIGNMENT|[EXTERNAL]|this.var|""|0x273d8377
19:03:53.0 (37442064)|SYSTEM_MODE_ENTER|true
19:03:53.0 (60213208)|HEAP_ALLOCATE|[EXTERNAL]|Bytes:24
19:03:53.0 (60225114)|VARIABLE_SCOPE_BEGIN|[30]|this|AccConRelationClass|true|false
19:03:53.0 (60254075)|VARIABLE_ASSIGNMENT|[30]|this|{"conList":"0x1c17d3ff","show":true,"var":""}|0x273d8377
19:03:53.0 (60267292)|STATEMENT_EXECUTE|[30]
19:03:53.0 (60269298)|STATEMENT_EXECUTE|[31]
19:03:53.0 (60347391)|HEAP_ALLOCATE|[31]|Bytes:403
19:03:53.0 (60397379)|HEAP_ALLOCATE|[31]|Bytes:375
19:03:53.0 (60419777)|HEAP_ALLOCATE|[31]|Bytes:2
19:03:53.0 (60456631)|HEAP_ALLOCATE|[31]|Bytes:4
19:03:53.0 (60463838)|VARIABLE_SCOPE_BEGIN|[31]|conId|Id|false|false
19:03:53.0 (60589410)|VARIABLE_ASSIGNMENT|[31]|conId|"0031I0000081h9LQAQ"
19:03:53.0 (60596264)|STATEMENT_EXECUTE|[32]
19:03:53.0 (60599651)|HEAP_ALLOCATE|[32]|Bytes:55
19:03:53.0 (60612634)|HEAP_ALLOCATE|[32]|Bytes:4
19:03:53.0 (60619851)|HEAP_ALLOCATE|[32]|Bytes:7
19:03:53.0 (60783702)|SOQL_EXECUTE_BEGIN|[32]|Aggregations:0|SELECT LastName, phone FROM Contact WHERE Id = :tmpVar1
19:03:53.0 (66329211)|SOQL_EXECUTE_END|[32]|Rows:1
19:03:53.0 (66347014)|HEAP_ALLOCATE|[32]|Bytes:8
19:03:53.0 (66361373)|HEAP_ALLOCATE|[32]|Bytes:56
19:03:53.0 (66390659)|HEAP_ALLOCATE|[32]|Bytes:8
19:03:53.0 (66402052)|HEAP_ALLOCATE|[32]|Bytes:33
19:03:53.0 (66447616)|HEAP_ALLOCATE|[32]|Bytes:12
19:03:53.0 (66510532)|VARIABLE_ASSIGNMENT|[EXTERNAL]|this|{"conList":"0x1c17d3ff","show":true,"var":""}|0x273d8377
19:03:53.0 (66532343)|VARIABLE_ASSIGNMENT|[EXTERNAL]|value|{"LastName":"Mr/Miss. Ravi 1","Id":"0031I0000081h9LQAQ"}|0x5a397a40
19:03:53.0 (66550153)|VARIABLE_ASSIGNMENT|[5]|this.con1|{"LastName":"Mr/Miss. Ravi 1","Id":"0031I0000081h9LQAQ"}|0x273d8377
19:03:53.0 (69188621)|SYSTEM_MODE_ENTER|true
19:03:53.0 (69263588)|SYSTEM_MODE_ENTER|true
19:03:53.0 (70883466)|SYSTEM_MODE_ENTER|true
19:03:53.0 (70911430)|HEAP_ALLOCATE|[EXTERNAL]|Bytes:24
19:03:53.0 (70940536)|VARIABLE_ASSIGNMENT|[EXTERNAL]|this|{"con1":"0x5a397a40","conList":"0x1c17d3ff","show":true,"var":""}|0x273d8377
19:03:53.0 (70950963)|STATEMENT_EXECUTE|[22]
19:03:53.0 (70952879)|STATEMENT_EXECUTE|[23]
19:03:53.0 (70963303)|HEAP_ALLOCATE|[23]|Bytes:4
19:03:53.0 (71104898)|SOQL_EXECUTE_BEGIN|[23]|Aggregations:1|SELECT name, (SELECT id, name FROM Contacts) FROM Account
19:03:53.0 (74644916)|SOQL_EXECUTE_END|[23]|Rows:25
19:03:53.0 (74689755)|HEAP_ALLOCATE|[23]|Bytes:104
19:03:53.0 (74759523)|HEAP_ALLOCATE|[23]|Bytes:3968
19:03:53.0 (74788031)|HEAP_ALLOCATE|[23]|Bytes:104
19:03:53.0 (98418070)|SYSTEM_MODE_ENTER|true
19:03:53.0 (129477856)|SYSTEM_MODE_ENTER|true
19:03:53.0 (177857925)|VF_SERIALIZE_VIEWSTATE_BEGIN|0661I0000033mGn
19:03:53.0 (181710945)|VF_SERIALIZE_VIEWSTATE_END
19:03:53.193 (193066503)|CUMULATIVE_LIMIT_USAGE
19:03:53.193 (193066503)|LIMIT_USAGE_FOR_NS|(default)|
  Number of SOQL queries: 3 out of 100
  Number of query rows: 109 out of 50000
  Number of SOSL queries: 0 out of 20
  Number of DML statements: 0 out of 150
  Number of DML rows: 0 out of 10000
  Maximum CPU time: 0 out of 10000
  Maximum heap size: 0 out of 6000000
  Number of callouts: 0 out of 100
  Number of Email Invocations: 0 out of 10
  Number of future calls: 0 out of 50
  Number of queueable jobs added to the queue: 0 out of 50
  Number of Mobile Apex push calls: 0 out of 10

19:03:53.193 (193066503)|CUMULATIVE_LIMIT_USAGE_END

19:03:53.0 (193108722)|CODE_UNIT_FINISHED|VF: /apex/AccConRelationPage
19:03:53.0 (193880980)|EXECUTION_FINISHED
