41.0 APEX_CODE,FINEST;APEX_PROFILING,INFO;CALLOUT,INFO;DB,INFO;SYSTEM,DEBUG;VALIDATION,INFO;VISUALFORCE,INFO;WAVE,INFO;WORKFLOW,INFO
19:01:54.0 (344239)|USER_INFO|[EXTERNAL]|0051I000000ZTgh|ksb994@gmail.com|Pacific Standard Time|GMT-08:00
19:01:54.0 (534047)|EXECUTION_STARTED
19:01:54.0 (538500)|CODE_UNIT_STARTED|[EXTERNAL]|0661I0000033mGn|VF: /apex/AccConRelationPage
19:01:54.0 (6932663)|SYSTEM_MODE_ENTER|true
19:01:54.0 (7500805)|HEAP_ALLOCATE|[72]|Bytes:3
19:01:54.0 (7625729)|HEAP_ALLOCATE|[77]|Bytes:152
19:01:54.0 (7652763)|HEAP_ALLOCATE|[342]|Bytes:408
19:01:54.0 (7680385)|HEAP_ALLOCATE|[355]|Bytes:408
19:01:54.0 (7704323)|HEAP_ALLOCATE|[467]|Bytes:48
19:01:54.0 (7791461)|HEAP_ALLOCATE|[139]|Bytes:6
19:01:54.0 (7820645)|HEAP_ALLOCATE|[EXTERNAL]|Bytes:172
19:01:54.0 (7853962)|HEAP_ALLOCATE|[EXTERNAL]|Bytes:24
19:01:54.0 (7888039)|METHOD_ENTRY|[1]|01p1I00000BDF6c|AccConRelationClass.AccConRelationClass()
19:01:54.0 (7898726)|STATEMENT_EXECUTE|[1]
19:01:54.0 (7906803)|STATEMENT_EXECUTE|[1]
19:01:54.0 (7933353)|METHOD_EXIT|[1]|AccConRelationClass
19:01:54.0 (8071087)|HEAP_ALLOCATE|[EXTERNAL]|Bytes:24
19:01:54.0 (8090647)|VARIABLE_SCOPE_BEGIN|[7]|this|AccConRelationClass|true|false
19:01:54.0 (8177505)|VARIABLE_ASSIGNMENT|[7]|this|{}|0x5f45299f
19:01:54.0 (8192563)|STATEMENT_EXECUTE|[1]
19:01:54.0 (8194761)|STATEMENT_EXECUTE|[2]
19:01:54.0 (8196702)|STATEMENT_EXECUTE|[3]
19:01:54.0 (8198240)|STATEMENT_EXECUTE|[4]
19:01:54.0 (8199691)|STATEMENT_EXECUTE|[5]
19:01:54.0 (8201188)|STATEMENT_EXECUTE|[20]
19:01:54.0 (8218245)|HEAP_ALLOCATE|[8]|Bytes:6
19:01:54.0 (8308620)|STATEMENT_EXECUTE|[7]
19:01:54.0 (8311794)|STATEMENT_EXECUTE|[8]
19:01:54.0 (8316724)|HEAP_ALLOCATE|[8]|Bytes:57
19:01:54.0 (8338698)|HEAP_ALLOCATE|[8]|Bytes:4
19:01:54.0 (8362016)|HEAP_ALLOCATE|[50]|Bytes:5
19:01:54.0 (8384401)|HEAP_ALLOCATE|[56]|Bytes:5
19:01:54.0 (8397092)|HEAP_ALLOCATE|[64]|Bytes:7
19:01:54.0 (10754116)|SOQL_EXECUTE_BEGIN|[8]|Aggregations:0|SELECT LastName, Account.name, Account.phone FROM contact
19:01:54.0 (14695475)|SOQL_EXECUTE_END|[8]|Rows:32
19:01:54.0 (14717428)|HEAP_ALLOCATE|[8]|Bytes:132
19:01:54.0 (14792854)|HEAP_ALLOCATE|[8]|Bytes:3848
19:01:54.0 (14827208)|HEAP_ALLOCATE|[8]|Bytes:132
19:01:54.0 (14916792)|VARIABLE_ASSIGNMENT|[EXTERNAL]|this|{}|0x5f45299f
19:01:54.0 (14938486)|VARIABLE_ASSIGNMENT|[EXTERNAL]|value|"List of size 32 too large to display"|0x3610c7c1
19:01:54.0 (14953532)|VARIABLE_ASSIGNMENT|[2]|this.conList|"List of size 32 too large to display"|0x5f45299f
19:01:54.0 (14982570)|STATEMENT_EXECUTE|[9]
19:01:54.0 (15042749)|VARIABLE_ASSIGNMENT|[EXTERNAL]|this|{"conList":"0x3610c7c1"}|0x5f45299f
19:01:54.0 (15061662)|VARIABLE_ASSIGNMENT|[EXTERNAL]|value|false
19:01:54.0 (15070505)|HEAP_ALLOCATE|[4]|Bytes:5
19:01:54.0 (15078331)|VARIABLE_ASSIGNMENT|[4]|this.show|false|0x5f45299f
19:01:54.0 (15668777)|SYSTEM_MODE_ENTER|true
19:01:54.0 (15796147)|SYSTEM_MODE_ENTER|true
19:01:54.0 (15830184)|HEAP_ALLOCATE|[EXTERNAL]|Bytes:24
19:01:54.0 (15857316)|VARIABLE_ASSIGNMENT|[EXTERNAL]|this|{"conList":"0x3610c7c1","show":false}|0x5f45299f
19:01:54.0 (15868041)|STATEMENT_EXECUTE|[22]
19:01:54.0 (15870168)|STATEMENT_EXECUTE|[23]
19:01:54.0 (15873348)|HEAP_ALLOCATE|[23]|Bytes:57
19:01:54.0 (15889745)|HEAP_ALLOCATE|[23]|Bytes:4
19:01:54.0 (16064084)|SOQL_EXECUTE_BEGIN|[23]|Aggregations:1|SELECT name, (SELECT id, name FROM Contacts) FROM Account
19:01:54.0 (19806991)|SOQL_EXECUTE_END|[23]|Rows:25
19:01:54.0 (19857105)|HEAP_ALLOCATE|[23]|Bytes:104
19:01:54.0 (19930088)|HEAP_ALLOCATE|[23]|Bytes:3968
19:01:54.0 (19964089)|HEAP_ALLOCATE|[23]|Bytes:104
19:01:54.0 (45504669)|SYSTEM_MODE_ENTER|true
19:01:54.0 (95948782)|VF_SERIALIZE_VIEWSTATE_BEGIN|0661I0000033mGn
19:01:54.0 (103532436)|VF_SERIALIZE_VIEWSTATE_END
19:01:54.114 (114757954)|CUMULATIVE_LIMIT_USAGE
19:01:54.114 (114757954)|LIMIT_USAGE_FOR_NS|(default)|
  Number of SOQL queries: 2 out of 100
  Number of query rows: 86 out of 50000
  Number of SOSL queries: 0 out of 20
  Number of DML statements: 0 out of 150
  Number of DML rows: 0 out of 10000
  Maximum CPU time: 0 out of 10000
  Maximum heap size: 0 out of 6000000
  Number of callouts: 0 out of 100
  Number of Email Invocations: 0 out of 10
  Number of future calls: 0 out of 50
  Number of queueable jobs added to the queue: 0 out of 50
  Number of Mobile Apex push calls: 0 out of 10

19:01:54.114 (114757954)|CUMULATIVE_LIMIT_USAGE_END

19:01:54.0 (114800802)|CODE_UNIT_FINISHED|VF: /apex/AccConRelationPage
19:01:54.0 (115492523)|EXECUTION_FINISHED
