41.0 APEX_CODE,FINEST;APEX_PROFILING,INFO;CALLOUT,INFO;DB,INFO;SYSTEM,DEBUG;VALIDATION,INFO;VISUALFORCE,INFO;WAVE,INFO;WORKFLOW,INFO
19:07:32.0 (258064)|USER_INFO|[EXTERNAL]|0051I000000ZTgh|ksb994@gmail.com|Pacific Standard Time|GMT-08:00
19:07:32.0 (289934)|EXECUTION_STARTED
19:07:32.0 (293455)|CODE_UNIT_STARTED|[EXTERNAL]|0661I0000033mGn|VF: /apex/AccConRelationPage
19:07:32.0 (841749)|VF_DESERIALIZE_VIEWSTATE_BEGIN|0661I0000033mGn
19:07:32.0 (6354163)|HEAP_ALLOCATE|[72]|Bytes:3
19:07:32.0 (6398204)|HEAP_ALLOCATE|[77]|Bytes:152
19:07:32.0 (6428316)|HEAP_ALLOCATE|[342]|Bytes:408
19:07:32.0 (6447547)|HEAP_ALLOCATE|[355]|Bytes:408
19:07:32.0 (6461524)|HEAP_ALLOCATE|[467]|Bytes:48
19:07:32.0 (6488793)|HEAP_ALLOCATE|[139]|Bytes:6
19:07:32.0 (7111079)|HEAP_ALLOCATE|[50]|Bytes:5
19:07:32.0 (7138123)|HEAP_ALLOCATE|[56]|Bytes:5
19:07:32.0 (7148016)|HEAP_ALLOCATE|[64]|Bytes:7
19:07:32.0 (8672529)|VF_DESERIALIZE_VIEWSTATE_END
19:07:32.0 (10150983)|SYSTEM_MODE_ENTER|true
19:07:32.0 (10188459)|HEAP_ALLOCATE|[EXTERNAL]|Bytes:172
19:07:32.0 (10196815)|HEAP_ALLOCATE|[EXTERNAL]|Bytes:24
19:07:32.0 (10207948)|METHOD_ENTRY|[1]|01p1I00000BDF6c|AccConRelationClass.AccConRelationClass()
19:07:32.0 (10213725)|STATEMENT_EXECUTE|[1]
19:07:32.0 (10219103)|STATEMENT_EXECUTE|[1]
19:07:32.0 (10224190)|METHOD_EXIT|[1]|AccConRelationClass
19:07:32.0 (11256420)|SYSTEM_MODE_ENTER|true
19:07:32.0 (11779771)|SYSTEM_MODE_ENTER|true
19:07:32.0 (11817377)|HEAP_ALLOCATE|[EXTERNAL]|Bytes:24
19:07:32.0 (11857078)|VARIABLE_ASSIGNMENT|[EXTERNAL]|this.var|""|0x4b48e544
19:07:32.0 (12676915)|HEAP_ALLOCATE|[EXTERNAL]|Bytes:24
19:07:32.0 (12695046)|VARIABLE_SCOPE_BEGIN|[30]|this|AccConRelationClass|true|false
19:07:32.0 (12756011)|VARIABLE_ASSIGNMENT|[30]|this|{"con1":"0x55215493","conList":"0x448651f8","show":false,"var":""}|0x4b48e544
19:07:32.0 (12769672)|STATEMENT_EXECUTE|[30]
19:07:32.0 (12771526)|STATEMENT_EXECUTE|[31]
19:07:32.0 (12847502)|HEAP_ALLOCATE|[31]|Bytes:438
19:07:32.0 (12903404)|HEAP_ALLOCATE|[31]|Bytes:410
19:07:32.0 (12929711)|HEAP_ALLOCATE|[31]|Bytes:2
19:07:32.0 (12977324)|HEAP_ALLOCATE|[31]|Bytes:4
19:07:32.0 (12984961)|VARIABLE_SCOPE_BEGIN|[31]|conId|Id|false|false
19:07:32.0 (13108758)|VARIABLE_ASSIGNMENT|[31]|conId|"0031I0000082KA9QAM"
19:07:32.0 (13116453)|STATEMENT_EXECUTE|[32]
19:07:32.0 (13120146)|HEAP_ALLOCATE|[32]|Bytes:55
19:07:32.0 (13136381)|HEAP_ALLOCATE|[32]|Bytes:4
19:07:32.0 (13157868)|HEAP_ALLOCATE|[32]|Bytes:7
19:07:32.0 (14774859)|SOQL_EXECUTE_BEGIN|[32]|Aggregations:0|SELECT LastName, phone FROM Contact WHERE Id = :tmpVar1
19:07:32.0 (16893470)|SOQL_EXECUTE_END|[32]|Rows:1
19:07:32.0 (16912151)|HEAP_ALLOCATE|[32]|Bytes:8
19:07:32.0 (16927343)|HEAP_ALLOCATE|[32]|Bytes:69
19:07:32.0 (16958620)|HEAP_ALLOCATE|[32]|Bytes:8
19:07:32.0 (16971120)|HEAP_ALLOCATE|[32]|Bytes:33
19:07:32.0 (17013611)|HEAP_ALLOCATE|[32]|Bytes:12
19:07:32.0 (17058232)|VARIABLE_ASSIGNMENT|[EXTERNAL]|this|{"con1":"0x55215493","conList":"0x448651f8","show":false,"var":""}|0x4b48e544
19:07:32.0 (17076478)|VARIABLE_ASSIGNMENT|[EXTERNAL]|value|{"LastName":"Mr/Miss. Birthday Em (8 more) ...","Id":"0031I0000082KA9QAM"}|0x5136848d
19:07:32.0 (17091548)|VARIABLE_ASSIGNMENT|[5]|this.con1|{"LastName":"Mr/Miss. Birthday Em (8 more) ...","Id":"0031I0000082KA9QAM"}|0x4b48e544
19:07:32.0 (19414701)|SYSTEM_MODE_ENTER|true
19:07:32.0 (22932755)|SYSTEM_MODE_ENTER|true
19:07:32.0 (23271751)|VF_SERIALIZE_VIEWSTATE_BEGIN|0661I0000033mGn
19:07:32.0 (25587873)|VF_SERIALIZE_VIEWSTATE_END
19:07:32.27 (27662334)|CUMULATIVE_LIMIT_USAGE
19:07:32.27 (27662334)|LIMIT_USAGE_FOR_NS|(default)|
  Number of SOQL queries: 1 out of 100
  Number of query rows: 1 out of 50000
  Number of SOSL queries: 0 out of 20
  Number of DML statements: 0 out of 150
  Number of DML rows: 0 out of 10000
  Maximum CPU time: 0 out of 10000
  Maximum heap size: 0 out of 6000000
  Number of callouts: 0 out of 100
  Number of Email Invocations: 0 out of 10
  Number of future calls: 0 out of 50
  Number of queueable jobs added to the queue: 0 out of 50
  Number of Mobile Apex push calls: 0 out of 10

19:07:32.27 (27662334)|CUMULATIVE_LIMIT_USAGE_END

19:07:32.0 (27697022)|CODE_UNIT_FINISHED|VF: /apex/AccConRelationPage
19:07:32.0 (28408961)|EXECUTION_FINISHED
