41.0 APEX_CODE,FINEST;APEX_PROFILING,INFO;CALLOUT,INFO;DB,INFO;SYSTEM,DEBUG;VALIDATION,INFO;VISUALFORCE,INFO;WAVE,INFO;WORKFLOW,INFO
19:08:55.0 (56435)|USER_INFO|[EXTERNAL]|0051I000000ZTgh|ksb994@gmail.com|Pacific Standard Time|GMT-08:00
19:08:55.0 (90150)|EXECUTION_STARTED
19:08:55.0 (94150)|CODE_UNIT_STARTED|[EXTERNAL]|0661I0000033mGn|VF: /apex/AccConRelationPage
19:08:55.0 (247916)|VF_DESERIALIZE_VIEWSTATE_BEGIN|0661I0000033mGn
19:08:55.0 (6327843)|HEAP_ALLOCATE|[72]|Bytes:3
19:08:55.0 (6375486)|HEAP_ALLOCATE|[77]|Bytes:152
19:08:55.0 (6392731)|HEAP_ALLOCATE|[342]|Bytes:408
19:08:55.0 (6409176)|HEAP_ALLOCATE|[355]|Bytes:408
19:08:55.0 (6428660)|HEAP_ALLOCATE|[467]|Bytes:48
19:08:55.0 (6457974)|HEAP_ALLOCATE|[139]|Bytes:6
19:08:55.0 (6568603)|HEAP_ALLOCATE|[50]|Bytes:5
19:08:55.0 (6596066)|HEAP_ALLOCATE|[56]|Bytes:5
19:08:55.0 (6604431)|HEAP_ALLOCATE|[64]|Bytes:7
19:08:55.0 (8202363)|VF_DESERIALIZE_VIEWSTATE_END
19:08:55.0 (8830729)|SYSTEM_MODE_ENTER|true
19:08:55.0 (8868380)|HEAP_ALLOCATE|[EXTERNAL]|Bytes:172
19:08:55.0 (8876983)|HEAP_ALLOCATE|[EXTERNAL]|Bytes:24
19:08:55.0 (8881474)|HEAP_ALLOCATE|[EXTERNAL]|Bytes:2
19:08:55.0 (8890792)|METHOD_ENTRY|[1]|01p1I00000BDF6c|AccConRelationClass.AccConRelationClass()
19:08:55.0 (8897824)|STATEMENT_EXECUTE|[1]
19:08:55.0 (8903693)|STATEMENT_EXECUTE|[1]
19:08:55.0 (8908905)|METHOD_EXIT|[1]|AccConRelationClass
19:08:55.0 (9747508)|SYSTEM_MODE_ENTER|true
19:08:55.0 (10311528)|SYSTEM_MODE_ENTER|true
19:08:55.0 (10352227)|HEAP_ALLOCATE|[EXTERNAL]|Bytes:24
19:08:55.0 (10379616)|VARIABLE_ASSIGNMENT|[EXTERNAL]|this.var|""|0x20b2f10d
19:08:55.0 (11156245)|HEAP_ALLOCATE|[EXTERNAL]|Bytes:24
19:08:55.0 (11173071)|VARIABLE_SCOPE_BEGIN|[30]|this|AccConRelationClass|true|false
19:08:55.0 (11224085)|VARIABLE_ASSIGNMENT|[30]|this|{"conList":"0x1b7610ec","show":false,"var":""}|0x20b2f10d
19:08:55.0 (11237227)|STATEMENT_EXECUTE|[30]
19:08:55.0 (11239023)|STATEMENT_EXECUTE|[31]
19:08:55.0 (11329545)|HEAP_ALLOCATE|[31]|Bytes:438
19:08:55.0 (11388099)|HEAP_ALLOCATE|[31]|Bytes:410
19:08:55.0 (11419762)|HEAP_ALLOCATE|[31]|Bytes:2
19:08:55.0 (11458923)|HEAP_ALLOCATE|[31]|Bytes:4
19:08:55.0 (11465735)|VARIABLE_SCOPE_BEGIN|[31]|conId|Id|false|false
19:08:55.0 (11582252)|VARIABLE_ASSIGNMENT|[31]|conId|"0031I0000082KA9QAM"
19:08:55.0 (11592141)|STATEMENT_EXECUTE|[32]
19:08:55.0 (11596289)|HEAP_ALLOCATE|[32]|Bytes:55
19:08:55.0 (11614985)|HEAP_ALLOCATE|[32]|Bytes:4
19:08:55.0 (11629142)|HEAP_ALLOCATE|[32]|Bytes:7
19:08:55.0 (12096663)|SOQL_EXECUTE_BEGIN|[32]|Aggregations:0|SELECT LastName, phone FROM Contact WHERE Id = :tmpVar1
19:08:55.0 (14501374)|SOQL_EXECUTE_END|[32]|Rows:1
19:08:55.0 (14521943)|HEAP_ALLOCATE|[32]|Bytes:8
19:08:55.0 (14540288)|HEAP_ALLOCATE|[32]|Bytes:69
19:08:55.0 (14575037)|HEAP_ALLOCATE|[32]|Bytes:8
19:08:55.0 (14587039)|HEAP_ALLOCATE|[32]|Bytes:33
19:08:55.0 (14632377)|HEAP_ALLOCATE|[32]|Bytes:12
19:08:55.0 (14695805)|VARIABLE_ASSIGNMENT|[EXTERNAL]|this|{"conList":"0x1b7610ec","show":false,"var":""}|0x20b2f10d
19:08:55.0 (14715523)|VARIABLE_ASSIGNMENT|[EXTERNAL]|value|{"LastName":"Mr/Miss. Birthday Em (8 more) ...","Id":"0031I0000082KA9QAM"}|0x1786738f
19:08:55.0 (14732111)|VARIABLE_ASSIGNMENT|[5]|this.con1|{"LastName":"Mr/Miss. Birthday Em (8 more) ...","Id":"0031I0000082KA9QAM"}|0x20b2f10d
19:08:55.0 (14742331)|STATEMENT_EXECUTE|[33]
19:08:55.0 (14745713)|HEAP_ALLOCATE|[33]|Bytes:9
19:08:55.0 (14781667)|VARIABLE_ASSIGNMENT|[EXTERNAL]|this|{"con1":"0x1786738f","conList":"0x1b7610ec","show":false,"var":""}|0x20b2f10d
19:08:55.0 (14845772)|HEAP_ALLOCATE|[33]|Bytes:70
19:08:55.0 (14858368)|HEAP_ALLOCATE|[33]|Bytes:2
19:08:55.0 (14868245)|HEAP_ALLOCATE|[33]|Bytes:18
19:08:55.0 (14882681)|HEAP_ALLOCATE|[33]|Bytes:99
19:08:55.0 (14897763)|USER_DEBUG|[33]|DEBUG|slkdjflsdContact:{LastName=Mr/Miss. Birthday Email Test, Id=0031I0000082KA9QAM}, 0031I0000082KA9QAM
19:08:55.0 (17186970)|SYSTEM_MODE_ENTER|true
19:08:55.0 (19651865)|SYSTEM_MODE_ENTER|true
19:08:55.0 (20536801)|VF_SERIALIZE_VIEWSTATE_BEGIN|0661I0000033mGn
19:08:55.0 (22774748)|VF_SERIALIZE_VIEWSTATE_END
19:08:55.24 (24779706)|CUMULATIVE_LIMIT_USAGE
19:08:55.24 (24779706)|LIMIT_USAGE_FOR_NS|(default)|
  Number of SOQL queries: 1 out of 100
  Number of query rows: 1 out of 50000
  Number of SOSL queries: 0 out of 20
  Number of DML statements: 0 out of 150
  Number of DML rows: 0 out of 10000
  Maximum CPU time: 0 out of 10000
  Maximum heap size: 0 out of 6000000
  Number of callouts: 0 out of 100
  Number of Email Invocations: 0 out of 10
  Number of future calls: 0 out of 50
  Number of queueable jobs added to the queue: 0 out of 50
  Number of Mobile Apex push calls: 0 out of 10

19:08:55.24 (24779706)|CUMULATIVE_LIMIT_USAGE_END

19:08:55.0 (24814029)|CODE_UNIT_FINISHED|VF: /apex/AccConRelationPage
19:08:55.0 (25504407)|EXECUTION_FINISHED
