41.0 APEX_CODE,FINEST;APEX_PROFILING,INFO;CALLOUT,INFO;DB,INFO;SYSTEM,DEBUG;VALIDATION,INFO;VISUALFORCE,INFO;WAVE,INFO;WORKFLOW,INFO
19:08:59.0 (361347)|USER_INFO|[EXTERNAL]|0051I000000ZTgh|ksb994@gmail.com|Pacific Standard Time|GMT-08:00
19:08:59.0 (425614)|EXECUTION_STARTED
19:08:59.0 (435543)|CODE_UNIT_STARTED|[EXTERNAL]|0661I0000033mGn|VF: /apex/AccConRelationPage
19:08:59.0 (1063801)|VF_DESERIALIZE_VIEWSTATE_BEGIN|0661I0000033mGn
19:08:59.0 (16025349)|HEAP_ALLOCATE|[72]|Bytes:3
19:08:59.0 (16103356)|HEAP_ALLOCATE|[77]|Bytes:152
19:08:59.0 (16119287)|HEAP_ALLOCATE|[342]|Bytes:408
19:08:59.0 (16134353)|HEAP_ALLOCATE|[355]|Bytes:408
19:08:59.0 (16148054)|HEAP_ALLOCATE|[467]|Bytes:48
19:08:59.0 (16211523)|HEAP_ALLOCATE|[139]|Bytes:6
19:08:59.0 (17032217)|HEAP_ALLOCATE|[50]|Bytes:5
19:08:59.0 (17066728)|HEAP_ALLOCATE|[56]|Bytes:5
19:08:59.0 (17079968)|HEAP_ALLOCATE|[64]|Bytes:7
19:08:59.0 (18827645)|VF_DESERIALIZE_VIEWSTATE_END
19:08:59.0 (20489971)|SYSTEM_MODE_ENTER|true
19:08:59.0 (20653410)|HEAP_ALLOCATE|[EXTERNAL]|Bytes:172
19:08:59.0 (20678150)|HEAP_ALLOCATE|[EXTERNAL]|Bytes:24
19:08:59.0 (20684171)|HEAP_ALLOCATE|[EXTERNAL]|Bytes:2
19:08:59.0 (20706932)|METHOD_ENTRY|[1]|01p1I00000BDF6c|AccConRelationClass.AccConRelationClass()
19:08:59.0 (20713669)|STATEMENT_EXECUTE|[1]
19:08:59.0 (20720967)|STATEMENT_EXECUTE|[1]
19:08:59.0 (20735786)|METHOD_EXIT|[1]|AccConRelationClass
19:08:59.0 (21745844)|SYSTEM_MODE_ENTER|true
19:08:59.0 (22264897)|SYSTEM_MODE_ENTER|true
19:08:59.0 (22304487)|HEAP_ALLOCATE|[EXTERNAL]|Bytes:24
19:08:59.0 (22343697)|VARIABLE_ASSIGNMENT|[EXTERNAL]|this.var|""|0x6e027e41
19:08:59.0 (23144754)|HEAP_ALLOCATE|[EXTERNAL]|Bytes:24
19:08:59.0 (23159404)|VARIABLE_SCOPE_BEGIN|[30]|this|AccConRelationClass|true|false
19:08:59.0 (23310609)|VARIABLE_ASSIGNMENT|[30]|this|{"con1":"0x899fdbf","conList":"0x3a7f7041","show":false,"var":""}|0x6e027e41
19:08:59.0 (23328367)|STATEMENT_EXECUTE|[30]
19:08:59.0 (23330712)|STATEMENT_EXECUTE|[31]
19:08:59.0 (23440415)|HEAP_ALLOCATE|[31]|Bytes:438
19:08:59.0 (23518297)|HEAP_ALLOCATE|[31]|Bytes:410
19:08:59.0 (23565826)|HEAP_ALLOCATE|[31]|Bytes:2
19:08:59.0 (23610661)|HEAP_ALLOCATE|[31]|Bytes:4
19:08:59.0 (23617169)|VARIABLE_SCOPE_BEGIN|[31]|conId|Id|false|false
19:08:59.0 (23763817)|VARIABLE_ASSIGNMENT|[31]|conId|"0031I0000082KA9QAM"
19:08:59.0 (23771785)|STATEMENT_EXECUTE|[32]
19:08:59.0 (23776161)|HEAP_ALLOCATE|[32]|Bytes:55
19:08:59.0 (23795789)|HEAP_ALLOCATE|[32]|Bytes:4
19:08:59.0 (23808012)|HEAP_ALLOCATE|[32]|Bytes:7
19:08:59.0 (24909657)|SOQL_EXECUTE_BEGIN|[32]|Aggregations:0|SELECT LastName, phone FROM Contact WHERE Id = :tmpVar1
19:08:59.0 (27365946)|SOQL_EXECUTE_END|[32]|Rows:1
19:08:59.0 (27384406)|HEAP_ALLOCATE|[32]|Bytes:8
19:08:59.0 (27401359)|HEAP_ALLOCATE|[32]|Bytes:69
19:08:59.0 (27441585)|HEAP_ALLOCATE|[32]|Bytes:8
19:08:59.0 (27455011)|HEAP_ALLOCATE|[32]|Bytes:33
19:08:59.0 (27510672)|HEAP_ALLOCATE|[32]|Bytes:12
19:08:59.0 (27565309)|VARIABLE_ASSIGNMENT|[EXTERNAL]|this|{"con1":"0x899fdbf","conList":"0x3a7f7041","show":false,"var":""}|0x6e027e41
19:08:59.0 (27583323)|VARIABLE_ASSIGNMENT|[EXTERNAL]|value|{"LastName":"Mr/Miss. Birthday Em (8 more) ...","Id":"0031I0000082KA9QAM"}|0x709aa469
19:08:59.0 (27601169)|VARIABLE_ASSIGNMENT|[5]|this.con1|{"LastName":"Mr/Miss. Birthday Em (8 more) ...","Id":"0031I0000082KA9QAM"}|0x6e027e41
19:08:59.0 (27617425)|STATEMENT_EXECUTE|[33]
19:08:59.0 (27621345)|HEAP_ALLOCATE|[33]|Bytes:9
19:08:59.0 (27659885)|VARIABLE_ASSIGNMENT|[EXTERNAL]|this|{"con1":"0x709aa469","conList":"0x3a7f7041","show":false,"var":""}|0x6e027e41
19:08:59.0 (27723537)|HEAP_ALLOCATE|[33]|Bytes:70
19:08:59.0 (27736359)|HEAP_ALLOCATE|[33]|Bytes:2
19:08:59.0 (27753499)|HEAP_ALLOCATE|[33]|Bytes:18
19:08:59.0 (27769267)|HEAP_ALLOCATE|[33]|Bytes:99
19:08:59.0 (27786198)|USER_DEBUG|[33]|DEBUG|slkdjflsdContact:{LastName=Mr/Miss. Birthday Email Test, Id=0031I0000082KA9QAM}, 0031I0000082KA9QAM
19:08:59.0 (30336769)|SYSTEM_MODE_ENTER|true
19:08:59.0 (34544329)|SYSTEM_MODE_ENTER|true
19:08:59.0 (35463961)|VF_SERIALIZE_VIEWSTATE_BEGIN|0661I0000033mGn
19:08:59.0 (37960424)|VF_SERIALIZE_VIEWSTATE_END
19:08:59.39 (39993256)|CUMULATIVE_LIMIT_USAGE
19:08:59.39 (39993256)|LIMIT_USAGE_FOR_NS|(default)|
  Number of SOQL queries: 1 out of 100
  Number of query rows: 1 out of 50000
  Number of SOSL queries: 0 out of 20
  Number of DML statements: 0 out of 150
  Number of DML rows: 0 out of 10000
  Maximum CPU time: 0 out of 10000
  Maximum heap size: 0 out of 6000000
  Number of callouts: 0 out of 100
  Number of Email Invocations: 0 out of 10
  Number of future calls: 0 out of 50
  Number of queueable jobs added to the queue: 0 out of 50
  Number of Mobile Apex push calls: 0 out of 10

19:08:59.39 (39993256)|CUMULATIVE_LIMIT_USAGE_END

19:08:59.0 (40027599)|CODE_UNIT_FINISHED|VF: /apex/AccConRelationPage
19:08:59.0 (40747554)|EXECUTION_FINISHED
