41.0 APEX_CODE,FINEST;APEX_PROFILING,INFO;CALLOUT,INFO;DB,INFO;SYSTEM,DEBUG;VALIDATION,INFO;VISUALFORCE,INFO;WAVE,INFO;WORKFLOW,INFO
19:07:28.0 (291765)|USER_INFO|[EXTERNAL]|0051I000000ZTgh|ksb994@gmail.com|Pacific Standard Time|GMT-08:00
19:07:28.0 (325095)|EXECUTION_STARTED
19:07:28.0 (329051)|CODE_UNIT_STARTED|[EXTERNAL]|0661I0000033mGn|VF: /apex/AccConRelationPage
19:07:28.0 (762115)|VF_DESERIALIZE_VIEWSTATE_BEGIN|0661I0000033mGn
19:07:28.0 (13643024)|HEAP_ALLOCATE|[72]|Bytes:3
19:07:28.0 (13686590)|HEAP_ALLOCATE|[77]|Bytes:152
19:07:28.0 (13703015)|HEAP_ALLOCATE|[342]|Bytes:408
19:07:28.0 (13719246)|HEAP_ALLOCATE|[355]|Bytes:408
19:07:28.0 (13733352)|HEAP_ALLOCATE|[467]|Bytes:48
19:07:28.0 (13763318)|HEAP_ALLOCATE|[139]|Bytes:6
19:07:28.0 (13864850)|HEAP_ALLOCATE|[50]|Bytes:5
19:07:28.0 (13888235)|HEAP_ALLOCATE|[56]|Bytes:5
19:07:28.0 (13896638)|HEAP_ALLOCATE|[64]|Bytes:7
19:07:28.0 (15392541)|VF_DESERIALIZE_VIEWSTATE_END
19:07:28.0 (16872168)|SYSTEM_MODE_ENTER|true
19:07:28.0 (16910365)|HEAP_ALLOCATE|[EXTERNAL]|Bytes:172
19:07:28.0 (16919422)|HEAP_ALLOCATE|[EXTERNAL]|Bytes:24
19:07:28.0 (16931149)|METHOD_ENTRY|[1]|01p1I00000BDF6c|AccConRelationClass.AccConRelationClass()
19:07:28.0 (16938444)|STATEMENT_EXECUTE|[1]
19:07:28.0 (16943910)|STATEMENT_EXECUTE|[1]
19:07:28.0 (16948937)|METHOD_EXIT|[1]|AccConRelationClass
19:07:28.0 (18049213)|SYSTEM_MODE_ENTER|true
19:07:28.0 (18698485)|SYSTEM_MODE_ENTER|true
19:07:28.0 (18732445)|HEAP_ALLOCATE|[EXTERNAL]|Bytes:24
19:07:28.0 (18761217)|VARIABLE_ASSIGNMENT|[EXTERNAL]|this.var|""|0x6784b32d
19:07:28.0 (19627496)|HEAP_ALLOCATE|[EXTERNAL]|Bytes:24
19:07:28.0 (19644519)|VARIABLE_SCOPE_BEGIN|[30]|this|AccConRelationClass|true|false
19:07:28.0 (19698304)|VARIABLE_ASSIGNMENT|[30]|this|{"conList":"0x5fb221a8","show":false,"var":""}|0x6784b32d
19:07:28.0 (19712281)|STATEMENT_EXECUTE|[30]
19:07:28.0 (19714252)|STATEMENT_EXECUTE|[31]
19:07:28.0 (19797403)|HEAP_ALLOCATE|[31]|Bytes:439
19:07:28.0 (19851923)|HEAP_ALLOCATE|[31]|Bytes:411
19:07:28.0 (19874081)|HEAP_ALLOCATE|[31]|Bytes:2
19:07:28.0 (19905131)|HEAP_ALLOCATE|[31]|Bytes:4
19:07:28.0 (19911327)|VARIABLE_SCOPE_BEGIN|[31]|conId|Id|false|false
19:07:28.0 (20030489)|VARIABLE_ASSIGNMENT|[31]|conId|"0031I00000827cdQAA"
19:07:28.0 (20037809)|STATEMENT_EXECUTE|[32]
19:07:28.0 (20041587)|HEAP_ALLOCATE|[32]|Bytes:55
19:07:28.0 (20058632)|HEAP_ALLOCATE|[32]|Bytes:4
19:07:28.0 (20071447)|HEAP_ALLOCATE|[32]|Bytes:7
19:07:28.0 (21534634)|SOQL_EXECUTE_BEGIN|[32]|Aggregations:0|SELECT LastName, phone FROM Contact WHERE Id = :tmpVar1
19:07:28.0 (24182994)|SOQL_EXECUTE_END|[32]|Rows:1
19:07:28.0 (24202997)|HEAP_ALLOCATE|[32]|Bytes:8
19:07:28.0 (24220381)|HEAP_ALLOCATE|[32]|Bytes:70
19:07:28.0 (24249911)|HEAP_ALLOCATE|[32]|Bytes:8
19:07:28.0 (24260800)|HEAP_ALLOCATE|[32]|Bytes:33
19:07:28.0 (24307872)|HEAP_ALLOCATE|[32]|Bytes:12
19:07:28.0 (24355576)|VARIABLE_ASSIGNMENT|[EXTERNAL]|this|{"conList":"0x5fb221a8","show":false,"var":""}|0x6784b32d
19:07:28.0 (24373376)|VARIABLE_ASSIGNMENT|[EXTERNAL]|value|{"LastName":"Mr/Miss. Birthday Em (9 more) ...","Id":"0031I00000827cdQAA"}|0x636eb10e
19:07:28.0 (24388605)|VARIABLE_ASSIGNMENT|[5]|this.con1|{"LastName":"Mr/Miss. Birthday Em (9 more) ...","Id":"0031I00000827cdQAA"}|0x6784b32d
19:07:28.0 (26748901)|SYSTEM_MODE_ENTER|true
19:07:28.0 (30215404)|SYSTEM_MODE_ENTER|true
19:07:28.0 (30555300)|VF_SERIALIZE_VIEWSTATE_BEGIN|0661I0000033mGn
19:07:28.0 (32898581)|VF_SERIALIZE_VIEWSTATE_END
19:07:28.34 (34964680)|CUMULATIVE_LIMIT_USAGE
19:07:28.34 (34964680)|LIMIT_USAGE_FOR_NS|(default)|
  Number of SOQL queries: 1 out of 100
  Number of query rows: 1 out of 50000
  Number of SOSL queries: 0 out of 20
  Number of DML statements: 0 out of 150
  Number of DML rows: 0 out of 10000
  Maximum CPU time: 0 out of 10000
  Maximum heap size: 0 out of 6000000
  Number of callouts: 0 out of 100
  Number of Email Invocations: 0 out of 10
  Number of future calls: 0 out of 50
  Number of queueable jobs added to the queue: 0 out of 50
  Number of Mobile Apex push calls: 0 out of 10

19:07:28.34 (34964680)|CUMULATIVE_LIMIT_USAGE_END

19:07:28.0 (35000232)|CODE_UNIT_FINISHED|VF: /apex/AccConRelationPage
19:07:28.0 (35710280)|EXECUTION_FINISHED
