41.0 APEX_CODE,FINEST;APEX_PROFILING,INFO;CALLOUT,INFO;DB,INFO;SYSTEM,DEBUG;VALIDATION,INFO;VISUALFORCE,INFO;WAVE,INFO;WORKFLOW,INFO
19:07:30.0 (344064)|USER_INFO|[EXTERNAL]|0051I000000ZTgh|ksb994@gmail.com|Pacific Standard Time|GMT-08:00
19:07:30.0 (580114)|EXECUTION_STARTED
19:07:30.0 (586758)|CODE_UNIT_STARTED|[EXTERNAL]|0661I0000033mGn|VF: /apex/AccConRelationPage
19:07:30.0 (1213339)|VF_DESERIALIZE_VIEWSTATE_BEGIN|0661I0000033mGn
19:07:30.0 (43017961)|HEAP_ALLOCATE|[72]|Bytes:3
19:07:30.0 (43092122)|HEAP_ALLOCATE|[77]|Bytes:152
19:07:30.0 (43109046)|HEAP_ALLOCATE|[342]|Bytes:408
19:07:30.0 (43123783)|HEAP_ALLOCATE|[355]|Bytes:408
19:07:30.0 (43136737)|HEAP_ALLOCATE|[467]|Bytes:48
19:07:30.0 (43196607)|HEAP_ALLOCATE|[139]|Bytes:6
19:07:30.0 (43954047)|HEAP_ALLOCATE|[50]|Bytes:5
19:07:30.0 (43995497)|HEAP_ALLOCATE|[56]|Bytes:5
19:07:30.0 (44004904)|HEAP_ALLOCATE|[64]|Bytes:7
19:07:30.0 (45637968)|VF_DESERIALIZE_VIEWSTATE_END
19:07:30.0 (47007618)|SYSTEM_MODE_ENTER|true
19:07:30.0 (64188086)|HEAP_ALLOCATE|[EXTERNAL]|Bytes:172
19:07:30.0 (64220760)|HEAP_ALLOCATE|[EXTERNAL]|Bytes:24
19:07:30.0 (64245724)|METHOD_ENTRY|[1]|01p1I00000BDF6c|AccConRelationClass.AccConRelationClass()
19:07:30.0 (64252954)|STATEMENT_EXECUTE|[1]
19:07:30.0 (64260042)|STATEMENT_EXECUTE|[1]
19:07:30.0 (64274493)|METHOD_EXIT|[1]|AccConRelationClass
19:07:30.0 (65436827)|SYSTEM_MODE_ENTER|true
19:07:30.0 (66028703)|SYSTEM_MODE_ENTER|true
19:07:30.0 (66074079)|HEAP_ALLOCATE|[EXTERNAL]|Bytes:24
19:07:30.0 (66112671)|VARIABLE_ASSIGNMENT|[EXTERNAL]|this.var|""|0x306aa243
19:07:30.0 (67007220)|HEAP_ALLOCATE|[EXTERNAL]|Bytes:24
19:07:30.0 (67022855)|VARIABLE_SCOPE_BEGIN|[30]|this|AccConRelationClass|true|false
19:07:30.0 (67086853)|VARIABLE_ASSIGNMENT|[30]|this|{"con1":"0x187b7c74","conList":"0x7c7d4755","show":false,"var":""}|0x306aa243
19:07:30.0 (67105369)|STATEMENT_EXECUTE|[30]
19:07:30.0 (67108637)|STATEMENT_EXECUTE|[31]
19:07:30.0 (67242140)|HEAP_ALLOCATE|[31]|Bytes:439
19:07:30.0 (67328927)|HEAP_ALLOCATE|[31]|Bytes:411
19:07:30.0 (67363089)|HEAP_ALLOCATE|[31]|Bytes:2
19:07:30.0 (67415433)|HEAP_ALLOCATE|[31]|Bytes:4
19:07:30.0 (67422322)|VARIABLE_SCOPE_BEGIN|[31]|conId|Id|false|false
19:07:30.0 (67593528)|VARIABLE_ASSIGNMENT|[31]|conId|"0031I00000827cdQAA"
19:07:30.0 (67602689)|STATEMENT_EXECUTE|[32]
19:07:30.0 (67606474)|HEAP_ALLOCATE|[32]|Bytes:55
19:07:30.0 (67626101)|HEAP_ALLOCATE|[32]|Bytes:4
19:07:30.0 (67648356)|HEAP_ALLOCATE|[32]|Bytes:7
19:07:30.0 (86605893)|SOQL_EXECUTE_BEGIN|[32]|Aggregations:0|SELECT LastName, phone FROM Contact WHERE Id = :tmpVar1
19:07:30.0 (106750682)|SOQL_EXECUTE_END|[32]|Rows:1
19:07:30.0 (106774610)|HEAP_ALLOCATE|[32]|Bytes:8
19:07:30.0 (106794675)|HEAP_ALLOCATE|[32]|Bytes:70
19:07:30.0 (106843692)|HEAP_ALLOCATE|[32]|Bytes:8
19:07:30.0 (106858389)|HEAP_ALLOCATE|[32]|Bytes:33
19:07:30.0 (106915570)|HEAP_ALLOCATE|[32]|Bytes:12
19:07:30.0 (106993637)|VARIABLE_ASSIGNMENT|[EXTERNAL]|this|{"con1":"0x187b7c74","conList":"0x7c7d4755","show":false,"var":""}|0x306aa243
19:07:30.0 (107014521)|VARIABLE_ASSIGNMENT|[EXTERNAL]|value|{"LastName":"Mr/Miss. Birthday Em (9 more) ...","Id":"0031I00000827cdQAA"}|0x31b1165a
19:07:30.0 (107059497)|VARIABLE_ASSIGNMENT|[5]|this.con1|{"LastName":"Mr/Miss. Birthday Em (9 more) ...","Id":"0031I00000827cdQAA"}|0x306aa243
19:07:30.0 (127068107)|SYSTEM_MODE_ENTER|true
19:07:30.0 (131663705)|SYSTEM_MODE_ENTER|true
19:07:30.0 (132053403)|VF_SERIALIZE_VIEWSTATE_BEGIN|0661I0000033mGn
19:07:30.0 (134713135)|VF_SERIALIZE_VIEWSTATE_END
19:07:30.136 (136781904)|CUMULATIVE_LIMIT_USAGE
19:07:30.136 (136781904)|LIMIT_USAGE_FOR_NS|(default)|
  Number of SOQL queries: 1 out of 100
  Number of query rows: 1 out of 50000
  Number of SOSL queries: 0 out of 20
  Number of DML statements: 0 out of 150
  Number of DML rows: 0 out of 10000
  Maximum CPU time: 0 out of 10000
  Maximum heap size: 0 out of 6000000
  Number of callouts: 0 out of 100
  Number of Email Invocations: 0 out of 10
  Number of future calls: 0 out of 50
  Number of queueable jobs added to the queue: 0 out of 50
  Number of Mobile Apex push calls: 0 out of 10

19:07:30.136 (136781904)|CUMULATIVE_LIMIT_USAGE_END

19:07:30.0 (136824447)|CODE_UNIT_FINISHED|VF: /apex/AccConRelationPage
19:07:30.0 (137547301)|EXECUTION_FINISHED
