41.0 APEX_CODE,FINEST;APEX_PROFILING,INFO;CALLOUT,INFO;DB,INFO;SYSTEM,DEBUG;VALIDATION,INFO;VISUALFORCE,INFO;WAVE,INFO;WORKFLOW,INFO
19:10:24.0 (50588)|USER_INFO|[EXTERNAL]|0051I000000ZTgh|ksb994@gmail.com|Pacific Standard Time|GMT-08:00
19:10:24.0 (87818)|EXECUTION_STARTED
19:10:24.0 (91751)|CODE_UNIT_STARTED|[EXTERNAL]|0661I0000033mGn|VF: /apex/AccConRelationPage
19:10:24.0 (1265817)|SYSTEM_MODE_ENTER|true
19:10:24.0 (1588730)|HEAP_ALLOCATE|[72]|Bytes:3
19:10:24.0 (1633156)|HEAP_ALLOCATE|[77]|Bytes:152
19:10:24.0 (1649325)|HEAP_ALLOCATE|[342]|Bytes:408
19:10:24.0 (1663795)|HEAP_ALLOCATE|[355]|Bytes:408
19:10:24.0 (1677237)|HEAP_ALLOCATE|[467]|Bytes:48
19:10:24.0 (1702788)|HEAP_ALLOCATE|[139]|Bytes:6
19:10:24.0 (1716840)|HEAP_ALLOCATE|[EXTERNAL]|Bytes:172
19:10:24.0 (1722484)|HEAP_ALLOCATE|[EXTERNAL]|Bytes:24
19:10:24.0 (1726225)|HEAP_ALLOCATE|[EXTERNAL]|Bytes:2
19:10:24.0 (1735095)|METHOD_ENTRY|[1]|01p1I00000BDF6c|AccConRelationClass.AccConRelationClass()
19:10:24.0 (1741452)|STATEMENT_EXECUTE|[1]
19:10:24.0 (1746435)|STATEMENT_EXECUTE|[1]
19:10:24.0 (1750235)|METHOD_EXIT|[1]|AccConRelationClass
19:10:24.0 (1757820)|HEAP_ALLOCATE|[EXTERNAL]|Bytes:24
19:10:24.0 (1766298)|VARIABLE_SCOPE_BEGIN|[7]|this|AccConRelationClass|true|false
19:10:24.0 (1813304)|VARIABLE_ASSIGNMENT|[7]|this|{}|0x5b586dcd
19:10:24.0 (1823150)|STATEMENT_EXECUTE|[1]
19:10:24.0 (1824777)|STATEMENT_EXECUTE|[2]
19:10:24.0 (1826288)|STATEMENT_EXECUTE|[3]
19:10:24.0 (1827419)|STATEMENT_EXECUTE|[4]
19:10:24.0 (1828596)|STATEMENT_EXECUTE|[5]
19:10:24.0 (1829905)|STATEMENT_EXECUTE|[20]
19:10:24.0 (1837930)|HEAP_ALLOCATE|[8]|Bytes:6
19:10:24.0 (1890151)|STATEMENT_EXECUTE|[7]
19:10:24.0 (1891947)|STATEMENT_EXECUTE|[8]
19:10:24.0 (1894371)|HEAP_ALLOCATE|[8]|Bytes:57
19:10:24.0 (1918871)|HEAP_ALLOCATE|[8]|Bytes:4
19:10:24.0 (1941403)|HEAP_ALLOCATE|[50]|Bytes:5
19:10:24.0 (1957423)|HEAP_ALLOCATE|[56]|Bytes:5
19:10:24.0 (1964785)|HEAP_ALLOCATE|[64]|Bytes:7
19:10:24.0 (2196914)|SOQL_EXECUTE_BEGIN|[8]|Aggregations:0|SELECT LastName, Account.name, Account.phone FROM contact
19:10:24.0 (6763058)|SOQL_EXECUTE_END|[8]|Rows:32
19:10:24.0 (6782389)|HEAP_ALLOCATE|[8]|Bytes:132
19:10:24.0 (6862492)|HEAP_ALLOCATE|[8]|Bytes:3848
19:10:24.0 (6938638)|HEAP_ALLOCATE|[8]|Bytes:132
19:10:24.0 (6985214)|VARIABLE_ASSIGNMENT|[EXTERNAL]|this|{}|0x5b586dcd
19:10:24.0 (7005855)|VARIABLE_ASSIGNMENT|[EXTERNAL]|value|"List of size 32 too large to display"|0x5a221aae
19:10:24.0 (7020987)|VARIABLE_ASSIGNMENT|[2]|this.conList|"List of size 32 too large to display"|0x5b586dcd
19:10:24.0 (7031916)|STATEMENT_EXECUTE|[9]
19:10:24.0 (7079802)|VARIABLE_ASSIGNMENT|[EXTERNAL]|this|{"conList":"0x5a221aae"}|0x5b586dcd
19:10:24.0 (7100211)|VARIABLE_ASSIGNMENT|[EXTERNAL]|value|false
19:10:24.0 (7108416)|HEAP_ALLOCATE|[4]|Bytes:5
19:10:24.0 (7115797)|VARIABLE_ASSIGNMENT|[4]|this.show|false|0x5b586dcd
19:10:24.0 (7627314)|SYSTEM_MODE_ENTER|true
19:10:24.0 (8955014)|SYSTEM_MODE_ENTER|true
19:10:24.0 (9022703)|HEAP_ALLOCATE|[EXTERNAL]|Bytes:24
19:10:24.0 (9053420)|VARIABLE_ASSIGNMENT|[EXTERNAL]|this|{"conList":"0x5a221aae","show":false}|0x5b586dcd
19:10:24.0 (9064536)|STATEMENT_EXECUTE|[22]
19:10:24.0 (9066586)|STATEMENT_EXECUTE|[23]
19:10:24.0 (9069875)|HEAP_ALLOCATE|[23]|Bytes:57
19:10:24.0 (9082943)|HEAP_ALLOCATE|[23]|Bytes:4
19:10:24.0 (9240295)|SOQL_EXECUTE_BEGIN|[23]|Aggregations:1|SELECT name, (SELECT id, name FROM Contacts) FROM Account
19:10:24.0 (12987046)|SOQL_EXECUTE_END|[23]|Rows:25
19:10:24.0 (13035253)|HEAP_ALLOCATE|[23]|Bytes:104
19:10:24.0 (13106349)|HEAP_ALLOCATE|[23]|Bytes:3968
19:10:24.0 (13139900)|HEAP_ALLOCATE|[23]|Bytes:104
19:10:24.0 (36460089)|SYSTEM_MODE_ENTER|true
19:10:24.0 (70747660)|SYSTEM_MODE_ENTER|true
19:10:24.0 (116452063)|VF_SERIALIZE_VIEWSTATE_BEGIN|0661I0000033mGn
19:10:24.0 (120480508)|VF_SERIALIZE_VIEWSTATE_END
19:10:24.131 (131211123)|CUMULATIVE_LIMIT_USAGE
19:10:24.131 (131211123)|LIMIT_USAGE_FOR_NS|(default)|
  Number of SOQL queries: 2 out of 100
  Number of query rows: 86 out of 50000
  Number of SOSL queries: 0 out of 20
  Number of DML statements: 0 out of 150
  Number of DML rows: 0 out of 10000
  Maximum CPU time: 0 out of 10000
  Maximum heap size: 0 out of 6000000
  Number of callouts: 0 out of 100
  Number of Email Invocations: 0 out of 10
  Number of future calls: 0 out of 50
  Number of queueable jobs added to the queue: 0 out of 50
  Number of Mobile Apex push calls: 0 out of 10

19:10:24.131 (131211123)|CUMULATIVE_LIMIT_USAGE_END

19:10:24.0 (131251223)|CODE_UNIT_FINISHED|VF: /apex/AccConRelationPage
19:10:24.0 (131977310)|EXECUTION_FINISHED
