41.0 APEX_CODE,FINEST;APEX_PROFILING,INFO;CALLOUT,INFO;DB,INFO;SYSTEM,DEBUG;VALIDATION,INFO;VISUALFORCE,INFO;WAVE,INFO;WORKFLOW,INFO
19:07:34.0 (379615)|USER_INFO|[EXTERNAL]|0051I000000ZTgh|ksb994@gmail.com|Pacific Standard Time|GMT-08:00
19:07:34.0 (424764)|EXECUTION_STARTED
19:07:34.0 (430179)|CODE_UNIT_STARTED|[EXTERNAL]|0661I0000033mGn|VF: /apex/AccConRelationPage
19:07:34.0 (1043681)|VF_DESERIALIZE_VIEWSTATE_BEGIN|0661I0000033mGn
19:07:34.0 (182044787)|HEAP_ALLOCATE|[72]|Bytes:3
19:07:34.0 (182097995)|HEAP_ALLOCATE|[77]|Bytes:152
19:07:34.0 (182112265)|HEAP_ALLOCATE|[342]|Bytes:408
19:07:34.0 (182127783)|HEAP_ALLOCATE|[355]|Bytes:408
19:07:34.0 (182141239)|HEAP_ALLOCATE|[467]|Bytes:48
19:07:34.0 (182196185)|HEAP_ALLOCATE|[139]|Bytes:6
19:07:34.0 (182833125)|HEAP_ALLOCATE|[50]|Bytes:5
19:07:34.0 (182853907)|HEAP_ALLOCATE|[56]|Bytes:5
19:07:34.0 (182862600)|HEAP_ALLOCATE|[64]|Bytes:7
19:07:34.0 (184323460)|VF_DESERIALIZE_VIEWSTATE_END
19:07:34.0 (186477615)|SYSTEM_MODE_ENTER|true
19:07:34.0 (186636170)|HEAP_ALLOCATE|[EXTERNAL]|Bytes:172
19:07:34.0 (186658150)|HEAP_ALLOCATE|[EXTERNAL]|Bytes:24
19:07:34.0 (186678050)|METHOD_ENTRY|[1]|01p1I00000BDF6c|AccConRelationClass.AccConRelationClass()
19:07:34.0 (186684499)|STATEMENT_EXECUTE|[1]
19:07:34.0 (186688614)|STATEMENT_EXECUTE|[1]
19:07:34.0 (186702510)|METHOD_EXIT|[1]|AccConRelationClass
19:07:34.0 (245158220)|SYSTEM_MODE_ENTER|true
19:07:34.0 (245941376)|SYSTEM_MODE_ENTER|true
19:07:34.0 (245998711)|HEAP_ALLOCATE|[EXTERNAL]|Bytes:24
19:07:34.0 (246134984)|VARIABLE_ASSIGNMENT|[EXTERNAL]|this.var|""|0x6825fa05
19:07:34.0 (247099649)|HEAP_ALLOCATE|[EXTERNAL]|Bytes:24
19:07:34.0 (247116995)|VARIABLE_SCOPE_BEGIN|[30]|this|AccConRelationClass|true|false
19:07:34.0 (247331924)|VARIABLE_ASSIGNMENT|[30]|this|{"con1":"0x6706b678","conList":"0x5b0a7a92","show":false,"var":""}|0x6825fa05
19:07:34.0 (247350264)|STATEMENT_EXECUTE|[30]
19:07:34.0 (247352268)|STATEMENT_EXECUTE|[31]
19:07:34.0 (247480592)|HEAP_ALLOCATE|[31]|Bytes:425
19:07:34.0 (247585432)|HEAP_ALLOCATE|[31]|Bytes:397
19:07:34.0 (247635850)|HEAP_ALLOCATE|[31]|Bytes:2
19:07:34.0 (247698293)|HEAP_ALLOCATE|[31]|Bytes:4
19:07:34.0 (247705275)|VARIABLE_SCOPE_BEGIN|[31]|conId|Id|false|false
19:07:34.0 (247918984)|VARIABLE_ASSIGNMENT|[31]|conId|"0031I000006LwITQA0"
19:07:34.0 (247926378)|STATEMENT_EXECUTE|[32]
19:07:34.0 (247930408)|HEAP_ALLOCATE|[32]|Bytes:55
19:07:34.0 (247950524)|HEAP_ALLOCATE|[32]|Bytes:4
19:07:34.0 (247969167)|HEAP_ALLOCATE|[32]|Bytes:7
19:07:34.0 (249730769)|SOQL_EXECUTE_BEGIN|[32]|Aggregations:0|SELECT LastName, phone FROM Contact WHERE Id = :tmpVar1
19:07:34.0 (252419829)|SOQL_EXECUTE_END|[32]|Rows:1
19:07:34.0 (252448969)|HEAP_ALLOCATE|[32]|Bytes:8
19:07:34.0 (252474128)|HEAP_ALLOCATE|[32]|Bytes:79
19:07:34.0 (252536403)|HEAP_ALLOCATE|[32]|Bytes:8
19:07:34.0 (252554736)|HEAP_ALLOCATE|[32]|Bytes:33
19:07:34.0 (252800509)|HEAP_ALLOCATE|[32]|Bytes:16
19:07:34.0 (252896348)|VARIABLE_ASSIGNMENT|[EXTERNAL]|this|{"con1":"0x6706b678","conList":"0x5b0a7a92","show":false,"var":""}|0x6825fa05
19:07:34.0 (252925995)|VARIABLE_ASSIGNMENT|[EXTERNAL]|value|{"LastName":"test annonymous","Phone":"(650) 867-3450","Id":"0031I000006LwITQA0"}|0x6ec30b75
19:07:34.0 (252957581)|VARIABLE_ASSIGNMENT|[5]|this.con1|{"LastName":"test annonymous","Phone":"(650) 867-3450","Id":"0031I000006LwITQA0"}|0x6825fa05
19:07:34.0 (257025586)|SYSTEM_MODE_ENTER|true
19:07:34.0 (282499323)|SYSTEM_MODE_ENTER|true
19:07:34.0 (283586130)|VF_SERIALIZE_VIEWSTATE_BEGIN|0661I0000033mGn
19:07:34.0 (286911826)|VF_SERIALIZE_VIEWSTATE_END
19:07:34.289 (289658247)|CUMULATIVE_LIMIT_USAGE
19:07:34.289 (289658247)|LIMIT_USAGE_FOR_NS|(default)|
  Number of SOQL queries: 1 out of 100
  Number of query rows: 1 out of 50000
  Number of SOSL queries: 0 out of 20
  Number of DML statements: 0 out of 150
  Number of DML rows: 0 out of 10000
  Maximum CPU time: 0 out of 10000
  Maximum heap size: 0 out of 6000000
  Number of callouts: 0 out of 100
  Number of Email Invocations: 0 out of 10
  Number of future calls: 0 out of 50
  Number of queueable jobs added to the queue: 0 out of 50
  Number of Mobile Apex push calls: 0 out of 10

19:07:34.289 (289658247)|CUMULATIVE_LIMIT_USAGE_END

19:07:34.0 (289698270)|CODE_UNIT_FINISHED|VF: /apex/AccConRelationPage
19:07:34.0 (290430535)|EXECUTION_FINISHED
