41.0 APEX_CODE,FINEST;APEX_PROFILING,INFO;CALLOUT,INFO;DB,INFO;SYSTEM,DEBUG;VALIDATION,INFO;VISUALFORCE,INFO;WAVE,INFO;WORKFLOW,INFO
19:31:03.0 (269515)|USER_INFO|[EXTERNAL]|0051I000000ZTgh|ksb994@gmail.com|Pacific Standard Time|GMT-08:00
19:31:03.0 (301693)|EXECUTION_STARTED
19:31:03.0 (306496)|CODE_UNIT_STARTED|[EXTERNAL]|0661I0000033mGn|VF: /apex/AccConRelationPage
19:31:03.0 (18827797)|SYSTEM_MODE_ENTER|true
19:31:03.0 (19213512)|HEAP_ALLOCATE|[72]|Bytes:3
19:31:03.0 (19259314)|HEAP_ALLOCATE|[77]|Bytes:152
19:31:03.0 (19280265)|HEAP_ALLOCATE|[342]|Bytes:408
19:31:03.0 (19299085)|HEAP_ALLOCATE|[355]|Bytes:408
19:31:03.0 (19312364)|HEAP_ALLOCATE|[467]|Bytes:48
19:31:03.0 (19340647)|HEAP_ALLOCATE|[139]|Bytes:6
19:31:03.0 (19357692)|HEAP_ALLOCATE|[EXTERNAL]|Bytes:172
19:31:03.0 (19363386)|HEAP_ALLOCATE|[EXTERNAL]|Bytes:24
19:31:03.0 (19366987)|HEAP_ALLOCATE|[EXTERNAL]|Bytes:2
19:31:03.0 (19380112)|METHOD_ENTRY|[1]|01p1I00000BDF6c|AccConRelationClass.AccConRelationClass()
19:31:03.0 (19386677)|STATEMENT_EXECUTE|[1]
19:31:03.0 (19393148)|STATEMENT_EXECUTE|[1]
19:31:03.0 (19397152)|METHOD_EXIT|[1]|AccConRelationClass
19:31:03.0 (19501029)|HEAP_ALLOCATE|[EXTERNAL]|Bytes:24
19:31:03.0 (19532790)|VARIABLE_SCOPE_BEGIN|[7]|this|AccConRelationClass|true|false
19:31:03.0 (19606522)|VARIABLE_ASSIGNMENT|[7]|this|{}|0x1be1f0a3
19:31:03.0 (19616965)|STATEMENT_EXECUTE|[1]
19:31:03.0 (19618426)|STATEMENT_EXECUTE|[2]
19:31:03.0 (19620606)|STATEMENT_EXECUTE|[3]
19:31:03.0 (19621797)|STATEMENT_EXECUTE|[4]
19:31:03.0 (19622968)|STATEMENT_EXECUTE|[5]
19:31:03.0 (19624537)|STATEMENT_EXECUTE|[20]
19:31:03.0 (19631958)|HEAP_ALLOCATE|[8]|Bytes:6
19:31:03.0 (19688048)|STATEMENT_EXECUTE|[7]
19:31:03.0 (19689802)|STATEMENT_EXECUTE|[8]
19:31:03.0 (19692264)|HEAP_ALLOCATE|[8]|Bytes:57
19:31:03.0 (19715328)|HEAP_ALLOCATE|[8]|Bytes:4
19:31:03.0 (19749562)|HEAP_ALLOCATE|[50]|Bytes:5
19:31:03.0 (19765813)|HEAP_ALLOCATE|[56]|Bytes:5
19:31:03.0 (19773011)|HEAP_ALLOCATE|[64]|Bytes:7
19:31:03.0 (20000687)|SOQL_EXECUTE_BEGIN|[8]|Aggregations:0|SELECT LastName, Account.name, Account.phone FROM contact
19:31:03.0 (24242544)|SOQL_EXECUTE_END|[8]|Rows:32
19:31:03.0 (24262994)|HEAP_ALLOCATE|[8]|Bytes:132
19:31:03.0 (24341140)|HEAP_ALLOCATE|[8]|Bytes:3848
19:31:03.0 (24386247)|HEAP_ALLOCATE|[8]|Bytes:132
19:31:03.0 (24457059)|VARIABLE_ASSIGNMENT|[EXTERNAL]|this|{}|0x1be1f0a3
19:31:03.0 (24479159)|VARIABLE_ASSIGNMENT|[EXTERNAL]|value|"List of size 32 too large to display"|0x6e686cde
19:31:03.0 (24493206)|VARIABLE_ASSIGNMENT|[2]|this.conList|"List of size 32 too large to display"|0x1be1f0a3
19:31:03.0 (24521381)|STATEMENT_EXECUTE|[9]
19:31:03.0 (24573073)|VARIABLE_ASSIGNMENT|[EXTERNAL]|this|{"conList":"0x6e686cde"}|0x1be1f0a3
19:31:03.0 (24596756)|VARIABLE_ASSIGNMENT|[EXTERNAL]|value|false
19:31:03.0 (24604355)|HEAP_ALLOCATE|[4]|Bytes:5
19:31:03.0 (24630205)|VARIABLE_ASSIGNMENT|[4]|this.show|false|0x1be1f0a3
19:31:03.0 (25144525)|SYSTEM_MODE_ENTER|true
19:31:03.0 (25268305)|SYSTEM_MODE_ENTER|true
19:31:03.0 (25298093)|HEAP_ALLOCATE|[EXTERNAL]|Bytes:24
19:31:03.0 (25340139)|VARIABLE_ASSIGNMENT|[EXTERNAL]|this|{"conList":"0x6e686cde","show":false}|0x1be1f0a3
19:31:03.0 (25350418)|STATEMENT_EXECUTE|[22]
19:31:03.0 (25352120)|STATEMENT_EXECUTE|[23]
19:31:03.0 (25355288)|HEAP_ALLOCATE|[23]|Bytes:57
19:31:03.0 (25368872)|HEAP_ALLOCATE|[23]|Bytes:4
19:31:03.0 (25514378)|SOQL_EXECUTE_BEGIN|[23]|Aggregations:1|SELECT name, (SELECT id, name FROM Contacts) FROM Account
19:31:03.0 (29035645)|SOQL_EXECUTE_END|[23]|Rows:25
19:31:03.0 (29081806)|HEAP_ALLOCATE|[23]|Bytes:104
19:31:03.0 (29151420)|HEAP_ALLOCATE|[23]|Bytes:3968
19:31:03.0 (29190423)|HEAP_ALLOCATE|[23]|Bytes:104
19:31:03.0 (54273915)|SYSTEM_MODE_ENTER|true
19:31:03.0 (55131227)|SYSTEM_MODE_ENTER|true
19:31:03.0 (103886416)|VF_SERIALIZE_VIEWSTATE_BEGIN|0661I0000033mGn
19:31:03.0 (107634912)|VF_SERIALIZE_VIEWSTATE_END
19:31:03.118 (118690775)|CUMULATIVE_LIMIT_USAGE
19:31:03.118 (118690775)|LIMIT_USAGE_FOR_NS|(default)|
  Number of SOQL queries: 2 out of 100
  Number of query rows: 86 out of 50000
  Number of SOSL queries: 0 out of 20
  Number of DML statements: 0 out of 150
  Number of DML rows: 0 out of 10000
  Maximum CPU time: 0 out of 10000
  Maximum heap size: 0 out of 6000000
  Number of callouts: 0 out of 100
  Number of Email Invocations: 0 out of 10
  Number of future calls: 0 out of 50
  Number of queueable jobs added to the queue: 0 out of 50
  Number of Mobile Apex push calls: 0 out of 10

19:31:03.118 (118690775)|CUMULATIVE_LIMIT_USAGE_END

19:31:03.0 (118743692)|CODE_UNIT_FINISHED|VF: /apex/AccConRelationPage
19:31:03.0 (119465931)|EXECUTION_FINISHED
