41.0 APEX_CODE,FINEST;APEX_PROFILING,INFO;CALLOUT,INFO;DB,INFO;SYSTEM,DEBUG;VALIDATION,INFO;VISUALFORCE,INFO;WAVE,INFO;WORKFLOW,INFO
19:02:00.0 (331500)|USER_INFO|[EXTERNAL]|0051I000000ZTgh|ksb994@gmail.com|Pacific Standard Time|GMT-08:00
19:02:00.0 (548239)|EXECUTION_STARTED
19:02:00.0 (554200)|CODE_UNIT_STARTED|[EXTERNAL]|0661I0000033mGn|VF: /apex/AccConRelationPage
19:02:00.0 (1106219)|VF_DESERIALIZE_VIEWSTATE_BEGIN|0661I0000033mGn
19:02:00.0 (15851974)|HEAP_ALLOCATE|[72]|Bytes:3
19:02:00.0 (15921105)|HEAP_ALLOCATE|[77]|Bytes:152
19:02:00.0 (15940507)|HEAP_ALLOCATE|[342]|Bytes:408
19:02:00.0 (15959335)|HEAP_ALLOCATE|[355]|Bytes:408
19:02:00.0 (15972289)|HEAP_ALLOCATE|[467]|Bytes:48
19:02:00.0 (16031611)|HEAP_ALLOCATE|[139]|Bytes:6
19:02:00.0 (16130526)|HEAP_ALLOCATE|[50]|Bytes:5
19:02:00.0 (16152054)|HEAP_ALLOCATE|[56]|Bytes:5
19:02:00.0 (16160948)|HEAP_ALLOCATE|[64]|Bytes:7
19:02:00.0 (18679401)|VF_DESERIALIZE_VIEWSTATE_END
19:02:00.0 (20791250)|SYSTEM_MODE_ENTER|true
19:02:00.0 (21013796)|HEAP_ALLOCATE|[EXTERNAL]|Bytes:172
19:02:00.0 (21063163)|HEAP_ALLOCATE|[EXTERNAL]|Bytes:24
19:02:00.0 (21100575)|METHOD_ENTRY|[1]|01p1I00000BDF6c|AccConRelationClass.AccConRelationClass()
19:02:00.0 (21112019)|STATEMENT_EXECUTE|[1]
19:02:00.0 (21122870)|STATEMENT_EXECUTE|[1]
19:02:00.0 (21145617)|METHOD_EXIT|[1]|AccConRelationClass
19:02:00.0 (21490945)|SYSTEM_MODE_ENTER|true
19:02:00.0 (21766627)|HEAP_ALLOCATE|[EXTERNAL]|Bytes:24
19:02:00.0 (21871745)|VARIABLE_ASSIGNMENT|[EXTERNAL]|this|{"conList":"0x69a233a1","show":false}|0x290ea67f
19:02:00.0 (21889472)|STATEMENT_EXECUTE|[22]
19:02:00.0 (21892288)|STATEMENT_EXECUTE|[23]
19:02:00.0 (21901727)|HEAP_ALLOCATE|[23]|Bytes:57
19:02:00.0 (21932506)|HEAP_ALLOCATE|[23]|Bytes:4
19:02:00.0 (24212281)|SOQL_EXECUTE_BEGIN|[23]|Aggregations:1|SELECT name, (SELECT id, name FROM Contacts) FROM Account
19:02:00.0 (29148976)|SOQL_EXECUTE_END|[23]|Rows:25
19:02:00.0 (29202810)|HEAP_ALLOCATE|[23]|Bytes:104
19:02:00.0 (29278301)|HEAP_ALLOCATE|[23]|Bytes:3968
19:02:00.0 (29318057)|HEAP_ALLOCATE|[23]|Bytes:104
19:02:00.0 (40753379)|SYSTEM_MODE_ENTER|true
19:02:00.0 (49734918)|SYSTEM_MODE_ENTER|true
19:02:00.0 (49787727)|HEAP_ALLOCATE|[EXTERNAL]|Bytes:24
19:02:00.0 (49834591)|VARIABLE_ASSIGNMENT|[EXTERNAL]|this.var|""|0x290ea67f
19:02:00.0 (49919303)|SYSTEM_MODE_ENTER|true
19:02:00.0 (55827874)|HEAP_ALLOCATE|[EXTERNAL]|Bytes:24
19:02:00.0 (55868845)|VARIABLE_SCOPE_BEGIN|[11]|this|AccConRelationClass|true|false
19:02:00.0 (55933933)|VARIABLE_ASSIGNMENT|[11]|this|{"conList":"0x69a233a1","show":false,"var":""}|0x290ea67f
19:02:00.0 (55956990)|STATEMENT_EXECUTE|[11]
19:02:00.0 (56093319)|VARIABLE_ASSIGNMENT|[EXTERNAL]|this|{"conList":"0x69a233a1","show":false,"var":""}|0x290ea67f
19:02:00.0 (56146279)|STATEMENT_EXECUTE|[15]
19:02:00.0 (56213347)|VARIABLE_ASSIGNMENT|[EXTERNAL]|this|{"conList":"0x69a233a1","show":false,"var":""}|0x290ea67f
19:02:00.0 (56235435)|VARIABLE_ASSIGNMENT|[EXTERNAL]|value|true
19:02:00.0 (56249305)|HEAP_ALLOCATE|[4]|Bytes:5
19:02:00.0 (56263816)|VARIABLE_ASSIGNMENT|[4]|this.show|true|0x290ea67f
19:02:00.0 (58849058)|SYSTEM_MODE_ENTER|true
19:02:00.0 (58995231)|SYSTEM_MODE_ENTER|true
19:02:00.0 (61674561)|SYSTEM_MODE_ENTER|true
19:02:00.0 (61728484)|HEAP_ALLOCATE|[EXTERNAL]|Bytes:24
19:02:00.0 (61793500)|VARIABLE_ASSIGNMENT|[EXTERNAL]|this|{"conList":"0x69a233a1","show":true,"var":""}|0x290ea67f
19:02:00.0 (61816670)|STATEMENT_EXECUTE|[22]
19:02:00.0 (61819809)|STATEMENT_EXECUTE|[23]
19:02:00.0 (61845029)|HEAP_ALLOCATE|[23]|Bytes:4
19:02:00.0 (62091677)|SOQL_EXECUTE_BEGIN|[23]|Aggregations:1|SELECT name, (SELECT id, name FROM Contacts) FROM Account
19:02:00.0 (68042402)|SOQL_EXECUTE_END|[23]|Rows:25
19:02:00.0 (68100790)|HEAP_ALLOCATE|[23]|Bytes:104
19:02:00.0 (68224102)|HEAP_ALLOCATE|[23]|Bytes:3968
19:02:00.0 (68278390)|HEAP_ALLOCATE|[23]|Bytes:104
19:02:00.0 (118800186)|SYSTEM_MODE_ENTER|true
19:02:00.0 (128068496)|VF_SERIALIZE_VIEWSTATE_BEGIN|0661I0000033mGn
19:02:00.0 (132221338)|VF_SERIALIZE_VIEWSTATE_END
19:02:00.144 (144137116)|CUMULATIVE_LIMIT_USAGE
19:02:00.144 (144137116)|LIMIT_USAGE_FOR_NS|(default)|
  Number of SOQL queries: 2 out of 100
  Number of query rows: 108 out of 50000
  Number of SOSL queries: 0 out of 20
  Number of DML statements: 0 out of 150
  Number of DML rows: 0 out of 10000
  Maximum CPU time: 0 out of 10000
  Maximum heap size: 0 out of 6000000
  Number of callouts: 0 out of 100
  Number of Email Invocations: 0 out of 10
  Number of future calls: 0 out of 50
  Number of queueable jobs added to the queue: 0 out of 50
  Number of Mobile Apex push calls: 0 out of 10

19:02:00.144 (144137116)|CUMULATIVE_LIMIT_USAGE_END

19:02:00.0 (144178791)|CODE_UNIT_FINISHED|VF: /apex/AccConRelationPage
19:02:00.0 (145004681)|EXECUTION_FINISHED
