41.0 APEX_CODE,FINEST;APEX_PROFILING,INFO;CALLOUT,INFO;DB,INFO;SYSTEM,DEBUG;VALIDATION,INFO;VISUALFORCE,INFO;WAVE,INFO;WORKFLOW,INFO
19:08:52.0 (354105)|USER_INFO|[EXTERNAL]|0051I000000ZTgh|ksb994@gmail.com|Pacific Standard Time|GMT-08:00
19:08:52.0 (389790)|EXECUTION_STARTED
19:08:52.0 (395107)|CODE_UNIT_STARTED|[EXTERNAL]|0661I0000033mGn|VF: /apex/AccConRelationPage
19:08:52.0 (2557940)|SYSTEM_MODE_ENTER|true
19:08:52.0 (2962115)|HEAP_ALLOCATE|[72]|Bytes:3
19:08:52.0 (3013809)|HEAP_ALLOCATE|[77]|Bytes:152
19:08:52.0 (3036391)|HEAP_ALLOCATE|[342]|Bytes:408
19:08:52.0 (3057399)|HEAP_ALLOCATE|[355]|Bytes:408
19:08:52.0 (3079325)|HEAP_ALLOCATE|[467]|Bytes:48
19:08:52.0 (3122620)|HEAP_ALLOCATE|[139]|Bytes:6
19:08:52.0 (3154900)|HEAP_ALLOCATE|[EXTERNAL]|Bytes:172
19:08:52.0 (3163718)|HEAP_ALLOCATE|[EXTERNAL]|Bytes:24
19:08:52.0 (3169091)|HEAP_ALLOCATE|[EXTERNAL]|Bytes:2
19:08:52.0 (3197122)|METHOD_ENTRY|[1]|01p1I00000BDF6c|AccConRelationClass.AccConRelationClass()
19:08:52.0 (3208313)|STATEMENT_EXECUTE|[1]
19:08:52.0 (3214633)|STATEMENT_EXECUTE|[1]
19:08:52.0 (3220293)|METHOD_EXIT|[1]|AccConRelationClass
19:08:52.0 (3319816)|HEAP_ALLOCATE|[EXTERNAL]|Bytes:24
19:08:52.0 (3402458)|VARIABLE_SCOPE_BEGIN|[7]|this|AccConRelationClass|true|false
19:08:52.0 (3492178)|VARIABLE_ASSIGNMENT|[7]|this|{}|0x53c472de
19:08:52.0 (3509186)|STATEMENT_EXECUTE|[1]
19:08:52.0 (3511542)|STATEMENT_EXECUTE|[2]
19:08:52.0 (3513399)|STATEMENT_EXECUTE|[3]
19:08:52.0 (3515119)|STATEMENT_EXECUTE|[4]
19:08:52.0 (3516841)|STATEMENT_EXECUTE|[5]
19:08:52.0 (3518383)|STATEMENT_EXECUTE|[20]
19:08:52.0 (3530751)|HEAP_ALLOCATE|[8]|Bytes:6
19:08:52.0 (3607232)|STATEMENT_EXECUTE|[7]
19:08:52.0 (3609880)|STATEMENT_EXECUTE|[8]
19:08:52.0 (3614836)|HEAP_ALLOCATE|[8]|Bytes:57
19:08:52.0 (3645481)|HEAP_ALLOCATE|[8]|Bytes:4
19:08:52.0 (3676927)|HEAP_ALLOCATE|[50]|Bytes:5
19:08:52.0 (3703550)|HEAP_ALLOCATE|[56]|Bytes:5
19:08:52.0 (3716494)|HEAP_ALLOCATE|[64]|Bytes:7
19:08:52.0 (4051866)|SOQL_EXECUTE_BEGIN|[8]|Aggregations:0|SELECT LastName, Account.name, Account.phone FROM contact
19:08:52.0 (8079985)|SOQL_EXECUTE_END|[8]|Rows:32
19:08:52.0 (8118085)|HEAP_ALLOCATE|[8]|Bytes:132
19:08:52.0 (8212520)|HEAP_ALLOCATE|[8]|Bytes:3848
19:08:52.0 (8266082)|HEAP_ALLOCATE|[8]|Bytes:132
19:08:52.0 (8339783)|VARIABLE_ASSIGNMENT|[EXTERNAL]|this|{}|0x53c472de
19:08:52.0 (8369253)|VARIABLE_ASSIGNMENT|[EXTERNAL]|value|"List of size 32 too large to display"|0x3aa0f802
19:08:52.0 (8387035)|VARIABLE_ASSIGNMENT|[2]|this.conList|"List of size 32 too large to display"|0x53c472de
19:08:52.0 (8398284)|STATEMENT_EXECUTE|[9]
19:08:52.0 (8471198)|VARIABLE_ASSIGNMENT|[EXTERNAL]|this|{"conList":"0x3aa0f802"}|0x53c472de
19:08:52.0 (8492571)|VARIABLE_ASSIGNMENT|[EXTERNAL]|value|false
19:08:52.0 (8500947)|HEAP_ALLOCATE|[4]|Bytes:5
19:08:52.0 (8509100)|VARIABLE_ASSIGNMENT|[4]|this.show|false|0x53c472de
19:08:52.0 (9110659)|SYSTEM_MODE_ENTER|true
19:08:52.0 (25839781)|SYSTEM_MODE_ENTER|true
19:08:52.0 (62370725)|SYSTEM_MODE_ENTER|true
19:08:52.0 (66805533)|VF_SERIALIZE_VIEWSTATE_BEGIN|0661I0000033mGn
19:08:52.0 (78468374)|VF_SERIALIZE_VIEWSTATE_END
19:08:52.80 (80974214)|CUMULATIVE_LIMIT_USAGE
19:08:52.80 (80974214)|LIMIT_USAGE_FOR_NS|(default)|
  Number of SOQL queries: 1 out of 100
  Number of query rows: 32 out of 50000
  Number of SOSL queries: 0 out of 20
  Number of DML statements: 0 out of 150
  Number of DML rows: 0 out of 10000
  Maximum CPU time: 0 out of 10000
  Maximum heap size: 0 out of 6000000
  Number of callouts: 0 out of 100
  Number of Email Invocations: 0 out of 10
  Number of future calls: 0 out of 50
  Number of queueable jobs added to the queue: 0 out of 50
  Number of Mobile Apex push calls: 0 out of 10

19:08:52.80 (80974214)|CUMULATIVE_LIMIT_USAGE_END

19:08:52.0 (81018315)|CODE_UNIT_FINISHED|VF: /apex/AccConRelationPage
19:08:52.0 (81751387)|EXECUTION_FINISHED
