41.0 APEX_CODE,FINEST;APEX_PROFILING,INFO;CALLOUT,INFO;DB,INFO;SYSTEM,DEBUG;VALIDATION,INFO;VISUALFORCE,INFO;WAVE,INFO;WORKFLOW,INFO
19:03:42.0 (278998)|USER_INFO|[EXTERNAL]|0051I000000ZTgh|ksb994@gmail.com|Pacific Standard Time|GMT-08:00
19:03:42.0 (311898)|EXECUTION_STARTED
19:03:42.0 (316490)|CODE_UNIT_STARTED|[EXTERNAL]|0661I0000033mGn|VF: /apex/AccConRelationPage
19:03:42.0 (2266096)|SYSTEM_MODE_ENTER|true
19:03:42.0 (2604116)|HEAP_ALLOCATE|[72]|Bytes:3
19:03:42.0 (2646581)|HEAP_ALLOCATE|[77]|Bytes:152
19:03:42.0 (2664712)|HEAP_ALLOCATE|[342]|Bytes:408
19:03:42.0 (2679499)|HEAP_ALLOCATE|[355]|Bytes:408
19:03:42.0 (2692165)|HEAP_ALLOCATE|[467]|Bytes:48
19:03:42.0 (2725201)|HEAP_ALLOCATE|[139]|Bytes:6
19:03:42.0 (2744277)|HEAP_ALLOCATE|[EXTERNAL]|Bytes:172
19:03:42.0 (2749602)|HEAP_ALLOCATE|[EXTERNAL]|Bytes:24
19:03:42.0 (2760108)|METHOD_ENTRY|[1]|01p1I00000BDF6c|AccConRelationClass.AccConRelationClass()
19:03:42.0 (2766132)|STATEMENT_EXECUTE|[1]
19:03:42.0 (2772412)|STATEMENT_EXECUTE|[1]
19:03:42.0 (2776046)|METHOD_EXIT|[1]|AccConRelationClass
19:03:42.0 (2798383)|HEAP_ALLOCATE|[EXTERNAL]|Bytes:24
19:03:42.0 (2807111)|VARIABLE_SCOPE_BEGIN|[7]|this|AccConRelationClass|true|false
19:03:42.0 (2855224)|VARIABLE_ASSIGNMENT|[7]|this|{}|0x4184c6e1
19:03:42.0 (2865458)|STATEMENT_EXECUTE|[1]
19:03:42.0 (2866966)|STATEMENT_EXECUTE|[2]
19:03:42.0 (2868572)|STATEMENT_EXECUTE|[3]
19:03:42.0 (2869978)|STATEMENT_EXECUTE|[4]
19:03:42.0 (2871251)|STATEMENT_EXECUTE|[5]
19:03:42.0 (2872495)|STATEMENT_EXECUTE|[20]
19:03:42.0 (2893911)|HEAP_ALLOCATE|[8]|Bytes:6
19:03:42.0 (2959245)|STATEMENT_EXECUTE|[7]
19:03:42.0 (2961033)|STATEMENT_EXECUTE|[8]
19:03:42.0 (2964142)|HEAP_ALLOCATE|[8]|Bytes:57
19:03:42.0 (2988143)|HEAP_ALLOCATE|[8]|Bytes:4
19:03:42.0 (3026381)|HEAP_ALLOCATE|[50]|Bytes:5
19:03:42.0 (3043668)|HEAP_ALLOCATE|[56]|Bytes:5
19:03:42.0 (3050395)|HEAP_ALLOCATE|[64]|Bytes:7
19:03:42.0 (3300881)|SOQL_EXECUTE_BEGIN|[8]|Aggregations:0|SELECT LastName, Account.name, Account.phone FROM contact
19:03:42.0 (7266503)|SOQL_EXECUTE_END|[8]|Rows:32
19:03:42.0 (7285228)|HEAP_ALLOCATE|[8]|Bytes:132
19:03:42.0 (7360938)|HEAP_ALLOCATE|[8]|Bytes:3848
19:03:42.0 (7404021)|HEAP_ALLOCATE|[8]|Bytes:132
19:03:42.0 (7487119)|VARIABLE_ASSIGNMENT|[EXTERNAL]|this|{}|0x4184c6e1
19:03:42.0 (7508405)|VARIABLE_ASSIGNMENT|[EXTERNAL]|value|"List of size 32 too large to display"|0x25ae2045
19:03:42.0 (7521769)|VARIABLE_ASSIGNMENT|[2]|this.conList|"List of size 32 too large to display"|0x4184c6e1
19:03:42.0 (7550008)|STATEMENT_EXECUTE|[9]
19:03:42.0 (7599750)|VARIABLE_ASSIGNMENT|[EXTERNAL]|this|{"conList":"0x25ae2045"}|0x4184c6e1
19:03:42.0 (7620249)|VARIABLE_ASSIGNMENT|[EXTERNAL]|value|false
19:03:42.0 (7627657)|HEAP_ALLOCATE|[4]|Bytes:5
19:03:42.0 (7634940)|VARIABLE_ASSIGNMENT|[4]|this.show|false|0x4184c6e1
19:03:42.0 (8123296)|SYSTEM_MODE_ENTER|true
19:03:42.0 (8229298)|SYSTEM_MODE_ENTER|true
19:03:42.0 (8260620)|HEAP_ALLOCATE|[EXTERNAL]|Bytes:24
19:03:42.0 (8287566)|VARIABLE_ASSIGNMENT|[EXTERNAL]|this|{"conList":"0x25ae2045","show":false}|0x4184c6e1
19:03:42.0 (8297244)|STATEMENT_EXECUTE|[22]
19:03:42.0 (8299191)|STATEMENT_EXECUTE|[23]
19:03:42.0 (8303027)|HEAP_ALLOCATE|[23]|Bytes:57
19:03:42.0 (8316216)|HEAP_ALLOCATE|[23]|Bytes:4
19:03:42.0 (8472940)|SOQL_EXECUTE_BEGIN|[23]|Aggregations:1|SELECT name, (SELECT id, name FROM Contacts) FROM Account
19:03:42.0 (13335962)|SOQL_EXECUTE_END|[23]|Rows:25
19:03:42.0 (13383434)|HEAP_ALLOCATE|[23]|Bytes:104
19:03:42.0 (13453028)|HEAP_ALLOCATE|[23]|Bytes:3968
19:03:42.0 (13489220)|HEAP_ALLOCATE|[23]|Bytes:104
19:03:42.0 (36370411)|SYSTEM_MODE_ENTER|true
19:03:42.0 (102539823)|VF_SERIALIZE_VIEWSTATE_BEGIN|0661I0000033mGn
19:03:42.0 (113558616)|VF_SERIALIZE_VIEWSTATE_END
19:03:42.124 (124037204)|CUMULATIVE_LIMIT_USAGE
19:03:42.124 (124037204)|LIMIT_USAGE_FOR_NS|(default)|
  Number of SOQL queries: 2 out of 100
  Number of query rows: 86 out of 50000
  Number of SOSL queries: 0 out of 20
  Number of DML statements: 0 out of 150
  Number of DML rows: 0 out of 10000
  Maximum CPU time: 0 out of 10000
  Maximum heap size: 0 out of 6000000
  Number of callouts: 0 out of 100
  Number of Email Invocations: 0 out of 10
  Number of future calls: 0 out of 50
  Number of queueable jobs added to the queue: 0 out of 50
  Number of Mobile Apex push calls: 0 out of 10

19:03:42.124 (124037204)|CUMULATIVE_LIMIT_USAGE_END

19:03:42.0 (124079449)|CODE_UNIT_FINISHED|VF: /apex/AccConRelationPage
19:03:42.0 (124798208)|EXECUTION_FINISHED
