41.0 APEX_CODE,FINEST;APEX_PROFILING,INFO;CALLOUT,INFO;DB,INFO;SYSTEM,DEBUG;VALIDATION,INFO;VISUALFORCE,INFO;WAVE,INFO;WORKFLOW,INFO
19:10:50.0 (65542)|USER_INFO|[EXTERNAL]|0051I000000ZTgh|ksb994@gmail.com|Pacific Standard Time|GMT-08:00
19:10:50.0 (104095)|EXECUTION_STARTED
19:10:50.0 (107520)|CODE_UNIT_STARTED|[EXTERNAL]|0661I0000033mGn|VF: /apex/AccConRelationPage
19:10:50.0 (2569946)|SYSTEM_MODE_ENTER|true
19:10:50.0 (2931266)|HEAP_ALLOCATE|[72]|Bytes:3
19:10:50.0 (2972731)|HEAP_ALLOCATE|[77]|Bytes:152
19:10:50.0 (2993311)|HEAP_ALLOCATE|[342]|Bytes:408
19:10:50.0 (3018359)|HEAP_ALLOCATE|[355]|Bytes:408
19:10:50.0 (3033690)|HEAP_ALLOCATE|[467]|Bytes:48
19:10:50.0 (3061745)|HEAP_ALLOCATE|[139]|Bytes:6
19:10:50.0 (3080032)|HEAP_ALLOCATE|[EXTERNAL]|Bytes:172
19:10:50.0 (3085895)|HEAP_ALLOCATE|[EXTERNAL]|Bytes:24
19:10:50.0 (3089543)|HEAP_ALLOCATE|[EXTERNAL]|Bytes:2
19:10:50.0 (3106890)|METHOD_ENTRY|[1]|01p1I00000BDF6c|AccConRelationClass.AccConRelationClass()
19:10:50.0 (3115731)|STATEMENT_EXECUTE|[1]
19:10:50.0 (3123613)|STATEMENT_EXECUTE|[1]
19:10:50.0 (3130033)|METHOD_EXIT|[1]|AccConRelationClass
19:10:50.0 (3153918)|HEAP_ALLOCATE|[EXTERNAL]|Bytes:24
19:10:50.0 (3173075)|VARIABLE_SCOPE_BEGIN|[7]|this|AccConRelationClass|true|false
19:10:50.0 (3241702)|VARIABLE_ASSIGNMENT|[7]|this|{}|0x1d6057a7
19:10:50.0 (3252585)|STATEMENT_EXECUTE|[1]
19:10:50.0 (3254076)|STATEMENT_EXECUTE|[2]
19:10:50.0 (3255605)|STATEMENT_EXECUTE|[3]
19:10:50.0 (3257054)|STATEMENT_EXECUTE|[4]
19:10:50.0 (3258310)|STATEMENT_EXECUTE|[5]
19:10:50.0 (3259565)|STATEMENT_EXECUTE|[20]
19:10:50.0 (3266667)|HEAP_ALLOCATE|[8]|Bytes:6
19:10:50.0 (3320822)|STATEMENT_EXECUTE|[7]
19:10:50.0 (3322705)|STATEMENT_EXECUTE|[8]
19:10:50.0 (3325319)|HEAP_ALLOCATE|[8]|Bytes:57
19:10:50.0 (3341265)|HEAP_ALLOCATE|[8]|Bytes:4
19:10:50.0 (3358227)|HEAP_ALLOCATE|[50]|Bytes:5
19:10:50.0 (3370590)|HEAP_ALLOCATE|[56]|Bytes:5
19:10:50.0 (3377638)|HEAP_ALLOCATE|[64]|Bytes:7
19:10:50.0 (3642087)|SOQL_EXECUTE_BEGIN|[8]|Aggregations:0|SELECT LastName, Account.name, Account.phone FROM contact
19:10:50.0 (9201833)|SOQL_EXECUTE_END|[8]|Rows:32
19:10:50.0 (9222988)|HEAP_ALLOCATE|[8]|Bytes:132
19:10:50.0 (9298962)|HEAP_ALLOCATE|[8]|Bytes:3848
19:10:50.0 (9333736)|HEAP_ALLOCATE|[8]|Bytes:132
19:10:50.0 (9394770)|VARIABLE_ASSIGNMENT|[EXTERNAL]|this|{}|0x1d6057a7
19:10:50.0 (9415878)|VARIABLE_ASSIGNMENT|[EXTERNAL]|value|"List of size 32 too large to display"|0x244a55e0
19:10:50.0 (9430078)|VARIABLE_ASSIGNMENT|[2]|this.conList|"List of size 32 too large to display"|0x1d6057a7
19:10:50.0 (9445616)|STATEMENT_EXECUTE|[9]
19:10:50.0 (9501701)|VARIABLE_ASSIGNMENT|[EXTERNAL]|this|{"conList":"0x244a55e0"}|0x1d6057a7
19:10:50.0 (9519038)|VARIABLE_ASSIGNMENT|[EXTERNAL]|value|false
19:10:50.0 (9527709)|HEAP_ALLOCATE|[4]|Bytes:5
19:10:50.0 (9534777)|VARIABLE_ASSIGNMENT|[4]|this.show|false|0x1d6057a7
19:10:50.0 (10065385)|SYSTEM_MODE_ENTER|true
19:10:50.0 (10215135)|SYSTEM_MODE_ENTER|true
19:10:50.0 (10248631)|HEAP_ALLOCATE|[EXTERNAL]|Bytes:24
19:10:50.0 (10283534)|VARIABLE_ASSIGNMENT|[EXTERNAL]|this|{"conList":"0x244a55e0","show":false}|0x1d6057a7
19:10:50.0 (10294627)|STATEMENT_EXECUTE|[22]
19:10:50.0 (10296538)|STATEMENT_EXECUTE|[23]
19:10:50.0 (10300427)|HEAP_ALLOCATE|[23]|Bytes:57
19:10:50.0 (10314452)|HEAP_ALLOCATE|[23]|Bytes:4
19:10:50.0 (10632472)|SOQL_EXECUTE_BEGIN|[23]|Aggregations:1|SELECT name, (SELECT id, name FROM Contacts) FROM Account
19:10:50.0 (15958955)|SOQL_EXECUTE_END|[23]|Rows:25
19:10:50.0 (16025368)|HEAP_ALLOCATE|[23]|Bytes:104
19:10:50.0 (16099833)|HEAP_ALLOCATE|[23]|Bytes:3968
19:10:50.0 (16146355)|HEAP_ALLOCATE|[23]|Bytes:104
19:10:50.0 (42392621)|SYSTEM_MODE_ENTER|true
19:10:50.0 (43255750)|SYSTEM_MODE_ENTER|true
19:10:50.0 (99307433)|VF_SERIALIZE_VIEWSTATE_BEGIN|0661I0000033mGn
19:10:50.0 (103849230)|VF_SERIALIZE_VIEWSTATE_END
19:10:50.118 (118617894)|CUMULATIVE_LIMIT_USAGE
19:10:50.118 (118617894)|LIMIT_USAGE_FOR_NS|(default)|
  Number of SOQL queries: 2 out of 100
  Number of query rows: 86 out of 50000
  Number of SOSL queries: 0 out of 20
  Number of DML statements: 0 out of 150
  Number of DML rows: 0 out of 10000
  Maximum CPU time: 0 out of 10000
  Maximum heap size: 0 out of 6000000
  Number of callouts: 0 out of 100
  Number of Email Invocations: 0 out of 10
  Number of future calls: 0 out of 50
  Number of queueable jobs added to the queue: 0 out of 50
  Number of Mobile Apex push calls: 0 out of 10

19:10:50.118 (118617894)|CUMULATIVE_LIMIT_USAGE_END

19:10:50.0 (118667023)|CODE_UNIT_FINISHED|VF: /apex/AccConRelationPage
19:10:50.0 (119430985)|EXECUTION_FINISHED
