41.0 APEX_CODE,FINEST;APEX_PROFILING,INFO;CALLOUT,INFO;DB,INFO;SYSTEM,DEBUG;VALIDATION,INFO;VISUALFORCE,INFO;WAVE,INFO;WORKFLOW,INFO
19:03:44.0 (302843)|USER_INFO|[EXTERNAL]|0051I000000ZTgh|ksb994@gmail.com|Pacific Standard Time|GMT-08:00
19:03:44.0 (475790)|EXECUTION_STARTED
19:03:44.0 (480615)|CODE_UNIT_STARTED|[EXTERNAL]|0661I0000033mGn|VF: /apex/AccConRelationPage
19:03:44.0 (951863)|VF_DESERIALIZE_VIEWSTATE_BEGIN|0661I0000033mGn
19:03:44.0 (5758426)|HEAP_ALLOCATE|[72]|Bytes:3
19:03:44.0 (5818170)|HEAP_ALLOCATE|[77]|Bytes:152
19:03:44.0 (5834775)|HEAP_ALLOCATE|[342]|Bytes:408
19:03:44.0 (5852980)|HEAP_ALLOCATE|[355]|Bytes:408
19:03:44.0 (5865906)|HEAP_ALLOCATE|[467]|Bytes:48
19:03:44.0 (5920157)|HEAP_ALLOCATE|[139]|Bytes:6
19:03:44.0 (6003390)|HEAP_ALLOCATE|[50]|Bytes:5
19:03:44.0 (6023148)|HEAP_ALLOCATE|[56]|Bytes:5
19:03:44.0 (6031509)|HEAP_ALLOCATE|[64]|Bytes:7
19:03:44.0 (8197492)|VF_DESERIALIZE_VIEWSTATE_END
19:03:44.0 (8819084)|SYSTEM_MODE_ENTER|true
19:03:44.0 (8948085)|HEAP_ALLOCATE|[EXTERNAL]|Bytes:172
19:03:44.0 (8971103)|HEAP_ALLOCATE|[EXTERNAL]|Bytes:24
19:03:44.0 (8991887)|METHOD_ENTRY|[1]|01p1I00000BDF6c|AccConRelationClass.AccConRelationClass()
19:03:44.0 (8997969)|STATEMENT_EXECUTE|[1]
19:03:44.0 (9005611)|STATEMENT_EXECUTE|[1]
19:03:44.0 (9019096)|METHOD_EXIT|[1]|AccConRelationClass
19:03:44.0 (9383228)|SYSTEM_MODE_ENTER|true
19:03:44.0 (9548210)|HEAP_ALLOCATE|[EXTERNAL]|Bytes:24
19:03:44.0 (9611763)|VARIABLE_ASSIGNMENT|[EXTERNAL]|this|{"conList":"0xdd34b1a","show":false}|0x6f54daec
19:03:44.0 (9623119)|STATEMENT_EXECUTE|[22]
19:03:44.0 (9625430)|STATEMENT_EXECUTE|[23]
19:03:44.0 (9629004)|HEAP_ALLOCATE|[23]|Bytes:57
19:03:44.0 (9643657)|HEAP_ALLOCATE|[23]|Bytes:4
19:03:44.0 (11501586)|SOQL_EXECUTE_BEGIN|[23]|Aggregations:1|SELECT name, (SELECT id, name FROM Contacts) FROM Account
19:03:44.0 (17460762)|SOQL_EXECUTE_END|[23]|Rows:25
19:03:44.0 (17511224)|HEAP_ALLOCATE|[23]|Bytes:104
19:03:44.0 (17607116)|HEAP_ALLOCATE|[23]|Bytes:3968
19:03:44.0 (17662175)|HEAP_ALLOCATE|[23]|Bytes:104
19:03:44.0 (29631145)|SYSTEM_MODE_ENTER|true
19:03:44.0 (37604640)|SYSTEM_MODE_ENTER|true
19:03:44.0 (37645890)|HEAP_ALLOCATE|[EXTERNAL]|Bytes:24
19:03:44.0 (37686163)|VARIABLE_ASSIGNMENT|[EXTERNAL]|this.var|""|0x6f54daec
19:03:44.0 (37751448)|SYSTEM_MODE_ENTER|true
19:03:44.0 (42529202)|HEAP_ALLOCATE|[EXTERNAL]|Bytes:24
19:03:44.0 (42543600)|VARIABLE_SCOPE_BEGIN|[11]|this|AccConRelationClass|true|false
19:03:44.0 (42590033)|VARIABLE_ASSIGNMENT|[11]|this|{"conList":"0xdd34b1a","show":false,"var":""}|0x6f54daec
19:03:44.0 (42605425)|STATEMENT_EXECUTE|[11]
19:03:44.0 (42670304)|VARIABLE_ASSIGNMENT|[EXTERNAL]|this|{"conList":"0xdd34b1a","show":false,"var":""}|0x6f54daec
19:03:44.0 (42705434)|STATEMENT_EXECUTE|[15]
19:03:44.0 (42734474)|VARIABLE_ASSIGNMENT|[EXTERNAL]|this|{"conList":"0xdd34b1a","show":false,"var":""}|0x6f54daec
19:03:44.0 (42748901)|VARIABLE_ASSIGNMENT|[EXTERNAL]|value|true
19:03:44.0 (42757228)|HEAP_ALLOCATE|[4]|Bytes:5
19:03:44.0 (42774107)|VARIABLE_ASSIGNMENT|[4]|this.show|true|0x6f54daec
19:03:44.0 (45006184)|SYSTEM_MODE_ENTER|true
19:03:44.0 (45114912)|SYSTEM_MODE_ENTER|true
19:03:44.0 (46987453)|SYSTEM_MODE_ENTER|true
19:03:44.0 (47016211)|HEAP_ALLOCATE|[EXTERNAL]|Bytes:24
19:03:44.0 (47046499)|VARIABLE_ASSIGNMENT|[EXTERNAL]|this|{"conList":"0xdd34b1a","show":true,"var":""}|0x6f54daec
19:03:44.0 (47056541)|STATEMENT_EXECUTE|[22]
19:03:44.0 (47058495)|STATEMENT_EXECUTE|[23]
19:03:44.0 (47072226)|HEAP_ALLOCATE|[23]|Bytes:4
19:03:44.0 (47265303)|SOQL_EXECUTE_BEGIN|[23]|Aggregations:1|SELECT name, (SELECT id, name FROM Contacts) FROM Account
19:03:44.0 (51410160)|SOQL_EXECUTE_END|[23]|Rows:25
19:03:44.0 (51459870)|HEAP_ALLOCATE|[23]|Bytes:104
19:03:44.0 (51538582)|HEAP_ALLOCATE|[23]|Bytes:3968
19:03:44.0 (51577416)|HEAP_ALLOCATE|[23]|Bytes:104
19:03:44.0 (97111474)|SYSTEM_MODE_ENTER|true
19:03:44.0 (124206990)|VF_SERIALIZE_VIEWSTATE_BEGIN|0661I0000033mGn
19:03:44.0 (128396738)|VF_SERIALIZE_VIEWSTATE_END
19:03:44.140 (140514581)|CUMULATIVE_LIMIT_USAGE
19:03:44.140 (140514581)|LIMIT_USAGE_FOR_NS|(default)|
  Number of SOQL queries: 2 out of 100
  Number of query rows: 108 out of 50000
  Number of SOSL queries: 0 out of 20
  Number of DML statements: 0 out of 150
  Number of DML rows: 0 out of 10000
  Maximum CPU time: 0 out of 10000
  Maximum heap size: 0 out of 6000000
  Number of callouts: 0 out of 100
  Number of Email Invocations: 0 out of 10
  Number of future calls: 0 out of 50
  Number of queueable jobs added to the queue: 0 out of 50
  Number of Mobile Apex push calls: 0 out of 10

19:03:44.140 (140514581)|CUMULATIVE_LIMIT_USAGE_END

19:03:44.0 (140552734)|CODE_UNIT_FINISHED|VF: /apex/AccConRelationPage
19:03:44.0 (141295585)|EXECUTION_FINISHED
