41.0 APEX_CODE,FINEST;APEX_PROFILING,INFO;CALLOUT,INFO;DB,INFO;SYSTEM,DEBUG;VALIDATION,INFO;VISUALFORCE,INFO;WAVE,INFO;WORKFLOW,INFO
19:05:25.0 (60076)|USER_INFO|[EXTERNAL]|0051I000000ZTgh|ksb994@gmail.com|Pacific Standard Time|GMT-08:00
19:05:25.0 (91803)|EXECUTION_STARTED
19:05:25.0 (96631)|CODE_UNIT_STARTED|[EXTERNAL]|0661I0000033mGn|VF: /apex/AccConRelationPage
19:05:25.0 (2007684)|SYSTEM_MODE_ENTER|true
19:05:25.0 (2422952)|HEAP_ALLOCATE|[72]|Bytes:3
19:05:25.0 (2470929)|HEAP_ALLOCATE|[77]|Bytes:152
19:05:25.0 (2488444)|HEAP_ALLOCATE|[342]|Bytes:408
19:05:25.0 (2506316)|HEAP_ALLOCATE|[355]|Bytes:408
19:05:25.0 (2519339)|HEAP_ALLOCATE|[467]|Bytes:48
19:05:25.0 (2546695)|HEAP_ALLOCATE|[139]|Bytes:6
19:05:25.0 (2563484)|HEAP_ALLOCATE|[EXTERNAL]|Bytes:172
19:05:25.0 (2569525)|HEAP_ALLOCATE|[EXTERNAL]|Bytes:24
19:05:25.0 (2578694)|METHOD_ENTRY|[1]|01p1I00000BDF6c|AccConRelationClass.AccConRelationClass()
19:05:25.0 (2584582)|STATEMENT_EXECUTE|[1]
19:05:25.0 (2592062)|STATEMENT_EXECUTE|[1]
19:05:25.0 (2596311)|METHOD_EXIT|[1]|AccConRelationClass
19:05:25.0 (2605300)|HEAP_ALLOCATE|[EXTERNAL]|Bytes:24
19:05:25.0 (2613983)|VARIABLE_SCOPE_BEGIN|[7]|this|AccConRelationClass|true|false
19:05:25.0 (2667607)|VARIABLE_ASSIGNMENT|[7]|this|{}|0x12c8eb7c
19:05:25.0 (2677919)|STATEMENT_EXECUTE|[1]
19:05:25.0 (2679648)|STATEMENT_EXECUTE|[2]
19:05:25.0 (2681665)|STATEMENT_EXECUTE|[3]
19:05:25.0 (2682926)|STATEMENT_EXECUTE|[4]
19:05:25.0 (2684073)|STATEMENT_EXECUTE|[5]
19:05:25.0 (2685332)|STATEMENT_EXECUTE|[20]
19:05:25.0 (2692734)|HEAP_ALLOCATE|[8]|Bytes:6
19:05:25.0 (2748032)|STATEMENT_EXECUTE|[7]
19:05:25.0 (2749969)|STATEMENT_EXECUTE|[8]
19:05:25.0 (2752840)|HEAP_ALLOCATE|[8]|Bytes:57
19:05:25.0 (2783419)|HEAP_ALLOCATE|[8]|Bytes:4
19:05:25.0 (2808982)|HEAP_ALLOCATE|[50]|Bytes:5
19:05:25.0 (2825288)|HEAP_ALLOCATE|[56]|Bytes:5
19:05:25.0 (2832474)|HEAP_ALLOCATE|[64]|Bytes:7
19:05:25.0 (3071035)|SOQL_EXECUTE_BEGIN|[8]|Aggregations:0|SELECT LastName, Account.name, Account.phone FROM contact
19:05:25.0 (7359473)|SOQL_EXECUTE_END|[8]|Rows:32
19:05:25.0 (7381377)|HEAP_ALLOCATE|[8]|Bytes:132
19:05:25.0 (7460027)|HEAP_ALLOCATE|[8]|Bytes:3848
19:05:25.0 (7556015)|HEAP_ALLOCATE|[8]|Bytes:132
19:05:25.0 (7603730)|VARIABLE_ASSIGNMENT|[EXTERNAL]|this|{}|0x12c8eb7c
19:05:25.0 (7625076)|VARIABLE_ASSIGNMENT|[EXTERNAL]|value|"List of size 32 too large to display"|0x3c277200
19:05:25.0 (7641060)|VARIABLE_ASSIGNMENT|[2]|this.conList|"List of size 32 too large to display"|0x12c8eb7c
19:05:25.0 (7650291)|STATEMENT_EXECUTE|[9]
19:05:25.0 (7687054)|VARIABLE_ASSIGNMENT|[EXTERNAL]|this|{"conList":"0x3c277200"}|0x12c8eb7c
19:05:25.0 (7706729)|VARIABLE_ASSIGNMENT|[EXTERNAL]|value|false
19:05:25.0 (7713588)|HEAP_ALLOCATE|[4]|Bytes:5
19:05:25.0 (7720541)|VARIABLE_ASSIGNMENT|[4]|this.show|false|0x12c8eb7c
19:05:25.0 (8247963)|SYSTEM_MODE_ENTER|true
19:05:25.0 (23529105)|SYSTEM_MODE_ENTER|true
19:05:25.0 (53819340)|SYSTEM_MODE_ENTER|true
19:05:25.0 (55036875)|VF_SERIALIZE_VIEWSTATE_BEGIN|0661I0000033mGn
19:05:25.0 (58114296)|VF_SERIALIZE_VIEWSTATE_END
19:05:25.60 (60466375)|CUMULATIVE_LIMIT_USAGE
19:05:25.60 (60466375)|LIMIT_USAGE_FOR_NS|(default)|
  Number of SOQL queries: 1 out of 100
  Number of query rows: 32 out of 50000
  Number of SOSL queries: 0 out of 20
  Number of DML statements: 0 out of 150
  Number of DML rows: 0 out of 10000
  Maximum CPU time: 0 out of 10000
  Maximum heap size: 0 out of 6000000
  Number of callouts: 0 out of 100
  Number of Email Invocations: 0 out of 10
  Number of future calls: 0 out of 50
  Number of queueable jobs added to the queue: 0 out of 50
  Number of Mobile Apex push calls: 0 out of 10

19:05:25.60 (60466375)|CUMULATIVE_LIMIT_USAGE_END

19:05:25.0 (60501778)|CODE_UNIT_FINISHED|VF: /apex/AccConRelationPage
19:05:25.0 (61202128)|EXECUTION_FINISHED
