41.0 APEX_CODE,FINEST;APEX_PROFILING,INFO;CALLOUT,INFO;DB,INFO;SYSTEM,DEBUG;VALIDATION,INFO;VISUALFORCE,INFO;WAVE,INFO;WORKFLOW,INFO
19:09:09.0 (303638)|USER_INFO|[EXTERNAL]|0051I000000ZTgh|ksb994@gmail.com|Pacific Standard Time|GMT-08:00
19:09:09.0 (331664)|EXECUTION_STARTED
19:09:09.0 (336195)|CODE_UNIT_STARTED|[EXTERNAL]|0661I0000033mGn|VF: /apex/AccConRelationPage
19:09:09.0 (903803)|VF_DESERIALIZE_VIEWSTATE_BEGIN|0661I0000033mGn
19:09:09.0 (6393894)|HEAP_ALLOCATE|[72]|Bytes:3
19:09:09.0 (6444594)|HEAP_ALLOCATE|[77]|Bytes:152
19:09:09.0 (6465038)|HEAP_ALLOCATE|[342]|Bytes:408
19:09:09.0 (6480379)|HEAP_ALLOCATE|[355]|Bytes:408
19:09:09.0 (6493393)|HEAP_ALLOCATE|[467]|Bytes:48
19:09:09.0 (6519959)|HEAP_ALLOCATE|[139]|Bytes:6
19:09:09.0 (7187299)|HEAP_ALLOCATE|[50]|Bytes:5
19:09:09.0 (7215525)|HEAP_ALLOCATE|[56]|Bytes:5
19:09:09.0 (7225202)|HEAP_ALLOCATE|[64]|Bytes:7
19:09:09.0 (8573093)|VF_DESERIALIZE_VIEWSTATE_END
19:09:09.0 (10141513)|SYSTEM_MODE_ENTER|true
19:09:09.0 (10174425)|HEAP_ALLOCATE|[EXTERNAL]|Bytes:172
19:09:09.0 (10183024)|HEAP_ALLOCATE|[EXTERNAL]|Bytes:24
19:09:09.0 (10187380)|HEAP_ALLOCATE|[EXTERNAL]|Bytes:2
19:09:09.0 (10197212)|METHOD_ENTRY|[1]|01p1I00000BDF6c|AccConRelationClass.AccConRelationClass()
19:09:09.0 (10205320)|STATEMENT_EXECUTE|[1]
19:09:09.0 (10212288)|STATEMENT_EXECUTE|[1]
19:09:09.0 (10218558)|METHOD_EXIT|[1]|AccConRelationClass
19:09:09.0 (11299764)|SYSTEM_MODE_ENTER|true
19:09:09.0 (11884752)|SYSTEM_MODE_ENTER|true
19:09:09.0 (11922697)|HEAP_ALLOCATE|[EXTERNAL]|Bytes:24
19:09:09.0 (11948508)|VARIABLE_ASSIGNMENT|[EXTERNAL]|this.var|""|0x1307f750
19:09:09.0 (12728007)|HEAP_ALLOCATE|[EXTERNAL]|Bytes:24
19:09:09.0 (12741512)|VARIABLE_SCOPE_BEGIN|[30]|this|AccConRelationClass|true|false
19:09:09.0 (12792656)|VARIABLE_ASSIGNMENT|[30]|this|{"con1":"0x3cc6126f","conList":"0x2d0db17b","show":false,"var":""}|0x1307f750
19:09:09.0 (12805639)|STATEMENT_EXECUTE|[30]
19:09:09.0 (12807321)|STATEMENT_EXECUTE|[31]
19:09:09.0 (12890754)|HEAP_ALLOCATE|[31]|Bytes:414
19:09:09.0 (12946943)|HEAP_ALLOCATE|[31]|Bytes:386
19:09:09.0 (12974894)|HEAP_ALLOCATE|[31]|Bytes:2
19:09:09.0 (13009310)|HEAP_ALLOCATE|[31]|Bytes:4
19:09:09.0 (13015942)|VARIABLE_SCOPE_BEGIN|[31]|conId|Id|false|false
19:09:09.0 (13131902)|VARIABLE_ASSIGNMENT|[31]|conId|"0031I000003KN1EQAW"
19:09:09.0 (13138325)|STATEMENT_EXECUTE|[32]
19:09:09.0 (13141710)|HEAP_ALLOCATE|[32]|Bytes:55
19:09:09.0 (13158194)|HEAP_ALLOCATE|[32]|Bytes:4
19:09:09.0 (13170859)|HEAP_ALLOCATE|[32]|Bytes:7
19:09:09.0 (14734733)|SOQL_EXECUTE_BEGIN|[32]|Aggregations:0|SELECT LastName, phone FROM Contact WHERE Id = :tmpVar1
19:09:09.0 (16930344)|SOQL_EXECUTE_END|[32]|Rows:1
19:09:09.0 (16948903)|HEAP_ALLOCATE|[32]|Bytes:8
19:09:09.0 (16966700)|HEAP_ALLOCATE|[32]|Bytes:70
19:09:09.0 (17000589)|HEAP_ALLOCATE|[32]|Bytes:8
19:09:09.0 (17011233)|HEAP_ALLOCATE|[32]|Bytes:33
19:09:09.0 (17060829)|HEAP_ALLOCATE|[32]|Bytes:16
19:09:09.0 (17103171)|VARIABLE_ASSIGNMENT|[EXTERNAL]|this|{"con1":"0x3cc6126f","conList":"0x2d0db17b","show":false,"var":""}|0x1307f750
19:09:09.0 (17119920)|VARIABLE_ASSIGNMENT|[EXTERNAL]|value|{"LastName":"Forbes","Phone":"(512) 757-6000","Id":"0031I000003KN1EQAW"}|0x7f78c0b3
19:09:09.0 (17133834)|VARIABLE_ASSIGNMENT|[5]|this.con1|{"LastName":"Forbes","Phone":"(512) 757-6000","Id":"0031I000003KN1EQAW"}|0x1307f750
19:09:09.0 (17143796)|STATEMENT_EXECUTE|[33]
19:09:09.0 (17146859)|HEAP_ALLOCATE|[33]|Bytes:9
19:09:09.0 (17183770)|VARIABLE_ASSIGNMENT|[EXTERNAL]|this|{"con1":"0x7f78c0b3","conList":"0x2d0db17b","show":false,"var":""}|0x1307f750
19:09:09.0 (17246518)|HEAP_ALLOCATE|[33]|Bytes:70
19:09:09.0 (17259267)|HEAP_ALLOCATE|[33]|Bytes:2
19:09:09.0 (17269423)|HEAP_ALLOCATE|[33]|Bytes:18
19:09:09.0 (17282848)|HEAP_ALLOCATE|[33]|Bytes:99
19:09:09.0 (17297233)|USER_DEBUG|[33]|DEBUG|slkdjflsdContact:{LastName=Forbes, Phone=(512) 757-6000, Id=0031I000003KN1EQAW}, 0031I000003KN1EQAW
19:09:09.0 (19425452)|SYSTEM_MODE_ENTER|true
19:09:09.0 (22938250)|SYSTEM_MODE_ENTER|true
19:09:09.0 (23810791)|VF_SERIALIZE_VIEWSTATE_BEGIN|0661I0000033mGn
19:09:09.0 (25780446)|VF_SERIALIZE_VIEWSTATE_END
19:09:09.27 (27691607)|CUMULATIVE_LIMIT_USAGE
19:09:09.27 (27691607)|LIMIT_USAGE_FOR_NS|(default)|
  Number of SOQL queries: 1 out of 100
  Number of query rows: 1 out of 50000
  Number of SOSL queries: 0 out of 20
  Number of DML statements: 0 out of 150
  Number of DML rows: 0 out of 10000
  Maximum CPU time: 0 out of 10000
  Maximum heap size: 0 out of 6000000
  Number of callouts: 0 out of 100
  Number of Email Invocations: 0 out of 10
  Number of future calls: 0 out of 50
  Number of queueable jobs added to the queue: 0 out of 50
  Number of Mobile Apex push calls: 0 out of 10

19:09:09.27 (27691607)|CUMULATIVE_LIMIT_USAGE_END

19:09:09.0 (27725598)|CODE_UNIT_FINISHED|VF: /apex/AccConRelationPage
19:09:09.0 (28441309)|EXECUTION_FINISHED
