41.0 APEX_CODE,FINEST;APEX_PROFILING,INFO;CALLOUT,INFO;DB,INFO;SYSTEM,DEBUG;VALIDATION,INFO;VISUALFORCE,INFO;WAVE,INFO;WORKFLOW,INFO
19:02:13.0 (330760)|USER_INFO|[EXTERNAL]|0051I000000ZTgh|ksb994@gmail.com|Pacific Standard Time|GMT-08:00
19:02:13.0 (360892)|EXECUTION_STARTED
19:02:13.0 (365182)|CODE_UNIT_STARTED|[EXTERNAL]|0661I0000033mGn|VF: /apex/AccConRelationPage
19:02:13.0 (854849)|VF_DESERIALIZE_VIEWSTATE_BEGIN|0661I0000033mGn
19:02:13.0 (11677867)|HEAP_ALLOCATE|[72]|Bytes:3
19:02:13.0 (11724103)|HEAP_ALLOCATE|[77]|Bytes:152
19:02:13.0 (11742450)|HEAP_ALLOCATE|[342]|Bytes:408
19:02:13.0 (11761436)|HEAP_ALLOCATE|[355]|Bytes:408
19:02:13.0 (11774643)|HEAP_ALLOCATE|[467]|Bytes:48
19:02:13.0 (11803852)|HEAP_ALLOCATE|[139]|Bytes:6
19:02:13.0 (12954451)|HEAP_ALLOCATE|[50]|Bytes:5
19:02:13.0 (12989393)|HEAP_ALLOCATE|[56]|Bytes:5
19:02:13.0 (12999066)|HEAP_ALLOCATE|[64]|Bytes:7
19:02:13.0 (15514119)|VF_DESERIALIZE_VIEWSTATE_END
19:02:13.0 (16833359)|SYSTEM_MODE_ENTER|true
19:02:13.0 (16870161)|HEAP_ALLOCATE|[EXTERNAL]|Bytes:172
19:02:13.0 (16878075)|HEAP_ALLOCATE|[EXTERNAL]|Bytes:24
19:02:13.0 (16889669)|METHOD_ENTRY|[1]|01p1I00000BDF6c|AccConRelationClass.AccConRelationClass()
19:02:13.0 (16896032)|STATEMENT_EXECUTE|[1]
19:02:13.0 (16900865)|STATEMENT_EXECUTE|[1]
19:02:13.0 (16905721)|METHOD_EXIT|[1]|AccConRelationClass
19:02:13.0 (17112051)|SYSTEM_MODE_ENTER|true
19:02:13.0 (17840723)|SYSTEM_MODE_ENTER|true
19:02:13.0 (18082912)|HEAP_ALLOCATE|[EXTERNAL]|Bytes:24
19:02:13.0 (18154471)|VARIABLE_ASSIGNMENT|[EXTERNAL]|this|{"conList":"0x6b3acb0","show":true,"var":""}|0x6cf656f1
19:02:13.0 (18166480)|STATEMENT_EXECUTE|[22]
19:02:13.0 (18168358)|STATEMENT_EXECUTE|[23]
19:02:13.0 (18171140)|HEAP_ALLOCATE|[23]|Bytes:57
19:02:13.0 (18192632)|HEAP_ALLOCATE|[23]|Bytes:4
19:02:13.0 (20603326)|SOQL_EXECUTE_BEGIN|[23]|Aggregations:1|SELECT name, (SELECT id, name FROM Contacts) FROM Account
19:02:13.0 (25785843)|SOQL_EXECUTE_END|[23]|Rows:25
19:02:13.0 (25836462)|HEAP_ALLOCATE|[23]|Bytes:104
19:02:13.0 (25917042)|HEAP_ALLOCATE|[23]|Bytes:3968
19:02:13.0 (25966844)|HEAP_ALLOCATE|[23]|Bytes:104
19:02:13.0 (36504773)|SYSTEM_MODE_ENTER|true
19:02:13.0 (44002576)|SYSTEM_MODE_ENTER|true
19:02:13.0 (44042070)|HEAP_ALLOCATE|[EXTERNAL]|Bytes:24
19:02:13.0 (44087048)|VARIABLE_ASSIGNMENT|[EXTERNAL]|this.var|""|0x6cf656f1
19:02:13.0 (44135432)|SYSTEM_MODE_ENTER|true
19:02:13.0 (49246348)|HEAP_ALLOCATE|[EXTERNAL]|Bytes:24
19:02:13.0 (49263461)|VARIABLE_SCOPE_BEGIN|[17]|this|AccConRelationClass|true|false
19:02:13.0 (49307864)|VARIABLE_ASSIGNMENT|[17]|this|{"conList":"0x6b3acb0","show":true,"var":""}|0x6cf656f1
19:02:13.0 (49324361)|STATEMENT_EXECUTE|[17]
19:02:13.0 (49326494)|STATEMENT_EXECUTE|[18]
19:02:13.0 (49392502)|VARIABLE_ASSIGNMENT|[EXTERNAL]|this|{"conList":"0x6b3acb0","show":true,"var":""}|0x6cf656f1
19:02:13.0 (49402768)|VARIABLE_ASSIGNMENT|[EXTERNAL]|value|""
19:02:13.0 (49417675)|VARIABLE_ASSIGNMENT|[3]|this.var|""|0x6cf656f1
19:02:13.0 (51729325)|SYSTEM_MODE_ENTER|true
19:02:13.0 (51791062)|SYSTEM_MODE_ENTER|true
19:02:13.0 (53471072)|SYSTEM_MODE_ENTER|true
19:02:13.0 (53499999)|HEAP_ALLOCATE|[EXTERNAL]|Bytes:24
19:02:13.0 (53529595)|VARIABLE_ASSIGNMENT|[EXTERNAL]|this|{"conList":"0x6b3acb0","show":true,"var":""}|0x6cf656f1
19:02:13.0 (53540051)|STATEMENT_EXECUTE|[22]
19:02:13.0 (53541973)|STATEMENT_EXECUTE|[23]
19:02:13.0 (53564986)|HEAP_ALLOCATE|[23]|Bytes:4
19:02:13.0 (53733088)|SOQL_EXECUTE_BEGIN|[23]|Aggregations:1|SELECT name, (SELECT id, name FROM Contacts) FROM Account
19:02:13.0 (57645856)|SOQL_EXECUTE_END|[23]|Rows:25
19:02:13.0 (57695342)|HEAP_ALLOCATE|[23]|Bytes:104
19:02:13.0 (57774895)|HEAP_ALLOCATE|[23]|Bytes:3968
19:02:13.0 (57809538)|HEAP_ALLOCATE|[23]|Bytes:104
19:02:13.0 (69830864)|SYSTEM_MODE_ENTER|true
19:02:13.0 (79563130)|VF_SERIALIZE_VIEWSTATE_BEGIN|0661I0000033mGn
19:02:13.0 (83321743)|VF_SERIALIZE_VIEWSTATE_END
19:02:13.94 (94490003)|CUMULATIVE_LIMIT_USAGE
19:02:13.94 (94490003)|LIMIT_USAGE_FOR_NS|(default)|
  Number of SOQL queries: 2 out of 100
  Number of query rows: 108 out of 50000
  Number of SOSL queries: 0 out of 20
  Number of DML statements: 0 out of 150
  Number of DML rows: 0 out of 10000
  Maximum CPU time: 0 out of 10000
  Maximum heap size: 0 out of 6000000
  Number of callouts: 0 out of 100
  Number of Email Invocations: 0 out of 10
  Number of future calls: 0 out of 50
  Number of queueable jobs added to the queue: 0 out of 50
  Number of Mobile Apex push calls: 0 out of 10

19:02:13.94 (94490003)|CUMULATIVE_LIMIT_USAGE_END

19:02:13.0 (94528402)|CODE_UNIT_FINISHED|VF: /apex/AccConRelationPage
19:02:13.0 (95254072)|EXECUTION_FINISHED
