41.0 APEX_CODE,FINEST;APEX_PROFILING,INFO;CALLOUT,INFO;DB,INFO;SYSTEM,DEBUG;VALIDATION,INFO;VISUALFORCE,INFO;WAVE,INFO;WORKFLOW,INFO
19:07:25.0 (305404)|USER_INFO|[EXTERNAL]|0051I000000ZTgh|ksb994@gmail.com|Pacific Standard Time|GMT-08:00
19:07:25.0 (340621)|EXECUTION_STARTED
19:07:25.0 (344327)|CODE_UNIT_STARTED|[EXTERNAL]|0661I0000033mGn|VF: /apex/AccConRelationPage
19:07:25.0 (1792781)|SYSTEM_MODE_ENTER|true
19:07:25.0 (2051640)|HEAP_ALLOCATE|[72]|Bytes:3
19:07:25.0 (2084751)|HEAP_ALLOCATE|[77]|Bytes:152
19:07:25.0 (2100597)|HEAP_ALLOCATE|[342]|Bytes:408
19:07:25.0 (2116287)|HEAP_ALLOCATE|[355]|Bytes:408
19:07:25.0 (2129103)|HEAP_ALLOCATE|[467]|Bytes:48
19:07:25.0 (2152723)|HEAP_ALLOCATE|[139]|Bytes:6
19:07:25.0 (2167452)|HEAP_ALLOCATE|[EXTERNAL]|Bytes:172
19:07:25.0 (2173165)|HEAP_ALLOCATE|[EXTERNAL]|Bytes:24
19:07:25.0 (2182204)|METHOD_ENTRY|[1]|01p1I00000BDF6c|AccConRelationClass.AccConRelationClass()
19:07:25.0 (2188430)|STATEMENT_EXECUTE|[1]
19:07:25.0 (2193102)|STATEMENT_EXECUTE|[1]
19:07:25.0 (2196546)|METHOD_EXIT|[1]|AccConRelationClass
19:07:25.0 (2246003)|HEAP_ALLOCATE|[EXTERNAL]|Bytes:24
19:07:25.0 (2256832)|VARIABLE_SCOPE_BEGIN|[7]|this|AccConRelationClass|true|false
19:07:25.0 (2312850)|VARIABLE_ASSIGNMENT|[7]|this|{}|0x7a375b13
19:07:25.0 (2322639)|STATEMENT_EXECUTE|[1]
19:07:25.0 (2324078)|STATEMENT_EXECUTE|[2]
19:07:25.0 (2325508)|STATEMENT_EXECUTE|[3]
19:07:25.0 (2326836)|STATEMENT_EXECUTE|[4]
19:07:25.0 (2328150)|STATEMENT_EXECUTE|[5]
19:07:25.0 (2329639)|STATEMENT_EXECUTE|[20]
19:07:25.0 (2336586)|HEAP_ALLOCATE|[8]|Bytes:6
19:07:25.0 (2391254)|STATEMENT_EXECUTE|[7]
19:07:25.0 (2392892)|STATEMENT_EXECUTE|[8]
19:07:25.0 (2395614)|HEAP_ALLOCATE|[8]|Bytes:57
19:07:25.0 (2408922)|HEAP_ALLOCATE|[8]|Bytes:4
19:07:25.0 (2424243)|HEAP_ALLOCATE|[50]|Bytes:5
19:07:25.0 (2439124)|HEAP_ALLOCATE|[56]|Bytes:5
19:07:25.0 (2446297)|HEAP_ALLOCATE|[64]|Bytes:7
19:07:25.0 (2669233)|SOQL_EXECUTE_BEGIN|[8]|Aggregations:0|SELECT LastName, Account.name, Account.phone FROM contact
19:07:25.0 (6398367)|SOQL_EXECUTE_END|[8]|Rows:32
19:07:25.0 (6415456)|HEAP_ALLOCATE|[8]|Bytes:132
19:07:25.0 (6488811)|HEAP_ALLOCATE|[8]|Bytes:3848
19:07:25.0 (6518074)|HEAP_ALLOCATE|[8]|Bytes:132
19:07:25.0 (6558535)|VARIABLE_ASSIGNMENT|[EXTERNAL]|this|{}|0x7a375b13
19:07:25.0 (6574881)|VARIABLE_ASSIGNMENT|[EXTERNAL]|value|"List of size 32 too large to display"|0x26f0b46d
19:07:25.0 (6589382)|VARIABLE_ASSIGNMENT|[2]|this.conList|"List of size 32 too large to display"|0x7a375b13
19:07:25.0 (6603887)|STATEMENT_EXECUTE|[9]
19:07:25.0 (6649966)|VARIABLE_ASSIGNMENT|[EXTERNAL]|this|{"conList":"0x26f0b46d"}|0x7a375b13
19:07:25.0 (6664091)|VARIABLE_ASSIGNMENT|[EXTERNAL]|value|false
19:07:25.0 (6671441)|HEAP_ALLOCATE|[4]|Bytes:5
19:07:25.0 (6678931)|VARIABLE_ASSIGNMENT|[4]|this.show|false|0x7a375b13
19:07:25.0 (7199390)|SYSTEM_MODE_ENTER|true
19:07:25.0 (21163140)|SYSTEM_MODE_ENTER|true
19:07:25.0 (56949299)|SYSTEM_MODE_ENTER|true
19:07:25.0 (57994995)|VF_SERIALIZE_VIEWSTATE_BEGIN|0661I0000033mGn
19:07:25.0 (67924877)|VF_SERIALIZE_VIEWSTATE_END
19:07:25.70 (70221217)|CUMULATIVE_LIMIT_USAGE
19:07:25.70 (70221217)|LIMIT_USAGE_FOR_NS|(default)|
  Number of SOQL queries: 1 out of 100
  Number of query rows: 32 out of 50000
  Number of SOSL queries: 0 out of 20
  Number of DML statements: 0 out of 150
  Number of DML rows: 0 out of 10000
  Maximum CPU time: 0 out of 10000
  Maximum heap size: 0 out of 6000000
  Number of callouts: 0 out of 100
  Number of Email Invocations: 0 out of 10
  Number of future calls: 0 out of 50
  Number of queueable jobs added to the queue: 0 out of 50
  Number of Mobile Apex push calls: 0 out of 10

19:07:25.70 (70221217)|CUMULATIVE_LIMIT_USAGE_END

19:07:25.0 (70252419)|CODE_UNIT_FINISHED|VF: /apex/AccConRelationPage
19:07:25.0 (71015948)|EXECUTION_FINISHED
